[2025-02-11T00:00:07.809+0000] {processor.py:186} INFO - Started process (PID=8913) to work on /home/airflow/.local/lib/python3.12/site-packages/airflow/example_dags/example_complex.py
[2025-02-11T00:00:07.818+0000] {processor.py:914} INFO - Processing file /home/airflow/.local/lib/python3.12/site-packages/airflow/example_dags/example_complex.py for tasks to queue
[2025-02-11T00:00:07.821+0000] {logging_mixin.py:190} INFO - [2025-02-11T00:00:07.820+0000] {dagbag.py:588} INFO - Filling up the DagBag from /home/airflow/.local/lib/python3.12/site-packages/airflow/example_dags/example_complex.py
[2025-02-11T00:00:07.835+0000] {processor.py:925} INFO - DAG(s) 'example_complex' retrieved from /home/airflow/.local/lib/python3.12/site-packages/airflow/example_dags/example_complex.py
[2025-02-11T00:00:07.872+0000] {logging_mixin.py:190} INFO - [2025-02-11T00:00:07.872+0000] {dag.py:3239} INFO - Sync 1 DAGs
[2025-02-11T00:00:07.888+0000] {logging_mixin.py:190} INFO - [2025-02-11T00:00:07.888+0000] {dag.py:4180} INFO - Setting next_dagrun for example_complex to None, run_after=None
[2025-02-11T00:00:07.908+0000] {processor.py:208} INFO - Processing /home/airflow/.local/lib/python3.12/site-packages/airflow/example_dags/example_complex.py took 0.108 seconds
[2025-02-11T00:00:39.459+0000] {processor.py:186} INFO - Started process (PID=8976) to work on /home/airflow/.local/lib/python3.12/site-packages/airflow/example_dags/example_complex.py
[2025-02-11T00:00:39.461+0000] {processor.py:914} INFO - Processing file /home/airflow/.local/lib/python3.12/site-packages/airflow/example_dags/example_complex.py for tasks to queue
[2025-02-11T00:00:39.464+0000] {logging_mixin.py:190} INFO - [2025-02-11T00:00:39.463+0000] {dagbag.py:588} INFO - Filling up the DagBag from /home/airflow/.local/lib/python3.12/site-packages/airflow/example_dags/example_complex.py
[2025-02-11T00:00:39.481+0000] {processor.py:925} INFO - DAG(s) 'example_complex' retrieved from /home/airflow/.local/lib/python3.12/site-packages/airflow/example_dags/example_complex.py
[2025-02-11T00:00:39.519+0000] {logging_mixin.py:190} INFO - [2025-02-11T00:00:39.518+0000] {dag.py:3239} INFO - Sync 1 DAGs
[2025-02-11T00:00:39.542+0000] {logging_mixin.py:190} INFO - [2025-02-11T00:00:39.541+0000] {dag.py:4180} INFO - Setting next_dagrun for example_complex to None, run_after=None
[2025-02-11T00:00:39.567+0000] {processor.py:208} INFO - Processing /home/airflow/.local/lib/python3.12/site-packages/airflow/example_dags/example_complex.py took 0.116 seconds
[2025-02-11T00:01:11.920+0000] {processor.py:186} INFO - Started process (PID=9039) to work on /home/airflow/.local/lib/python3.12/site-packages/airflow/example_dags/example_complex.py
[2025-02-11T00:01:11.921+0000] {processor.py:914} INFO - Processing file /home/airflow/.local/lib/python3.12/site-packages/airflow/example_dags/example_complex.py for tasks to queue
[2025-02-11T00:01:11.925+0000] {logging_mixin.py:190} INFO - [2025-02-11T00:01:11.924+0000] {dagbag.py:588} INFO - Filling up the DagBag from /home/airflow/.local/lib/python3.12/site-packages/airflow/example_dags/example_complex.py
[2025-02-11T00:01:11.947+0000] {processor.py:925} INFO - DAG(s) 'example_complex' retrieved from /home/airflow/.local/lib/python3.12/site-packages/airflow/example_dags/example_complex.py
[2025-02-11T00:01:11.994+0000] {logging_mixin.py:190} INFO - [2025-02-11T00:01:11.993+0000] {dag.py:3239} INFO - Sync 1 DAGs
[2025-02-11T00:01:12.017+0000] {logging_mixin.py:190} INFO - [2025-02-11T00:01:12.017+0000] {dag.py:4180} INFO - Setting next_dagrun for example_complex to None, run_after=None
[2025-02-11T00:01:12.060+0000] {processor.py:208} INFO - Processing /home/airflow/.local/lib/python3.12/site-packages/airflow/example_dags/example_complex.py took 0.151 seconds
[2025-02-11T00:01:42.447+0000] {processor.py:186} INFO - Started process (PID=9102) to work on /home/airflow/.local/lib/python3.12/site-packages/airflow/example_dags/example_complex.py
[2025-02-11T00:01:42.452+0000] {processor.py:914} INFO - Processing file /home/airflow/.local/lib/python3.12/site-packages/airflow/example_dags/example_complex.py for tasks to queue
[2025-02-11T00:01:42.455+0000] {logging_mixin.py:190} INFO - [2025-02-11T00:01:42.455+0000] {dagbag.py:588} INFO - Filling up the DagBag from /home/airflow/.local/lib/python3.12/site-packages/airflow/example_dags/example_complex.py
[2025-02-11T00:01:42.476+0000] {processor.py:925} INFO - DAG(s) 'example_complex' retrieved from /home/airflow/.local/lib/python3.12/site-packages/airflow/example_dags/example_complex.py
[2025-02-11T00:01:42.516+0000] {logging_mixin.py:190} INFO - [2025-02-11T00:01:42.516+0000] {dag.py:3239} INFO - Sync 1 DAGs
[2025-02-11T00:01:42.764+0000] {logging_mixin.py:190} INFO - [2025-02-11T00:01:42.764+0000] {dag.py:4180} INFO - Setting next_dagrun for example_complex to None, run_after=None
[2025-02-11T00:01:42.793+0000] {processor.py:208} INFO - Processing /home/airflow/.local/lib/python3.12/site-packages/airflow/example_dags/example_complex.py took 0.355 seconds
[2025-02-11T00:02:13.510+0000] {processor.py:186} INFO - Started process (PID=9165) to work on /home/airflow/.local/lib/python3.12/site-packages/airflow/example_dags/example_complex.py
[2025-02-11T00:02:13.511+0000] {processor.py:914} INFO - Processing file /home/airflow/.local/lib/python3.12/site-packages/airflow/example_dags/example_complex.py for tasks to queue
[2025-02-11T00:02:13.515+0000] {logging_mixin.py:190} INFO - [2025-02-11T00:02:13.514+0000] {dagbag.py:588} INFO - Filling up the DagBag from /home/airflow/.local/lib/python3.12/site-packages/airflow/example_dags/example_complex.py
[2025-02-11T00:02:13.533+0000] {processor.py:925} INFO - DAG(s) 'example_complex' retrieved from /home/airflow/.local/lib/python3.12/site-packages/airflow/example_dags/example_complex.py
[2025-02-11T00:02:13.574+0000] {logging_mixin.py:190} INFO - [2025-02-11T00:02:13.574+0000] {dag.py:3239} INFO - Sync 1 DAGs
[2025-02-11T00:02:13.818+0000] {logging_mixin.py:190} INFO - [2025-02-11T00:02:13.817+0000] {dag.py:4180} INFO - Setting next_dagrun for example_complex to None, run_after=None
[2025-02-11T00:02:13.850+0000] {processor.py:208} INFO - Processing /home/airflow/.local/lib/python3.12/site-packages/airflow/example_dags/example_complex.py took 0.349 seconds
[2025-02-11T00:02:44.143+0000] {processor.py:186} INFO - Started process (PID=9228) to work on /home/airflow/.local/lib/python3.12/site-packages/airflow/example_dags/example_complex.py
[2025-02-11T00:02:44.144+0000] {processor.py:914} INFO - Processing file /home/airflow/.local/lib/python3.12/site-packages/airflow/example_dags/example_complex.py for tasks to queue
[2025-02-11T00:02:44.147+0000] {logging_mixin.py:190} INFO - [2025-02-11T00:02:44.146+0000] {dagbag.py:588} INFO - Filling up the DagBag from /home/airflow/.local/lib/python3.12/site-packages/airflow/example_dags/example_complex.py
[2025-02-11T00:02:44.163+0000] {processor.py:925} INFO - DAG(s) 'example_complex' retrieved from /home/airflow/.local/lib/python3.12/site-packages/airflow/example_dags/example_complex.py
[2025-02-11T00:02:44.206+0000] {logging_mixin.py:190} INFO - [2025-02-11T00:02:44.206+0000] {dag.py:3239} INFO - Sync 1 DAGs
[2025-02-11T00:02:44.412+0000] {logging_mixin.py:190} INFO - [2025-02-11T00:02:44.412+0000] {dag.py:4180} INFO - Setting next_dagrun for example_complex to None, run_after=None
[2025-02-11T00:02:44.436+0000] {processor.py:208} INFO - Processing /home/airflow/.local/lib/python3.12/site-packages/airflow/example_dags/example_complex.py took 0.302 seconds
[2025-02-11T00:03:14.914+0000] {processor.py:186} INFO - Started process (PID=9291) to work on /home/airflow/.local/lib/python3.12/site-packages/airflow/example_dags/example_complex.py
[2025-02-11T00:03:14.915+0000] {processor.py:914} INFO - Processing file /home/airflow/.local/lib/python3.12/site-packages/airflow/example_dags/example_complex.py for tasks to queue
[2025-02-11T00:03:14.920+0000] {logging_mixin.py:190} INFO - [2025-02-11T00:03:14.919+0000] {dagbag.py:588} INFO - Filling up the DagBag from /home/airflow/.local/lib/python3.12/site-packages/airflow/example_dags/example_complex.py
[2025-02-11T00:03:14.940+0000] {processor.py:925} INFO - DAG(s) 'example_complex' retrieved from /home/airflow/.local/lib/python3.12/site-packages/airflow/example_dags/example_complex.py
[2025-02-11T00:03:14.983+0000] {logging_mixin.py:190} INFO - [2025-02-11T00:03:14.983+0000] {dag.py:3239} INFO - Sync 1 DAGs
[2025-02-11T00:03:15.004+0000] {logging_mixin.py:190} INFO - [2025-02-11T00:03:15.004+0000] {dag.py:4180} INFO - Setting next_dagrun for example_complex to None, run_after=None
[2025-02-11T00:03:15.027+0000] {processor.py:208} INFO - Processing /home/airflow/.local/lib/python3.12/site-packages/airflow/example_dags/example_complex.py took 0.121 seconds
[2025-02-11T00:03:45.313+0000] {processor.py:186} INFO - Started process (PID=9354) to work on /home/airflow/.local/lib/python3.12/site-packages/airflow/example_dags/example_complex.py
[2025-02-11T00:03:45.314+0000] {processor.py:914} INFO - Processing file /home/airflow/.local/lib/python3.12/site-packages/airflow/example_dags/example_complex.py for tasks to queue
[2025-02-11T00:03:45.317+0000] {logging_mixin.py:190} INFO - [2025-02-11T00:03:45.316+0000] {dagbag.py:588} INFO - Filling up the DagBag from /home/airflow/.local/lib/python3.12/site-packages/airflow/example_dags/example_complex.py
[2025-02-11T00:03:45.331+0000] {processor.py:925} INFO - DAG(s) 'example_complex' retrieved from /home/airflow/.local/lib/python3.12/site-packages/airflow/example_dags/example_complex.py
[2025-02-11T00:03:45.372+0000] {logging_mixin.py:190} INFO - [2025-02-11T00:03:45.372+0000] {dag.py:3239} INFO - Sync 1 DAGs
[2025-02-11T00:03:45.391+0000] {logging_mixin.py:190} INFO - [2025-02-11T00:03:45.391+0000] {dag.py:4180} INFO - Setting next_dagrun for example_complex to None, run_after=None
[2025-02-11T00:03:45.413+0000] {processor.py:208} INFO - Processing /home/airflow/.local/lib/python3.12/site-packages/airflow/example_dags/example_complex.py took 0.107 seconds
[2025-02-11T00:04:16.281+0000] {processor.py:186} INFO - Started process (PID=9417) to work on /home/airflow/.local/lib/python3.12/site-packages/airflow/example_dags/example_complex.py
[2025-02-11T00:04:16.282+0000] {processor.py:914} INFO - Processing file /home/airflow/.local/lib/python3.12/site-packages/airflow/example_dags/example_complex.py for tasks to queue
[2025-02-11T00:04:16.284+0000] {logging_mixin.py:190} INFO - [2025-02-11T00:04:16.284+0000] {dagbag.py:588} INFO - Filling up the DagBag from /home/airflow/.local/lib/python3.12/site-packages/airflow/example_dags/example_complex.py
[2025-02-11T00:04:16.298+0000] {processor.py:925} INFO - DAG(s) 'example_complex' retrieved from /home/airflow/.local/lib/python3.12/site-packages/airflow/example_dags/example_complex.py
[2025-02-11T00:04:16.338+0000] {logging_mixin.py:190} INFO - [2025-02-11T00:04:16.337+0000] {dag.py:3239} INFO - Sync 1 DAGs
[2025-02-11T00:04:16.354+0000] {logging_mixin.py:190} INFO - [2025-02-11T00:04:16.354+0000] {dag.py:4180} INFO - Setting next_dagrun for example_complex to None, run_after=None
[2025-02-11T00:04:16.382+0000] {processor.py:208} INFO - Processing /home/airflow/.local/lib/python3.12/site-packages/airflow/example_dags/example_complex.py took 0.108 seconds
[2025-02-11T00:04:48.844+0000] {processor.py:186} INFO - Started process (PID=9487) to work on /home/airflow/.local/lib/python3.12/site-packages/airflow/example_dags/example_complex.py
[2025-02-11T00:04:48.845+0000] {processor.py:914} INFO - Processing file /home/airflow/.local/lib/python3.12/site-packages/airflow/example_dags/example_complex.py for tasks to queue
[2025-02-11T00:04:48.849+0000] {logging_mixin.py:190} INFO - [2025-02-11T00:04:48.849+0000] {dagbag.py:588} INFO - Filling up the DagBag from /home/airflow/.local/lib/python3.12/site-packages/airflow/example_dags/example_complex.py
[2025-02-11T00:04:48.867+0000] {processor.py:925} INFO - DAG(s) 'example_complex' retrieved from /home/airflow/.local/lib/python3.12/site-packages/airflow/example_dags/example_complex.py
[2025-02-11T00:04:48.918+0000] {logging_mixin.py:190} INFO - [2025-02-11T00:04:48.917+0000] {dag.py:3239} INFO - Sync 1 DAGs
[2025-02-11T00:04:48.943+0000] {logging_mixin.py:190} INFO - [2025-02-11T00:04:48.943+0000] {dag.py:4180} INFO - Setting next_dagrun for example_complex to None, run_after=None
[2025-02-11T00:04:48.979+0000] {processor.py:208} INFO - Processing /home/airflow/.local/lib/python3.12/site-packages/airflow/example_dags/example_complex.py took 0.144 seconds
[2025-02-11T00:05:19.253+0000] {processor.py:186} INFO - Started process (PID=9550) to work on /home/airflow/.local/lib/python3.12/site-packages/airflow/example_dags/example_complex.py
[2025-02-11T00:05:19.254+0000] {processor.py:914} INFO - Processing file /home/airflow/.local/lib/python3.12/site-packages/airflow/example_dags/example_complex.py for tasks to queue
[2025-02-11T00:05:19.257+0000] {logging_mixin.py:190} INFO - [2025-02-11T00:05:19.257+0000] {dagbag.py:588} INFO - Filling up the DagBag from /home/airflow/.local/lib/python3.12/site-packages/airflow/example_dags/example_complex.py
[2025-02-11T00:05:19.275+0000] {processor.py:925} INFO - DAG(s) 'example_complex' retrieved from /home/airflow/.local/lib/python3.12/site-packages/airflow/example_dags/example_complex.py
[2025-02-11T00:05:19.318+0000] {logging_mixin.py:190} INFO - [2025-02-11T00:05:19.317+0000] {dag.py:3239} INFO - Sync 1 DAGs
[2025-02-11T00:05:19.334+0000] {logging_mixin.py:190} INFO - [2025-02-11T00:05:19.334+0000] {dag.py:4180} INFO - Setting next_dagrun for example_complex to None, run_after=None
[2025-02-11T00:05:19.355+0000] {processor.py:208} INFO - Processing /home/airflow/.local/lib/python3.12/site-packages/airflow/example_dags/example_complex.py took 0.110 seconds
[2025-02-11T00:05:50.606+0000] {processor.py:186} INFO - Started process (PID=9613) to work on /home/airflow/.local/lib/python3.12/site-packages/airflow/example_dags/example_complex.py
[2025-02-11T00:05:50.607+0000] {processor.py:914} INFO - Processing file /home/airflow/.local/lib/python3.12/site-packages/airflow/example_dags/example_complex.py for tasks to queue
[2025-02-11T00:05:50.610+0000] {logging_mixin.py:190} INFO - [2025-02-11T00:05:50.610+0000] {dagbag.py:588} INFO - Filling up the DagBag from /home/airflow/.local/lib/python3.12/site-packages/airflow/example_dags/example_complex.py
[2025-02-11T00:05:50.625+0000] {processor.py:925} INFO - DAG(s) 'example_complex' retrieved from /home/airflow/.local/lib/python3.12/site-packages/airflow/example_dags/example_complex.py
[2025-02-11T00:05:50.674+0000] {logging_mixin.py:190} INFO - [2025-02-11T00:05:50.674+0000] {dag.py:3239} INFO - Sync 1 DAGs
[2025-02-11T00:05:50.693+0000] {logging_mixin.py:190} INFO - [2025-02-11T00:05:50.693+0000] {dag.py:4180} INFO - Setting next_dagrun for example_complex to None, run_after=None
[2025-02-11T00:05:50.723+0000] {processor.py:208} INFO - Processing /home/airflow/.local/lib/python3.12/site-packages/airflow/example_dags/example_complex.py took 0.128 seconds
[2025-02-11T00:06:22.142+0000] {processor.py:186} INFO - Started process (PID=9676) to work on /home/airflow/.local/lib/python3.12/site-packages/airflow/example_dags/example_complex.py
[2025-02-11T00:06:22.143+0000] {processor.py:914} INFO - Processing file /home/airflow/.local/lib/python3.12/site-packages/airflow/example_dags/example_complex.py for tasks to queue
[2025-02-11T00:06:22.146+0000] {logging_mixin.py:190} INFO - [2025-02-11T00:06:22.145+0000] {dagbag.py:588} INFO - Filling up the DagBag from /home/airflow/.local/lib/python3.12/site-packages/airflow/example_dags/example_complex.py
[2025-02-11T00:06:22.161+0000] {processor.py:925} INFO - DAG(s) 'example_complex' retrieved from /home/airflow/.local/lib/python3.12/site-packages/airflow/example_dags/example_complex.py
[2025-02-11T00:06:22.206+0000] {logging_mixin.py:190} INFO - [2025-02-11T00:06:22.205+0000] {dag.py:3239} INFO - Sync 1 DAGs
[2025-02-11T00:06:22.227+0000] {logging_mixin.py:190} INFO - [2025-02-11T00:06:22.227+0000] {dag.py:4180} INFO - Setting next_dagrun for example_complex to None, run_after=None
[2025-02-11T00:06:22.253+0000] {processor.py:208} INFO - Processing /home/airflow/.local/lib/python3.12/site-packages/airflow/example_dags/example_complex.py took 0.118 seconds
[2025-02-11T00:06:53.381+0000] {processor.py:186} INFO - Started process (PID=9739) to work on /home/airflow/.local/lib/python3.12/site-packages/airflow/example_dags/example_complex.py
[2025-02-11T00:06:53.382+0000] {processor.py:914} INFO - Processing file /home/airflow/.local/lib/python3.12/site-packages/airflow/example_dags/example_complex.py for tasks to queue
[2025-02-11T00:06:53.385+0000] {logging_mixin.py:190} INFO - [2025-02-11T00:06:53.385+0000] {dagbag.py:588} INFO - Filling up the DagBag from /home/airflow/.local/lib/python3.12/site-packages/airflow/example_dags/example_complex.py
[2025-02-11T00:06:53.401+0000] {processor.py:925} INFO - DAG(s) 'example_complex' retrieved from /home/airflow/.local/lib/python3.12/site-packages/airflow/example_dags/example_complex.py
[2025-02-11T00:06:53.444+0000] {logging_mixin.py:190} INFO - [2025-02-11T00:06:53.443+0000] {dag.py:3239} INFO - Sync 1 DAGs
[2025-02-11T00:06:53.464+0000] {logging_mixin.py:190} INFO - [2025-02-11T00:06:53.464+0000] {dag.py:4180} INFO - Setting next_dagrun for example_complex to None, run_after=None
[2025-02-11T00:06:53.491+0000] {processor.py:208} INFO - Processing /home/airflow/.local/lib/python3.12/site-packages/airflow/example_dags/example_complex.py took 0.118 seconds
[2025-02-11T00:07:24.620+0000] {processor.py:186} INFO - Started process (PID=9802) to work on /home/airflow/.local/lib/python3.12/site-packages/airflow/example_dags/example_complex.py
[2025-02-11T00:07:24.625+0000] {processor.py:914} INFO - Processing file /home/airflow/.local/lib/python3.12/site-packages/airflow/example_dags/example_complex.py for tasks to queue
[2025-02-11T00:07:24.629+0000] {logging_mixin.py:190} INFO - [2025-02-11T00:07:24.628+0000] {dagbag.py:588} INFO - Filling up the DagBag from /home/airflow/.local/lib/python3.12/site-packages/airflow/example_dags/example_complex.py
[2025-02-11T00:07:24.646+0000] {processor.py:925} INFO - DAG(s) 'example_complex' retrieved from /home/airflow/.local/lib/python3.12/site-packages/airflow/example_dags/example_complex.py
[2025-02-11T00:07:24.697+0000] {logging_mixin.py:190} INFO - [2025-02-11T00:07:24.697+0000] {dag.py:3239} INFO - Sync 1 DAGs
[2025-02-11T00:07:24.722+0000] {logging_mixin.py:190} INFO - [2025-02-11T00:07:24.722+0000] {dag.py:4180} INFO - Setting next_dagrun for example_complex to None, run_after=None
[2025-02-11T00:07:24.748+0000] {processor.py:208} INFO - Processing /home/airflow/.local/lib/python3.12/site-packages/airflow/example_dags/example_complex.py took 0.136 seconds
[2025-02-11T00:07:56.240+0000] {processor.py:186} INFO - Started process (PID=9865) to work on /home/airflow/.local/lib/python3.12/site-packages/airflow/example_dags/example_complex.py
[2025-02-11T00:07:56.241+0000] {processor.py:914} INFO - Processing file /home/airflow/.local/lib/python3.12/site-packages/airflow/example_dags/example_complex.py for tasks to queue
[2025-02-11T00:07:56.244+0000] {logging_mixin.py:190} INFO - [2025-02-11T00:07:56.244+0000] {dagbag.py:588} INFO - Filling up the DagBag from /home/airflow/.local/lib/python3.12/site-packages/airflow/example_dags/example_complex.py
[2025-02-11T00:07:56.264+0000] {processor.py:925} INFO - DAG(s) 'example_complex' retrieved from /home/airflow/.local/lib/python3.12/site-packages/airflow/example_dags/example_complex.py
[2025-02-11T00:07:56.307+0000] {logging_mixin.py:190} INFO - [2025-02-11T00:07:56.306+0000] {dag.py:3239} INFO - Sync 1 DAGs
[2025-02-11T00:07:56.325+0000] {logging_mixin.py:190} INFO - [2025-02-11T00:07:56.325+0000] {dag.py:4180} INFO - Setting next_dagrun for example_complex to None, run_after=None
[2025-02-11T00:07:56.348+0000] {processor.py:208} INFO - Processing /home/airflow/.local/lib/python3.12/site-packages/airflow/example_dags/example_complex.py took 0.115 seconds
[2025-02-11T00:08:27.903+0000] {processor.py:186} INFO - Started process (PID=9928) to work on /home/airflow/.local/lib/python3.12/site-packages/airflow/example_dags/example_complex.py
[2025-02-11T00:08:27.904+0000] {processor.py:914} INFO - Processing file /home/airflow/.local/lib/python3.12/site-packages/airflow/example_dags/example_complex.py for tasks to queue
[2025-02-11T00:08:27.907+0000] {logging_mixin.py:190} INFO - [2025-02-11T00:08:27.907+0000] {dagbag.py:588} INFO - Filling up the DagBag from /home/airflow/.local/lib/python3.12/site-packages/airflow/example_dags/example_complex.py
[2025-02-11T00:08:27.925+0000] {processor.py:925} INFO - DAG(s) 'example_complex' retrieved from /home/airflow/.local/lib/python3.12/site-packages/airflow/example_dags/example_complex.py
[2025-02-11T00:08:27.966+0000] {logging_mixin.py:190} INFO - [2025-02-11T00:08:27.966+0000] {dag.py:3239} INFO - Sync 1 DAGs
[2025-02-11T00:08:27.984+0000] {logging_mixin.py:190} INFO - [2025-02-11T00:08:27.984+0000] {dag.py:4180} INFO - Setting next_dagrun for example_complex to None, run_after=None
[2025-02-11T00:08:28.006+0000] {processor.py:208} INFO - Processing /home/airflow/.local/lib/python3.12/site-packages/airflow/example_dags/example_complex.py took 0.111 seconds
[2025-02-11T00:08:59.552+0000] {processor.py:186} INFO - Started process (PID=9990) to work on /home/airflow/.local/lib/python3.12/site-packages/airflow/example_dags/example_complex.py
[2025-02-11T00:08:59.554+0000] {processor.py:914} INFO - Processing file /home/airflow/.local/lib/python3.12/site-packages/airflow/example_dags/example_complex.py for tasks to queue
[2025-02-11T00:08:59.558+0000] {logging_mixin.py:190} INFO - [2025-02-11T00:08:59.557+0000] {dagbag.py:588} INFO - Filling up the DagBag from /home/airflow/.local/lib/python3.12/site-packages/airflow/example_dags/example_complex.py
[2025-02-11T00:08:59.577+0000] {processor.py:925} INFO - DAG(s) 'example_complex' retrieved from /home/airflow/.local/lib/python3.12/site-packages/airflow/example_dags/example_complex.py
[2025-02-11T00:08:59.628+0000] {logging_mixin.py:190} INFO - [2025-02-11T00:08:59.628+0000] {dag.py:3239} INFO - Sync 1 DAGs
[2025-02-11T00:08:59.649+0000] {logging_mixin.py:190} INFO - [2025-02-11T00:08:59.648+0000] {dag.py:4180} INFO - Setting next_dagrun for example_complex to None, run_after=None
[2025-02-11T00:08:59.676+0000] {processor.py:208} INFO - Processing /home/airflow/.local/lib/python3.12/site-packages/airflow/example_dags/example_complex.py took 0.133 seconds
[2025-02-11T00:09:32.379+0000] {processor.py:186} INFO - Started process (PID=10053) to work on /home/airflow/.local/lib/python3.12/site-packages/airflow/example_dags/example_complex.py
[2025-02-11T00:09:32.380+0000] {processor.py:914} INFO - Processing file /home/airflow/.local/lib/python3.12/site-packages/airflow/example_dags/example_complex.py for tasks to queue
[2025-02-11T00:09:32.384+0000] {logging_mixin.py:190} INFO - [2025-02-11T00:09:32.383+0000] {dagbag.py:588} INFO - Filling up the DagBag from /home/airflow/.local/lib/python3.12/site-packages/airflow/example_dags/example_complex.py
[2025-02-11T00:09:32.404+0000] {processor.py:925} INFO - DAG(s) 'example_complex' retrieved from /home/airflow/.local/lib/python3.12/site-packages/airflow/example_dags/example_complex.py
[2025-02-11T00:09:32.454+0000] {logging_mixin.py:190} INFO - [2025-02-11T00:09:32.454+0000] {dag.py:3239} INFO - Sync 1 DAGs
[2025-02-11T00:09:32.478+0000] {logging_mixin.py:190} INFO - [2025-02-11T00:09:32.478+0000] {dag.py:4180} INFO - Setting next_dagrun for example_complex to None, run_after=None
[2025-02-11T00:09:32.506+0000] {processor.py:208} INFO - Processing /home/airflow/.local/lib/python3.12/site-packages/airflow/example_dags/example_complex.py took 0.134 seconds
[2025-02-11T00:10:03.124+0000] {processor.py:186} INFO - Started process (PID=10116) to work on /home/airflow/.local/lib/python3.12/site-packages/airflow/example_dags/example_complex.py
[2025-02-11T00:10:03.125+0000] {processor.py:914} INFO - Processing file /home/airflow/.local/lib/python3.12/site-packages/airflow/example_dags/example_complex.py for tasks to queue
[2025-02-11T00:10:03.128+0000] {logging_mixin.py:190} INFO - [2025-02-11T00:10:03.128+0000] {dagbag.py:588} INFO - Filling up the DagBag from /home/airflow/.local/lib/python3.12/site-packages/airflow/example_dags/example_complex.py
[2025-02-11T00:10:03.143+0000] {processor.py:925} INFO - DAG(s) 'example_complex' retrieved from /home/airflow/.local/lib/python3.12/site-packages/airflow/example_dags/example_complex.py
[2025-02-11T00:10:03.185+0000] {logging_mixin.py:190} INFO - [2025-02-11T00:10:03.185+0000] {dag.py:3239} INFO - Sync 1 DAGs
[2025-02-11T00:10:03.203+0000] {logging_mixin.py:190} INFO - [2025-02-11T00:10:03.203+0000] {dag.py:4180} INFO - Setting next_dagrun for example_complex to None, run_after=None
[2025-02-11T00:10:03.228+0000] {processor.py:208} INFO - Processing /home/airflow/.local/lib/python3.12/site-packages/airflow/example_dags/example_complex.py took 0.111 seconds
[2025-02-11T00:10:34.533+0000] {processor.py:186} INFO - Started process (PID=10179) to work on /home/airflow/.local/lib/python3.12/site-packages/airflow/example_dags/example_complex.py
[2025-02-11T00:10:34.534+0000] {processor.py:914} INFO - Processing file /home/airflow/.local/lib/python3.12/site-packages/airflow/example_dags/example_complex.py for tasks to queue
[2025-02-11T00:10:34.537+0000] {logging_mixin.py:190} INFO - [2025-02-11T00:10:34.537+0000] {dagbag.py:588} INFO - Filling up the DagBag from /home/airflow/.local/lib/python3.12/site-packages/airflow/example_dags/example_complex.py
[2025-02-11T00:10:34.553+0000] {processor.py:925} INFO - DAG(s) 'example_complex' retrieved from /home/airflow/.local/lib/python3.12/site-packages/airflow/example_dags/example_complex.py
[2025-02-11T00:10:34.603+0000] {logging_mixin.py:190} INFO - [2025-02-11T00:10:34.603+0000] {dag.py:3239} INFO - Sync 1 DAGs
[2025-02-11T00:10:34.621+0000] {logging_mixin.py:190} INFO - [2025-02-11T00:10:34.621+0000] {dag.py:4180} INFO - Setting next_dagrun for example_complex to None, run_after=None
[2025-02-11T00:10:34.643+0000] {processor.py:208} INFO - Processing /home/airflow/.local/lib/python3.12/site-packages/airflow/example_dags/example_complex.py took 0.119 seconds
[2025-02-11T00:11:05.677+0000] {processor.py:186} INFO - Started process (PID=10242) to work on /home/airflow/.local/lib/python3.12/site-packages/airflow/example_dags/example_complex.py
[2025-02-11T00:11:05.678+0000] {processor.py:914} INFO - Processing file /home/airflow/.local/lib/python3.12/site-packages/airflow/example_dags/example_complex.py for tasks to queue
[2025-02-11T00:11:05.681+0000] {logging_mixin.py:190} INFO - [2025-02-11T00:11:05.681+0000] {dagbag.py:588} INFO - Filling up the DagBag from /home/airflow/.local/lib/python3.12/site-packages/airflow/example_dags/example_complex.py
[2025-02-11T00:11:05.697+0000] {processor.py:925} INFO - DAG(s) 'example_complex' retrieved from /home/airflow/.local/lib/python3.12/site-packages/airflow/example_dags/example_complex.py
[2025-02-11T00:11:05.741+0000] {logging_mixin.py:190} INFO - [2025-02-11T00:11:05.740+0000] {dag.py:3239} INFO - Sync 1 DAGs
[2025-02-11T00:11:05.759+0000] {logging_mixin.py:190} INFO - [2025-02-11T00:11:05.759+0000] {dag.py:4180} INFO - Setting next_dagrun for example_complex to None, run_after=None
[2025-02-11T00:11:05.780+0000] {processor.py:208} INFO - Processing /home/airflow/.local/lib/python3.12/site-packages/airflow/example_dags/example_complex.py took 0.111 seconds
[2025-02-11T00:11:37.125+0000] {processor.py:186} INFO - Started process (PID=10305) to work on /home/airflow/.local/lib/python3.12/site-packages/airflow/example_dags/example_complex.py
[2025-02-11T00:11:37.126+0000] {processor.py:914} INFO - Processing file /home/airflow/.local/lib/python3.12/site-packages/airflow/example_dags/example_complex.py for tasks to queue
[2025-02-11T00:11:37.128+0000] {logging_mixin.py:190} INFO - [2025-02-11T00:11:37.128+0000] {dagbag.py:588} INFO - Filling up the DagBag from /home/airflow/.local/lib/python3.12/site-packages/airflow/example_dags/example_complex.py
[2025-02-11T00:11:37.143+0000] {processor.py:925} INFO - DAG(s) 'example_complex' retrieved from /home/airflow/.local/lib/python3.12/site-packages/airflow/example_dags/example_complex.py
[2025-02-11T00:11:37.184+0000] {logging_mixin.py:190} INFO - [2025-02-11T00:11:37.184+0000] {dag.py:3239} INFO - Sync 1 DAGs
[2025-02-11T00:11:37.201+0000] {logging_mixin.py:190} INFO - [2025-02-11T00:11:37.201+0000] {dag.py:4180} INFO - Setting next_dagrun for example_complex to None, run_after=None
[2025-02-11T00:11:37.226+0000] {processor.py:208} INFO - Processing /home/airflow/.local/lib/python3.12/site-packages/airflow/example_dags/example_complex.py took 0.108 seconds
[2025-02-11T00:12:07.792+0000] {processor.py:186} INFO - Started process (PID=10368) to work on /home/airflow/.local/lib/python3.12/site-packages/airflow/example_dags/example_complex.py
[2025-02-11T00:12:07.793+0000] {processor.py:914} INFO - Processing file /home/airflow/.local/lib/python3.12/site-packages/airflow/example_dags/example_complex.py for tasks to queue
[2025-02-11T00:12:07.796+0000] {logging_mixin.py:190} INFO - [2025-02-11T00:12:07.795+0000] {dagbag.py:588} INFO - Filling up the DagBag from /home/airflow/.local/lib/python3.12/site-packages/airflow/example_dags/example_complex.py
[2025-02-11T00:12:07.811+0000] {processor.py:925} INFO - DAG(s) 'example_complex' retrieved from /home/airflow/.local/lib/python3.12/site-packages/airflow/example_dags/example_complex.py
[2025-02-11T00:12:07.853+0000] {logging_mixin.py:190} INFO - [2025-02-11T00:12:07.853+0000] {dag.py:3239} INFO - Sync 1 DAGs
[2025-02-11T00:12:07.871+0000] {logging_mixin.py:190} INFO - [2025-02-11T00:12:07.871+0000] {dag.py:4180} INFO - Setting next_dagrun for example_complex to None, run_after=None
[2025-02-11T00:12:07.894+0000] {processor.py:208} INFO - Processing /home/airflow/.local/lib/python3.12/site-packages/airflow/example_dags/example_complex.py took 0.109 seconds
[2025-02-11T00:12:38.758+0000] {processor.py:186} INFO - Started process (PID=10431) to work on /home/airflow/.local/lib/python3.12/site-packages/airflow/example_dags/example_complex.py
[2025-02-11T00:12:38.759+0000] {processor.py:914} INFO - Processing file /home/airflow/.local/lib/python3.12/site-packages/airflow/example_dags/example_complex.py for tasks to queue
[2025-02-11T00:12:38.762+0000] {logging_mixin.py:190} INFO - [2025-02-11T00:12:38.762+0000] {dagbag.py:588} INFO - Filling up the DagBag from /home/airflow/.local/lib/python3.12/site-packages/airflow/example_dags/example_complex.py
[2025-02-11T00:12:38.778+0000] {processor.py:925} INFO - DAG(s) 'example_complex' retrieved from /home/airflow/.local/lib/python3.12/site-packages/airflow/example_dags/example_complex.py
[2025-02-11T00:12:38.824+0000] {logging_mixin.py:190} INFO - [2025-02-11T00:12:38.824+0000] {dag.py:3239} INFO - Sync 1 DAGs
[2025-02-11T00:12:38.843+0000] {logging_mixin.py:190} INFO - [2025-02-11T00:12:38.843+0000] {dag.py:4180} INFO - Setting next_dagrun for example_complex to None, run_after=None
[2025-02-11T00:12:38.869+0000] {processor.py:208} INFO - Processing /home/airflow/.local/lib/python3.12/site-packages/airflow/example_dags/example_complex.py took 0.118 seconds
[2025-02-11T00:13:09.659+0000] {processor.py:186} INFO - Started process (PID=10494) to work on /home/airflow/.local/lib/python3.12/site-packages/airflow/example_dags/example_complex.py
[2025-02-11T00:13:09.660+0000] {processor.py:914} INFO - Processing file /home/airflow/.local/lib/python3.12/site-packages/airflow/example_dags/example_complex.py for tasks to queue
[2025-02-11T00:13:09.663+0000] {logging_mixin.py:190} INFO - [2025-02-11T00:13:09.663+0000] {dagbag.py:588} INFO - Filling up the DagBag from /home/airflow/.local/lib/python3.12/site-packages/airflow/example_dags/example_complex.py
[2025-02-11T00:13:09.677+0000] {processor.py:925} INFO - DAG(s) 'example_complex' retrieved from /home/airflow/.local/lib/python3.12/site-packages/airflow/example_dags/example_complex.py
[2025-02-11T00:13:09.727+0000] {logging_mixin.py:190} INFO - [2025-02-11T00:13:09.727+0000] {dag.py:3239} INFO - Sync 1 DAGs
[2025-02-11T00:13:09.746+0000] {logging_mixin.py:190} INFO - [2025-02-11T00:13:09.746+0000] {dag.py:4180} INFO - Setting next_dagrun for example_complex to None, run_after=None
[2025-02-11T00:13:09.777+0000] {processor.py:208} INFO - Processing /home/airflow/.local/lib/python3.12/site-packages/airflow/example_dags/example_complex.py took 0.124 seconds
[2025-02-11T00:13:40.434+0000] {processor.py:186} INFO - Started process (PID=10557) to work on /home/airflow/.local/lib/python3.12/site-packages/airflow/example_dags/example_complex.py
[2025-02-11T00:13:40.435+0000] {processor.py:914} INFO - Processing file /home/airflow/.local/lib/python3.12/site-packages/airflow/example_dags/example_complex.py for tasks to queue
[2025-02-11T00:13:40.439+0000] {logging_mixin.py:190} INFO - [2025-02-11T00:13:40.438+0000] {dagbag.py:588} INFO - Filling up the DagBag from /home/airflow/.local/lib/python3.12/site-packages/airflow/example_dags/example_complex.py
[2025-02-11T00:13:40.455+0000] {processor.py:925} INFO - DAG(s) 'example_complex' retrieved from /home/airflow/.local/lib/python3.12/site-packages/airflow/example_dags/example_complex.py
[2025-02-11T00:13:40.496+0000] {logging_mixin.py:190} INFO - [2025-02-11T00:13:40.496+0000] {dag.py:3239} INFO - Sync 1 DAGs
[2025-02-11T00:13:40.517+0000] {logging_mixin.py:190} INFO - [2025-02-11T00:13:40.517+0000] {dag.py:4180} INFO - Setting next_dagrun for example_complex to None, run_after=None
[2025-02-11T00:13:40.539+0000] {processor.py:208} INFO - Processing /home/airflow/.local/lib/python3.12/site-packages/airflow/example_dags/example_complex.py took 0.114 seconds
[2025-02-11T00:14:11.256+0000] {processor.py:186} INFO - Started process (PID=10620) to work on /home/airflow/.local/lib/python3.12/site-packages/airflow/example_dags/example_complex.py
[2025-02-11T00:14:11.257+0000] {processor.py:914} INFO - Processing file /home/airflow/.local/lib/python3.12/site-packages/airflow/example_dags/example_complex.py for tasks to queue
[2025-02-11T00:14:11.259+0000] {logging_mixin.py:190} INFO - [2025-02-11T00:14:11.259+0000] {dagbag.py:588} INFO - Filling up the DagBag from /home/airflow/.local/lib/python3.12/site-packages/airflow/example_dags/example_complex.py
[2025-02-11T00:14:11.274+0000] {processor.py:925} INFO - DAG(s) 'example_complex' retrieved from /home/airflow/.local/lib/python3.12/site-packages/airflow/example_dags/example_complex.py
[2025-02-11T00:14:11.315+0000] {logging_mixin.py:190} INFO - [2025-02-11T00:14:11.315+0000] {dag.py:3239} INFO - Sync 1 DAGs
[2025-02-11T00:14:11.334+0000] {logging_mixin.py:190} INFO - [2025-02-11T00:14:11.334+0000] {dag.py:4180} INFO - Setting next_dagrun for example_complex to None, run_after=None
[2025-02-11T00:14:11.364+0000] {processor.py:208} INFO - Processing /home/airflow/.local/lib/python3.12/site-packages/airflow/example_dags/example_complex.py took 0.116 seconds
[2025-02-11T00:14:41.599+0000] {processor.py:186} INFO - Started process (PID=10682) to work on /home/airflow/.local/lib/python3.12/site-packages/airflow/example_dags/example_complex.py
[2025-02-11T00:14:41.601+0000] {processor.py:914} INFO - Processing file /home/airflow/.local/lib/python3.12/site-packages/airflow/example_dags/example_complex.py for tasks to queue
[2025-02-11T00:14:41.604+0000] {logging_mixin.py:190} INFO - [2025-02-11T00:14:41.603+0000] {dagbag.py:588} INFO - Filling up the DagBag from /home/airflow/.local/lib/python3.12/site-packages/airflow/example_dags/example_complex.py
[2025-02-11T00:14:41.627+0000] {processor.py:925} INFO - DAG(s) 'example_complex' retrieved from /home/airflow/.local/lib/python3.12/site-packages/airflow/example_dags/example_complex.py
[2025-02-11T00:14:41.677+0000] {logging_mixin.py:190} INFO - [2025-02-11T00:14:41.676+0000] {dag.py:3239} INFO - Sync 1 DAGs
[2025-02-11T00:14:41.697+0000] {logging_mixin.py:190} INFO - [2025-02-11T00:14:41.697+0000] {dag.py:4180} INFO - Setting next_dagrun for example_complex to None, run_after=None
[2025-02-11T00:14:41.723+0000] {processor.py:208} INFO - Processing /home/airflow/.local/lib/python3.12/site-packages/airflow/example_dags/example_complex.py took 0.133 seconds
[2025-02-11T00:15:12.512+0000] {processor.py:186} INFO - Started process (PID=10747) to work on /home/airflow/.local/lib/python3.12/site-packages/airflow/example_dags/example_complex.py
[2025-02-11T00:15:12.514+0000] {processor.py:914} INFO - Processing file /home/airflow/.local/lib/python3.12/site-packages/airflow/example_dags/example_complex.py for tasks to queue
[2025-02-11T00:15:12.517+0000] {logging_mixin.py:190} INFO - [2025-02-11T00:15:12.517+0000] {dagbag.py:588} INFO - Filling up the DagBag from /home/airflow/.local/lib/python3.12/site-packages/airflow/example_dags/example_complex.py
[2025-02-11T00:15:12.534+0000] {processor.py:925} INFO - DAG(s) 'example_complex' retrieved from /home/airflow/.local/lib/python3.12/site-packages/airflow/example_dags/example_complex.py
[2025-02-11T00:15:12.575+0000] {logging_mixin.py:190} INFO - [2025-02-11T00:15:12.574+0000] {dag.py:3239} INFO - Sync 1 DAGs
[2025-02-11T00:15:12.592+0000] {logging_mixin.py:190} INFO - [2025-02-11T00:15:12.592+0000] {dag.py:4180} INFO - Setting next_dagrun for example_complex to None, run_after=None
[2025-02-11T00:15:12.620+0000] {processor.py:208} INFO - Processing /home/airflow/.local/lib/python3.12/site-packages/airflow/example_dags/example_complex.py took 0.116 seconds
[2025-02-11T00:15:43.805+0000] {processor.py:186} INFO - Started process (PID=10811) to work on /home/airflow/.local/lib/python3.12/site-packages/airflow/example_dags/example_complex.py
[2025-02-11T00:15:43.807+0000] {processor.py:914} INFO - Processing file /home/airflow/.local/lib/python3.12/site-packages/airflow/example_dags/example_complex.py for tasks to queue
[2025-02-11T00:15:43.810+0000] {logging_mixin.py:190} INFO - [2025-02-11T00:15:43.810+0000] {dagbag.py:588} INFO - Filling up the DagBag from /home/airflow/.local/lib/python3.12/site-packages/airflow/example_dags/example_complex.py
[2025-02-11T00:15:43.827+0000] {processor.py:925} INFO - DAG(s) 'example_complex' retrieved from /home/airflow/.local/lib/python3.12/site-packages/airflow/example_dags/example_complex.py
[2025-02-11T00:15:43.872+0000] {logging_mixin.py:190} INFO - [2025-02-11T00:15:43.871+0000] {dag.py:3239} INFO - Sync 1 DAGs
[2025-02-11T00:15:43.891+0000] {logging_mixin.py:190} INFO - [2025-02-11T00:15:43.891+0000] {dag.py:4180} INFO - Setting next_dagrun for example_complex to None, run_after=None
[2025-02-11T00:15:43.916+0000] {processor.py:208} INFO - Processing /home/airflow/.local/lib/python3.12/site-packages/airflow/example_dags/example_complex.py took 0.119 seconds
[2025-02-11T00:16:14.827+0000] {processor.py:186} INFO - Started process (PID=10874) to work on /home/airflow/.local/lib/python3.12/site-packages/airflow/example_dags/example_complex.py
[2025-02-11T00:16:14.828+0000] {processor.py:914} INFO - Processing file /home/airflow/.local/lib/python3.12/site-packages/airflow/example_dags/example_complex.py for tasks to queue
[2025-02-11T00:16:14.831+0000] {logging_mixin.py:190} INFO - [2025-02-11T00:16:14.831+0000] {dagbag.py:588} INFO - Filling up the DagBag from /home/airflow/.local/lib/python3.12/site-packages/airflow/example_dags/example_complex.py
[2025-02-11T00:16:14.847+0000] {processor.py:925} INFO - DAG(s) 'example_complex' retrieved from /home/airflow/.local/lib/python3.12/site-packages/airflow/example_dags/example_complex.py
[2025-02-11T00:16:14.889+0000] {logging_mixin.py:190} INFO - [2025-02-11T00:16:14.889+0000] {dag.py:3239} INFO - Sync 1 DAGs
[2025-02-11T00:16:14.908+0000] {logging_mixin.py:190} INFO - [2025-02-11T00:16:14.907+0000] {dag.py:4180} INFO - Setting next_dagrun for example_complex to None, run_after=None
[2025-02-11T00:16:14.929+0000] {processor.py:208} INFO - Processing /home/airflow/.local/lib/python3.12/site-packages/airflow/example_dags/example_complex.py took 0.109 seconds
[2025-02-11T00:16:45.086+0000] {processor.py:186} INFO - Started process (PID=10936) to work on /home/airflow/.local/lib/python3.12/site-packages/airflow/example_dags/example_complex.py
[2025-02-11T00:16:45.087+0000] {processor.py:914} INFO - Processing file /home/airflow/.local/lib/python3.12/site-packages/airflow/example_dags/example_complex.py for tasks to queue
[2025-02-11T00:16:45.090+0000] {logging_mixin.py:190} INFO - [2025-02-11T00:16:45.089+0000] {dagbag.py:588} INFO - Filling up the DagBag from /home/airflow/.local/lib/python3.12/site-packages/airflow/example_dags/example_complex.py
[2025-02-11T00:16:45.106+0000] {processor.py:925} INFO - DAG(s) 'example_complex' retrieved from /home/airflow/.local/lib/python3.12/site-packages/airflow/example_dags/example_complex.py
[2025-02-11T00:16:45.141+0000] {logging_mixin.py:190} INFO - [2025-02-11T00:16:45.141+0000] {dag.py:3239} INFO - Sync 1 DAGs
[2025-02-11T00:16:45.157+0000] {logging_mixin.py:190} INFO - [2025-02-11T00:16:45.157+0000] {dag.py:4180} INFO - Setting next_dagrun for example_complex to None, run_after=None
[2025-02-11T00:16:45.180+0000] {processor.py:208} INFO - Processing /home/airflow/.local/lib/python3.12/site-packages/airflow/example_dags/example_complex.py took 0.101 seconds
[2025-02-11T00:17:15.773+0000] {processor.py:186} INFO - Started process (PID=10999) to work on /home/airflow/.local/lib/python3.12/site-packages/airflow/example_dags/example_complex.py
[2025-02-11T00:17:15.774+0000] {processor.py:914} INFO - Processing file /home/airflow/.local/lib/python3.12/site-packages/airflow/example_dags/example_complex.py for tasks to queue
[2025-02-11T00:17:15.778+0000] {logging_mixin.py:190} INFO - [2025-02-11T00:17:15.778+0000] {dagbag.py:588} INFO - Filling up the DagBag from /home/airflow/.local/lib/python3.12/site-packages/airflow/example_dags/example_complex.py
[2025-02-11T00:17:15.797+0000] {processor.py:925} INFO - DAG(s) 'example_complex' retrieved from /home/airflow/.local/lib/python3.12/site-packages/airflow/example_dags/example_complex.py
[2025-02-11T00:17:15.836+0000] {logging_mixin.py:190} INFO - [2025-02-11T00:17:15.835+0000] {dag.py:3239} INFO - Sync 1 DAGs
[2025-02-11T00:17:15.853+0000] {logging_mixin.py:190} INFO - [2025-02-11T00:17:15.853+0000] {dag.py:4180} INFO - Setting next_dagrun for example_complex to None, run_after=None
[2025-02-11T00:17:15.875+0000] {processor.py:208} INFO - Processing /home/airflow/.local/lib/python3.12/site-packages/airflow/example_dags/example_complex.py took 0.113 seconds
[2025-02-11T00:17:46.178+0000] {processor.py:186} INFO - Started process (PID=11062) to work on /home/airflow/.local/lib/python3.12/site-packages/airflow/example_dags/example_complex.py
[2025-02-11T00:17:46.180+0000] {processor.py:914} INFO - Processing file /home/airflow/.local/lib/python3.12/site-packages/airflow/example_dags/example_complex.py for tasks to queue
[2025-02-11T00:17:46.182+0000] {logging_mixin.py:190} INFO - [2025-02-11T00:17:46.182+0000] {dagbag.py:588} INFO - Filling up the DagBag from /home/airflow/.local/lib/python3.12/site-packages/airflow/example_dags/example_complex.py
[2025-02-11T00:17:46.200+0000] {processor.py:925} INFO - DAG(s) 'example_complex' retrieved from /home/airflow/.local/lib/python3.12/site-packages/airflow/example_dags/example_complex.py
[2025-02-11T00:17:46.239+0000] {logging_mixin.py:190} INFO - [2025-02-11T00:17:46.239+0000] {dag.py:3239} INFO - Sync 1 DAGs
[2025-02-11T00:17:46.256+0000] {logging_mixin.py:190} INFO - [2025-02-11T00:17:46.255+0000] {dag.py:4180} INFO - Setting next_dagrun for example_complex to None, run_after=None
[2025-02-11T00:17:46.279+0000] {processor.py:208} INFO - Processing /home/airflow/.local/lib/python3.12/site-packages/airflow/example_dags/example_complex.py took 0.108 seconds
[2025-02-11T00:18:16.715+0000] {processor.py:186} INFO - Started process (PID=11127) to work on /home/airflow/.local/lib/python3.12/site-packages/airflow/example_dags/example_complex.py
[2025-02-11T00:18:16.716+0000] {processor.py:914} INFO - Processing file /home/airflow/.local/lib/python3.12/site-packages/airflow/example_dags/example_complex.py for tasks to queue
[2025-02-11T00:18:16.719+0000] {logging_mixin.py:190} INFO - [2025-02-11T00:18:16.719+0000] {dagbag.py:588} INFO - Filling up the DagBag from /home/airflow/.local/lib/python3.12/site-packages/airflow/example_dags/example_complex.py
[2025-02-11T00:18:16.733+0000] {processor.py:925} INFO - DAG(s) 'example_complex' retrieved from /home/airflow/.local/lib/python3.12/site-packages/airflow/example_dags/example_complex.py
[2025-02-11T00:18:16.773+0000] {logging_mixin.py:190} INFO - [2025-02-11T00:18:16.772+0000] {dag.py:3239} INFO - Sync 1 DAGs
[2025-02-11T00:18:16.790+0000] {logging_mixin.py:190} INFO - [2025-02-11T00:18:16.790+0000] {dag.py:4180} INFO - Setting next_dagrun for example_complex to None, run_after=None
[2025-02-11T00:18:16.812+0000] {processor.py:208} INFO - Processing /home/airflow/.local/lib/python3.12/site-packages/airflow/example_dags/example_complex.py took 0.105 seconds
[2025-02-11T00:18:47.550+0000] {processor.py:186} INFO - Started process (PID=11190) to work on /home/airflow/.local/lib/python3.12/site-packages/airflow/example_dags/example_complex.py
[2025-02-11T00:18:47.551+0000] {processor.py:914} INFO - Processing file /home/airflow/.local/lib/python3.12/site-packages/airflow/example_dags/example_complex.py for tasks to queue
[2025-02-11T00:18:47.554+0000] {logging_mixin.py:190} INFO - [2025-02-11T00:18:47.554+0000] {dagbag.py:588} INFO - Filling up the DagBag from /home/airflow/.local/lib/python3.12/site-packages/airflow/example_dags/example_complex.py
[2025-02-11T00:18:47.570+0000] {processor.py:925} INFO - DAG(s) 'example_complex' retrieved from /home/airflow/.local/lib/python3.12/site-packages/airflow/example_dags/example_complex.py
[2025-02-11T00:18:47.610+0000] {logging_mixin.py:190} INFO - [2025-02-11T00:18:47.609+0000] {dag.py:3239} INFO - Sync 1 DAGs
[2025-02-11T00:18:47.627+0000] {logging_mixin.py:190} INFO - [2025-02-11T00:18:47.627+0000] {dag.py:4180} INFO - Setting next_dagrun for example_complex to None, run_after=None
[2025-02-11T00:18:47.650+0000] {processor.py:208} INFO - Processing /home/airflow/.local/lib/python3.12/site-packages/airflow/example_dags/example_complex.py took 0.107 seconds
[2025-02-11T00:19:19.808+0000] {processor.py:186} INFO - Started process (PID=11258) to work on /home/airflow/.local/lib/python3.12/site-packages/airflow/example_dags/example_complex.py
[2025-02-11T00:19:19.809+0000] {processor.py:914} INFO - Processing file /home/airflow/.local/lib/python3.12/site-packages/airflow/example_dags/example_complex.py for tasks to queue
[2025-02-11T00:19:19.812+0000] {logging_mixin.py:190} INFO - [2025-02-11T00:19:19.812+0000] {dagbag.py:588} INFO - Filling up the DagBag from /home/airflow/.local/lib/python3.12/site-packages/airflow/example_dags/example_complex.py
[2025-02-11T00:19:19.828+0000] {processor.py:925} INFO - DAG(s) 'example_complex' retrieved from /home/airflow/.local/lib/python3.12/site-packages/airflow/example_dags/example_complex.py
[2025-02-11T00:19:19.867+0000] {logging_mixin.py:190} INFO - [2025-02-11T00:19:19.867+0000] {dag.py:3239} INFO - Sync 1 DAGs
[2025-02-11T00:19:19.884+0000] {logging_mixin.py:190} INFO - [2025-02-11T00:19:19.883+0000] {dag.py:4180} INFO - Setting next_dagrun for example_complex to None, run_after=None
[2025-02-11T00:19:19.907+0000] {processor.py:208} INFO - Processing /home/airflow/.local/lib/python3.12/site-packages/airflow/example_dags/example_complex.py took 0.106 seconds
[2025-02-11T00:19:50.279+0000] {processor.py:186} INFO - Started process (PID=11321) to work on /home/airflow/.local/lib/python3.12/site-packages/airflow/example_dags/example_complex.py
[2025-02-11T00:19:50.280+0000] {processor.py:914} INFO - Processing file /home/airflow/.local/lib/python3.12/site-packages/airflow/example_dags/example_complex.py for tasks to queue
[2025-02-11T00:19:50.283+0000] {logging_mixin.py:190} INFO - [2025-02-11T00:19:50.283+0000] {dagbag.py:588} INFO - Filling up the DagBag from /home/airflow/.local/lib/python3.12/site-packages/airflow/example_dags/example_complex.py
[2025-02-11T00:19:50.297+0000] {processor.py:925} INFO - DAG(s) 'example_complex' retrieved from /home/airflow/.local/lib/python3.12/site-packages/airflow/example_dags/example_complex.py
[2025-02-11T00:19:50.347+0000] {logging_mixin.py:190} INFO - [2025-02-11T00:19:50.347+0000] {dag.py:3239} INFO - Sync 1 DAGs
[2025-02-11T00:19:50.370+0000] {logging_mixin.py:190} INFO - [2025-02-11T00:19:50.369+0000] {dag.py:4180} INFO - Setting next_dagrun for example_complex to None, run_after=None
[2025-02-11T00:19:50.395+0000] {processor.py:208} INFO - Processing /home/airflow/.local/lib/python3.12/site-packages/airflow/example_dags/example_complex.py took 0.122 seconds
[2025-02-11T00:20:22.058+0000] {processor.py:186} INFO - Started process (PID=11384) to work on /home/airflow/.local/lib/python3.12/site-packages/airflow/example_dags/example_complex.py
[2025-02-11T00:20:22.059+0000] {processor.py:914} INFO - Processing file /home/airflow/.local/lib/python3.12/site-packages/airflow/example_dags/example_complex.py for tasks to queue
[2025-02-11T00:20:22.062+0000] {logging_mixin.py:190} INFO - [2025-02-11T00:20:22.061+0000] {dagbag.py:588} INFO - Filling up the DagBag from /home/airflow/.local/lib/python3.12/site-packages/airflow/example_dags/example_complex.py
[2025-02-11T00:20:22.075+0000] {processor.py:925} INFO - DAG(s) 'example_complex' retrieved from /home/airflow/.local/lib/python3.12/site-packages/airflow/example_dags/example_complex.py
[2025-02-11T00:20:22.113+0000] {logging_mixin.py:190} INFO - [2025-02-11T00:20:22.112+0000] {dag.py:3239} INFO - Sync 1 DAGs
[2025-02-11T00:20:22.129+0000] {logging_mixin.py:190} INFO - [2025-02-11T00:20:22.129+0000] {dag.py:4180} INFO - Setting next_dagrun for example_complex to None, run_after=None
[2025-02-11T00:20:22.150+0000] {processor.py:208} INFO - Processing /home/airflow/.local/lib/python3.12/site-packages/airflow/example_dags/example_complex.py took 0.099 seconds
[2025-02-11T00:20:53.562+0000] {processor.py:186} INFO - Started process (PID=11447) to work on /home/airflow/.local/lib/python3.12/site-packages/airflow/example_dags/example_complex.py
[2025-02-11T00:20:53.563+0000] {processor.py:914} INFO - Processing file /home/airflow/.local/lib/python3.12/site-packages/airflow/example_dags/example_complex.py for tasks to queue
[2025-02-11T00:20:53.567+0000] {logging_mixin.py:190} INFO - [2025-02-11T00:20:53.567+0000] {dagbag.py:588} INFO - Filling up the DagBag from /home/airflow/.local/lib/python3.12/site-packages/airflow/example_dags/example_complex.py
[2025-02-11T00:20:53.586+0000] {processor.py:925} INFO - DAG(s) 'example_complex' retrieved from /home/airflow/.local/lib/python3.12/site-packages/airflow/example_dags/example_complex.py
[2025-02-11T00:20:53.625+0000] {logging_mixin.py:190} INFO - [2025-02-11T00:20:53.625+0000] {dag.py:3239} INFO - Sync 1 DAGs
[2025-02-11T00:20:53.641+0000] {logging_mixin.py:190} INFO - [2025-02-11T00:20:53.641+0000] {dag.py:4180} INFO - Setting next_dagrun for example_complex to None, run_after=None
[2025-02-11T00:20:53.671+0000] {processor.py:208} INFO - Processing /home/airflow/.local/lib/python3.12/site-packages/airflow/example_dags/example_complex.py took 0.117 seconds
[2025-02-11T00:21:24.514+0000] {processor.py:186} INFO - Started process (PID=11510) to work on /home/airflow/.local/lib/python3.12/site-packages/airflow/example_dags/example_complex.py
[2025-02-11T00:21:24.516+0000] {processor.py:914} INFO - Processing file /home/airflow/.local/lib/python3.12/site-packages/airflow/example_dags/example_complex.py for tasks to queue
[2025-02-11T00:21:24.518+0000] {logging_mixin.py:190} INFO - [2025-02-11T00:21:24.518+0000] {dagbag.py:588} INFO - Filling up the DagBag from /home/airflow/.local/lib/python3.12/site-packages/airflow/example_dags/example_complex.py
[2025-02-11T00:21:24.532+0000] {processor.py:925} INFO - DAG(s) 'example_complex' retrieved from /home/airflow/.local/lib/python3.12/site-packages/airflow/example_dags/example_complex.py
[2025-02-11T00:21:24.572+0000] {logging_mixin.py:190} INFO - [2025-02-11T00:21:24.571+0000] {dag.py:3239} INFO - Sync 1 DAGs
[2025-02-11T00:21:24.590+0000] {logging_mixin.py:190} INFO - [2025-02-11T00:21:24.590+0000] {dag.py:4180} INFO - Setting next_dagrun for example_complex to None, run_after=None
[2025-02-11T00:21:24.613+0000] {processor.py:208} INFO - Processing /home/airflow/.local/lib/python3.12/site-packages/airflow/example_dags/example_complex.py took 0.107 seconds
[2025-02-11T00:21:56.768+0000] {processor.py:186} INFO - Started process (PID=11572) to work on /home/airflow/.local/lib/python3.12/site-packages/airflow/example_dags/example_complex.py
[2025-02-11T00:21:56.769+0000] {processor.py:914} INFO - Processing file /home/airflow/.local/lib/python3.12/site-packages/airflow/example_dags/example_complex.py for tasks to queue
[2025-02-11T00:21:56.773+0000] {logging_mixin.py:190} INFO - [2025-02-11T00:21:56.772+0000] {dagbag.py:588} INFO - Filling up the DagBag from /home/airflow/.local/lib/python3.12/site-packages/airflow/example_dags/example_complex.py
[2025-02-11T00:21:56.789+0000] {processor.py:925} INFO - DAG(s) 'example_complex' retrieved from /home/airflow/.local/lib/python3.12/site-packages/airflow/example_dags/example_complex.py
[2025-02-11T00:21:56.828+0000] {logging_mixin.py:190} INFO - [2025-02-11T00:21:56.828+0000] {dag.py:3239} INFO - Sync 1 DAGs
[2025-02-11T00:21:56.844+0000] {logging_mixin.py:190} INFO - [2025-02-11T00:21:56.844+0000] {dag.py:4180} INFO - Setting next_dagrun for example_complex to None, run_after=None
[2025-02-11T00:21:56.864+0000] {processor.py:208} INFO - Processing /home/airflow/.local/lib/python3.12/site-packages/airflow/example_dags/example_complex.py took 0.103 seconds
[2025-02-11T00:22:27.418+0000] {processor.py:186} INFO - Started process (PID=11635) to work on /home/airflow/.local/lib/python3.12/site-packages/airflow/example_dags/example_complex.py
[2025-02-11T00:22:27.419+0000] {processor.py:914} INFO - Processing file /home/airflow/.local/lib/python3.12/site-packages/airflow/example_dags/example_complex.py for tasks to queue
[2025-02-11T00:22:27.422+0000] {logging_mixin.py:190} INFO - [2025-02-11T00:22:27.422+0000] {dagbag.py:588} INFO - Filling up the DagBag from /home/airflow/.local/lib/python3.12/site-packages/airflow/example_dags/example_complex.py
[2025-02-11T00:22:27.436+0000] {processor.py:925} INFO - DAG(s) 'example_complex' retrieved from /home/airflow/.local/lib/python3.12/site-packages/airflow/example_dags/example_complex.py
[2025-02-11T00:22:27.489+0000] {logging_mixin.py:190} INFO - [2025-02-11T00:22:27.489+0000] {dag.py:3239} INFO - Sync 1 DAGs
[2025-02-11T00:22:27.506+0000] {logging_mixin.py:190} INFO - [2025-02-11T00:22:27.505+0000] {dag.py:4180} INFO - Setting next_dagrun for example_complex to None, run_after=None
[2025-02-11T00:22:27.526+0000] {processor.py:208} INFO - Processing /home/airflow/.local/lib/python3.12/site-packages/airflow/example_dags/example_complex.py took 0.116 seconds
[2025-02-11T00:22:57.930+0000] {processor.py:186} INFO - Started process (PID=11697) to work on /home/airflow/.local/lib/python3.12/site-packages/airflow/example_dags/example_complex.py
[2025-02-11T00:22:57.931+0000] {processor.py:914} INFO - Processing file /home/airflow/.local/lib/python3.12/site-packages/airflow/example_dags/example_complex.py for tasks to queue
[2025-02-11T00:22:57.934+0000] {logging_mixin.py:190} INFO - [2025-02-11T00:22:57.934+0000] {dagbag.py:588} INFO - Filling up the DagBag from /home/airflow/.local/lib/python3.12/site-packages/airflow/example_dags/example_complex.py
[2025-02-11T00:22:57.948+0000] {processor.py:925} INFO - DAG(s) 'example_complex' retrieved from /home/airflow/.local/lib/python3.12/site-packages/airflow/example_dags/example_complex.py
[2025-02-11T00:22:57.987+0000] {logging_mixin.py:190} INFO - [2025-02-11T00:22:57.987+0000] {dag.py:3239} INFO - Sync 1 DAGs
[2025-02-11T00:22:58.006+0000] {logging_mixin.py:190} INFO - [2025-02-11T00:22:58.006+0000] {dag.py:4180} INFO - Setting next_dagrun for example_complex to None, run_after=None
[2025-02-11T00:22:58.031+0000] {processor.py:208} INFO - Processing /home/airflow/.local/lib/python3.12/site-packages/airflow/example_dags/example_complex.py took 0.108 seconds
[2025-02-11T00:23:29.883+0000] {processor.py:186} INFO - Started process (PID=11760) to work on /home/airflow/.local/lib/python3.12/site-packages/airflow/example_dags/example_complex.py
[2025-02-11T00:23:29.884+0000] {processor.py:914} INFO - Processing file /home/airflow/.local/lib/python3.12/site-packages/airflow/example_dags/example_complex.py for tasks to queue
[2025-02-11T00:23:29.888+0000] {logging_mixin.py:190} INFO - [2025-02-11T00:23:29.887+0000] {dagbag.py:588} INFO - Filling up the DagBag from /home/airflow/.local/lib/python3.12/site-packages/airflow/example_dags/example_complex.py
[2025-02-11T00:23:29.902+0000] {processor.py:925} INFO - DAG(s) 'example_complex' retrieved from /home/airflow/.local/lib/python3.12/site-packages/airflow/example_dags/example_complex.py
[2025-02-11T00:23:29.940+0000] {logging_mixin.py:190} INFO - [2025-02-11T00:23:29.940+0000] {dag.py:3239} INFO - Sync 1 DAGs
[2025-02-11T00:23:29.958+0000] {logging_mixin.py:190} INFO - [2025-02-11T00:23:29.957+0000] {dag.py:4180} INFO - Setting next_dagrun for example_complex to None, run_after=None
[2025-02-11T00:23:29.979+0000] {processor.py:208} INFO - Processing /home/airflow/.local/lib/python3.12/site-packages/airflow/example_dags/example_complex.py took 0.103 seconds
[2025-02-11T00:24:00.879+0000] {processor.py:186} INFO - Started process (PID=11823) to work on /home/airflow/.local/lib/python3.12/site-packages/airflow/example_dags/example_complex.py
[2025-02-11T00:24:00.880+0000] {processor.py:914} INFO - Processing file /home/airflow/.local/lib/python3.12/site-packages/airflow/example_dags/example_complex.py for tasks to queue
[2025-02-11T00:24:00.884+0000] {logging_mixin.py:190} INFO - [2025-02-11T00:24:00.883+0000] {dagbag.py:588} INFO - Filling up the DagBag from /home/airflow/.local/lib/python3.12/site-packages/airflow/example_dags/example_complex.py
[2025-02-11T00:24:01.007+0000] {processor.py:925} INFO - DAG(s) 'example_complex' retrieved from /home/airflow/.local/lib/python3.12/site-packages/airflow/example_dags/example_complex.py
[2025-02-11T00:24:01.139+0000] {logging_mixin.py:190} INFO - [2025-02-11T00:24:01.139+0000] {dag.py:3239} INFO - Sync 1 DAGs
[2025-02-11T00:24:01.173+0000] {logging_mixin.py:190} INFO - [2025-02-11T00:24:01.172+0000] {dag.py:4180} INFO - Setting next_dagrun for example_complex to None, run_after=None
[2025-02-11T00:24:01.208+0000] {processor.py:208} INFO - Processing /home/airflow/.local/lib/python3.12/site-packages/airflow/example_dags/example_complex.py took 0.336 seconds
[2025-02-11T00:24:32.447+0000] {processor.py:186} INFO - Started process (PID=11886) to work on /home/airflow/.local/lib/python3.12/site-packages/airflow/example_dags/example_complex.py
[2025-02-11T00:24:32.448+0000] {processor.py:914} INFO - Processing file /home/airflow/.local/lib/python3.12/site-packages/airflow/example_dags/example_complex.py for tasks to queue
[2025-02-11T00:24:32.451+0000] {logging_mixin.py:190} INFO - [2025-02-11T00:24:32.450+0000] {dagbag.py:588} INFO - Filling up the DagBag from /home/airflow/.local/lib/python3.12/site-packages/airflow/example_dags/example_complex.py
[2025-02-11T00:24:32.467+0000] {processor.py:925} INFO - DAG(s) 'example_complex' retrieved from /home/airflow/.local/lib/python3.12/site-packages/airflow/example_dags/example_complex.py
[2025-02-11T00:24:32.514+0000] {logging_mixin.py:190} INFO - [2025-02-11T00:24:32.514+0000] {dag.py:3239} INFO - Sync 1 DAGs
[2025-02-11T00:24:32.532+0000] {logging_mixin.py:190} INFO - [2025-02-11T00:24:32.532+0000] {dag.py:4180} INFO - Setting next_dagrun for example_complex to None, run_after=None
[2025-02-11T00:24:32.554+0000] {processor.py:208} INFO - Processing /home/airflow/.local/lib/python3.12/site-packages/airflow/example_dags/example_complex.py took 0.114 seconds
[2025-02-11T00:25:03.876+0000] {processor.py:186} INFO - Started process (PID=11949) to work on /home/airflow/.local/lib/python3.12/site-packages/airflow/example_dags/example_complex.py
[2025-02-11T00:25:03.877+0000] {processor.py:914} INFO - Processing file /home/airflow/.local/lib/python3.12/site-packages/airflow/example_dags/example_complex.py for tasks to queue
[2025-02-11T00:25:03.880+0000] {logging_mixin.py:190} INFO - [2025-02-11T00:25:03.880+0000] {dagbag.py:588} INFO - Filling up the DagBag from /home/airflow/.local/lib/python3.12/site-packages/airflow/example_dags/example_complex.py
[2025-02-11T00:25:03.896+0000] {processor.py:925} INFO - DAG(s) 'example_complex' retrieved from /home/airflow/.local/lib/python3.12/site-packages/airflow/example_dags/example_complex.py
[2025-02-11T00:25:03.937+0000] {logging_mixin.py:190} INFO - [2025-02-11T00:25:03.937+0000] {dag.py:3239} INFO - Sync 1 DAGs
[2025-02-11T00:25:03.960+0000] {logging_mixin.py:190} INFO - [2025-02-11T00:25:03.959+0000] {dag.py:4180} INFO - Setting next_dagrun for example_complex to None, run_after=None
[2025-02-11T00:25:03.986+0000] {processor.py:208} INFO - Processing /home/airflow/.local/lib/python3.12/site-packages/airflow/example_dags/example_complex.py took 0.118 seconds
[2025-02-11T00:25:35.076+0000] {processor.py:186} INFO - Started process (PID=12012) to work on /home/airflow/.local/lib/python3.12/site-packages/airflow/example_dags/example_complex.py
[2025-02-11T00:25:35.077+0000] {processor.py:914} INFO - Processing file /home/airflow/.local/lib/python3.12/site-packages/airflow/example_dags/example_complex.py for tasks to queue
[2025-02-11T00:25:35.080+0000] {logging_mixin.py:190} INFO - [2025-02-11T00:25:35.080+0000] {dagbag.py:588} INFO - Filling up the DagBag from /home/airflow/.local/lib/python3.12/site-packages/airflow/example_dags/example_complex.py
[2025-02-11T00:25:35.095+0000] {processor.py:925} INFO - DAG(s) 'example_complex' retrieved from /home/airflow/.local/lib/python3.12/site-packages/airflow/example_dags/example_complex.py
[2025-02-11T00:25:35.135+0000] {logging_mixin.py:190} INFO - [2025-02-11T00:25:35.135+0000] {dag.py:3239} INFO - Sync 1 DAGs
[2025-02-11T00:25:35.151+0000] {logging_mixin.py:190} INFO - [2025-02-11T00:25:35.151+0000] {dag.py:4180} INFO - Setting next_dagrun for example_complex to None, run_after=None
[2025-02-11T00:25:35.172+0000] {processor.py:208} INFO - Processing /home/airflow/.local/lib/python3.12/site-packages/airflow/example_dags/example_complex.py took 0.103 seconds
[2025-02-11T00:26:06.163+0000] {processor.py:186} INFO - Started process (PID=12075) to work on /home/airflow/.local/lib/python3.12/site-packages/airflow/example_dags/example_complex.py
[2025-02-11T00:26:06.164+0000] {processor.py:914} INFO - Processing file /home/airflow/.local/lib/python3.12/site-packages/airflow/example_dags/example_complex.py for tasks to queue
[2025-02-11T00:26:06.167+0000] {logging_mixin.py:190} INFO - [2025-02-11T00:26:06.167+0000] {dagbag.py:588} INFO - Filling up the DagBag from /home/airflow/.local/lib/python3.12/site-packages/airflow/example_dags/example_complex.py
[2025-02-11T00:26:06.181+0000] {processor.py:925} INFO - DAG(s) 'example_complex' retrieved from /home/airflow/.local/lib/python3.12/site-packages/airflow/example_dags/example_complex.py
[2025-02-11T00:26:06.219+0000] {logging_mixin.py:190} INFO - [2025-02-11T00:26:06.219+0000] {dag.py:3239} INFO - Sync 1 DAGs
[2025-02-11T00:26:06.236+0000] {logging_mixin.py:190} INFO - [2025-02-11T00:26:06.236+0000] {dag.py:4180} INFO - Setting next_dagrun for example_complex to None, run_after=None
[2025-02-11T00:26:06.257+0000] {processor.py:208} INFO - Processing /home/airflow/.local/lib/python3.12/site-packages/airflow/example_dags/example_complex.py took 0.101 seconds
[2025-02-11T00:26:38.618+0000] {processor.py:186} INFO - Started process (PID=12138) to work on /home/airflow/.local/lib/python3.12/site-packages/airflow/example_dags/example_complex.py
[2025-02-11T00:26:38.621+0000] {processor.py:914} INFO - Processing file /home/airflow/.local/lib/python3.12/site-packages/airflow/example_dags/example_complex.py for tasks to queue
[2025-02-11T00:26:38.624+0000] {logging_mixin.py:190} INFO - [2025-02-11T00:26:38.623+0000] {dagbag.py:588} INFO - Filling up the DagBag from /home/airflow/.local/lib/python3.12/site-packages/airflow/example_dags/example_complex.py
[2025-02-11T00:26:38.642+0000] {processor.py:925} INFO - DAG(s) 'example_complex' retrieved from /home/airflow/.local/lib/python3.12/site-packages/airflow/example_dags/example_complex.py
[2025-02-11T00:26:38.682+0000] {logging_mixin.py:190} INFO - [2025-02-11T00:26:38.682+0000] {dag.py:3239} INFO - Sync 1 DAGs
[2025-02-11T00:26:38.700+0000] {logging_mixin.py:190} INFO - [2025-02-11T00:26:38.700+0000] {dag.py:4180} INFO - Setting next_dagrun for example_complex to None, run_after=None
[2025-02-11T00:26:38.727+0000] {processor.py:208} INFO - Processing /home/airflow/.local/lib/python3.12/site-packages/airflow/example_dags/example_complex.py took 0.117 seconds
[2025-02-11T00:27:08.998+0000] {processor.py:186} INFO - Started process (PID=12201) to work on /home/airflow/.local/lib/python3.12/site-packages/airflow/example_dags/example_complex.py
[2025-02-11T00:27:09.000+0000] {processor.py:914} INFO - Processing file /home/airflow/.local/lib/python3.12/site-packages/airflow/example_dags/example_complex.py for tasks to queue
[2025-02-11T00:27:09.004+0000] {logging_mixin.py:190} INFO - [2025-02-11T00:27:09.004+0000] {dagbag.py:588} INFO - Filling up the DagBag from /home/airflow/.local/lib/python3.12/site-packages/airflow/example_dags/example_complex.py
[2025-02-11T00:27:09.020+0000] {processor.py:925} INFO - DAG(s) 'example_complex' retrieved from /home/airflow/.local/lib/python3.12/site-packages/airflow/example_dags/example_complex.py
[2025-02-11T00:27:09.065+0000] {logging_mixin.py:190} INFO - [2025-02-11T00:27:09.064+0000] {dag.py:3239} INFO - Sync 1 DAGs
[2025-02-11T00:27:09.083+0000] {logging_mixin.py:190} INFO - [2025-02-11T00:27:09.082+0000] {dag.py:4180} INFO - Setting next_dagrun for example_complex to None, run_after=None
[2025-02-11T00:27:09.106+0000] {processor.py:208} INFO - Processing /home/airflow/.local/lib/python3.12/site-packages/airflow/example_dags/example_complex.py took 0.119 seconds
[2025-02-11T00:27:41.010+0000] {processor.py:186} INFO - Started process (PID=12264) to work on /home/airflow/.local/lib/python3.12/site-packages/airflow/example_dags/example_complex.py
[2025-02-11T00:27:41.011+0000] {processor.py:914} INFO - Processing file /home/airflow/.local/lib/python3.12/site-packages/airflow/example_dags/example_complex.py for tasks to queue
[2025-02-11T00:27:41.015+0000] {logging_mixin.py:190} INFO - [2025-02-11T00:27:41.014+0000] {dagbag.py:588} INFO - Filling up the DagBag from /home/airflow/.local/lib/python3.12/site-packages/airflow/example_dags/example_complex.py
[2025-02-11T00:27:41.033+0000] {processor.py:925} INFO - DAG(s) 'example_complex' retrieved from /home/airflow/.local/lib/python3.12/site-packages/airflow/example_dags/example_complex.py
[2025-02-11T00:27:41.077+0000] {logging_mixin.py:190} INFO - [2025-02-11T00:27:41.076+0000] {dag.py:3239} INFO - Sync 1 DAGs
[2025-02-11T00:27:41.096+0000] {logging_mixin.py:190} INFO - [2025-02-11T00:27:41.096+0000] {dag.py:4180} INFO - Setting next_dagrun for example_complex to None, run_after=None
[2025-02-11T00:27:41.118+0000] {processor.py:208} INFO - Processing /home/airflow/.local/lib/python3.12/site-packages/airflow/example_dags/example_complex.py took 0.116 seconds
[2025-02-11T00:28:13.035+0000] {processor.py:186} INFO - Started process (PID=12327) to work on /home/airflow/.local/lib/python3.12/site-packages/airflow/example_dags/example_complex.py
[2025-02-11T00:28:13.037+0000] {processor.py:914} INFO - Processing file /home/airflow/.local/lib/python3.12/site-packages/airflow/example_dags/example_complex.py for tasks to queue
[2025-02-11T00:28:13.040+0000] {logging_mixin.py:190} INFO - [2025-02-11T00:28:13.040+0000] {dagbag.py:588} INFO - Filling up the DagBag from /home/airflow/.local/lib/python3.12/site-packages/airflow/example_dags/example_complex.py
[2025-02-11T00:28:13.056+0000] {processor.py:925} INFO - DAG(s) 'example_complex' retrieved from /home/airflow/.local/lib/python3.12/site-packages/airflow/example_dags/example_complex.py
[2025-02-11T00:28:13.102+0000] {logging_mixin.py:190} INFO - [2025-02-11T00:28:13.102+0000] {dag.py:3239} INFO - Sync 1 DAGs
[2025-02-11T00:28:13.120+0000] {logging_mixin.py:190} INFO - [2025-02-11T00:28:13.119+0000] {dag.py:4180} INFO - Setting next_dagrun for example_complex to None, run_after=None
[2025-02-11T00:28:13.145+0000] {processor.py:208} INFO - Processing /home/airflow/.local/lib/python3.12/site-packages/airflow/example_dags/example_complex.py took 0.119 seconds
[2025-02-11T00:28:43.556+0000] {processor.py:186} INFO - Started process (PID=12390) to work on /home/airflow/.local/lib/python3.12/site-packages/airflow/example_dags/example_complex.py
[2025-02-11T00:28:43.557+0000] {processor.py:914} INFO - Processing file /home/airflow/.local/lib/python3.12/site-packages/airflow/example_dags/example_complex.py for tasks to queue
[2025-02-11T00:28:43.560+0000] {logging_mixin.py:190} INFO - [2025-02-11T00:28:43.559+0000] {dagbag.py:588} INFO - Filling up the DagBag from /home/airflow/.local/lib/python3.12/site-packages/airflow/example_dags/example_complex.py
[2025-02-11T00:28:43.573+0000] {processor.py:925} INFO - DAG(s) 'example_complex' retrieved from /home/airflow/.local/lib/python3.12/site-packages/airflow/example_dags/example_complex.py
[2025-02-11T00:28:43.610+0000] {logging_mixin.py:190} INFO - [2025-02-11T00:28:43.610+0000] {dag.py:3239} INFO - Sync 1 DAGs
[2025-02-11T00:28:43.629+0000] {logging_mixin.py:190} INFO - [2025-02-11T00:28:43.629+0000] {dag.py:4180} INFO - Setting next_dagrun for example_complex to None, run_after=None
[2025-02-11T00:28:43.654+0000] {processor.py:208} INFO - Processing /home/airflow/.local/lib/python3.12/site-packages/airflow/example_dags/example_complex.py took 0.106 seconds
[2025-02-11T00:29:14.929+0000] {processor.py:186} INFO - Started process (PID=12453) to work on /home/airflow/.local/lib/python3.12/site-packages/airflow/example_dags/example_complex.py
[2025-02-11T00:29:14.930+0000] {processor.py:914} INFO - Processing file /home/airflow/.local/lib/python3.12/site-packages/airflow/example_dags/example_complex.py for tasks to queue
[2025-02-11T00:29:14.933+0000] {logging_mixin.py:190} INFO - [2025-02-11T00:29:14.932+0000] {dagbag.py:588} INFO - Filling up the DagBag from /home/airflow/.local/lib/python3.12/site-packages/airflow/example_dags/example_complex.py
[2025-02-11T00:29:14.948+0000] {processor.py:925} INFO - DAG(s) 'example_complex' retrieved from /home/airflow/.local/lib/python3.12/site-packages/airflow/example_dags/example_complex.py
[2025-02-11T00:29:14.987+0000] {logging_mixin.py:190} INFO - [2025-02-11T00:29:14.986+0000] {dag.py:3239} INFO - Sync 1 DAGs
[2025-02-11T00:29:15.004+0000] {logging_mixin.py:190} INFO - [2025-02-11T00:29:15.004+0000] {dag.py:4180} INFO - Setting next_dagrun for example_complex to None, run_after=None
[2025-02-11T00:29:15.028+0000] {processor.py:208} INFO - Processing /home/airflow/.local/lib/python3.12/site-packages/airflow/example_dags/example_complex.py took 0.106 seconds
[2025-02-11T00:29:46.001+0000] {processor.py:186} INFO - Started process (PID=12516) to work on /home/airflow/.local/lib/python3.12/site-packages/airflow/example_dags/example_complex.py
[2025-02-11T00:29:46.002+0000] {processor.py:914} INFO - Processing file /home/airflow/.local/lib/python3.12/site-packages/airflow/example_dags/example_complex.py for tasks to queue
[2025-02-11T00:29:46.005+0000] {logging_mixin.py:190} INFO - [2025-02-11T00:29:46.004+0000] {dagbag.py:588} INFO - Filling up the DagBag from /home/airflow/.local/lib/python3.12/site-packages/airflow/example_dags/example_complex.py
[2025-02-11T00:29:46.018+0000] {processor.py:925} INFO - DAG(s) 'example_complex' retrieved from /home/airflow/.local/lib/python3.12/site-packages/airflow/example_dags/example_complex.py
[2025-02-11T00:29:46.056+0000] {logging_mixin.py:190} INFO - [2025-02-11T00:29:46.055+0000] {dag.py:3239} INFO - Sync 1 DAGs
[2025-02-11T00:29:46.072+0000] {logging_mixin.py:190} INFO - [2025-02-11T00:29:46.072+0000] {dag.py:4180} INFO - Setting next_dagrun for example_complex to None, run_after=None
[2025-02-11T00:29:46.091+0000] {processor.py:208} INFO - Processing /home/airflow/.local/lib/python3.12/site-packages/airflow/example_dags/example_complex.py took 0.097 seconds
[2025-02-11T00:30:17.218+0000] {processor.py:186} INFO - Started process (PID=12579) to work on /home/airflow/.local/lib/python3.12/site-packages/airflow/example_dags/example_complex.py
[2025-02-11T00:30:17.220+0000] {processor.py:914} INFO - Processing file /home/airflow/.local/lib/python3.12/site-packages/airflow/example_dags/example_complex.py for tasks to queue
[2025-02-11T00:30:17.226+0000] {logging_mixin.py:190} INFO - [2025-02-11T00:30:17.225+0000] {dagbag.py:588} INFO - Filling up the DagBag from /home/airflow/.local/lib/python3.12/site-packages/airflow/example_dags/example_complex.py
[2025-02-11T00:30:17.241+0000] {processor.py:925} INFO - DAG(s) 'example_complex' retrieved from /home/airflow/.local/lib/python3.12/site-packages/airflow/example_dags/example_complex.py
[2025-02-11T00:30:17.281+0000] {logging_mixin.py:190} INFO - [2025-02-11T00:30:17.281+0000] {dag.py:3239} INFO - Sync 1 DAGs
[2025-02-11T00:30:17.297+0000] {logging_mixin.py:190} INFO - [2025-02-11T00:30:17.297+0000] {dag.py:4180} INFO - Setting next_dagrun for example_complex to None, run_after=None
[2025-02-11T00:30:17.318+0000] {processor.py:208} INFO - Processing /home/airflow/.local/lib/python3.12/site-packages/airflow/example_dags/example_complex.py took 0.107 seconds
[2025-02-11T00:30:48.656+0000] {processor.py:186} INFO - Started process (PID=12642) to work on /home/airflow/.local/lib/python3.12/site-packages/airflow/example_dags/example_complex.py
[2025-02-11T00:30:48.657+0000] {processor.py:914} INFO - Processing file /home/airflow/.local/lib/python3.12/site-packages/airflow/example_dags/example_complex.py for tasks to queue
[2025-02-11T00:30:48.660+0000] {logging_mixin.py:190} INFO - [2025-02-11T00:30:48.660+0000] {dagbag.py:588} INFO - Filling up the DagBag from /home/airflow/.local/lib/python3.12/site-packages/airflow/example_dags/example_complex.py
[2025-02-11T00:30:48.674+0000] {processor.py:925} INFO - DAG(s) 'example_complex' retrieved from /home/airflow/.local/lib/python3.12/site-packages/airflow/example_dags/example_complex.py
[2025-02-11T00:30:48.715+0000] {logging_mixin.py:190} INFO - [2025-02-11T00:30:48.715+0000] {dag.py:3239} INFO - Sync 1 DAGs
[2025-02-11T00:30:48.732+0000] {logging_mixin.py:190} INFO - [2025-02-11T00:30:48.732+0000] {dag.py:4180} INFO - Setting next_dagrun for example_complex to None, run_after=None
[2025-02-11T00:30:48.757+0000] {processor.py:208} INFO - Processing /home/airflow/.local/lib/python3.12/site-packages/airflow/example_dags/example_complex.py took 0.109 seconds
[2025-02-11T00:31:19.588+0000] {processor.py:186} INFO - Started process (PID=12705) to work on /home/airflow/.local/lib/python3.12/site-packages/airflow/example_dags/example_complex.py
[2025-02-11T00:31:19.589+0000] {processor.py:914} INFO - Processing file /home/airflow/.local/lib/python3.12/site-packages/airflow/example_dags/example_complex.py for tasks to queue
[2025-02-11T00:31:19.596+0000] {logging_mixin.py:190} INFO - [2025-02-11T00:31:19.595+0000] {dagbag.py:588} INFO - Filling up the DagBag from /home/airflow/.local/lib/python3.12/site-packages/airflow/example_dags/example_complex.py
[2025-02-11T00:31:19.614+0000] {processor.py:925} INFO - DAG(s) 'example_complex' retrieved from /home/airflow/.local/lib/python3.12/site-packages/airflow/example_dags/example_complex.py
[2025-02-11T00:31:19.670+0000] {logging_mixin.py:190} INFO - [2025-02-11T00:31:19.670+0000] {dag.py:3239} INFO - Sync 1 DAGs
[2025-02-11T00:31:19.693+0000] {logging_mixin.py:190} INFO - [2025-02-11T00:31:19.693+0000] {dag.py:4180} INFO - Setting next_dagrun for example_complex to None, run_after=None
[2025-02-11T00:31:19.720+0000] {processor.py:208} INFO - Processing /home/airflow/.local/lib/python3.12/site-packages/airflow/example_dags/example_complex.py took 0.146 seconds
[2025-02-11T00:31:50.849+0000] {processor.py:186} INFO - Started process (PID=12768) to work on /home/airflow/.local/lib/python3.12/site-packages/airflow/example_dags/example_complex.py
[2025-02-11T00:31:50.850+0000] {processor.py:914} INFO - Processing file /home/airflow/.local/lib/python3.12/site-packages/airflow/example_dags/example_complex.py for tasks to queue
[2025-02-11T00:31:50.854+0000] {logging_mixin.py:190} INFO - [2025-02-11T00:31:50.854+0000] {dagbag.py:588} INFO - Filling up the DagBag from /home/airflow/.local/lib/python3.12/site-packages/airflow/example_dags/example_complex.py
[2025-02-11T00:31:50.869+0000] {processor.py:925} INFO - DAG(s) 'example_complex' retrieved from /home/airflow/.local/lib/python3.12/site-packages/airflow/example_dags/example_complex.py
[2025-02-11T00:31:50.907+0000] {logging_mixin.py:190} INFO - [2025-02-11T00:31:50.907+0000] {dag.py:3239} INFO - Sync 1 DAGs
[2025-02-11T00:31:50.924+0000] {logging_mixin.py:190} INFO - [2025-02-11T00:31:50.924+0000] {dag.py:4180} INFO - Setting next_dagrun for example_complex to None, run_after=None
[2025-02-11T00:31:50.946+0000] {processor.py:208} INFO - Processing /home/airflow/.local/lib/python3.12/site-packages/airflow/example_dags/example_complex.py took 0.105 seconds
[2025-02-11T00:32:22.437+0000] {processor.py:186} INFO - Started process (PID=12837) to work on /home/airflow/.local/lib/python3.12/site-packages/airflow/example_dags/example_complex.py
[2025-02-11T00:32:22.438+0000] {processor.py:914} INFO - Processing file /home/airflow/.local/lib/python3.12/site-packages/airflow/example_dags/example_complex.py for tasks to queue
[2025-02-11T00:32:22.441+0000] {logging_mixin.py:190} INFO - [2025-02-11T00:32:22.441+0000] {dagbag.py:588} INFO - Filling up the DagBag from /home/airflow/.local/lib/python3.12/site-packages/airflow/example_dags/example_complex.py
[2025-02-11T00:32:22.455+0000] {processor.py:925} INFO - DAG(s) 'example_complex' retrieved from /home/airflow/.local/lib/python3.12/site-packages/airflow/example_dags/example_complex.py
[2025-02-11T00:32:22.502+0000] {logging_mixin.py:190} INFO - [2025-02-11T00:32:22.502+0000] {dag.py:3239} INFO - Sync 1 DAGs
[2025-02-11T00:32:22.520+0000] {logging_mixin.py:190} INFO - [2025-02-11T00:32:22.520+0000] {dag.py:4180} INFO - Setting next_dagrun for example_complex to None, run_after=None
[2025-02-11T00:32:22.545+0000] {processor.py:208} INFO - Processing /home/airflow/.local/lib/python3.12/site-packages/airflow/example_dags/example_complex.py took 0.116 seconds
[2025-02-11T00:32:54.116+0000] {processor.py:186} INFO - Started process (PID=12899) to work on /home/airflow/.local/lib/python3.12/site-packages/airflow/example_dags/example_complex.py
[2025-02-11T00:32:54.117+0000] {processor.py:914} INFO - Processing file /home/airflow/.local/lib/python3.12/site-packages/airflow/example_dags/example_complex.py for tasks to queue
[2025-02-11T00:32:54.121+0000] {logging_mixin.py:190} INFO - [2025-02-11T00:32:54.120+0000] {dagbag.py:588} INFO - Filling up the DagBag from /home/airflow/.local/lib/python3.12/site-packages/airflow/example_dags/example_complex.py
[2025-02-11T00:32:54.138+0000] {processor.py:925} INFO - DAG(s) 'example_complex' retrieved from /home/airflow/.local/lib/python3.12/site-packages/airflow/example_dags/example_complex.py
[2025-02-11T00:32:54.181+0000] {logging_mixin.py:190} INFO - [2025-02-11T00:32:54.181+0000] {dag.py:3239} INFO - Sync 1 DAGs
[2025-02-11T00:32:54.199+0000] {logging_mixin.py:190} INFO - [2025-02-11T00:32:54.198+0000] {dag.py:4180} INFO - Setting next_dagrun for example_complex to None, run_after=None
[2025-02-11T00:32:54.230+0000] {processor.py:208} INFO - Processing /home/airflow/.local/lib/python3.12/site-packages/airflow/example_dags/example_complex.py took 0.120 seconds
[2025-02-11T00:33:25.901+0000] {processor.py:186} INFO - Started process (PID=12962) to work on /home/airflow/.local/lib/python3.12/site-packages/airflow/example_dags/example_complex.py
[2025-02-11T00:33:25.902+0000] {processor.py:914} INFO - Processing file /home/airflow/.local/lib/python3.12/site-packages/airflow/example_dags/example_complex.py for tasks to queue
[2025-02-11T00:33:25.905+0000] {logging_mixin.py:190} INFO - [2025-02-11T00:33:25.905+0000] {dagbag.py:588} INFO - Filling up the DagBag from /home/airflow/.local/lib/python3.12/site-packages/airflow/example_dags/example_complex.py
[2025-02-11T00:33:25.921+0000] {processor.py:925} INFO - DAG(s) 'example_complex' retrieved from /home/airflow/.local/lib/python3.12/site-packages/airflow/example_dags/example_complex.py
[2025-02-11T00:33:25.974+0000] {logging_mixin.py:190} INFO - [2025-02-11T00:33:25.973+0000] {dag.py:3239} INFO - Sync 1 DAGs
[2025-02-11T00:33:25.991+0000] {logging_mixin.py:190} INFO - [2025-02-11T00:33:25.991+0000] {dag.py:4180} INFO - Setting next_dagrun for example_complex to None, run_after=None
[2025-02-11T00:33:26.012+0000] {processor.py:208} INFO - Processing /home/airflow/.local/lib/python3.12/site-packages/airflow/example_dags/example_complex.py took 0.119 seconds
[2025-02-11T00:33:56.948+0000] {processor.py:186} INFO - Started process (PID=13025) to work on /home/airflow/.local/lib/python3.12/site-packages/airflow/example_dags/example_complex.py
[2025-02-11T00:33:56.949+0000] {processor.py:914} INFO - Processing file /home/airflow/.local/lib/python3.12/site-packages/airflow/example_dags/example_complex.py for tasks to queue
[2025-02-11T00:33:56.952+0000] {logging_mixin.py:190} INFO - [2025-02-11T00:33:56.951+0000] {dagbag.py:588} INFO - Filling up the DagBag from /home/airflow/.local/lib/python3.12/site-packages/airflow/example_dags/example_complex.py
[2025-02-11T00:33:56.966+0000] {processor.py:925} INFO - DAG(s) 'example_complex' retrieved from /home/airflow/.local/lib/python3.12/site-packages/airflow/example_dags/example_complex.py
[2025-02-11T00:33:57.006+0000] {logging_mixin.py:190} INFO - [2025-02-11T00:33:57.006+0000] {dag.py:3239} INFO - Sync 1 DAGs
[2025-02-11T00:33:57.029+0000] {logging_mixin.py:190} INFO - [2025-02-11T00:33:57.028+0000] {dag.py:4180} INFO - Setting next_dagrun for example_complex to None, run_after=None
[2025-02-11T00:33:57.049+0000] {processor.py:208} INFO - Processing /home/airflow/.local/lib/python3.12/site-packages/airflow/example_dags/example_complex.py took 0.108 seconds
[2025-02-11T00:34:28.326+0000] {processor.py:186} INFO - Started process (PID=13088) to work on /home/airflow/.local/lib/python3.12/site-packages/airflow/example_dags/example_complex.py
[2025-02-11T00:34:28.328+0000] {processor.py:914} INFO - Processing file /home/airflow/.local/lib/python3.12/site-packages/airflow/example_dags/example_complex.py for tasks to queue
[2025-02-11T00:34:28.331+0000] {logging_mixin.py:190} INFO - [2025-02-11T00:34:28.330+0000] {dagbag.py:588} INFO - Filling up the DagBag from /home/airflow/.local/lib/python3.12/site-packages/airflow/example_dags/example_complex.py
[2025-02-11T00:34:28.350+0000] {processor.py:925} INFO - DAG(s) 'example_complex' retrieved from /home/airflow/.local/lib/python3.12/site-packages/airflow/example_dags/example_complex.py
[2025-02-11T00:34:28.393+0000] {logging_mixin.py:190} INFO - [2025-02-11T00:34:28.392+0000] {dag.py:3239} INFO - Sync 1 DAGs
[2025-02-11T00:34:28.410+0000] {logging_mixin.py:190} INFO - [2025-02-11T00:34:28.410+0000] {dag.py:4180} INFO - Setting next_dagrun for example_complex to None, run_after=None
[2025-02-11T00:34:28.430+0000] {processor.py:208} INFO - Processing /home/airflow/.local/lib/python3.12/site-packages/airflow/example_dags/example_complex.py took 0.111 seconds
[2025-02-11T00:34:59.399+0000] {processor.py:186} INFO - Started process (PID=13151) to work on /home/airflow/.local/lib/python3.12/site-packages/airflow/example_dags/example_complex.py
[2025-02-11T00:34:59.401+0000] {processor.py:914} INFO - Processing file /home/airflow/.local/lib/python3.12/site-packages/airflow/example_dags/example_complex.py for tasks to queue
[2025-02-11T00:34:59.405+0000] {logging_mixin.py:190} INFO - [2025-02-11T00:34:59.404+0000] {dagbag.py:588} INFO - Filling up the DagBag from /home/airflow/.local/lib/python3.12/site-packages/airflow/example_dags/example_complex.py
[2025-02-11T00:34:59.421+0000] {processor.py:925} INFO - DAG(s) 'example_complex' retrieved from /home/airflow/.local/lib/python3.12/site-packages/airflow/example_dags/example_complex.py
[2025-02-11T00:34:59.461+0000] {logging_mixin.py:190} INFO - [2025-02-11T00:34:59.460+0000] {dag.py:3239} INFO - Sync 1 DAGs
[2025-02-11T00:34:59.478+0000] {logging_mixin.py:190} INFO - [2025-02-11T00:34:59.478+0000] {dag.py:4180} INFO - Setting next_dagrun for example_complex to None, run_after=None
[2025-02-11T00:34:59.500+0000] {processor.py:208} INFO - Processing /home/airflow/.local/lib/python3.12/site-packages/airflow/example_dags/example_complex.py took 0.108 seconds
[2025-02-11T00:35:30.685+0000] {processor.py:186} INFO - Started process (PID=13214) to work on /home/airflow/.local/lib/python3.12/site-packages/airflow/example_dags/example_complex.py
[2025-02-11T00:35:30.686+0000] {processor.py:914} INFO - Processing file /home/airflow/.local/lib/python3.12/site-packages/airflow/example_dags/example_complex.py for tasks to queue
[2025-02-11T00:35:30.689+0000] {logging_mixin.py:190} INFO - [2025-02-11T00:35:30.689+0000] {dagbag.py:588} INFO - Filling up the DagBag from /home/airflow/.local/lib/python3.12/site-packages/airflow/example_dags/example_complex.py
[2025-02-11T00:35:30.709+0000] {processor.py:925} INFO - DAG(s) 'example_complex' retrieved from /home/airflow/.local/lib/python3.12/site-packages/airflow/example_dags/example_complex.py
[2025-02-11T00:35:30.761+0000] {logging_mixin.py:190} INFO - [2025-02-11T00:35:30.761+0000] {dag.py:3239} INFO - Sync 1 DAGs
[2025-02-11T00:35:30.788+0000] {logging_mixin.py:190} INFO - [2025-02-11T00:35:30.787+0000] {dag.py:4180} INFO - Setting next_dagrun for example_complex to None, run_after=None
[2025-02-11T00:35:30.814+0000] {processor.py:208} INFO - Processing /home/airflow/.local/lib/python3.12/site-packages/airflow/example_dags/example_complex.py took 0.136 seconds
[2025-02-11T00:36:02.054+0000] {processor.py:186} INFO - Started process (PID=13277) to work on /home/airflow/.local/lib/python3.12/site-packages/airflow/example_dags/example_complex.py
[2025-02-11T00:36:02.055+0000] {processor.py:914} INFO - Processing file /home/airflow/.local/lib/python3.12/site-packages/airflow/example_dags/example_complex.py for tasks to queue
[2025-02-11T00:36:02.058+0000] {logging_mixin.py:190} INFO - [2025-02-11T00:36:02.058+0000] {dagbag.py:588} INFO - Filling up the DagBag from /home/airflow/.local/lib/python3.12/site-packages/airflow/example_dags/example_complex.py
[2025-02-11T00:36:02.074+0000] {processor.py:925} INFO - DAG(s) 'example_complex' retrieved from /home/airflow/.local/lib/python3.12/site-packages/airflow/example_dags/example_complex.py
[2025-02-11T00:36:02.111+0000] {logging_mixin.py:190} INFO - [2025-02-11T00:36:02.111+0000] {dag.py:3239} INFO - Sync 1 DAGs
[2025-02-11T00:36:02.130+0000] {logging_mixin.py:190} INFO - [2025-02-11T00:36:02.130+0000] {dag.py:4180} INFO - Setting next_dagrun for example_complex to None, run_after=None
[2025-02-11T00:36:02.156+0000] {processor.py:208} INFO - Processing /home/airflow/.local/lib/python3.12/site-packages/airflow/example_dags/example_complex.py took 0.110 seconds
[2025-02-11T00:36:33.221+0000] {processor.py:186} INFO - Started process (PID=13340) to work on /home/airflow/.local/lib/python3.12/site-packages/airflow/example_dags/example_complex.py
[2025-02-11T00:36:33.222+0000] {processor.py:914} INFO - Processing file /home/airflow/.local/lib/python3.12/site-packages/airflow/example_dags/example_complex.py for tasks to queue
[2025-02-11T00:36:33.226+0000] {logging_mixin.py:190} INFO - [2025-02-11T00:36:33.225+0000] {dagbag.py:588} INFO - Filling up the DagBag from /home/airflow/.local/lib/python3.12/site-packages/airflow/example_dags/example_complex.py
[2025-02-11T00:36:33.252+0000] {processor.py:925} INFO - DAG(s) 'example_complex' retrieved from /home/airflow/.local/lib/python3.12/site-packages/airflow/example_dags/example_complex.py
[2025-02-11T00:36:33.304+0000] {logging_mixin.py:190} INFO - [2025-02-11T00:36:33.303+0000] {dag.py:3239} INFO - Sync 1 DAGs
[2025-02-11T00:36:33.329+0000] {logging_mixin.py:190} INFO - [2025-02-11T00:36:33.329+0000] {dag.py:4180} INFO - Setting next_dagrun for example_complex to None, run_after=None
[2025-02-11T00:36:33.361+0000] {processor.py:208} INFO - Processing /home/airflow/.local/lib/python3.12/site-packages/airflow/example_dags/example_complex.py took 0.151 seconds
[2025-02-11T00:37:04.108+0000] {processor.py:186} INFO - Started process (PID=13403) to work on /home/airflow/.local/lib/python3.12/site-packages/airflow/example_dags/example_complex.py
[2025-02-11T00:37:04.109+0000] {processor.py:914} INFO - Processing file /home/airflow/.local/lib/python3.12/site-packages/airflow/example_dags/example_complex.py for tasks to queue
[2025-02-11T00:37:04.112+0000] {logging_mixin.py:190} INFO - [2025-02-11T00:37:04.112+0000] {dagbag.py:588} INFO - Filling up the DagBag from /home/airflow/.local/lib/python3.12/site-packages/airflow/example_dags/example_complex.py
[2025-02-11T00:37:04.127+0000] {processor.py:925} INFO - DAG(s) 'example_complex' retrieved from /home/airflow/.local/lib/python3.12/site-packages/airflow/example_dags/example_complex.py
[2025-02-11T00:37:04.164+0000] {logging_mixin.py:190} INFO - [2025-02-11T00:37:04.164+0000] {dag.py:3239} INFO - Sync 1 DAGs
[2025-02-11T00:37:04.181+0000] {logging_mixin.py:190} INFO - [2025-02-11T00:37:04.181+0000] {dag.py:4180} INFO - Setting next_dagrun for example_complex to None, run_after=None
[2025-02-11T00:37:04.203+0000] {processor.py:208} INFO - Processing /home/airflow/.local/lib/python3.12/site-packages/airflow/example_dags/example_complex.py took 0.101 seconds
[2025-02-11T00:37:35.992+0000] {processor.py:186} INFO - Started process (PID=13466) to work on /home/airflow/.local/lib/python3.12/site-packages/airflow/example_dags/example_complex.py
[2025-02-11T00:37:35.993+0000] {processor.py:914} INFO - Processing file /home/airflow/.local/lib/python3.12/site-packages/airflow/example_dags/example_complex.py for tasks to queue
[2025-02-11T00:37:35.996+0000] {logging_mixin.py:190} INFO - [2025-02-11T00:37:35.996+0000] {dagbag.py:588} INFO - Filling up the DagBag from /home/airflow/.local/lib/python3.12/site-packages/airflow/example_dags/example_complex.py
[2025-02-11T00:37:36.010+0000] {processor.py:925} INFO - DAG(s) 'example_complex' retrieved from /home/airflow/.local/lib/python3.12/site-packages/airflow/example_dags/example_complex.py
[2025-02-11T00:37:36.054+0000] {logging_mixin.py:190} INFO - [2025-02-11T00:37:36.054+0000] {dag.py:3239} INFO - Sync 1 DAGs
[2025-02-11T00:37:36.084+0000] {logging_mixin.py:190} INFO - [2025-02-11T00:37:36.084+0000] {dag.py:4180} INFO - Setting next_dagrun for example_complex to None, run_after=None
[2025-02-11T00:37:36.108+0000] {processor.py:208} INFO - Processing /home/airflow/.local/lib/python3.12/site-packages/airflow/example_dags/example_complex.py took 0.123 seconds
[2025-02-11T00:38:06.417+0000] {processor.py:186} INFO - Started process (PID=13529) to work on /home/airflow/.local/lib/python3.12/site-packages/airflow/example_dags/example_complex.py
[2025-02-11T00:38:06.418+0000] {processor.py:914} INFO - Processing file /home/airflow/.local/lib/python3.12/site-packages/airflow/example_dags/example_complex.py for tasks to queue
[2025-02-11T00:38:06.422+0000] {logging_mixin.py:190} INFO - [2025-02-11T00:38:06.422+0000] {dagbag.py:588} INFO - Filling up the DagBag from /home/airflow/.local/lib/python3.12/site-packages/airflow/example_dags/example_complex.py
[2025-02-11T00:38:06.436+0000] {processor.py:925} INFO - DAG(s) 'example_complex' retrieved from /home/airflow/.local/lib/python3.12/site-packages/airflow/example_dags/example_complex.py
[2025-02-11T00:38:06.478+0000] {logging_mixin.py:190} INFO - [2025-02-11T00:38:06.478+0000] {dag.py:3239} INFO - Sync 1 DAGs
[2025-02-11T00:38:06.495+0000] {logging_mixin.py:190} INFO - [2025-02-11T00:38:06.495+0000] {dag.py:4180} INFO - Setting next_dagrun for example_complex to None, run_after=None
[2025-02-11T00:38:06.532+0000] {processor.py:208} INFO - Processing /home/airflow/.local/lib/python3.12/site-packages/airflow/example_dags/example_complex.py took 0.123 seconds
[2025-02-11T00:38:38.874+0000] {processor.py:186} INFO - Started process (PID=13598) to work on /home/airflow/.local/lib/python3.12/site-packages/airflow/example_dags/example_complex.py
[2025-02-11T00:38:38.876+0000] {processor.py:914} INFO - Processing file /home/airflow/.local/lib/python3.12/site-packages/airflow/example_dags/example_complex.py for tasks to queue
[2025-02-11T00:38:38.878+0000] {logging_mixin.py:190} INFO - [2025-02-11T00:38:38.878+0000] {dagbag.py:588} INFO - Filling up the DagBag from /home/airflow/.local/lib/python3.12/site-packages/airflow/example_dags/example_complex.py
[2025-02-11T00:38:38.902+0000] {processor.py:925} INFO - DAG(s) 'example_complex' retrieved from /home/airflow/.local/lib/python3.12/site-packages/airflow/example_dags/example_complex.py
[2025-02-11T00:38:38.958+0000] {logging_mixin.py:190} INFO - [2025-02-11T00:38:38.958+0000] {dag.py:3239} INFO - Sync 1 DAGs
[2025-02-11T00:38:38.980+0000] {logging_mixin.py:190} INFO - [2025-02-11T00:38:38.979+0000] {dag.py:4180} INFO - Setting next_dagrun for example_complex to None, run_after=None
[2025-02-11T00:38:39.008+0000] {processor.py:208} INFO - Processing /home/airflow/.local/lib/python3.12/site-packages/airflow/example_dags/example_complex.py took 0.144 seconds
[2025-02-11T00:39:10.310+0000] {processor.py:186} INFO - Started process (PID=13662) to work on /home/airflow/.local/lib/python3.12/site-packages/airflow/example_dags/example_complex.py
[2025-02-11T00:39:10.312+0000] {processor.py:914} INFO - Processing file /home/airflow/.local/lib/python3.12/site-packages/airflow/example_dags/example_complex.py for tasks to queue
[2025-02-11T00:39:10.316+0000] {logging_mixin.py:190} INFO - [2025-02-11T00:39:10.316+0000] {dagbag.py:588} INFO - Filling up the DagBag from /home/airflow/.local/lib/python3.12/site-packages/airflow/example_dags/example_complex.py
[2025-02-11T00:39:10.336+0000] {processor.py:925} INFO - DAG(s) 'example_complex' retrieved from /home/airflow/.local/lib/python3.12/site-packages/airflow/example_dags/example_complex.py
[2025-02-11T00:39:10.410+0000] {logging_mixin.py:190} INFO - [2025-02-11T00:39:10.409+0000] {dag.py:3239} INFO - Sync 1 DAGs
[2025-02-11T00:39:10.433+0000] {logging_mixin.py:190} INFO - [2025-02-11T00:39:10.433+0000] {dag.py:4180} INFO - Setting next_dagrun for example_complex to None, run_after=None
[2025-02-11T00:39:10.470+0000] {processor.py:208} INFO - Processing /home/airflow/.local/lib/python3.12/site-packages/airflow/example_dags/example_complex.py took 0.169 seconds
[2025-02-11T00:39:41.062+0000] {processor.py:186} INFO - Started process (PID=13725) to work on /home/airflow/.local/lib/python3.12/site-packages/airflow/example_dags/example_complex.py
[2025-02-11T00:39:41.066+0000] {processor.py:914} INFO - Processing file /home/airflow/.local/lib/python3.12/site-packages/airflow/example_dags/example_complex.py for tasks to queue
[2025-02-11T00:39:41.070+0000] {logging_mixin.py:190} INFO - [2025-02-11T00:39:41.069+0000] {dagbag.py:588} INFO - Filling up the DagBag from /home/airflow/.local/lib/python3.12/site-packages/airflow/example_dags/example_complex.py
[2025-02-11T00:39:41.087+0000] {processor.py:925} INFO - DAG(s) 'example_complex' retrieved from /home/airflow/.local/lib/python3.12/site-packages/airflow/example_dags/example_complex.py
[2025-02-11T00:39:41.132+0000] {logging_mixin.py:190} INFO - [2025-02-11T00:39:41.132+0000] {dag.py:3239} INFO - Sync 1 DAGs
[2025-02-11T00:39:41.206+0000] {logging_mixin.py:190} INFO - [2025-02-11T00:39:41.206+0000] {dag.py:4180} INFO - Setting next_dagrun for example_complex to None, run_after=None
[2025-02-11T00:39:41.259+0000] {processor.py:208} INFO - Processing /home/airflow/.local/lib/python3.12/site-packages/airflow/example_dags/example_complex.py took 0.205 seconds
[2025-02-11T00:40:12.670+0000] {processor.py:186} INFO - Started process (PID=13789) to work on /home/airflow/.local/lib/python3.12/site-packages/airflow/example_dags/example_complex.py
[2025-02-11T00:40:12.671+0000] {processor.py:914} INFO - Processing file /home/airflow/.local/lib/python3.12/site-packages/airflow/example_dags/example_complex.py for tasks to queue
[2025-02-11T00:40:12.675+0000] {logging_mixin.py:190} INFO - [2025-02-11T00:40:12.675+0000] {dagbag.py:588} INFO - Filling up the DagBag from /home/airflow/.local/lib/python3.12/site-packages/airflow/example_dags/example_complex.py
[2025-02-11T00:40:12.693+0000] {processor.py:925} INFO - DAG(s) 'example_complex' retrieved from /home/airflow/.local/lib/python3.12/site-packages/airflow/example_dags/example_complex.py
[2025-02-11T00:40:12.736+0000] {logging_mixin.py:190} INFO - [2025-02-11T00:40:12.735+0000] {dag.py:3239} INFO - Sync 1 DAGs
[2025-02-11T00:40:12.756+0000] {logging_mixin.py:190} INFO - [2025-02-11T00:40:12.756+0000] {dag.py:4180} INFO - Setting next_dagrun for example_complex to None, run_after=None
[2025-02-11T00:40:12.781+0000] {processor.py:208} INFO - Processing /home/airflow/.local/lib/python3.12/site-packages/airflow/example_dags/example_complex.py took 0.120 seconds
[2025-02-11T00:40:43.549+0000] {processor.py:186} INFO - Started process (PID=13852) to work on /home/airflow/.local/lib/python3.12/site-packages/airflow/example_dags/example_complex.py
[2025-02-11T00:40:43.552+0000] {processor.py:914} INFO - Processing file /home/airflow/.local/lib/python3.12/site-packages/airflow/example_dags/example_complex.py for tasks to queue
[2025-02-11T00:40:43.555+0000] {logging_mixin.py:190} INFO - [2025-02-11T00:40:43.554+0000] {dagbag.py:588} INFO - Filling up the DagBag from /home/airflow/.local/lib/python3.12/site-packages/airflow/example_dags/example_complex.py
[2025-02-11T00:40:43.572+0000] {processor.py:925} INFO - DAG(s) 'example_complex' retrieved from /home/airflow/.local/lib/python3.12/site-packages/airflow/example_dags/example_complex.py
[2025-02-11T00:40:43.615+0000] {logging_mixin.py:190} INFO - [2025-02-11T00:40:43.615+0000] {dag.py:3239} INFO - Sync 1 DAGs
[2025-02-11T00:40:43.633+0000] {logging_mixin.py:190} INFO - [2025-02-11T00:40:43.632+0000] {dag.py:4180} INFO - Setting next_dagrun for example_complex to None, run_after=None
[2025-02-11T00:40:43.658+0000] {processor.py:208} INFO - Processing /home/airflow/.local/lib/python3.12/site-packages/airflow/example_dags/example_complex.py took 0.116 seconds
