[2025-02-11T00:00:06.838+0000] {processor.py:186} INFO - Started process (PID=8903) to work on /home/airflow/.local/lib/python3.12/site-packages/airflow/example_dags/tutorial_dag.py
[2025-02-11T00:00:06.839+0000] {processor.py:914} INFO - Processing file /home/airflow/.local/lib/python3.12/site-packages/airflow/example_dags/tutorial_dag.py for tasks to queue
[2025-02-11T00:00:06.842+0000] {logging_mixin.py:190} INFO - [2025-02-11T00:00:06.842+0000] {dagbag.py:588} INFO - Filling up the DagBag from /home/airflow/.local/lib/python3.12/site-packages/airflow/example_dags/tutorial_dag.py
[2025-02-11T00:00:06.851+0000] {processor.py:925} INFO - DAG(s) 'tutorial_dag' retrieved from /home/airflow/.local/lib/python3.12/site-packages/airflow/example_dags/tutorial_dag.py
[2025-02-11T00:00:06.873+0000] {logging_mixin.py:190} INFO - [2025-02-11T00:00:06.873+0000] {dag.py:3239} INFO - Sync 1 DAGs
[2025-02-11T00:00:06.892+0000] {logging_mixin.py:190} INFO - [2025-02-11T00:00:06.891+0000] {dag.py:4180} INFO - Setting next_dagrun for tutorial_dag to None, run_after=None
[2025-02-11T00:00:06.913+0000] {processor.py:208} INFO - Processing /home/airflow/.local/lib/python3.12/site-packages/airflow/example_dags/tutorial_dag.py took 0.083 seconds
[2025-02-11T00:00:38.631+0000] {processor.py:186} INFO - Started process (PID=8966) to work on /home/airflow/.local/lib/python3.12/site-packages/airflow/example_dags/tutorial_dag.py
[2025-02-11T00:00:38.632+0000] {processor.py:914} INFO - Processing file /home/airflow/.local/lib/python3.12/site-packages/airflow/example_dags/tutorial_dag.py for tasks to queue
[2025-02-11T00:00:38.639+0000] {logging_mixin.py:190} INFO - [2025-02-11T00:00:38.639+0000] {dagbag.py:588} INFO - Filling up the DagBag from /home/airflow/.local/lib/python3.12/site-packages/airflow/example_dags/tutorial_dag.py
[2025-02-11T00:00:38.649+0000] {processor.py:925} INFO - DAG(s) 'tutorial_dag' retrieved from /home/airflow/.local/lib/python3.12/site-packages/airflow/example_dags/tutorial_dag.py
[2025-02-11T00:00:38.674+0000] {logging_mixin.py:190} INFO - [2025-02-11T00:00:38.674+0000] {dag.py:3239} INFO - Sync 1 DAGs
[2025-02-11T00:00:38.703+0000] {logging_mixin.py:190} INFO - [2025-02-11T00:00:38.702+0000] {dag.py:4180} INFO - Setting next_dagrun for tutorial_dag to None, run_after=None
[2025-02-11T00:00:38.724+0000] {processor.py:208} INFO - Processing /home/airflow/.local/lib/python3.12/site-packages/airflow/example_dags/tutorial_dag.py took 0.101 seconds
[2025-02-11T00:01:09.876+0000] {processor.py:186} INFO - Started process (PID=9029) to work on /home/airflow/.local/lib/python3.12/site-packages/airflow/example_dags/tutorial_dag.py
[2025-02-11T00:01:09.878+0000] {processor.py:914} INFO - Processing file /home/airflow/.local/lib/python3.12/site-packages/airflow/example_dags/tutorial_dag.py for tasks to queue
[2025-02-11T00:01:09.881+0000] {logging_mixin.py:190} INFO - [2025-02-11T00:01:09.880+0000] {dagbag.py:588} INFO - Filling up the DagBag from /home/airflow/.local/lib/python3.12/site-packages/airflow/example_dags/tutorial_dag.py
[2025-02-11T00:01:09.890+0000] {processor.py:925} INFO - DAG(s) 'tutorial_dag' retrieved from /home/airflow/.local/lib/python3.12/site-packages/airflow/example_dags/tutorial_dag.py
[2025-02-11T00:01:09.916+0000] {logging_mixin.py:190} INFO - [2025-02-11T00:01:09.916+0000] {dag.py:3239} INFO - Sync 1 DAGs
[2025-02-11T00:01:10.148+0000] {logging_mixin.py:190} INFO - [2025-02-11T00:01:10.147+0000] {dag.py:4180} INFO - Setting next_dagrun for tutorial_dag to None, run_after=None
[2025-02-11T00:01:10.172+0000] {processor.py:208} INFO - Processing /home/airflow/.local/lib/python3.12/site-packages/airflow/example_dags/tutorial_dag.py took 0.303 seconds
[2025-02-11T00:01:40.279+0000] {processor.py:186} INFO - Started process (PID=9092) to work on /home/airflow/.local/lib/python3.12/site-packages/airflow/example_dags/tutorial_dag.py
[2025-02-11T00:01:40.281+0000] {processor.py:914} INFO - Processing file /home/airflow/.local/lib/python3.12/site-packages/airflow/example_dags/tutorial_dag.py for tasks to queue
[2025-02-11T00:01:40.284+0000] {logging_mixin.py:190} INFO - [2025-02-11T00:01:40.284+0000] {dagbag.py:588} INFO - Filling up the DagBag from /home/airflow/.local/lib/python3.12/site-packages/airflow/example_dags/tutorial_dag.py
[2025-02-11T00:01:40.299+0000] {processor.py:925} INFO - DAG(s) 'tutorial_dag' retrieved from /home/airflow/.local/lib/python3.12/site-packages/airflow/example_dags/tutorial_dag.py
[2025-02-11T00:01:40.326+0000] {logging_mixin.py:190} INFO - [2025-02-11T00:01:40.326+0000] {dag.py:3239} INFO - Sync 1 DAGs
[2025-02-11T00:01:40.347+0000] {logging_mixin.py:190} INFO - [2025-02-11T00:01:40.347+0000] {dag.py:4180} INFO - Setting next_dagrun for tutorial_dag to None, run_after=None
[2025-02-11T00:01:40.559+0000] {processor.py:208} INFO - Processing /home/airflow/.local/lib/python3.12/site-packages/airflow/example_dags/tutorial_dag.py took 0.288 seconds
[2025-02-11T00:02:11.900+0000] {processor.py:186} INFO - Started process (PID=9155) to work on /home/airflow/.local/lib/python3.12/site-packages/airflow/example_dags/tutorial_dag.py
[2025-02-11T00:02:11.901+0000] {processor.py:914} INFO - Processing file /home/airflow/.local/lib/python3.12/site-packages/airflow/example_dags/tutorial_dag.py for tasks to queue
[2025-02-11T00:02:11.905+0000] {logging_mixin.py:190} INFO - [2025-02-11T00:02:11.905+0000] {dagbag.py:588} INFO - Filling up the DagBag from /home/airflow/.local/lib/python3.12/site-packages/airflow/example_dags/tutorial_dag.py
[2025-02-11T00:02:11.917+0000] {processor.py:925} INFO - DAG(s) 'tutorial_dag' retrieved from /home/airflow/.local/lib/python3.12/site-packages/airflow/example_dags/tutorial_dag.py
[2025-02-11T00:02:11.951+0000] {logging_mixin.py:190} INFO - [2025-02-11T00:02:11.951+0000] {dag.py:3239} INFO - Sync 1 DAGs
[2025-02-11T00:02:11.981+0000] {logging_mixin.py:190} INFO - [2025-02-11T00:02:11.981+0000] {dag.py:4180} INFO - Setting next_dagrun for tutorial_dag to None, run_after=None
[2025-02-11T00:02:12.026+0000] {processor.py:208} INFO - Processing /home/airflow/.local/lib/python3.12/site-packages/airflow/example_dags/tutorial_dag.py took 0.135 seconds
[2025-02-11T00:02:42.605+0000] {processor.py:186} INFO - Started process (PID=9217) to work on /home/airflow/.local/lib/python3.12/site-packages/airflow/example_dags/tutorial_dag.py
[2025-02-11T00:02:42.606+0000] {processor.py:914} INFO - Processing file /home/airflow/.local/lib/python3.12/site-packages/airflow/example_dags/tutorial_dag.py for tasks to queue
[2025-02-11T00:02:42.609+0000] {logging_mixin.py:190} INFO - [2025-02-11T00:02:42.609+0000] {dagbag.py:588} INFO - Filling up the DagBag from /home/airflow/.local/lib/python3.12/site-packages/airflow/example_dags/tutorial_dag.py
[2025-02-11T00:02:42.619+0000] {processor.py:925} INFO - DAG(s) 'tutorial_dag' retrieved from /home/airflow/.local/lib/python3.12/site-packages/airflow/example_dags/tutorial_dag.py
[2025-02-11T00:02:42.642+0000] {logging_mixin.py:190} INFO - [2025-02-11T00:02:42.642+0000] {dag.py:3239} INFO - Sync 1 DAGs
[2025-02-11T00:02:42.660+0000] {logging_mixin.py:190} INFO - [2025-02-11T00:02:42.660+0000] {dag.py:4180} INFO - Setting next_dagrun for tutorial_dag to None, run_after=None
[2025-02-11T00:02:42.680+0000] {processor.py:208} INFO - Processing /home/airflow/.local/lib/python3.12/site-packages/airflow/example_dags/tutorial_dag.py took 0.082 seconds
[2025-02-11T00:03:13.945+0000] {processor.py:186} INFO - Started process (PID=9281) to work on /home/airflow/.local/lib/python3.12/site-packages/airflow/example_dags/tutorial_dag.py
[2025-02-11T00:03:13.946+0000] {processor.py:914} INFO - Processing file /home/airflow/.local/lib/python3.12/site-packages/airflow/example_dags/tutorial_dag.py for tasks to queue
[2025-02-11T00:03:13.949+0000] {logging_mixin.py:190} INFO - [2025-02-11T00:03:13.948+0000] {dagbag.py:588} INFO - Filling up the DagBag from /home/airflow/.local/lib/python3.12/site-packages/airflow/example_dags/tutorial_dag.py
[2025-02-11T00:03:13.958+0000] {processor.py:925} INFO - DAG(s) 'tutorial_dag' retrieved from /home/airflow/.local/lib/python3.12/site-packages/airflow/example_dags/tutorial_dag.py
[2025-02-11T00:03:13.985+0000] {logging_mixin.py:190} INFO - [2025-02-11T00:03:13.985+0000] {dag.py:3239} INFO - Sync 1 DAGs
[2025-02-11T00:03:14.006+0000] {logging_mixin.py:190} INFO - [2025-02-11T00:03:14.005+0000] {dag.py:4180} INFO - Setting next_dagrun for tutorial_dag to None, run_after=None
[2025-02-11T00:03:14.027+0000] {processor.py:208} INFO - Processing /home/airflow/.local/lib/python3.12/site-packages/airflow/example_dags/tutorial_dag.py took 0.089 seconds
[2025-02-11T00:03:44.592+0000] {processor.py:186} INFO - Started process (PID=9344) to work on /home/airflow/.local/lib/python3.12/site-packages/airflow/example_dags/tutorial_dag.py
[2025-02-11T00:03:44.593+0000] {processor.py:914} INFO - Processing file /home/airflow/.local/lib/python3.12/site-packages/airflow/example_dags/tutorial_dag.py for tasks to queue
[2025-02-11T00:03:44.596+0000] {logging_mixin.py:190} INFO - [2025-02-11T00:03:44.595+0000] {dagbag.py:588} INFO - Filling up the DagBag from /home/airflow/.local/lib/python3.12/site-packages/airflow/example_dags/tutorial_dag.py
[2025-02-11T00:03:44.605+0000] {processor.py:925} INFO - DAG(s) 'tutorial_dag' retrieved from /home/airflow/.local/lib/python3.12/site-packages/airflow/example_dags/tutorial_dag.py
[2025-02-11T00:03:44.630+0000] {logging_mixin.py:190} INFO - [2025-02-11T00:03:44.629+0000] {dag.py:3239} INFO - Sync 1 DAGs
[2025-02-11T00:03:44.648+0000] {logging_mixin.py:190} INFO - [2025-02-11T00:03:44.648+0000] {dag.py:4180} INFO - Setting next_dagrun for tutorial_dag to None, run_after=None
[2025-02-11T00:03:44.673+0000] {processor.py:208} INFO - Processing /home/airflow/.local/lib/python3.12/site-packages/airflow/example_dags/tutorial_dag.py took 0.088 seconds
[2025-02-11T00:04:15.497+0000] {processor.py:186} INFO - Started process (PID=9407) to work on /home/airflow/.local/lib/python3.12/site-packages/airflow/example_dags/tutorial_dag.py
[2025-02-11T00:04:15.498+0000] {processor.py:914} INFO - Processing file /home/airflow/.local/lib/python3.12/site-packages/airflow/example_dags/tutorial_dag.py for tasks to queue
[2025-02-11T00:04:15.501+0000] {logging_mixin.py:190} INFO - [2025-02-11T00:04:15.500+0000] {dagbag.py:588} INFO - Filling up the DagBag from /home/airflow/.local/lib/python3.12/site-packages/airflow/example_dags/tutorial_dag.py
[2025-02-11T00:04:15.509+0000] {processor.py:925} INFO - DAG(s) 'tutorial_dag' retrieved from /home/airflow/.local/lib/python3.12/site-packages/airflow/example_dags/tutorial_dag.py
[2025-02-11T00:04:15.536+0000] {logging_mixin.py:190} INFO - [2025-02-11T00:04:15.535+0000] {dag.py:3239} INFO - Sync 1 DAGs
[2025-02-11T00:04:15.552+0000] {logging_mixin.py:190} INFO - [2025-02-11T00:04:15.552+0000] {dag.py:4180} INFO - Setting next_dagrun for tutorial_dag to None, run_after=None
[2025-02-11T00:04:15.577+0000] {processor.py:208} INFO - Processing /home/airflow/.local/lib/python3.12/site-packages/airflow/example_dags/tutorial_dag.py took 0.087 seconds
[2025-02-11T00:04:47.725+0000] {processor.py:186} INFO - Started process (PID=9477) to work on /home/airflow/.local/lib/python3.12/site-packages/airflow/example_dags/tutorial_dag.py
[2025-02-11T00:04:47.727+0000] {processor.py:914} INFO - Processing file /home/airflow/.local/lib/python3.12/site-packages/airflow/example_dags/tutorial_dag.py for tasks to queue
[2025-02-11T00:04:47.734+0000] {logging_mixin.py:190} INFO - [2025-02-11T00:04:47.733+0000] {dagbag.py:588} INFO - Filling up the DagBag from /home/airflow/.local/lib/python3.12/site-packages/airflow/example_dags/tutorial_dag.py
[2025-02-11T00:04:47.744+0000] {processor.py:925} INFO - DAG(s) 'tutorial_dag' retrieved from /home/airflow/.local/lib/python3.12/site-packages/airflow/example_dags/tutorial_dag.py
[2025-02-11T00:04:47.775+0000] {logging_mixin.py:190} INFO - [2025-02-11T00:04:47.775+0000] {dag.py:3239} INFO - Sync 1 DAGs
[2025-02-11T00:04:47.799+0000] {logging_mixin.py:190} INFO - [2025-02-11T00:04:47.798+0000] {dag.py:4180} INFO - Setting next_dagrun for tutorial_dag to None, run_after=None
[2025-02-11T00:04:47.827+0000] {processor.py:208} INFO - Processing /home/airflow/.local/lib/python3.12/site-packages/airflow/example_dags/tutorial_dag.py took 0.111 seconds
[2025-02-11T00:05:18.362+0000] {processor.py:186} INFO - Started process (PID=9540) to work on /home/airflow/.local/lib/python3.12/site-packages/airflow/example_dags/tutorial_dag.py
[2025-02-11T00:05:18.364+0000] {processor.py:914} INFO - Processing file /home/airflow/.local/lib/python3.12/site-packages/airflow/example_dags/tutorial_dag.py for tasks to queue
[2025-02-11T00:05:18.366+0000] {logging_mixin.py:190} INFO - [2025-02-11T00:05:18.366+0000] {dagbag.py:588} INFO - Filling up the DagBag from /home/airflow/.local/lib/python3.12/site-packages/airflow/example_dags/tutorial_dag.py
[2025-02-11T00:05:18.376+0000] {processor.py:925} INFO - DAG(s) 'tutorial_dag' retrieved from /home/airflow/.local/lib/python3.12/site-packages/airflow/example_dags/tutorial_dag.py
[2025-02-11T00:05:18.399+0000] {logging_mixin.py:190} INFO - [2025-02-11T00:05:18.399+0000] {dag.py:3239} INFO - Sync 1 DAGs
[2025-02-11T00:05:18.417+0000] {logging_mixin.py:190} INFO - [2025-02-11T00:05:18.417+0000] {dag.py:4180} INFO - Setting next_dagrun for tutorial_dag to None, run_after=None
[2025-02-11T00:05:18.438+0000] {processor.py:208} INFO - Processing /home/airflow/.local/lib/python3.12/site-packages/airflow/example_dags/tutorial_dag.py took 0.082 seconds
[2025-02-11T00:05:49.796+0000] {processor.py:186} INFO - Started process (PID=9603) to work on /home/airflow/.local/lib/python3.12/site-packages/airflow/example_dags/tutorial_dag.py
[2025-02-11T00:05:49.797+0000] {processor.py:914} INFO - Processing file /home/airflow/.local/lib/python3.12/site-packages/airflow/example_dags/tutorial_dag.py for tasks to queue
[2025-02-11T00:05:49.800+0000] {logging_mixin.py:190} INFO - [2025-02-11T00:05:49.799+0000] {dagbag.py:588} INFO - Filling up the DagBag from /home/airflow/.local/lib/python3.12/site-packages/airflow/example_dags/tutorial_dag.py
[2025-02-11T00:05:49.809+0000] {processor.py:925} INFO - DAG(s) 'tutorial_dag' retrieved from /home/airflow/.local/lib/python3.12/site-packages/airflow/example_dags/tutorial_dag.py
[2025-02-11T00:05:49.837+0000] {logging_mixin.py:190} INFO - [2025-02-11T00:05:49.836+0000] {dag.py:3239} INFO - Sync 1 DAGs
[2025-02-11T00:05:49.854+0000] {logging_mixin.py:190} INFO - [2025-02-11T00:05:49.853+0000] {dag.py:4180} INFO - Setting next_dagrun for tutorial_dag to None, run_after=None
[2025-02-11T00:05:49.874+0000] {processor.py:208} INFO - Processing /home/airflow/.local/lib/python3.12/site-packages/airflow/example_dags/tutorial_dag.py took 0.086 seconds
[2025-02-11T00:06:21.389+0000] {processor.py:186} INFO - Started process (PID=9666) to work on /home/airflow/.local/lib/python3.12/site-packages/airflow/example_dags/tutorial_dag.py
[2025-02-11T00:06:21.390+0000] {processor.py:914} INFO - Processing file /home/airflow/.local/lib/python3.12/site-packages/airflow/example_dags/tutorial_dag.py for tasks to queue
[2025-02-11T00:06:21.393+0000] {logging_mixin.py:190} INFO - [2025-02-11T00:06:21.393+0000] {dagbag.py:588} INFO - Filling up the DagBag from /home/airflow/.local/lib/python3.12/site-packages/airflow/example_dags/tutorial_dag.py
[2025-02-11T00:06:21.402+0000] {processor.py:925} INFO - DAG(s) 'tutorial_dag' retrieved from /home/airflow/.local/lib/python3.12/site-packages/airflow/example_dags/tutorial_dag.py
[2025-02-11T00:06:21.458+0000] {logging_mixin.py:190} INFO - [2025-02-11T00:06:21.457+0000] {dag.py:3239} INFO - Sync 1 DAGs
[2025-02-11T00:06:21.477+0000] {logging_mixin.py:190} INFO - [2025-02-11T00:06:21.477+0000] {dag.py:4180} INFO - Setting next_dagrun for tutorial_dag to None, run_after=None
[2025-02-11T00:06:21.500+0000] {processor.py:208} INFO - Processing /home/airflow/.local/lib/python3.12/site-packages/airflow/example_dags/tutorial_dag.py took 0.117 seconds
[2025-02-11T00:06:52.658+0000] {processor.py:186} INFO - Started process (PID=9729) to work on /home/airflow/.local/lib/python3.12/site-packages/airflow/example_dags/tutorial_dag.py
[2025-02-11T00:06:52.659+0000] {processor.py:914} INFO - Processing file /home/airflow/.local/lib/python3.12/site-packages/airflow/example_dags/tutorial_dag.py for tasks to queue
[2025-02-11T00:06:52.664+0000] {logging_mixin.py:190} INFO - [2025-02-11T00:06:52.664+0000] {dagbag.py:588} INFO - Filling up the DagBag from /home/airflow/.local/lib/python3.12/site-packages/airflow/example_dags/tutorial_dag.py
[2025-02-11T00:06:52.673+0000] {processor.py:925} INFO - DAG(s) 'tutorial_dag' retrieved from /home/airflow/.local/lib/python3.12/site-packages/airflow/example_dags/tutorial_dag.py
[2025-02-11T00:06:52.695+0000] {logging_mixin.py:190} INFO - [2025-02-11T00:06:52.695+0000] {dag.py:3239} INFO - Sync 1 DAGs
[2025-02-11T00:06:52.713+0000] {logging_mixin.py:190} INFO - [2025-02-11T00:06:52.713+0000] {dag.py:4180} INFO - Setting next_dagrun for tutorial_dag to None, run_after=None
[2025-02-11T00:06:52.736+0000] {processor.py:208} INFO - Processing /home/airflow/.local/lib/python3.12/site-packages/airflow/example_dags/tutorial_dag.py took 0.086 seconds
[2025-02-11T00:07:23.892+0000] {processor.py:186} INFO - Started process (PID=9792) to work on /home/airflow/.local/lib/python3.12/site-packages/airflow/example_dags/tutorial_dag.py
[2025-02-11T00:07:23.894+0000] {processor.py:914} INFO - Processing file /home/airflow/.local/lib/python3.12/site-packages/airflow/example_dags/tutorial_dag.py for tasks to queue
[2025-02-11T00:07:23.897+0000] {logging_mixin.py:190} INFO - [2025-02-11T00:07:23.897+0000] {dagbag.py:588} INFO - Filling up the DagBag from /home/airflow/.local/lib/python3.12/site-packages/airflow/example_dags/tutorial_dag.py
[2025-02-11T00:07:23.906+0000] {processor.py:925} INFO - DAG(s) 'tutorial_dag' retrieved from /home/airflow/.local/lib/python3.12/site-packages/airflow/example_dags/tutorial_dag.py
[2025-02-11T00:07:23.935+0000] {logging_mixin.py:190} INFO - [2025-02-11T00:07:23.935+0000] {dag.py:3239} INFO - Sync 1 DAGs
[2025-02-11T00:07:23.955+0000] {logging_mixin.py:190} INFO - [2025-02-11T00:07:23.955+0000] {dag.py:4180} INFO - Setting next_dagrun for tutorial_dag to None, run_after=None
[2025-02-11T00:07:23.977+0000] {processor.py:208} INFO - Processing /home/airflow/.local/lib/python3.12/site-packages/airflow/example_dags/tutorial_dag.py took 0.091 seconds
[2025-02-11T00:07:55.477+0000] {processor.py:186} INFO - Started process (PID=9855) to work on /home/airflow/.local/lib/python3.12/site-packages/airflow/example_dags/tutorial_dag.py
[2025-02-11T00:07:55.478+0000] {processor.py:914} INFO - Processing file /home/airflow/.local/lib/python3.12/site-packages/airflow/example_dags/tutorial_dag.py for tasks to queue
[2025-02-11T00:07:55.482+0000] {logging_mixin.py:190} INFO - [2025-02-11T00:07:55.481+0000] {dagbag.py:588} INFO - Filling up the DagBag from /home/airflow/.local/lib/python3.12/site-packages/airflow/example_dags/tutorial_dag.py
[2025-02-11T00:07:55.491+0000] {processor.py:925} INFO - DAG(s) 'tutorial_dag' retrieved from /home/airflow/.local/lib/python3.12/site-packages/airflow/example_dags/tutorial_dag.py
[2025-02-11T00:07:55.518+0000] {logging_mixin.py:190} INFO - [2025-02-11T00:07:55.517+0000] {dag.py:3239} INFO - Sync 1 DAGs
[2025-02-11T00:07:55.537+0000] {logging_mixin.py:190} INFO - [2025-02-11T00:07:55.537+0000] {dag.py:4180} INFO - Setting next_dagrun for tutorial_dag to None, run_after=None
[2025-02-11T00:07:55.563+0000] {processor.py:208} INFO - Processing /home/airflow/.local/lib/python3.12/site-packages/airflow/example_dags/tutorial_dag.py took 0.094 seconds
[2025-02-11T00:08:26.856+0000] {processor.py:186} INFO - Started process (PID=9918) to work on /home/airflow/.local/lib/python3.12/site-packages/airflow/example_dags/tutorial_dag.py
[2025-02-11T00:08:26.857+0000] {processor.py:914} INFO - Processing file /home/airflow/.local/lib/python3.12/site-packages/airflow/example_dags/tutorial_dag.py for tasks to queue
[2025-02-11T00:08:26.860+0000] {logging_mixin.py:190} INFO - [2025-02-11T00:08:26.859+0000] {dagbag.py:588} INFO - Filling up the DagBag from /home/airflow/.local/lib/python3.12/site-packages/airflow/example_dags/tutorial_dag.py
[2025-02-11T00:08:26.869+0000] {processor.py:925} INFO - DAG(s) 'tutorial_dag' retrieved from /home/airflow/.local/lib/python3.12/site-packages/airflow/example_dags/tutorial_dag.py
[2025-02-11T00:08:26.893+0000] {logging_mixin.py:190} INFO - [2025-02-11T00:08:26.893+0000] {dag.py:3239} INFO - Sync 1 DAGs
[2025-02-11T00:08:26.911+0000] {logging_mixin.py:190} INFO - [2025-02-11T00:08:26.910+0000] {dag.py:4180} INFO - Setting next_dagrun for tutorial_dag to None, run_after=None
[2025-02-11T00:08:26.935+0000] {processor.py:208} INFO - Processing /home/airflow/.local/lib/python3.12/site-packages/airflow/example_dags/tutorial_dag.py took 0.086 seconds
[2025-02-11T00:08:58.713+0000] {processor.py:186} INFO - Started process (PID=9980) to work on /home/airflow/.local/lib/python3.12/site-packages/airflow/example_dags/tutorial_dag.py
[2025-02-11T00:08:58.744+0000] {processor.py:914} INFO - Processing file /home/airflow/.local/lib/python3.12/site-packages/airflow/example_dags/tutorial_dag.py for tasks to queue
[2025-02-11T00:08:58.748+0000] {logging_mixin.py:190} INFO - [2025-02-11T00:08:58.747+0000] {dagbag.py:588} INFO - Filling up the DagBag from /home/airflow/.local/lib/python3.12/site-packages/airflow/example_dags/tutorial_dag.py
[2025-02-11T00:08:58.762+0000] {processor.py:925} INFO - DAG(s) 'tutorial_dag' retrieved from /home/airflow/.local/lib/python3.12/site-packages/airflow/example_dags/tutorial_dag.py
[2025-02-11T00:08:58.791+0000] {logging_mixin.py:190} INFO - [2025-02-11T00:08:58.791+0000] {dag.py:3239} INFO - Sync 1 DAGs
[2025-02-11T00:08:58.817+0000] {logging_mixin.py:190} INFO - [2025-02-11T00:08:58.817+0000] {dag.py:4180} INFO - Setting next_dagrun for tutorial_dag to None, run_after=None
[2025-02-11T00:08:58.843+0000] {processor.py:208} INFO - Processing /home/airflow/.local/lib/python3.12/site-packages/airflow/example_dags/tutorial_dag.py took 0.140 seconds
[2025-02-11T00:09:31.172+0000] {processor.py:186} INFO - Started process (PID=10043) to work on /home/airflow/.local/lib/python3.12/site-packages/airflow/example_dags/tutorial_dag.py
[2025-02-11T00:09:31.173+0000] {processor.py:914} INFO - Processing file /home/airflow/.local/lib/python3.12/site-packages/airflow/example_dags/tutorial_dag.py for tasks to queue
[2025-02-11T00:09:31.176+0000] {logging_mixin.py:190} INFO - [2025-02-11T00:09:31.176+0000] {dagbag.py:588} INFO - Filling up the DagBag from /home/airflow/.local/lib/python3.12/site-packages/airflow/example_dags/tutorial_dag.py
[2025-02-11T00:09:31.187+0000] {processor.py:925} INFO - DAG(s) 'tutorial_dag' retrieved from /home/airflow/.local/lib/python3.12/site-packages/airflow/example_dags/tutorial_dag.py
[2025-02-11T00:09:31.231+0000] {logging_mixin.py:190} INFO - [2025-02-11T00:09:31.230+0000] {dag.py:3239} INFO - Sync 1 DAGs
[2025-02-11T00:09:31.261+0000] {logging_mixin.py:190} INFO - [2025-02-11T00:09:31.261+0000] {dag.py:4180} INFO - Setting next_dagrun for tutorial_dag to None, run_after=None
[2025-02-11T00:09:31.304+0000] {processor.py:208} INFO - Processing /home/airflow/.local/lib/python3.12/site-packages/airflow/example_dags/tutorial_dag.py took 0.142 seconds
[2025-02-11T00:10:02.228+0000] {processor.py:186} INFO - Started process (PID=10106) to work on /home/airflow/.local/lib/python3.12/site-packages/airflow/example_dags/tutorial_dag.py
[2025-02-11T00:10:02.229+0000] {processor.py:914} INFO - Processing file /home/airflow/.local/lib/python3.12/site-packages/airflow/example_dags/tutorial_dag.py for tasks to queue
[2025-02-11T00:10:02.232+0000] {logging_mixin.py:190} INFO - [2025-02-11T00:10:02.231+0000] {dagbag.py:588} INFO - Filling up the DagBag from /home/airflow/.local/lib/python3.12/site-packages/airflow/example_dags/tutorial_dag.py
[2025-02-11T00:10:02.241+0000] {processor.py:925} INFO - DAG(s) 'tutorial_dag' retrieved from /home/airflow/.local/lib/python3.12/site-packages/airflow/example_dags/tutorial_dag.py
[2025-02-11T00:10:02.273+0000] {logging_mixin.py:190} INFO - [2025-02-11T00:10:02.273+0000] {dag.py:3239} INFO - Sync 1 DAGs
[2025-02-11T00:10:02.336+0000] {logging_mixin.py:190} INFO - [2025-02-11T00:10:02.336+0000] {dag.py:4180} INFO - Setting next_dagrun for tutorial_dag to None, run_after=None
[2025-02-11T00:10:02.358+0000] {processor.py:208} INFO - Processing /home/airflow/.local/lib/python3.12/site-packages/airflow/example_dags/tutorial_dag.py took 0.136 seconds
[2025-02-11T00:10:33.641+0000] {processor.py:186} INFO - Started process (PID=10169) to work on /home/airflow/.local/lib/python3.12/site-packages/airflow/example_dags/tutorial_dag.py
[2025-02-11T00:10:33.642+0000] {processor.py:914} INFO - Processing file /home/airflow/.local/lib/python3.12/site-packages/airflow/example_dags/tutorial_dag.py for tasks to queue
[2025-02-11T00:10:33.646+0000] {logging_mixin.py:190} INFO - [2025-02-11T00:10:33.645+0000] {dagbag.py:588} INFO - Filling up the DagBag from /home/airflow/.local/lib/python3.12/site-packages/airflow/example_dags/tutorial_dag.py
[2025-02-11T00:10:33.656+0000] {processor.py:925} INFO - DAG(s) 'tutorial_dag' retrieved from /home/airflow/.local/lib/python3.12/site-packages/airflow/example_dags/tutorial_dag.py
[2025-02-11T00:10:33.690+0000] {logging_mixin.py:190} INFO - [2025-02-11T00:10:33.689+0000] {dag.py:3239} INFO - Sync 1 DAGs
[2025-02-11T00:10:33.724+0000] {logging_mixin.py:190} INFO - [2025-02-11T00:10:33.723+0000] {dag.py:4180} INFO - Setting next_dagrun for tutorial_dag to None, run_after=None
[2025-02-11T00:10:33.751+0000] {processor.py:208} INFO - Processing /home/airflow/.local/lib/python3.12/site-packages/airflow/example_dags/tutorial_dag.py took 0.120 seconds
[2025-02-11T00:11:05.006+0000] {processor.py:186} INFO - Started process (PID=10232) to work on /home/airflow/.local/lib/python3.12/site-packages/airflow/example_dags/tutorial_dag.py
[2025-02-11T00:11:05.007+0000] {processor.py:914} INFO - Processing file /home/airflow/.local/lib/python3.12/site-packages/airflow/example_dags/tutorial_dag.py for tasks to queue
[2025-02-11T00:11:05.011+0000] {logging_mixin.py:190} INFO - [2025-02-11T00:11:05.011+0000] {dagbag.py:588} INFO - Filling up the DagBag from /home/airflow/.local/lib/python3.12/site-packages/airflow/example_dags/tutorial_dag.py
[2025-02-11T00:11:05.020+0000] {processor.py:925} INFO - DAG(s) 'tutorial_dag' retrieved from /home/airflow/.local/lib/python3.12/site-packages/airflow/example_dags/tutorial_dag.py
[2025-02-11T00:11:05.043+0000] {logging_mixin.py:190} INFO - [2025-02-11T00:11:05.043+0000] {dag.py:3239} INFO - Sync 1 DAGs
[2025-02-11T00:11:05.061+0000] {logging_mixin.py:190} INFO - [2025-02-11T00:11:05.061+0000] {dag.py:4180} INFO - Setting next_dagrun for tutorial_dag to None, run_after=None
[2025-02-11T00:11:05.082+0000] {processor.py:208} INFO - Processing /home/airflow/.local/lib/python3.12/site-packages/airflow/example_dags/tutorial_dag.py took 0.083 seconds
[2025-02-11T00:11:35.995+0000] {processor.py:186} INFO - Started process (PID=10295) to work on /home/airflow/.local/lib/python3.12/site-packages/airflow/example_dags/tutorial_dag.py
[2025-02-11T00:11:35.996+0000] {processor.py:914} INFO - Processing file /home/airflow/.local/lib/python3.12/site-packages/airflow/example_dags/tutorial_dag.py for tasks to queue
[2025-02-11T00:11:35.999+0000] {logging_mixin.py:190} INFO - [2025-02-11T00:11:35.999+0000] {dagbag.py:588} INFO - Filling up the DagBag from /home/airflow/.local/lib/python3.12/site-packages/airflow/example_dags/tutorial_dag.py
[2025-02-11T00:11:36.010+0000] {processor.py:925} INFO - DAG(s) 'tutorial_dag' retrieved from /home/airflow/.local/lib/python3.12/site-packages/airflow/example_dags/tutorial_dag.py
[2025-02-11T00:11:36.038+0000] {logging_mixin.py:190} INFO - [2025-02-11T00:11:36.038+0000] {dag.py:3239} INFO - Sync 1 DAGs
[2025-02-11T00:11:36.058+0000] {logging_mixin.py:190} INFO - [2025-02-11T00:11:36.057+0000] {dag.py:4180} INFO - Setting next_dagrun for tutorial_dag to None, run_after=None
[2025-02-11T00:11:36.083+0000] {processor.py:208} INFO - Processing /home/airflow/.local/lib/python3.12/site-packages/airflow/example_dags/tutorial_dag.py took 0.096 seconds
[2025-02-11T00:12:07.164+0000] {processor.py:186} INFO - Started process (PID=10358) to work on /home/airflow/.local/lib/python3.12/site-packages/airflow/example_dags/tutorial_dag.py
[2025-02-11T00:12:07.166+0000] {processor.py:914} INFO - Processing file /home/airflow/.local/lib/python3.12/site-packages/airflow/example_dags/tutorial_dag.py for tasks to queue
[2025-02-11T00:12:07.169+0000] {logging_mixin.py:190} INFO - [2025-02-11T00:12:07.169+0000] {dagbag.py:588} INFO - Filling up the DagBag from /home/airflow/.local/lib/python3.12/site-packages/airflow/example_dags/tutorial_dag.py
[2025-02-11T00:12:07.179+0000] {processor.py:925} INFO - DAG(s) 'tutorial_dag' retrieved from /home/airflow/.local/lib/python3.12/site-packages/airflow/example_dags/tutorial_dag.py
[2025-02-11T00:12:07.205+0000] {logging_mixin.py:190} INFO - [2025-02-11T00:12:07.205+0000] {dag.py:3239} INFO - Sync 1 DAGs
[2025-02-11T00:12:07.223+0000] {logging_mixin.py:190} INFO - [2025-02-11T00:12:07.223+0000] {dag.py:4180} INFO - Setting next_dagrun for tutorial_dag to None, run_after=None
[2025-02-11T00:12:07.247+0000] {processor.py:208} INFO - Processing /home/airflow/.local/lib/python3.12/site-packages/airflow/example_dags/tutorial_dag.py took 0.091 seconds
[2025-02-11T00:12:38.086+0000] {processor.py:186} INFO - Started process (PID=10421) to work on /home/airflow/.local/lib/python3.12/site-packages/airflow/example_dags/tutorial_dag.py
[2025-02-11T00:12:38.087+0000] {processor.py:914} INFO - Processing file /home/airflow/.local/lib/python3.12/site-packages/airflow/example_dags/tutorial_dag.py for tasks to queue
[2025-02-11T00:12:38.089+0000] {logging_mixin.py:190} INFO - [2025-02-11T00:12:38.089+0000] {dagbag.py:588} INFO - Filling up the DagBag from /home/airflow/.local/lib/python3.12/site-packages/airflow/example_dags/tutorial_dag.py
[2025-02-11T00:12:38.099+0000] {processor.py:925} INFO - DAG(s) 'tutorial_dag' retrieved from /home/airflow/.local/lib/python3.12/site-packages/airflow/example_dags/tutorial_dag.py
[2025-02-11T00:12:38.126+0000] {logging_mixin.py:190} INFO - [2025-02-11T00:12:38.124+0000] {dag.py:3239} INFO - Sync 1 DAGs
[2025-02-11T00:12:38.144+0000] {logging_mixin.py:190} INFO - [2025-02-11T00:12:38.143+0000] {dag.py:4180} INFO - Setting next_dagrun for tutorial_dag to None, run_after=None
[2025-02-11T00:12:38.166+0000] {processor.py:208} INFO - Processing /home/airflow/.local/lib/python3.12/site-packages/airflow/example_dags/tutorial_dag.py took 0.088 seconds
[2025-02-11T00:13:08.604+0000] {processor.py:186} INFO - Started process (PID=10484) to work on /home/airflow/.local/lib/python3.12/site-packages/airflow/example_dags/tutorial_dag.py
[2025-02-11T00:13:08.606+0000] {processor.py:914} INFO - Processing file /home/airflow/.local/lib/python3.12/site-packages/airflow/example_dags/tutorial_dag.py for tasks to queue
[2025-02-11T00:13:08.609+0000] {logging_mixin.py:190} INFO - [2025-02-11T00:13:08.609+0000] {dagbag.py:588} INFO - Filling up the DagBag from /home/airflow/.local/lib/python3.12/site-packages/airflow/example_dags/tutorial_dag.py
[2025-02-11T00:13:08.621+0000] {processor.py:925} INFO - DAG(s) 'tutorial_dag' retrieved from /home/airflow/.local/lib/python3.12/site-packages/airflow/example_dags/tutorial_dag.py
[2025-02-11T00:13:08.651+0000] {logging_mixin.py:190} INFO - [2025-02-11T00:13:08.651+0000] {dag.py:3239} INFO - Sync 1 DAGs
[2025-02-11T00:13:08.675+0000] {logging_mixin.py:190} INFO - [2025-02-11T00:13:08.675+0000] {dag.py:4180} INFO - Setting next_dagrun for tutorial_dag to None, run_after=None
[2025-02-11T00:13:08.698+0000] {processor.py:208} INFO - Processing /home/airflow/.local/lib/python3.12/site-packages/airflow/example_dags/tutorial_dag.py took 0.102 seconds
[2025-02-11T00:13:38.998+0000] {processor.py:186} INFO - Started process (PID=10546) to work on /home/airflow/.local/lib/python3.12/site-packages/airflow/example_dags/tutorial_dag.py
[2025-02-11T00:13:39.000+0000] {processor.py:914} INFO - Processing file /home/airflow/.local/lib/python3.12/site-packages/airflow/example_dags/tutorial_dag.py for tasks to queue
[2025-02-11T00:13:39.003+0000] {logging_mixin.py:190} INFO - [2025-02-11T00:13:39.003+0000] {dagbag.py:588} INFO - Filling up the DagBag from /home/airflow/.local/lib/python3.12/site-packages/airflow/example_dags/tutorial_dag.py
[2025-02-11T00:13:39.015+0000] {processor.py:925} INFO - DAG(s) 'tutorial_dag' retrieved from /home/airflow/.local/lib/python3.12/site-packages/airflow/example_dags/tutorial_dag.py
[2025-02-11T00:13:39.045+0000] {logging_mixin.py:190} INFO - [2025-02-11T00:13:39.044+0000] {dag.py:3239} INFO - Sync 1 DAGs
[2025-02-11T00:13:39.062+0000] {logging_mixin.py:190} INFO - [2025-02-11T00:13:39.062+0000] {dag.py:4180} INFO - Setting next_dagrun for tutorial_dag to None, run_after=None
[2025-02-11T00:13:39.086+0000] {processor.py:208} INFO - Processing /home/airflow/.local/lib/python3.12/site-packages/airflow/example_dags/tutorial_dag.py took 0.099 seconds
[2025-02-11T00:14:10.088+0000] {processor.py:186} INFO - Started process (PID=10609) to work on /home/airflow/.local/lib/python3.12/site-packages/airflow/example_dags/tutorial_dag.py
[2025-02-11T00:14:10.090+0000] {processor.py:914} INFO - Processing file /home/airflow/.local/lib/python3.12/site-packages/airflow/example_dags/tutorial_dag.py for tasks to queue
[2025-02-11T00:14:10.093+0000] {logging_mixin.py:190} INFO - [2025-02-11T00:14:10.092+0000] {dagbag.py:588} INFO - Filling up the DagBag from /home/airflow/.local/lib/python3.12/site-packages/airflow/example_dags/tutorial_dag.py
[2025-02-11T00:14:10.102+0000] {processor.py:925} INFO - DAG(s) 'tutorial_dag' retrieved from /home/airflow/.local/lib/python3.12/site-packages/airflow/example_dags/tutorial_dag.py
[2025-02-11T00:14:10.127+0000] {logging_mixin.py:190} INFO - [2025-02-11T00:14:10.127+0000] {dag.py:3239} INFO - Sync 1 DAGs
[2025-02-11T00:14:10.147+0000] {logging_mixin.py:190} INFO - [2025-02-11T00:14:10.147+0000] {dag.py:4180} INFO - Setting next_dagrun for tutorial_dag to None, run_after=None
[2025-02-11T00:14:10.170+0000] {processor.py:208} INFO - Processing /home/airflow/.local/lib/python3.12/site-packages/airflow/example_dags/tutorial_dag.py took 0.091 seconds
[2025-02-11T00:14:40.516+0000] {processor.py:186} INFO - Started process (PID=10671) to work on /home/airflow/.local/lib/python3.12/site-packages/airflow/example_dags/tutorial_dag.py
[2025-02-11T00:14:40.517+0000] {processor.py:914} INFO - Processing file /home/airflow/.local/lib/python3.12/site-packages/airflow/example_dags/tutorial_dag.py for tasks to queue
[2025-02-11T00:14:40.520+0000] {logging_mixin.py:190} INFO - [2025-02-11T00:14:40.520+0000] {dagbag.py:588} INFO - Filling up the DagBag from /home/airflow/.local/lib/python3.12/site-packages/airflow/example_dags/tutorial_dag.py
[2025-02-11T00:14:40.530+0000] {processor.py:925} INFO - DAG(s) 'tutorial_dag' retrieved from /home/airflow/.local/lib/python3.12/site-packages/airflow/example_dags/tutorial_dag.py
[2025-02-11T00:14:40.556+0000] {logging_mixin.py:190} INFO - [2025-02-11T00:14:40.556+0000] {dag.py:3239} INFO - Sync 1 DAGs
[2025-02-11T00:14:40.574+0000] {logging_mixin.py:190} INFO - [2025-02-11T00:14:40.574+0000] {dag.py:4180} INFO - Setting next_dagrun for tutorial_dag to None, run_after=None
[2025-02-11T00:14:40.599+0000] {processor.py:208} INFO - Processing /home/airflow/.local/lib/python3.12/site-packages/airflow/example_dags/tutorial_dag.py took 0.091 seconds
[2025-02-11T00:15:11.163+0000] {processor.py:186} INFO - Started process (PID=10734) to work on /home/airflow/.local/lib/python3.12/site-packages/airflow/example_dags/tutorial_dag.py
[2025-02-11T00:15:11.165+0000] {processor.py:914} INFO - Processing file /home/airflow/.local/lib/python3.12/site-packages/airflow/example_dags/tutorial_dag.py for tasks to queue
[2025-02-11T00:15:11.167+0000] {logging_mixin.py:190} INFO - [2025-02-11T00:15:11.167+0000] {dagbag.py:588} INFO - Filling up the DagBag from /home/airflow/.local/lib/python3.12/site-packages/airflow/example_dags/tutorial_dag.py
[2025-02-11T00:15:11.178+0000] {processor.py:925} INFO - DAG(s) 'tutorial_dag' retrieved from /home/airflow/.local/lib/python3.12/site-packages/airflow/example_dags/tutorial_dag.py
[2025-02-11T00:15:11.208+0000] {logging_mixin.py:190} INFO - [2025-02-11T00:15:11.207+0000] {dag.py:3239} INFO - Sync 1 DAGs
[2025-02-11T00:15:11.228+0000] {logging_mixin.py:190} INFO - [2025-02-11T00:15:11.228+0000] {dag.py:4180} INFO - Setting next_dagrun for tutorial_dag to None, run_after=None
[2025-02-11T00:15:11.253+0000] {processor.py:208} INFO - Processing /home/airflow/.local/lib/python3.12/site-packages/airflow/example_dags/tutorial_dag.py took 0.098 seconds
[2025-02-11T00:15:42.046+0000] {processor.py:186} INFO - Started process (PID=10797) to work on /home/airflow/.local/lib/python3.12/site-packages/airflow/example_dags/tutorial_dag.py
[2025-02-11T00:15:42.047+0000] {processor.py:914} INFO - Processing file /home/airflow/.local/lib/python3.12/site-packages/airflow/example_dags/tutorial_dag.py for tasks to queue
[2025-02-11T00:15:42.054+0000] {logging_mixin.py:190} INFO - [2025-02-11T00:15:42.053+0000] {dagbag.py:588} INFO - Filling up the DagBag from /home/airflow/.local/lib/python3.12/site-packages/airflow/example_dags/tutorial_dag.py
[2025-02-11T00:15:42.063+0000] {processor.py:925} INFO - DAG(s) 'tutorial_dag' retrieved from /home/airflow/.local/lib/python3.12/site-packages/airflow/example_dags/tutorial_dag.py
[2025-02-11T00:15:42.100+0000] {logging_mixin.py:190} INFO - [2025-02-11T00:15:42.100+0000] {dag.py:3239} INFO - Sync 1 DAGs
[2025-02-11T00:15:42.120+0000] {logging_mixin.py:190} INFO - [2025-02-11T00:15:42.119+0000] {dag.py:4180} INFO - Setting next_dagrun for tutorial_dag to None, run_after=None
[2025-02-11T00:15:42.146+0000] {processor.py:208} INFO - Processing /home/airflow/.local/lib/python3.12/site-packages/airflow/example_dags/tutorial_dag.py took 0.115 seconds
[2025-02-11T00:16:12.497+0000] {processor.py:186} INFO - Started process (PID=10860) to work on /home/airflow/.local/lib/python3.12/site-packages/airflow/example_dags/tutorial_dag.py
[2025-02-11T00:16:12.499+0000] {processor.py:914} INFO - Processing file /home/airflow/.local/lib/python3.12/site-packages/airflow/example_dags/tutorial_dag.py for tasks to queue
[2025-02-11T00:16:12.503+0000] {logging_mixin.py:190} INFO - [2025-02-11T00:16:12.502+0000] {dagbag.py:588} INFO - Filling up the DagBag from /home/airflow/.local/lib/python3.12/site-packages/airflow/example_dags/tutorial_dag.py
[2025-02-11T00:16:12.515+0000] {processor.py:925} INFO - DAG(s) 'tutorial_dag' retrieved from /home/airflow/.local/lib/python3.12/site-packages/airflow/example_dags/tutorial_dag.py
[2025-02-11T00:16:12.539+0000] {logging_mixin.py:190} INFO - [2025-02-11T00:16:12.539+0000] {dag.py:3239} INFO - Sync 1 DAGs
[2025-02-11T00:16:12.560+0000] {logging_mixin.py:190} INFO - [2025-02-11T00:16:12.559+0000] {dag.py:4180} INFO - Setting next_dagrun for tutorial_dag to None, run_after=None
[2025-02-11T00:16:12.587+0000] {processor.py:208} INFO - Processing /home/airflow/.local/lib/python3.12/site-packages/airflow/example_dags/tutorial_dag.py took 0.098 seconds
[2025-02-11T00:16:43.216+0000] {processor.py:186} INFO - Started process (PID=10925) to work on /home/airflow/.local/lib/python3.12/site-packages/airflow/example_dags/tutorial_dag.py
[2025-02-11T00:16:43.218+0000] {processor.py:914} INFO - Processing file /home/airflow/.local/lib/python3.12/site-packages/airflow/example_dags/tutorial_dag.py for tasks to queue
[2025-02-11T00:16:43.221+0000] {logging_mixin.py:190} INFO - [2025-02-11T00:16:43.221+0000] {dagbag.py:588} INFO - Filling up the DagBag from /home/airflow/.local/lib/python3.12/site-packages/airflow/example_dags/tutorial_dag.py
[2025-02-11T00:16:43.234+0000] {processor.py:925} INFO - DAG(s) 'tutorial_dag' retrieved from /home/airflow/.local/lib/python3.12/site-packages/airflow/example_dags/tutorial_dag.py
[2025-02-11T00:16:43.269+0000] {logging_mixin.py:190} INFO - [2025-02-11T00:16:43.269+0000] {dag.py:3239} INFO - Sync 1 DAGs
[2025-02-11T00:16:43.286+0000] {logging_mixin.py:190} INFO - [2025-02-11T00:16:43.286+0000] {dag.py:4180} INFO - Setting next_dagrun for tutorial_dag to None, run_after=None
[2025-02-11T00:16:43.314+0000] {processor.py:208} INFO - Processing /home/airflow/.local/lib/python3.12/site-packages/airflow/example_dags/tutorial_dag.py took 0.106 seconds
[2025-02-11T00:17:13.998+0000] {processor.py:186} INFO - Started process (PID=10988) to work on /home/airflow/.local/lib/python3.12/site-packages/airflow/example_dags/tutorial_dag.py
[2025-02-11T00:17:14.002+0000] {processor.py:914} INFO - Processing file /home/airflow/.local/lib/python3.12/site-packages/airflow/example_dags/tutorial_dag.py for tasks to queue
[2025-02-11T00:17:14.006+0000] {logging_mixin.py:190} INFO - [2025-02-11T00:17:14.006+0000] {dagbag.py:588} INFO - Filling up the DagBag from /home/airflow/.local/lib/python3.12/site-packages/airflow/example_dags/tutorial_dag.py
[2025-02-11T00:17:14.020+0000] {processor.py:925} INFO - DAG(s) 'tutorial_dag' retrieved from /home/airflow/.local/lib/python3.12/site-packages/airflow/example_dags/tutorial_dag.py
[2025-02-11T00:17:14.056+0000] {logging_mixin.py:190} INFO - [2025-02-11T00:17:14.056+0000] {dag.py:3239} INFO - Sync 1 DAGs
[2025-02-11T00:17:14.086+0000] {logging_mixin.py:190} INFO - [2025-02-11T00:17:14.086+0000] {dag.py:4180} INFO - Setting next_dagrun for tutorial_dag to None, run_after=None
[2025-02-11T00:17:14.125+0000] {processor.py:208} INFO - Processing /home/airflow/.local/lib/python3.12/site-packages/airflow/example_dags/tutorial_dag.py took 0.135 seconds
[2025-02-11T00:17:44.321+0000] {processor.py:186} INFO - Started process (PID=11051) to work on /home/airflow/.local/lib/python3.12/site-packages/airflow/example_dags/tutorial_dag.py
[2025-02-11T00:17:44.324+0000] {processor.py:914} INFO - Processing file /home/airflow/.local/lib/python3.12/site-packages/airflow/example_dags/tutorial_dag.py for tasks to queue
[2025-02-11T00:17:44.327+0000] {logging_mixin.py:190} INFO - [2025-02-11T00:17:44.327+0000] {dagbag.py:588} INFO - Filling up the DagBag from /home/airflow/.local/lib/python3.12/site-packages/airflow/example_dags/tutorial_dag.py
[2025-02-11T00:17:44.337+0000] {processor.py:925} INFO - DAG(s) 'tutorial_dag' retrieved from /home/airflow/.local/lib/python3.12/site-packages/airflow/example_dags/tutorial_dag.py
[2025-02-11T00:17:44.378+0000] {logging_mixin.py:190} INFO - [2025-02-11T00:17:44.378+0000] {dag.py:3239} INFO - Sync 1 DAGs
[2025-02-11T00:17:44.400+0000] {logging_mixin.py:190} INFO - [2025-02-11T00:17:44.399+0000] {dag.py:4180} INFO - Setting next_dagrun for tutorial_dag to None, run_after=None
[2025-02-11T00:17:44.426+0000] {processor.py:208} INFO - Processing /home/airflow/.local/lib/python3.12/site-packages/airflow/example_dags/tutorial_dag.py took 0.113 seconds
[2025-02-11T00:18:15.767+0000] {processor.py:186} INFO - Started process (PID=11114) to work on /home/airflow/.local/lib/python3.12/site-packages/airflow/example_dags/tutorial_dag.py
[2025-02-11T00:18:15.768+0000] {processor.py:914} INFO - Processing file /home/airflow/.local/lib/python3.12/site-packages/airflow/example_dags/tutorial_dag.py for tasks to queue
[2025-02-11T00:18:15.772+0000] {logging_mixin.py:190} INFO - [2025-02-11T00:18:15.772+0000] {dagbag.py:588} INFO - Filling up the DagBag from /home/airflow/.local/lib/python3.12/site-packages/airflow/example_dags/tutorial_dag.py
[2025-02-11T00:18:15.784+0000] {processor.py:925} INFO - DAG(s) 'tutorial_dag' retrieved from /home/airflow/.local/lib/python3.12/site-packages/airflow/example_dags/tutorial_dag.py
[2025-02-11T00:18:15.811+0000] {logging_mixin.py:190} INFO - [2025-02-11T00:18:15.811+0000] {dag.py:3239} INFO - Sync 1 DAGs
[2025-02-11T00:18:15.832+0000] {logging_mixin.py:190} INFO - [2025-02-11T00:18:15.832+0000] {dag.py:4180} INFO - Setting next_dagrun for tutorial_dag to None, run_after=None
[2025-02-11T00:18:15.860+0000] {processor.py:208} INFO - Processing /home/airflow/.local/lib/python3.12/site-packages/airflow/example_dags/tutorial_dag.py took 0.104 seconds
[2025-02-11T00:18:46.629+0000] {processor.py:186} INFO - Started process (PID=11177) to work on /home/airflow/.local/lib/python3.12/site-packages/airflow/example_dags/tutorial_dag.py
[2025-02-11T00:18:46.630+0000] {processor.py:914} INFO - Processing file /home/airflow/.local/lib/python3.12/site-packages/airflow/example_dags/tutorial_dag.py for tasks to queue
[2025-02-11T00:18:46.633+0000] {logging_mixin.py:190} INFO - [2025-02-11T00:18:46.633+0000] {dagbag.py:588} INFO - Filling up the DagBag from /home/airflow/.local/lib/python3.12/site-packages/airflow/example_dags/tutorial_dag.py
[2025-02-11T00:18:46.643+0000] {processor.py:925} INFO - DAG(s) 'tutorial_dag' retrieved from /home/airflow/.local/lib/python3.12/site-packages/airflow/example_dags/tutorial_dag.py
[2025-02-11T00:18:46.670+0000] {logging_mixin.py:190} INFO - [2025-02-11T00:18:46.669+0000] {dag.py:3239} INFO - Sync 1 DAGs
[2025-02-11T00:18:46.687+0000] {logging_mixin.py:190} INFO - [2025-02-11T00:18:46.687+0000] {dag.py:4180} INFO - Setting next_dagrun for tutorial_dag to None, run_after=None
[2025-02-11T00:18:46.709+0000] {processor.py:208} INFO - Processing /home/airflow/.local/lib/python3.12/site-packages/airflow/example_dags/tutorial_dag.py took 0.087 seconds
[2025-02-11T00:19:18.335+0000] {processor.py:186} INFO - Started process (PID=11242) to work on /home/airflow/.local/lib/python3.12/site-packages/airflow/example_dags/tutorial_dag.py
[2025-02-11T00:19:18.337+0000] {processor.py:914} INFO - Processing file /home/airflow/.local/lib/python3.12/site-packages/airflow/example_dags/tutorial_dag.py for tasks to queue
[2025-02-11T00:19:18.339+0000] {logging_mixin.py:190} INFO - [2025-02-11T00:19:18.339+0000] {dagbag.py:588} INFO - Filling up the DagBag from /home/airflow/.local/lib/python3.12/site-packages/airflow/example_dags/tutorial_dag.py
[2025-02-11T00:19:18.350+0000] {processor.py:925} INFO - DAG(s) 'tutorial_dag' retrieved from /home/airflow/.local/lib/python3.12/site-packages/airflow/example_dags/tutorial_dag.py
[2025-02-11T00:19:18.382+0000] {logging_mixin.py:190} INFO - [2025-02-11T00:19:18.382+0000] {dag.py:3239} INFO - Sync 1 DAGs
[2025-02-11T00:19:18.405+0000] {logging_mixin.py:190} INFO - [2025-02-11T00:19:18.404+0000] {dag.py:4180} INFO - Setting next_dagrun for tutorial_dag to None, run_after=None
[2025-02-11T00:19:18.431+0000] {processor.py:208} INFO - Processing /home/airflow/.local/lib/python3.12/site-packages/airflow/example_dags/tutorial_dag.py took 0.105 seconds
[2025-02-11T00:19:49.608+0000] {processor.py:186} INFO - Started process (PID=11311) to work on /home/airflow/.local/lib/python3.12/site-packages/airflow/example_dags/tutorial_dag.py
[2025-02-11T00:19:49.609+0000] {processor.py:914} INFO - Processing file /home/airflow/.local/lib/python3.12/site-packages/airflow/example_dags/tutorial_dag.py for tasks to queue
[2025-02-11T00:19:49.612+0000] {logging_mixin.py:190} INFO - [2025-02-11T00:19:49.612+0000] {dagbag.py:588} INFO - Filling up the DagBag from /home/airflow/.local/lib/python3.12/site-packages/airflow/example_dags/tutorial_dag.py
[2025-02-11T00:19:49.620+0000] {processor.py:925} INFO - DAG(s) 'tutorial_dag' retrieved from /home/airflow/.local/lib/python3.12/site-packages/airflow/example_dags/tutorial_dag.py
[2025-02-11T00:19:49.643+0000] {logging_mixin.py:190} INFO - [2025-02-11T00:19:49.643+0000] {dag.py:3239} INFO - Sync 1 DAGs
[2025-02-11T00:19:49.660+0000] {logging_mixin.py:190} INFO - [2025-02-11T00:19:49.660+0000] {dag.py:4180} INFO - Setting next_dagrun for tutorial_dag to None, run_after=None
[2025-02-11T00:19:49.681+0000] {processor.py:208} INFO - Processing /home/airflow/.local/lib/python3.12/site-packages/airflow/example_dags/tutorial_dag.py took 0.079 seconds
[2025-02-11T00:20:21.277+0000] {processor.py:186} INFO - Started process (PID=11374) to work on /home/airflow/.local/lib/python3.12/site-packages/airflow/example_dags/tutorial_dag.py
[2025-02-11T00:20:21.278+0000] {processor.py:914} INFO - Processing file /home/airflow/.local/lib/python3.12/site-packages/airflow/example_dags/tutorial_dag.py for tasks to queue
[2025-02-11T00:20:21.281+0000] {logging_mixin.py:190} INFO - [2025-02-11T00:20:21.281+0000] {dagbag.py:588} INFO - Filling up the DagBag from /home/airflow/.local/lib/python3.12/site-packages/airflow/example_dags/tutorial_dag.py
[2025-02-11T00:20:21.292+0000] {processor.py:925} INFO - DAG(s) 'tutorial_dag' retrieved from /home/airflow/.local/lib/python3.12/site-packages/airflow/example_dags/tutorial_dag.py
[2025-02-11T00:20:21.319+0000] {logging_mixin.py:190} INFO - [2025-02-11T00:20:21.319+0000] {dag.py:3239} INFO - Sync 1 DAGs
[2025-02-11T00:20:21.339+0000] {logging_mixin.py:190} INFO - [2025-02-11T00:20:21.339+0000] {dag.py:4180} INFO - Setting next_dagrun for tutorial_dag to None, run_after=None
[2025-02-11T00:20:21.364+0000] {processor.py:208} INFO - Processing /home/airflow/.local/lib/python3.12/site-packages/airflow/example_dags/tutorial_dag.py took 0.096 seconds
[2025-02-11T00:20:52.744+0000] {processor.py:186} INFO - Started process (PID=11437) to work on /home/airflow/.local/lib/python3.12/site-packages/airflow/example_dags/tutorial_dag.py
[2025-02-11T00:20:52.745+0000] {processor.py:914} INFO - Processing file /home/airflow/.local/lib/python3.12/site-packages/airflow/example_dags/tutorial_dag.py for tasks to queue
[2025-02-11T00:20:52.747+0000] {logging_mixin.py:190} INFO - [2025-02-11T00:20:52.747+0000] {dagbag.py:588} INFO - Filling up the DagBag from /home/airflow/.local/lib/python3.12/site-packages/airflow/example_dags/tutorial_dag.py
[2025-02-11T00:20:52.757+0000] {processor.py:925} INFO - DAG(s) 'tutorial_dag' retrieved from /home/airflow/.local/lib/python3.12/site-packages/airflow/example_dags/tutorial_dag.py
[2025-02-11T00:20:52.783+0000] {logging_mixin.py:190} INFO - [2025-02-11T00:20:52.783+0000] {dag.py:3239} INFO - Sync 1 DAGs
[2025-02-11T00:20:52.800+0000] {logging_mixin.py:190} INFO - [2025-02-11T00:20:52.800+0000] {dag.py:4180} INFO - Setting next_dagrun for tutorial_dag to None, run_after=None
[2025-02-11T00:20:52.822+0000] {processor.py:208} INFO - Processing /home/airflow/.local/lib/python3.12/site-packages/airflow/example_dags/tutorial_dag.py took 0.085 seconds
[2025-02-11T00:21:23.788+0000] {processor.py:186} INFO - Started process (PID=11500) to work on /home/airflow/.local/lib/python3.12/site-packages/airflow/example_dags/tutorial_dag.py
[2025-02-11T00:21:23.790+0000] {processor.py:914} INFO - Processing file /home/airflow/.local/lib/python3.12/site-packages/airflow/example_dags/tutorial_dag.py for tasks to queue
[2025-02-11T00:21:23.793+0000] {logging_mixin.py:190} INFO - [2025-02-11T00:21:23.792+0000] {dagbag.py:588} INFO - Filling up the DagBag from /home/airflow/.local/lib/python3.12/site-packages/airflow/example_dags/tutorial_dag.py
[2025-02-11T00:21:23.803+0000] {processor.py:925} INFO - DAG(s) 'tutorial_dag' retrieved from /home/airflow/.local/lib/python3.12/site-packages/airflow/example_dags/tutorial_dag.py
[2025-02-11T00:21:23.833+0000] {logging_mixin.py:190} INFO - [2025-02-11T00:21:23.833+0000] {dag.py:3239} INFO - Sync 1 DAGs
[2025-02-11T00:21:23.851+0000] {logging_mixin.py:190} INFO - [2025-02-11T00:21:23.851+0000] {dag.py:4180} INFO - Setting next_dagrun for tutorial_dag to None, run_after=None
[2025-02-11T00:21:23.873+0000] {processor.py:208} INFO - Processing /home/airflow/.local/lib/python3.12/site-packages/airflow/example_dags/tutorial_dag.py took 0.092 seconds
[2025-02-11T00:21:55.687+0000] {processor.py:186} INFO - Started process (PID=11562) to work on /home/airflow/.local/lib/python3.12/site-packages/airflow/example_dags/tutorial_dag.py
[2025-02-11T00:21:55.688+0000] {processor.py:914} INFO - Processing file /home/airflow/.local/lib/python3.12/site-packages/airflow/example_dags/tutorial_dag.py for tasks to queue
[2025-02-11T00:21:55.694+0000] {logging_mixin.py:190} INFO - [2025-02-11T00:21:55.693+0000] {dagbag.py:588} INFO - Filling up the DagBag from /home/airflow/.local/lib/python3.12/site-packages/airflow/example_dags/tutorial_dag.py
[2025-02-11T00:21:55.707+0000] {processor.py:925} INFO - DAG(s) 'tutorial_dag' retrieved from /home/airflow/.local/lib/python3.12/site-packages/airflow/example_dags/tutorial_dag.py
[2025-02-11T00:21:55.734+0000] {logging_mixin.py:190} INFO - [2025-02-11T00:21:55.734+0000] {dag.py:3239} INFO - Sync 1 DAGs
[2025-02-11T00:21:55.754+0000] {logging_mixin.py:190} INFO - [2025-02-11T00:21:55.753+0000] {dag.py:4180} INFO - Setting next_dagrun for tutorial_dag to None, run_after=None
[2025-02-11T00:21:55.782+0000] {processor.py:208} INFO - Processing /home/airflow/.local/lib/python3.12/site-packages/airflow/example_dags/tutorial_dag.py took 0.107 seconds
[2025-02-11T00:22:26.420+0000] {processor.py:186} INFO - Started process (PID=11625) to work on /home/airflow/.local/lib/python3.12/site-packages/airflow/example_dags/tutorial_dag.py
[2025-02-11T00:22:26.421+0000] {processor.py:914} INFO - Processing file /home/airflow/.local/lib/python3.12/site-packages/airflow/example_dags/tutorial_dag.py for tasks to queue
[2025-02-11T00:22:26.425+0000] {logging_mixin.py:190} INFO - [2025-02-11T00:22:26.425+0000] {dagbag.py:588} INFO - Filling up the DagBag from /home/airflow/.local/lib/python3.12/site-packages/airflow/example_dags/tutorial_dag.py
[2025-02-11T00:22:26.437+0000] {processor.py:925} INFO - DAG(s) 'tutorial_dag' retrieved from /home/airflow/.local/lib/python3.12/site-packages/airflow/example_dags/tutorial_dag.py
[2025-02-11T00:22:26.470+0000] {logging_mixin.py:190} INFO - [2025-02-11T00:22:26.470+0000] {dag.py:3239} INFO - Sync 1 DAGs
[2025-02-11T00:22:26.494+0000] {logging_mixin.py:190} INFO - [2025-02-11T00:22:26.494+0000] {dag.py:4180} INFO - Setting next_dagrun for tutorial_dag to None, run_after=None
[2025-02-11T00:22:26.524+0000] {processor.py:208} INFO - Processing /home/airflow/.local/lib/python3.12/site-packages/airflow/example_dags/tutorial_dag.py took 0.112 seconds
[2025-02-11T00:22:57.163+0000] {processor.py:186} INFO - Started process (PID=11687) to work on /home/airflow/.local/lib/python3.12/site-packages/airflow/example_dags/tutorial_dag.py
[2025-02-11T00:22:57.164+0000] {processor.py:914} INFO - Processing file /home/airflow/.local/lib/python3.12/site-packages/airflow/example_dags/tutorial_dag.py for tasks to queue
[2025-02-11T00:22:57.167+0000] {logging_mixin.py:190} INFO - [2025-02-11T00:22:57.167+0000] {dagbag.py:588} INFO - Filling up the DagBag from /home/airflow/.local/lib/python3.12/site-packages/airflow/example_dags/tutorial_dag.py
[2025-02-11T00:22:57.176+0000] {processor.py:925} INFO - DAG(s) 'tutorial_dag' retrieved from /home/airflow/.local/lib/python3.12/site-packages/airflow/example_dags/tutorial_dag.py
[2025-02-11T00:22:57.203+0000] {logging_mixin.py:190} INFO - [2025-02-11T00:22:57.203+0000] {dag.py:3239} INFO - Sync 1 DAGs
[2025-02-11T00:22:57.222+0000] {logging_mixin.py:190} INFO - [2025-02-11T00:22:57.222+0000] {dag.py:4180} INFO - Setting next_dagrun for tutorial_dag to None, run_after=None
[2025-02-11T00:22:57.244+0000] {processor.py:208} INFO - Processing /home/airflow/.local/lib/python3.12/site-packages/airflow/example_dags/tutorial_dag.py took 0.088 seconds
[2025-02-11T00:23:29.225+0000] {processor.py:186} INFO - Started process (PID=11750) to work on /home/airflow/.local/lib/python3.12/site-packages/airflow/example_dags/tutorial_dag.py
[2025-02-11T00:23:29.226+0000] {processor.py:914} INFO - Processing file /home/airflow/.local/lib/python3.12/site-packages/airflow/example_dags/tutorial_dag.py for tasks to queue
[2025-02-11T00:23:29.229+0000] {logging_mixin.py:190} INFO - [2025-02-11T00:23:29.229+0000] {dagbag.py:588} INFO - Filling up the DagBag from /home/airflow/.local/lib/python3.12/site-packages/airflow/example_dags/tutorial_dag.py
[2025-02-11T00:23:29.239+0000] {processor.py:925} INFO - DAG(s) 'tutorial_dag' retrieved from /home/airflow/.local/lib/python3.12/site-packages/airflow/example_dags/tutorial_dag.py
[2025-02-11T00:23:29.264+0000] {logging_mixin.py:190} INFO - [2025-02-11T00:23:29.264+0000] {dag.py:3239} INFO - Sync 1 DAGs
[2025-02-11T00:23:29.282+0000] {logging_mixin.py:190} INFO - [2025-02-11T00:23:29.282+0000] {dag.py:4180} INFO - Setting next_dagrun for tutorial_dag to None, run_after=None
[2025-02-11T00:23:29.306+0000] {processor.py:208} INFO - Processing /home/airflow/.local/lib/python3.12/site-packages/airflow/example_dags/tutorial_dag.py took 0.089 seconds
[2025-02-11T00:24:00.123+0000] {processor.py:186} INFO - Started process (PID=11813) to work on /home/airflow/.local/lib/python3.12/site-packages/airflow/example_dags/tutorial_dag.py
[2025-02-11T00:24:00.124+0000] {processor.py:914} INFO - Processing file /home/airflow/.local/lib/python3.12/site-packages/airflow/example_dags/tutorial_dag.py for tasks to queue
[2025-02-11T00:24:00.127+0000] {logging_mixin.py:190} INFO - [2025-02-11T00:24:00.127+0000] {dagbag.py:588} INFO - Filling up the DagBag from /home/airflow/.local/lib/python3.12/site-packages/airflow/example_dags/tutorial_dag.py
[2025-02-11T00:24:00.137+0000] {processor.py:925} INFO - DAG(s) 'tutorial_dag' retrieved from /home/airflow/.local/lib/python3.12/site-packages/airflow/example_dags/tutorial_dag.py
[2025-02-11T00:24:00.162+0000] {logging_mixin.py:190} INFO - [2025-02-11T00:24:00.162+0000] {dag.py:3239} INFO - Sync 1 DAGs
[2025-02-11T00:24:00.183+0000] {logging_mixin.py:190} INFO - [2025-02-11T00:24:00.182+0000] {dag.py:4180} INFO - Setting next_dagrun for tutorial_dag to None, run_after=None
[2025-02-11T00:24:00.206+0000] {processor.py:208} INFO - Processing /home/airflow/.local/lib/python3.12/site-packages/airflow/example_dags/tutorial_dag.py took 0.091 seconds
[2025-02-11T00:24:31.772+0000] {processor.py:186} INFO - Started process (PID=11876) to work on /home/airflow/.local/lib/python3.12/site-packages/airflow/example_dags/tutorial_dag.py
[2025-02-11T00:24:31.773+0000] {processor.py:914} INFO - Processing file /home/airflow/.local/lib/python3.12/site-packages/airflow/example_dags/tutorial_dag.py for tasks to queue
[2025-02-11T00:24:31.776+0000] {logging_mixin.py:190} INFO - [2025-02-11T00:24:31.775+0000] {dagbag.py:588} INFO - Filling up the DagBag from /home/airflow/.local/lib/python3.12/site-packages/airflow/example_dags/tutorial_dag.py
[2025-02-11T00:24:31.786+0000] {processor.py:925} INFO - DAG(s) 'tutorial_dag' retrieved from /home/airflow/.local/lib/python3.12/site-packages/airflow/example_dags/tutorial_dag.py
[2025-02-11T00:24:31.812+0000] {logging_mixin.py:190} INFO - [2025-02-11T00:24:31.811+0000] {dag.py:3239} INFO - Sync 1 DAGs
[2025-02-11T00:24:31.830+0000] {logging_mixin.py:190} INFO - [2025-02-11T00:24:31.829+0000] {dag.py:4180} INFO - Setting next_dagrun for tutorial_dag to None, run_after=None
[2025-02-11T00:24:31.854+0000] {processor.py:208} INFO - Processing /home/airflow/.local/lib/python3.12/site-packages/airflow/example_dags/tutorial_dag.py took 0.089 seconds
[2025-02-11T00:25:03.117+0000] {processor.py:186} INFO - Started process (PID=11939) to work on /home/airflow/.local/lib/python3.12/site-packages/airflow/example_dags/tutorial_dag.py
[2025-02-11T00:25:03.118+0000] {processor.py:914} INFO - Processing file /home/airflow/.local/lib/python3.12/site-packages/airflow/example_dags/tutorial_dag.py for tasks to queue
[2025-02-11T00:25:03.121+0000] {logging_mixin.py:190} INFO - [2025-02-11T00:25:03.121+0000] {dagbag.py:588} INFO - Filling up the DagBag from /home/airflow/.local/lib/python3.12/site-packages/airflow/example_dags/tutorial_dag.py
[2025-02-11T00:25:03.131+0000] {processor.py:925} INFO - DAG(s) 'tutorial_dag' retrieved from /home/airflow/.local/lib/python3.12/site-packages/airflow/example_dags/tutorial_dag.py
[2025-02-11T00:25:03.160+0000] {logging_mixin.py:190} INFO - [2025-02-11T00:25:03.159+0000] {dag.py:3239} INFO - Sync 1 DAGs
[2025-02-11T00:25:03.181+0000] {logging_mixin.py:190} INFO - [2025-02-11T00:25:03.181+0000] {dag.py:4180} INFO - Setting next_dagrun for tutorial_dag to None, run_after=None
[2025-02-11T00:25:03.211+0000] {processor.py:208} INFO - Processing /home/airflow/.local/lib/python3.12/site-packages/airflow/example_dags/tutorial_dag.py took 0.101 seconds
[2025-02-11T00:25:34.480+0000] {processor.py:186} INFO - Started process (PID=12002) to work on /home/airflow/.local/lib/python3.12/site-packages/airflow/example_dags/tutorial_dag.py
[2025-02-11T00:25:34.481+0000] {processor.py:914} INFO - Processing file /home/airflow/.local/lib/python3.12/site-packages/airflow/example_dags/tutorial_dag.py for tasks to queue
[2025-02-11T00:25:34.483+0000] {logging_mixin.py:190} INFO - [2025-02-11T00:25:34.483+0000] {dagbag.py:588} INFO - Filling up the DagBag from /home/airflow/.local/lib/python3.12/site-packages/airflow/example_dags/tutorial_dag.py
[2025-02-11T00:25:34.493+0000] {processor.py:925} INFO - DAG(s) 'tutorial_dag' retrieved from /home/airflow/.local/lib/python3.12/site-packages/airflow/example_dags/tutorial_dag.py
[2025-02-11T00:25:34.517+0000] {logging_mixin.py:190} INFO - [2025-02-11T00:25:34.517+0000] {dag.py:3239} INFO - Sync 1 DAGs
[2025-02-11T00:25:34.534+0000] {logging_mixin.py:190} INFO - [2025-02-11T00:25:34.533+0000] {dag.py:4180} INFO - Setting next_dagrun for tutorial_dag to None, run_after=None
[2025-02-11T00:25:34.558+0000] {processor.py:208} INFO - Processing /home/airflow/.local/lib/python3.12/site-packages/airflow/example_dags/tutorial_dag.py took 0.087 seconds
[2025-02-11T00:26:05.444+0000] {processor.py:186} INFO - Started process (PID=12065) to work on /home/airflow/.local/lib/python3.12/site-packages/airflow/example_dags/tutorial_dag.py
[2025-02-11T00:26:05.446+0000] {processor.py:914} INFO - Processing file /home/airflow/.local/lib/python3.12/site-packages/airflow/example_dags/tutorial_dag.py for tasks to queue
[2025-02-11T00:26:05.449+0000] {logging_mixin.py:190} INFO - [2025-02-11T00:26:05.448+0000] {dagbag.py:588} INFO - Filling up the DagBag from /home/airflow/.local/lib/python3.12/site-packages/airflow/example_dags/tutorial_dag.py
[2025-02-11T00:26:05.459+0000] {processor.py:925} INFO - DAG(s) 'tutorial_dag' retrieved from /home/airflow/.local/lib/python3.12/site-packages/airflow/example_dags/tutorial_dag.py
[2025-02-11T00:26:05.487+0000] {logging_mixin.py:190} INFO - [2025-02-11T00:26:05.487+0000] {dag.py:3239} INFO - Sync 1 DAGs
[2025-02-11T00:26:05.506+0000] {logging_mixin.py:190} INFO - [2025-02-11T00:26:05.506+0000] {dag.py:4180} INFO - Setting next_dagrun for tutorial_dag to None, run_after=None
[2025-02-11T00:26:05.530+0000] {processor.py:208} INFO - Processing /home/airflow/.local/lib/python3.12/site-packages/airflow/example_dags/tutorial_dag.py took 0.094 seconds
[2025-02-11T00:26:37.436+0000] {processor.py:186} INFO - Started process (PID=12128) to work on /home/airflow/.local/lib/python3.12/site-packages/airflow/example_dags/tutorial_dag.py
[2025-02-11T00:26:37.438+0000] {processor.py:914} INFO - Processing file /home/airflow/.local/lib/python3.12/site-packages/airflow/example_dags/tutorial_dag.py for tasks to queue
[2025-02-11T00:26:37.442+0000] {logging_mixin.py:190} INFO - [2025-02-11T00:26:37.442+0000] {dagbag.py:588} INFO - Filling up the DagBag from /home/airflow/.local/lib/python3.12/site-packages/airflow/example_dags/tutorial_dag.py
[2025-02-11T00:26:37.458+0000] {processor.py:925} INFO - DAG(s) 'tutorial_dag' retrieved from /home/airflow/.local/lib/python3.12/site-packages/airflow/example_dags/tutorial_dag.py
[2025-02-11T00:26:37.489+0000] {logging_mixin.py:190} INFO - [2025-02-11T00:26:37.489+0000] {dag.py:3239} INFO - Sync 1 DAGs
[2025-02-11T00:26:37.511+0000] {logging_mixin.py:190} INFO - [2025-02-11T00:26:37.511+0000] {dag.py:4180} INFO - Setting next_dagrun for tutorial_dag to None, run_after=None
[2025-02-11T00:26:37.541+0000] {processor.py:208} INFO - Processing /home/airflow/.local/lib/python3.12/site-packages/airflow/example_dags/tutorial_dag.py took 0.115 seconds
[2025-02-11T00:27:08.196+0000] {processor.py:186} INFO - Started process (PID=12191) to work on /home/airflow/.local/lib/python3.12/site-packages/airflow/example_dags/tutorial_dag.py
[2025-02-11T00:27:08.197+0000] {processor.py:914} INFO - Processing file /home/airflow/.local/lib/python3.12/site-packages/airflow/example_dags/tutorial_dag.py for tasks to queue
[2025-02-11T00:27:08.200+0000] {logging_mixin.py:190} INFO - [2025-02-11T00:27:08.200+0000] {dagbag.py:588} INFO - Filling up the DagBag from /home/airflow/.local/lib/python3.12/site-packages/airflow/example_dags/tutorial_dag.py
[2025-02-11T00:27:08.212+0000] {processor.py:925} INFO - DAG(s) 'tutorial_dag' retrieved from /home/airflow/.local/lib/python3.12/site-packages/airflow/example_dags/tutorial_dag.py
[2025-02-11T00:27:08.238+0000] {logging_mixin.py:190} INFO - [2025-02-11T00:27:08.238+0000] {dag.py:3239} INFO - Sync 1 DAGs
[2025-02-11T00:27:08.256+0000] {logging_mixin.py:190} INFO - [2025-02-11T00:27:08.256+0000] {dag.py:4180} INFO - Setting next_dagrun for tutorial_dag to None, run_after=None
[2025-02-11T00:27:08.279+0000] {processor.py:208} INFO - Processing /home/airflow/.local/lib/python3.12/site-packages/airflow/example_dags/tutorial_dag.py took 0.091 seconds
[2025-02-11T00:27:39.973+0000] {processor.py:186} INFO - Started process (PID=12254) to work on /home/airflow/.local/lib/python3.12/site-packages/airflow/example_dags/tutorial_dag.py
[2025-02-11T00:27:39.992+0000] {processor.py:914} INFO - Processing file /home/airflow/.local/lib/python3.12/site-packages/airflow/example_dags/tutorial_dag.py for tasks to queue
[2025-02-11T00:27:39.995+0000] {logging_mixin.py:190} INFO - [2025-02-11T00:27:39.995+0000] {dagbag.py:588} INFO - Filling up the DagBag from /home/airflow/.local/lib/python3.12/site-packages/airflow/example_dags/tutorial_dag.py
[2025-02-11T00:27:40.005+0000] {processor.py:925} INFO - DAG(s) 'tutorial_dag' retrieved from /home/airflow/.local/lib/python3.12/site-packages/airflow/example_dags/tutorial_dag.py
[2025-02-11T00:27:40.030+0000] {logging_mixin.py:190} INFO - [2025-02-11T00:27:40.029+0000] {dag.py:3239} INFO - Sync 1 DAGs
[2025-02-11T00:27:40.049+0000] {logging_mixin.py:190} INFO - [2025-02-11T00:27:40.049+0000] {dag.py:4180} INFO - Setting next_dagrun for tutorial_dag to None, run_after=None
[2025-02-11T00:27:40.102+0000] {processor.py:208} INFO - Processing /home/airflow/.local/lib/python3.12/site-packages/airflow/example_dags/tutorial_dag.py took 0.137 seconds
[2025-02-11T00:28:12.053+0000] {processor.py:186} INFO - Started process (PID=12317) to work on /home/airflow/.local/lib/python3.12/site-packages/airflow/example_dags/tutorial_dag.py
[2025-02-11T00:28:12.054+0000] {processor.py:914} INFO - Processing file /home/airflow/.local/lib/python3.12/site-packages/airflow/example_dags/tutorial_dag.py for tasks to queue
[2025-02-11T00:28:12.057+0000] {logging_mixin.py:190} INFO - [2025-02-11T00:28:12.057+0000] {dagbag.py:588} INFO - Filling up the DagBag from /home/airflow/.local/lib/python3.12/site-packages/airflow/example_dags/tutorial_dag.py
[2025-02-11T00:28:12.069+0000] {processor.py:925} INFO - DAG(s) 'tutorial_dag' retrieved from /home/airflow/.local/lib/python3.12/site-packages/airflow/example_dags/tutorial_dag.py
[2025-02-11T00:28:12.098+0000] {logging_mixin.py:190} INFO - [2025-02-11T00:28:12.098+0000] {dag.py:3239} INFO - Sync 1 DAGs
[2025-02-11T00:28:12.117+0000] {logging_mixin.py:190} INFO - [2025-02-11T00:28:12.116+0000] {dag.py:4180} INFO - Setting next_dagrun for tutorial_dag to None, run_after=None
[2025-02-11T00:28:12.142+0000] {processor.py:208} INFO - Processing /home/airflow/.local/lib/python3.12/site-packages/airflow/example_dags/tutorial_dag.py took 0.098 seconds
[2025-02-11T00:28:42.813+0000] {processor.py:186} INFO - Started process (PID=12380) to work on /home/airflow/.local/lib/python3.12/site-packages/airflow/example_dags/tutorial_dag.py
[2025-02-11T00:28:42.814+0000] {processor.py:914} INFO - Processing file /home/airflow/.local/lib/python3.12/site-packages/airflow/example_dags/tutorial_dag.py for tasks to queue
[2025-02-11T00:28:42.817+0000] {logging_mixin.py:190} INFO - [2025-02-11T00:28:42.816+0000] {dagbag.py:588} INFO - Filling up the DagBag from /home/airflow/.local/lib/python3.12/site-packages/airflow/example_dags/tutorial_dag.py
[2025-02-11T00:28:42.825+0000] {processor.py:925} INFO - DAG(s) 'tutorial_dag' retrieved from /home/airflow/.local/lib/python3.12/site-packages/airflow/example_dags/tutorial_dag.py
[2025-02-11T00:28:42.852+0000] {logging_mixin.py:190} INFO - [2025-02-11T00:28:42.852+0000] {dag.py:3239} INFO - Sync 1 DAGs
[2025-02-11T00:28:42.869+0000] {logging_mixin.py:190} INFO - [2025-02-11T00:28:42.869+0000] {dag.py:4180} INFO - Setting next_dagrun for tutorial_dag to None, run_after=None
[2025-02-11T00:28:42.892+0000] {processor.py:208} INFO - Processing /home/airflow/.local/lib/python3.12/site-packages/airflow/example_dags/tutorial_dag.py took 0.086 seconds
[2025-02-11T00:29:14.146+0000] {processor.py:186} INFO - Started process (PID=12443) to work on /home/airflow/.local/lib/python3.12/site-packages/airflow/example_dags/tutorial_dag.py
[2025-02-11T00:29:14.147+0000] {processor.py:914} INFO - Processing file /home/airflow/.local/lib/python3.12/site-packages/airflow/example_dags/tutorial_dag.py for tasks to queue
[2025-02-11T00:29:14.150+0000] {logging_mixin.py:190} INFO - [2025-02-11T00:29:14.150+0000] {dagbag.py:588} INFO - Filling up the DagBag from /home/airflow/.local/lib/python3.12/site-packages/airflow/example_dags/tutorial_dag.py
[2025-02-11T00:29:14.159+0000] {processor.py:925} INFO - DAG(s) 'tutorial_dag' retrieved from /home/airflow/.local/lib/python3.12/site-packages/airflow/example_dags/tutorial_dag.py
[2025-02-11T00:29:14.184+0000] {logging_mixin.py:190} INFO - [2025-02-11T00:29:14.184+0000] {dag.py:3239} INFO - Sync 1 DAGs
[2025-02-11T00:29:14.202+0000] {logging_mixin.py:190} INFO - [2025-02-11T00:29:14.202+0000] {dag.py:4180} INFO - Setting next_dagrun for tutorial_dag to None, run_after=None
[2025-02-11T00:29:14.224+0000] {processor.py:208} INFO - Processing /home/airflow/.local/lib/python3.12/site-packages/airflow/example_dags/tutorial_dag.py took 0.087 seconds
[2025-02-11T00:29:45.212+0000] {processor.py:186} INFO - Started process (PID=12506) to work on /home/airflow/.local/lib/python3.12/site-packages/airflow/example_dags/tutorial_dag.py
[2025-02-11T00:29:45.213+0000] {processor.py:914} INFO - Processing file /home/airflow/.local/lib/python3.12/site-packages/airflow/example_dags/tutorial_dag.py for tasks to queue
[2025-02-11T00:29:45.217+0000] {logging_mixin.py:190} INFO - [2025-02-11T00:29:45.216+0000] {dagbag.py:588} INFO - Filling up the DagBag from /home/airflow/.local/lib/python3.12/site-packages/airflow/example_dags/tutorial_dag.py
[2025-02-11T00:29:45.225+0000] {processor.py:925} INFO - DAG(s) 'tutorial_dag' retrieved from /home/airflow/.local/lib/python3.12/site-packages/airflow/example_dags/tutorial_dag.py
[2025-02-11T00:29:45.254+0000] {logging_mixin.py:190} INFO - [2025-02-11T00:29:45.254+0000] {dag.py:3239} INFO - Sync 1 DAGs
[2025-02-11T00:29:45.272+0000] {logging_mixin.py:190} INFO - [2025-02-11T00:29:45.272+0000] {dag.py:4180} INFO - Setting next_dagrun for tutorial_dag to None, run_after=None
[2025-02-11T00:29:45.296+0000] {processor.py:208} INFO - Processing /home/airflow/.local/lib/python3.12/site-packages/airflow/example_dags/tutorial_dag.py took 0.091 seconds
[2025-02-11T00:30:16.460+0000] {processor.py:186} INFO - Started process (PID=12569) to work on /home/airflow/.local/lib/python3.12/site-packages/airflow/example_dags/tutorial_dag.py
[2025-02-11T00:30:16.462+0000] {processor.py:914} INFO - Processing file /home/airflow/.local/lib/python3.12/site-packages/airflow/example_dags/tutorial_dag.py for tasks to queue
[2025-02-11T00:30:16.466+0000] {logging_mixin.py:190} INFO - [2025-02-11T00:30:16.465+0000] {dagbag.py:588} INFO - Filling up the DagBag from /home/airflow/.local/lib/python3.12/site-packages/airflow/example_dags/tutorial_dag.py
[2025-02-11T00:30:16.477+0000] {processor.py:925} INFO - DAG(s) 'tutorial_dag' retrieved from /home/airflow/.local/lib/python3.12/site-packages/airflow/example_dags/tutorial_dag.py
[2025-02-11T00:30:16.505+0000] {logging_mixin.py:190} INFO - [2025-02-11T00:30:16.504+0000] {dag.py:3239} INFO - Sync 1 DAGs
[2025-02-11T00:30:16.522+0000] {logging_mixin.py:190} INFO - [2025-02-11T00:30:16.521+0000] {dag.py:4180} INFO - Setting next_dagrun for tutorial_dag to None, run_after=None
[2025-02-11T00:30:16.541+0000] {processor.py:208} INFO - Processing /home/airflow/.local/lib/python3.12/site-packages/airflow/example_dags/tutorial_dag.py took 0.090 seconds
[2025-02-11T00:30:47.989+0000] {processor.py:186} INFO - Started process (PID=12632) to work on /home/airflow/.local/lib/python3.12/site-packages/airflow/example_dags/tutorial_dag.py
[2025-02-11T00:30:47.990+0000] {processor.py:914} INFO - Processing file /home/airflow/.local/lib/python3.12/site-packages/airflow/example_dags/tutorial_dag.py for tasks to queue
[2025-02-11T00:30:47.993+0000] {logging_mixin.py:190} INFO - [2025-02-11T00:30:47.993+0000] {dagbag.py:588} INFO - Filling up the DagBag from /home/airflow/.local/lib/python3.12/site-packages/airflow/example_dags/tutorial_dag.py
[2025-02-11T00:30:48.002+0000] {processor.py:925} INFO - DAG(s) 'tutorial_dag' retrieved from /home/airflow/.local/lib/python3.12/site-packages/airflow/example_dags/tutorial_dag.py
[2025-02-11T00:30:48.028+0000] {logging_mixin.py:190} INFO - [2025-02-11T00:30:48.028+0000] {dag.py:3239} INFO - Sync 1 DAGs
[2025-02-11T00:30:48.045+0000] {logging_mixin.py:190} INFO - [2025-02-11T00:30:48.045+0000] {dag.py:4180} INFO - Setting next_dagrun for tutorial_dag to None, run_after=None
[2025-02-11T00:30:48.067+0000] {processor.py:208} INFO - Processing /home/airflow/.local/lib/python3.12/site-packages/airflow/example_dags/tutorial_dag.py took 0.086 seconds
[2025-02-11T00:31:18.801+0000] {processor.py:186} INFO - Started process (PID=12695) to work on /home/airflow/.local/lib/python3.12/site-packages/airflow/example_dags/tutorial_dag.py
[2025-02-11T00:31:18.803+0000] {processor.py:914} INFO - Processing file /home/airflow/.local/lib/python3.12/site-packages/airflow/example_dags/tutorial_dag.py for tasks to queue
[2025-02-11T00:31:18.805+0000] {logging_mixin.py:190} INFO - [2025-02-11T00:31:18.805+0000] {dagbag.py:588} INFO - Filling up the DagBag from /home/airflow/.local/lib/python3.12/site-packages/airflow/example_dags/tutorial_dag.py
[2025-02-11T00:31:18.814+0000] {processor.py:925} INFO - DAG(s) 'tutorial_dag' retrieved from /home/airflow/.local/lib/python3.12/site-packages/airflow/example_dags/tutorial_dag.py
[2025-02-11T00:31:18.839+0000] {logging_mixin.py:190} INFO - [2025-02-11T00:31:18.839+0000] {dag.py:3239} INFO - Sync 1 DAGs
[2025-02-11T00:31:18.859+0000] {logging_mixin.py:190} INFO - [2025-02-11T00:31:18.859+0000] {dag.py:4180} INFO - Setting next_dagrun for tutorial_dag to None, run_after=None
[2025-02-11T00:31:18.887+0000] {processor.py:208} INFO - Processing /home/airflow/.local/lib/python3.12/site-packages/airflow/example_dags/tutorial_dag.py took 0.095 seconds
[2025-02-11T00:31:50.101+0000] {processor.py:186} INFO - Started process (PID=12758) to work on /home/airflow/.local/lib/python3.12/site-packages/airflow/example_dags/tutorial_dag.py
[2025-02-11T00:31:50.102+0000] {processor.py:914} INFO - Processing file /home/airflow/.local/lib/python3.12/site-packages/airflow/example_dags/tutorial_dag.py for tasks to queue
[2025-02-11T00:31:50.105+0000] {logging_mixin.py:190} INFO - [2025-02-11T00:31:50.104+0000] {dagbag.py:588} INFO - Filling up the DagBag from /home/airflow/.local/lib/python3.12/site-packages/airflow/example_dags/tutorial_dag.py
[2025-02-11T00:31:50.114+0000] {processor.py:925} INFO - DAG(s) 'tutorial_dag' retrieved from /home/airflow/.local/lib/python3.12/site-packages/airflow/example_dags/tutorial_dag.py
[2025-02-11T00:31:50.136+0000] {logging_mixin.py:190} INFO - [2025-02-11T00:31:50.136+0000] {dag.py:3239} INFO - Sync 1 DAGs
[2025-02-11T00:31:50.153+0000] {logging_mixin.py:190} INFO - [2025-02-11T00:31:50.153+0000] {dag.py:4180} INFO - Setting next_dagrun for tutorial_dag to None, run_after=None
[2025-02-11T00:31:50.173+0000] {processor.py:208} INFO - Processing /home/airflow/.local/lib/python3.12/site-packages/airflow/example_dags/tutorial_dag.py took 0.080 seconds
[2025-02-11T00:32:21.745+0000] {processor.py:186} INFO - Started process (PID=12827) to work on /home/airflow/.local/lib/python3.12/site-packages/airflow/example_dags/tutorial_dag.py
[2025-02-11T00:32:21.747+0000] {processor.py:914} INFO - Processing file /home/airflow/.local/lib/python3.12/site-packages/airflow/example_dags/tutorial_dag.py for tasks to queue
[2025-02-11T00:32:21.751+0000] {logging_mixin.py:190} INFO - [2025-02-11T00:32:21.751+0000] {dagbag.py:588} INFO - Filling up the DagBag from /home/airflow/.local/lib/python3.12/site-packages/airflow/example_dags/tutorial_dag.py
[2025-02-11T00:32:21.762+0000] {processor.py:925} INFO - DAG(s) 'tutorial_dag' retrieved from /home/airflow/.local/lib/python3.12/site-packages/airflow/example_dags/tutorial_dag.py
[2025-02-11T00:32:21.785+0000] {logging_mixin.py:190} INFO - [2025-02-11T00:32:21.784+0000] {dag.py:3239} INFO - Sync 1 DAGs
[2025-02-11T00:32:21.802+0000] {logging_mixin.py:190} INFO - [2025-02-11T00:32:21.802+0000] {dag.py:4180} INFO - Setting next_dagrun for tutorial_dag to None, run_after=None
[2025-02-11T00:32:21.825+0000] {processor.py:208} INFO - Processing /home/airflow/.local/lib/python3.12/site-packages/airflow/example_dags/tutorial_dag.py took 0.087 seconds
[2025-02-11T00:32:53.316+0000] {processor.py:186} INFO - Started process (PID=12889) to work on /home/airflow/.local/lib/python3.12/site-packages/airflow/example_dags/tutorial_dag.py
[2025-02-11T00:32:53.317+0000] {processor.py:914} INFO - Processing file /home/airflow/.local/lib/python3.12/site-packages/airflow/example_dags/tutorial_dag.py for tasks to queue
[2025-02-11T00:32:53.320+0000] {logging_mixin.py:190} INFO - [2025-02-11T00:32:53.319+0000] {dagbag.py:588} INFO - Filling up the DagBag from /home/airflow/.local/lib/python3.12/site-packages/airflow/example_dags/tutorial_dag.py
[2025-02-11T00:32:53.329+0000] {processor.py:925} INFO - DAG(s) 'tutorial_dag' retrieved from /home/airflow/.local/lib/python3.12/site-packages/airflow/example_dags/tutorial_dag.py
[2025-02-11T00:32:53.354+0000] {logging_mixin.py:190} INFO - [2025-02-11T00:32:53.354+0000] {dag.py:3239} INFO - Sync 1 DAGs
[2025-02-11T00:32:53.377+0000] {logging_mixin.py:190} INFO - [2025-02-11T00:32:53.377+0000] {dag.py:4180} INFO - Setting next_dagrun for tutorial_dag to None, run_after=None
[2025-02-11T00:32:53.419+0000] {processor.py:208} INFO - Processing /home/airflow/.local/lib/python3.12/site-packages/airflow/example_dags/tutorial_dag.py took 0.111 seconds
[2025-02-11T00:33:24.957+0000] {processor.py:186} INFO - Started process (PID=12952) to work on /home/airflow/.local/lib/python3.12/site-packages/airflow/example_dags/tutorial_dag.py
[2025-02-11T00:33:24.958+0000] {processor.py:914} INFO - Processing file /home/airflow/.local/lib/python3.12/site-packages/airflow/example_dags/tutorial_dag.py for tasks to queue
[2025-02-11T00:33:24.961+0000] {logging_mixin.py:190} INFO - [2025-02-11T00:33:24.960+0000] {dagbag.py:588} INFO - Filling up the DagBag from /home/airflow/.local/lib/python3.12/site-packages/airflow/example_dags/tutorial_dag.py
[2025-02-11T00:33:24.969+0000] {processor.py:925} INFO - DAG(s) 'tutorial_dag' retrieved from /home/airflow/.local/lib/python3.12/site-packages/airflow/example_dags/tutorial_dag.py
[2025-02-11T00:33:24.992+0000] {logging_mixin.py:190} INFO - [2025-02-11T00:33:24.992+0000] {dag.py:3239} INFO - Sync 1 DAGs
[2025-02-11T00:33:25.009+0000] {logging_mixin.py:190} INFO - [2025-02-11T00:33:25.009+0000] {dag.py:4180} INFO - Setting next_dagrun for tutorial_dag to None, run_after=None
[2025-02-11T00:33:25.031+0000] {processor.py:208} INFO - Processing /home/airflow/.local/lib/python3.12/site-packages/airflow/example_dags/tutorial_dag.py took 0.081 seconds
[2025-02-11T00:33:56.178+0000] {processor.py:186} INFO - Started process (PID=13015) to work on /home/airflow/.local/lib/python3.12/site-packages/airflow/example_dags/tutorial_dag.py
[2025-02-11T00:33:56.179+0000] {processor.py:914} INFO - Processing file /home/airflow/.local/lib/python3.12/site-packages/airflow/example_dags/tutorial_dag.py for tasks to queue
[2025-02-11T00:33:56.183+0000] {logging_mixin.py:190} INFO - [2025-02-11T00:33:56.183+0000] {dagbag.py:588} INFO - Filling up the DagBag from /home/airflow/.local/lib/python3.12/site-packages/airflow/example_dags/tutorial_dag.py
[2025-02-11T00:33:56.195+0000] {processor.py:925} INFO - DAG(s) 'tutorial_dag' retrieved from /home/airflow/.local/lib/python3.12/site-packages/airflow/example_dags/tutorial_dag.py
[2025-02-11T00:33:56.226+0000] {logging_mixin.py:190} INFO - [2025-02-11T00:33:56.225+0000] {dag.py:3239} INFO - Sync 1 DAGs
[2025-02-11T00:33:56.244+0000] {logging_mixin.py:190} INFO - [2025-02-11T00:33:56.244+0000] {dag.py:4180} INFO - Setting next_dagrun for tutorial_dag to None, run_after=None
[2025-02-11T00:33:56.267+0000] {processor.py:208} INFO - Processing /home/airflow/.local/lib/python3.12/site-packages/airflow/example_dags/tutorial_dag.py took 0.097 seconds
[2025-02-11T00:34:27.623+0000] {processor.py:186} INFO - Started process (PID=13078) to work on /home/airflow/.local/lib/python3.12/site-packages/airflow/example_dags/tutorial_dag.py
[2025-02-11T00:34:27.624+0000] {processor.py:914} INFO - Processing file /home/airflow/.local/lib/python3.12/site-packages/airflow/example_dags/tutorial_dag.py for tasks to queue
[2025-02-11T00:34:27.626+0000] {logging_mixin.py:190} INFO - [2025-02-11T00:34:27.626+0000] {dagbag.py:588} INFO - Filling up the DagBag from /home/airflow/.local/lib/python3.12/site-packages/airflow/example_dags/tutorial_dag.py
[2025-02-11T00:34:27.635+0000] {processor.py:925} INFO - DAG(s) 'tutorial_dag' retrieved from /home/airflow/.local/lib/python3.12/site-packages/airflow/example_dags/tutorial_dag.py
[2025-02-11T00:34:27.661+0000] {logging_mixin.py:190} INFO - [2025-02-11T00:34:27.661+0000] {dag.py:3239} INFO - Sync 1 DAGs
[2025-02-11T00:34:27.679+0000] {logging_mixin.py:190} INFO - [2025-02-11T00:34:27.678+0000] {dag.py:4180} INFO - Setting next_dagrun for tutorial_dag to None, run_after=None
[2025-02-11T00:34:27.704+0000] {processor.py:208} INFO - Processing /home/airflow/.local/lib/python3.12/site-packages/airflow/example_dags/tutorial_dag.py took 0.088 seconds
[2025-02-11T00:34:58.640+0000] {processor.py:186} INFO - Started process (PID=13141) to work on /home/airflow/.local/lib/python3.12/site-packages/airflow/example_dags/tutorial_dag.py
[2025-02-11T00:34:58.641+0000] {processor.py:914} INFO - Processing file /home/airflow/.local/lib/python3.12/site-packages/airflow/example_dags/tutorial_dag.py for tasks to queue
[2025-02-11T00:34:58.645+0000] {logging_mixin.py:190} INFO - [2025-02-11T00:34:58.644+0000] {dagbag.py:588} INFO - Filling up the DagBag from /home/airflow/.local/lib/python3.12/site-packages/airflow/example_dags/tutorial_dag.py
[2025-02-11T00:34:58.655+0000] {processor.py:925} INFO - DAG(s) 'tutorial_dag' retrieved from /home/airflow/.local/lib/python3.12/site-packages/airflow/example_dags/tutorial_dag.py
[2025-02-11T00:34:58.683+0000] {logging_mixin.py:190} INFO - [2025-02-11T00:34:58.683+0000] {dag.py:3239} INFO - Sync 1 DAGs
[2025-02-11T00:34:58.705+0000] {logging_mixin.py:190} INFO - [2025-02-11T00:34:58.705+0000] {dag.py:4180} INFO - Setting next_dagrun for tutorial_dag to None, run_after=None
[2025-02-11T00:34:58.730+0000] {processor.py:208} INFO - Processing /home/airflow/.local/lib/python3.12/site-packages/airflow/example_dags/tutorial_dag.py took 0.100 seconds
[2025-02-11T00:35:29.747+0000] {processor.py:186} INFO - Started process (PID=13204) to work on /home/airflow/.local/lib/python3.12/site-packages/airflow/example_dags/tutorial_dag.py
[2025-02-11T00:35:29.749+0000] {processor.py:914} INFO - Processing file /home/airflow/.local/lib/python3.12/site-packages/airflow/example_dags/tutorial_dag.py for tasks to queue
[2025-02-11T00:35:29.752+0000] {logging_mixin.py:190} INFO - [2025-02-11T00:35:29.751+0000] {dagbag.py:588} INFO - Filling up the DagBag from /home/airflow/.local/lib/python3.12/site-packages/airflow/example_dags/tutorial_dag.py
[2025-02-11T00:35:29.765+0000] {processor.py:925} INFO - DAG(s) 'tutorial_dag' retrieved from /home/airflow/.local/lib/python3.12/site-packages/airflow/example_dags/tutorial_dag.py
[2025-02-11T00:35:29.796+0000] {logging_mixin.py:190} INFO - [2025-02-11T00:35:29.795+0000] {dag.py:3239} INFO - Sync 1 DAGs
[2025-02-11T00:35:29.816+0000] {logging_mixin.py:190} INFO - [2025-02-11T00:35:29.815+0000] {dag.py:4180} INFO - Setting next_dagrun for tutorial_dag to None, run_after=None
[2025-02-11T00:35:29.841+0000] {processor.py:208} INFO - Processing /home/airflow/.local/lib/python3.12/site-packages/airflow/example_dags/tutorial_dag.py took 0.104 seconds
[2025-02-11T00:36:01.321+0000] {processor.py:186} INFO - Started process (PID=13267) to work on /home/airflow/.local/lib/python3.12/site-packages/airflow/example_dags/tutorial_dag.py
[2025-02-11T00:36:01.350+0000] {processor.py:914} INFO - Processing file /home/airflow/.local/lib/python3.12/site-packages/airflow/example_dags/tutorial_dag.py for tasks to queue
[2025-02-11T00:36:01.388+0000] {logging_mixin.py:190} INFO - [2025-02-11T00:36:01.388+0000] {dagbag.py:588} INFO - Filling up the DagBag from /home/airflow/.local/lib/python3.12/site-packages/airflow/example_dags/tutorial_dag.py
[2025-02-11T00:36:01.422+0000] {processor.py:925} INFO - DAG(s) 'tutorial_dag' retrieved from /home/airflow/.local/lib/python3.12/site-packages/airflow/example_dags/tutorial_dag.py
[2025-02-11T00:36:01.456+0000] {logging_mixin.py:190} INFO - [2025-02-11T00:36:01.456+0000] {dag.py:3239} INFO - Sync 1 DAGs
[2025-02-11T00:36:01.485+0000] {logging_mixin.py:190} INFO - [2025-02-11T00:36:01.485+0000] {dag.py:4180} INFO - Setting next_dagrun for tutorial_dag to None, run_after=None
[2025-02-11T00:36:01.508+0000] {processor.py:208} INFO - Processing /home/airflow/.local/lib/python3.12/site-packages/airflow/example_dags/tutorial_dag.py took 0.195 seconds
[2025-02-11T00:36:32.269+0000] {processor.py:186} INFO - Started process (PID=13330) to work on /home/airflow/.local/lib/python3.12/site-packages/airflow/example_dags/tutorial_dag.py
[2025-02-11T00:36:32.270+0000] {processor.py:914} INFO - Processing file /home/airflow/.local/lib/python3.12/site-packages/airflow/example_dags/tutorial_dag.py for tasks to queue
[2025-02-11T00:36:32.275+0000] {logging_mixin.py:190} INFO - [2025-02-11T00:36:32.274+0000] {dagbag.py:588} INFO - Filling up the DagBag from /home/airflow/.local/lib/python3.12/site-packages/airflow/example_dags/tutorial_dag.py
[2025-02-11T00:36:32.284+0000] {processor.py:925} INFO - DAG(s) 'tutorial_dag' retrieved from /home/airflow/.local/lib/python3.12/site-packages/airflow/example_dags/tutorial_dag.py
[2025-02-11T00:36:32.307+0000] {logging_mixin.py:190} INFO - [2025-02-11T00:36:32.307+0000] {dag.py:3239} INFO - Sync 1 DAGs
[2025-02-11T00:36:32.328+0000] {logging_mixin.py:190} INFO - [2025-02-11T00:36:32.328+0000] {dag.py:4180} INFO - Setting next_dagrun for tutorial_dag to None, run_after=None
[2025-02-11T00:36:32.352+0000] {processor.py:208} INFO - Processing /home/airflow/.local/lib/python3.12/site-packages/airflow/example_dags/tutorial_dag.py took 0.089 seconds
[2025-02-11T00:37:03.319+0000] {processor.py:186} INFO - Started process (PID=13392) to work on /home/airflow/.local/lib/python3.12/site-packages/airflow/example_dags/tutorial_dag.py
[2025-02-11T00:37:03.320+0000] {processor.py:914} INFO - Processing file /home/airflow/.local/lib/python3.12/site-packages/airflow/example_dags/tutorial_dag.py for tasks to queue
[2025-02-11T00:37:03.324+0000] {logging_mixin.py:190} INFO - [2025-02-11T00:37:03.323+0000] {dagbag.py:588} INFO - Filling up the DagBag from /home/airflow/.local/lib/python3.12/site-packages/airflow/example_dags/tutorial_dag.py
[2025-02-11T00:37:03.333+0000] {processor.py:925} INFO - DAG(s) 'tutorial_dag' retrieved from /home/airflow/.local/lib/python3.12/site-packages/airflow/example_dags/tutorial_dag.py
[2025-02-11T00:37:03.357+0000] {logging_mixin.py:190} INFO - [2025-02-11T00:37:03.356+0000] {dag.py:3239} INFO - Sync 1 DAGs
[2025-02-11T00:37:03.373+0000] {logging_mixin.py:190} INFO - [2025-02-11T00:37:03.373+0000] {dag.py:4180} INFO - Setting next_dagrun for tutorial_dag to None, run_after=None
[2025-02-11T00:37:03.395+0000] {processor.py:208} INFO - Processing /home/airflow/.local/lib/python3.12/site-packages/airflow/example_dags/tutorial_dag.py took 0.083 seconds
[2025-02-11T00:37:34.877+0000] {processor.py:186} INFO - Started process (PID=13456) to work on /home/airflow/.local/lib/python3.12/site-packages/airflow/example_dags/tutorial_dag.py
[2025-02-11T00:37:34.878+0000] {processor.py:914} INFO - Processing file /home/airflow/.local/lib/python3.12/site-packages/airflow/example_dags/tutorial_dag.py for tasks to queue
[2025-02-11T00:37:34.881+0000] {logging_mixin.py:190} INFO - [2025-02-11T00:37:34.881+0000] {dagbag.py:588} INFO - Filling up the DagBag from /home/airflow/.local/lib/python3.12/site-packages/airflow/example_dags/tutorial_dag.py
[2025-02-11T00:37:34.894+0000] {processor.py:925} INFO - DAG(s) 'tutorial_dag' retrieved from /home/airflow/.local/lib/python3.12/site-packages/airflow/example_dags/tutorial_dag.py
[2025-02-11T00:37:34.937+0000] {logging_mixin.py:190} INFO - [2025-02-11T00:37:34.937+0000] {dag.py:3239} INFO - Sync 1 DAGs
[2025-02-11T00:37:34.961+0000] {logging_mixin.py:190} INFO - [2025-02-11T00:37:34.961+0000] {dag.py:4180} INFO - Setting next_dagrun for tutorial_dag to None, run_after=None
[2025-02-11T00:37:34.989+0000] {processor.py:208} INFO - Processing /home/airflow/.local/lib/python3.12/site-packages/airflow/example_dags/tutorial_dag.py took 0.120 seconds
[2025-02-11T00:38:05.720+0000] {processor.py:186} INFO - Started process (PID=13519) to work on /home/airflow/.local/lib/python3.12/site-packages/airflow/example_dags/tutorial_dag.py
[2025-02-11T00:38:05.721+0000] {processor.py:914} INFO - Processing file /home/airflow/.local/lib/python3.12/site-packages/airflow/example_dags/tutorial_dag.py for tasks to queue
[2025-02-11T00:38:05.723+0000] {logging_mixin.py:190} INFO - [2025-02-11T00:38:05.723+0000] {dagbag.py:588} INFO - Filling up the DagBag from /home/airflow/.local/lib/python3.12/site-packages/airflow/example_dags/tutorial_dag.py
[2025-02-11T00:38:05.732+0000] {processor.py:925} INFO - DAG(s) 'tutorial_dag' retrieved from /home/airflow/.local/lib/python3.12/site-packages/airflow/example_dags/tutorial_dag.py
[2025-02-11T00:38:05.753+0000] {logging_mixin.py:190} INFO - [2025-02-11T00:38:05.753+0000] {dag.py:3239} INFO - Sync 1 DAGs
[2025-02-11T00:38:05.769+0000] {logging_mixin.py:190} INFO - [2025-02-11T00:38:05.769+0000] {dag.py:4180} INFO - Setting next_dagrun for tutorial_dag to None, run_after=None
[2025-02-11T00:38:05.791+0000] {processor.py:208} INFO - Processing /home/airflow/.local/lib/python3.12/site-packages/airflow/example_dags/tutorial_dag.py took 0.079 seconds
[2025-02-11T00:38:37.958+0000] {processor.py:186} INFO - Started process (PID=13588) to work on /home/airflow/.local/lib/python3.12/site-packages/airflow/example_dags/tutorial_dag.py
[2025-02-11T00:38:37.960+0000] {processor.py:914} INFO - Processing file /home/airflow/.local/lib/python3.12/site-packages/airflow/example_dags/tutorial_dag.py for tasks to queue
[2025-02-11T00:38:37.962+0000] {logging_mixin.py:190} INFO - [2025-02-11T00:38:37.962+0000] {dagbag.py:588} INFO - Filling up the DagBag from /home/airflow/.local/lib/python3.12/site-packages/airflow/example_dags/tutorial_dag.py
[2025-02-11T00:38:37.974+0000] {processor.py:925} INFO - DAG(s) 'tutorial_dag' retrieved from /home/airflow/.local/lib/python3.12/site-packages/airflow/example_dags/tutorial_dag.py
[2025-02-11T00:38:38.000+0000] {logging_mixin.py:190} INFO - [2025-02-11T00:38:38.000+0000] {dag.py:3239} INFO - Sync 1 DAGs
[2025-02-11T00:38:38.018+0000] {logging_mixin.py:190} INFO - [2025-02-11T00:38:38.017+0000] {dag.py:4180} INFO - Setting next_dagrun for tutorial_dag to None, run_after=None
[2025-02-11T00:38:38.043+0000] {processor.py:208} INFO - Processing /home/airflow/.local/lib/python3.12/site-packages/airflow/example_dags/tutorial_dag.py took 0.092 seconds
[2025-02-11T00:39:09.147+0000] {processor.py:186} INFO - Started process (PID=13651) to work on /home/airflow/.local/lib/python3.12/site-packages/airflow/example_dags/tutorial_dag.py
[2025-02-11T00:39:09.148+0000] {processor.py:914} INFO - Processing file /home/airflow/.local/lib/python3.12/site-packages/airflow/example_dags/tutorial_dag.py for tasks to queue
[2025-02-11T00:39:09.152+0000] {logging_mixin.py:190} INFO - [2025-02-11T00:39:09.151+0000] {dagbag.py:588} INFO - Filling up the DagBag from /home/airflow/.local/lib/python3.12/site-packages/airflow/example_dags/tutorial_dag.py
[2025-02-11T00:39:09.163+0000] {processor.py:925} INFO - DAG(s) 'tutorial_dag' retrieved from /home/airflow/.local/lib/python3.12/site-packages/airflow/example_dags/tutorial_dag.py
[2025-02-11T00:39:09.193+0000] {logging_mixin.py:190} INFO - [2025-02-11T00:39:09.193+0000] {dag.py:3239} INFO - Sync 1 DAGs
[2025-02-11T00:39:09.215+0000] {logging_mixin.py:190} INFO - [2025-02-11T00:39:09.215+0000] {dag.py:4180} INFO - Setting next_dagrun for tutorial_dag to None, run_after=None
[2025-02-11T00:39:09.243+0000] {processor.py:208} INFO - Processing /home/airflow/.local/lib/python3.12/site-packages/airflow/example_dags/tutorial_dag.py took 0.132 seconds
[2025-02-11T00:39:40.174+0000] {processor.py:186} INFO - Started process (PID=13714) to work on /home/airflow/.local/lib/python3.12/site-packages/airflow/example_dags/tutorial_dag.py
[2025-02-11T00:39:40.175+0000] {processor.py:914} INFO - Processing file /home/airflow/.local/lib/python3.12/site-packages/airflow/example_dags/tutorial_dag.py for tasks to queue
[2025-02-11T00:39:40.178+0000] {logging_mixin.py:190} INFO - [2025-02-11T00:39:40.177+0000] {dagbag.py:588} INFO - Filling up the DagBag from /home/airflow/.local/lib/python3.12/site-packages/airflow/example_dags/tutorial_dag.py
[2025-02-11T00:39:40.186+0000] {processor.py:925} INFO - DAG(s) 'tutorial_dag' retrieved from /home/airflow/.local/lib/python3.12/site-packages/airflow/example_dags/tutorial_dag.py
[2025-02-11T00:39:40.213+0000] {logging_mixin.py:190} INFO - [2025-02-11T00:39:40.212+0000] {dag.py:3239} INFO - Sync 1 DAGs
[2025-02-11T00:39:40.230+0000] {logging_mixin.py:190} INFO - [2025-02-11T00:39:40.230+0000] {dag.py:4180} INFO - Setting next_dagrun for tutorial_dag to None, run_after=None
[2025-02-11T00:39:40.253+0000] {processor.py:208} INFO - Processing /home/airflow/.local/lib/python3.12/site-packages/airflow/example_dags/tutorial_dag.py took 0.086 seconds
[2025-02-11T00:40:11.797+0000] {processor.py:186} INFO - Started process (PID=13778) to work on /home/airflow/.local/lib/python3.12/site-packages/airflow/example_dags/tutorial_dag.py
[2025-02-11T00:40:11.798+0000] {processor.py:914} INFO - Processing file /home/airflow/.local/lib/python3.12/site-packages/airflow/example_dags/tutorial_dag.py for tasks to queue
[2025-02-11T00:40:11.801+0000] {logging_mixin.py:190} INFO - [2025-02-11T00:40:11.801+0000] {dagbag.py:588} INFO - Filling up the DagBag from /home/airflow/.local/lib/python3.12/site-packages/airflow/example_dags/tutorial_dag.py
[2025-02-11T00:40:11.811+0000] {processor.py:925} INFO - DAG(s) 'tutorial_dag' retrieved from /home/airflow/.local/lib/python3.12/site-packages/airflow/example_dags/tutorial_dag.py
[2025-02-11T00:40:11.833+0000] {logging_mixin.py:190} INFO - [2025-02-11T00:40:11.833+0000] {dag.py:3239} INFO - Sync 1 DAGs
[2025-02-11T00:40:11.849+0000] {logging_mixin.py:190} INFO - [2025-02-11T00:40:11.849+0000] {dag.py:4180} INFO - Setting next_dagrun for tutorial_dag to None, run_after=None
[2025-02-11T00:40:11.871+0000] {processor.py:208} INFO - Processing /home/airflow/.local/lib/python3.12/site-packages/airflow/example_dags/tutorial_dag.py took 0.081 seconds
[2025-02-11T00:40:42.858+0000] {processor.py:186} INFO - Started process (PID=13842) to work on /home/airflow/.local/lib/python3.12/site-packages/airflow/example_dags/tutorial_dag.py
[2025-02-11T00:40:42.859+0000] {processor.py:914} INFO - Processing file /home/airflow/.local/lib/python3.12/site-packages/airflow/example_dags/tutorial_dag.py for tasks to queue
[2025-02-11T00:40:42.863+0000] {logging_mixin.py:190} INFO - [2025-02-11T00:40:42.862+0000] {dagbag.py:588} INFO - Filling up the DagBag from /home/airflow/.local/lib/python3.12/site-packages/airflow/example_dags/tutorial_dag.py
[2025-02-11T00:40:42.874+0000] {processor.py:925} INFO - DAG(s) 'tutorial_dag' retrieved from /home/airflow/.local/lib/python3.12/site-packages/airflow/example_dags/tutorial_dag.py
[2025-02-11T00:40:42.902+0000] {logging_mixin.py:190} INFO - [2025-02-11T00:40:42.902+0000] {dag.py:3239} INFO - Sync 1 DAGs
[2025-02-11T00:40:42.925+0000] {logging_mixin.py:190} INFO - [2025-02-11T00:40:42.924+0000] {dag.py:4180} INFO - Setting next_dagrun for tutorial_dag to None, run_after=None
[2025-02-11T00:40:42.953+0000] {processor.py:208} INFO - Processing /home/airflow/.local/lib/python3.12/site-packages/airflow/example_dags/tutorial_dag.py took 0.105 seconds
