[2025-02-03T10:52:16.781+0000] {processor.py:186} INFO - Started process (PID=115) to work on /home/airflow/.local/lib/python3.12/site-packages/airflow/example_dags/example_task_group_decorator.py
[2025-02-03T10:52:16.782+0000] {processor.py:914} INFO - Processing file /home/airflow/.local/lib/python3.12/site-packages/airflow/example_dags/example_task_group_decorator.py for tasks to queue
[2025-02-03T10:52:16.786+0000] {logging_mixin.py:190} INFO - [2025-02-03T10:52:16.785+0000] {dagbag.py:588} INFO - Filling up the DagBag from /home/airflow/.local/lib/python3.12/site-packages/airflow/example_dags/example_task_group_decorator.py
[2025-02-03T10:52:16.810+0000] {processor.py:925} INFO - DAG(s) 'example_task_group_decorator' retrieved from /home/airflow/.local/lib/python3.12/site-packages/airflow/example_dags/example_task_group_decorator.py
[2025-02-03T10:52:16.972+0000] {logging_mixin.py:190} INFO - [2025-02-03T10:52:16.972+0000] {override.py:1911} INFO - Created Permission View: can read on DAG:example_task_group_decorator
[2025-02-03T10:52:16.988+0000] {logging_mixin.py:190} INFO - [2025-02-03T10:52:16.987+0000] {override.py:1911} INFO - Created Permission View: can edit on DAG:example_task_group_decorator
[2025-02-03T10:52:16.999+0000] {logging_mixin.py:190} INFO - [2025-02-03T10:52:16.999+0000] {override.py:1911} INFO - Created Permission View: can delete on DAG:example_task_group_decorator
[2025-02-03T10:52:17.011+0000] {logging_mixin.py:190} INFO - [2025-02-03T10:52:17.011+0000] {override.py:1911} INFO - Created Permission View: can read on DAG Run:example_task_group_decorator
[2025-02-03T10:52:17.022+0000] {logging_mixin.py:190} INFO - [2025-02-03T10:52:17.022+0000] {override.py:1911} INFO - Created Permission View: can create on DAG Run:example_task_group_decorator
[2025-02-03T10:52:17.033+0000] {logging_mixin.py:190} INFO - [2025-02-03T10:52:17.033+0000] {override.py:1911} INFO - Created Permission View: menu access on DAG Run:example_task_group_decorator
[2025-02-03T10:52:17.045+0000] {logging_mixin.py:190} INFO - [2025-02-03T10:52:17.044+0000] {override.py:1911} INFO - Created Permission View: can delete on DAG Run:example_task_group_decorator
[2025-02-03T10:52:17.046+0000] {logging_mixin.py:190} INFO - [2025-02-03T10:52:17.046+0000] {dag.py:3239} INFO - Sync 1 DAGs
[2025-02-03T10:52:17.067+0000] {logging_mixin.py:190} INFO - [2025-02-03T10:52:17.067+0000] {dag.py:3262} INFO - Creating ORM DAG for example_task_group_decorator
[2025-02-03T10:52:17.069+0000] {logging_mixin.py:190} INFO - [2025-02-03T10:52:17.068+0000] {dag.py:4180} INFO - Setting next_dagrun for example_task_group_decorator to None, run_after=None
[2025-02-03T10:52:17.097+0000] {processor.py:208} INFO - Processing /home/airflow/.local/lib/python3.12/site-packages/airflow/example_dags/example_task_group_decorator.py took 0.325 seconds
[2025-02-03T10:52:47.296+0000] {processor.py:186} INFO - Started process (PID=177) to work on /home/airflow/.local/lib/python3.12/site-packages/airflow/example_dags/example_task_group_decorator.py
[2025-02-03T10:52:47.297+0000] {processor.py:914} INFO - Processing file /home/airflow/.local/lib/python3.12/site-packages/airflow/example_dags/example_task_group_decorator.py for tasks to queue
[2025-02-03T10:52:47.299+0000] {logging_mixin.py:190} INFO - [2025-02-03T10:52:47.299+0000] {dagbag.py:588} INFO - Filling up the DagBag from /home/airflow/.local/lib/python3.12/site-packages/airflow/example_dags/example_task_group_decorator.py
[2025-02-03T10:52:47.317+0000] {processor.py:925} INFO - DAG(s) 'example_task_group_decorator' retrieved from /home/airflow/.local/lib/python3.12/site-packages/airflow/example_dags/example_task_group_decorator.py
[2025-02-03T10:52:47.347+0000] {logging_mixin.py:190} INFO - [2025-02-03T10:52:47.346+0000] {dag.py:3239} INFO - Sync 1 DAGs
[2025-02-03T10:52:47.364+0000] {logging_mixin.py:190} INFO - [2025-02-03T10:52:47.364+0000] {dag.py:4180} INFO - Setting next_dagrun for example_task_group_decorator to None, run_after=None
[2025-02-03T10:52:47.384+0000] {processor.py:208} INFO - Processing /home/airflow/.local/lib/python3.12/site-packages/airflow/example_dags/example_task_group_decorator.py took 0.096 seconds
[2025-02-03T10:53:17.573+0000] {processor.py:186} INFO - Started process (PID=240) to work on /home/airflow/.local/lib/python3.12/site-packages/airflow/example_dags/example_task_group_decorator.py
[2025-02-03T10:53:17.575+0000] {processor.py:914} INFO - Processing file /home/airflow/.local/lib/python3.12/site-packages/airflow/example_dags/example_task_group_decorator.py for tasks to queue
[2025-02-03T10:53:17.578+0000] {logging_mixin.py:190} INFO - [2025-02-03T10:53:17.578+0000] {dagbag.py:588} INFO - Filling up the DagBag from /home/airflow/.local/lib/python3.12/site-packages/airflow/example_dags/example_task_group_decorator.py
[2025-02-03T10:53:17.604+0000] {processor.py:925} INFO - DAG(s) 'example_task_group_decorator' retrieved from /home/airflow/.local/lib/python3.12/site-packages/airflow/example_dags/example_task_group_decorator.py
[2025-02-03T10:53:17.643+0000] {logging_mixin.py:190} INFO - [2025-02-03T10:53:17.643+0000] {dag.py:3239} INFO - Sync 1 DAGs
[2025-02-03T10:53:17.687+0000] {logging_mixin.py:190} INFO - [2025-02-03T10:53:17.687+0000] {dag.py:4180} INFO - Setting next_dagrun for example_task_group_decorator to None, run_after=None
[2025-02-03T10:53:17.719+0000] {processor.py:208} INFO - Processing /home/airflow/.local/lib/python3.12/site-packages/airflow/example_dags/example_task_group_decorator.py took 0.156 seconds
