[2025-02-03T10:52:06.651+0000] {processor.py:186} INFO - Started process (PID=76) to work on /home/airflow/.local/lib/python3.12/site-packages/airflow/example_dags/example_sensor_decorator.py
[2025-02-03T10:52:06.653+0000] {processor.py:914} INFO - Processing file /home/airflow/.local/lib/python3.12/site-packages/airflow/example_dags/example_sensor_decorator.py for tasks to queue
[2025-02-03T10:52:06.658+0000] {logging_mixin.py:190} INFO - [2025-02-03T10:52:06.657+0000] {dagbag.py:588} INFO - Filling up the DagBag from /home/airflow/.local/lib/python3.12/site-packages/airflow/example_dags/example_sensor_decorator.py
[2025-02-03T10:52:06.673+0000] {processor.py:925} INFO - DAG(s) 'example_sensor_decorator' retrieved from /home/airflow/.local/lib/python3.12/site-packages/airflow/example_dags/example_sensor_decorator.py
[2025-02-03T10:52:06.842+0000] {logging_mixin.py:190} INFO - [2025-02-03T10:52:06.841+0000] {override.py:1911} INFO - Created Permission View: can read on DAG:example_sensor_decorator
[2025-02-03T10:52:06.860+0000] {logging_mixin.py:190} INFO - [2025-02-03T10:52:06.860+0000] {override.py:1911} INFO - Created Permission View: can edit on DAG:example_sensor_decorator
[2025-02-03T10:52:06.875+0000] {logging_mixin.py:190} INFO - [2025-02-03T10:52:06.875+0000] {override.py:1911} INFO - Created Permission View: can delete on DAG:example_sensor_decorator
[2025-02-03T10:52:06.889+0000] {logging_mixin.py:190} INFO - [2025-02-03T10:52:06.889+0000] {override.py:1911} INFO - Created Permission View: can read on DAG Run:example_sensor_decorator
[2025-02-03T10:52:06.899+0000] {logging_mixin.py:190} INFO - [2025-02-03T10:52:06.898+0000] {override.py:1911} INFO - Created Permission View: can create on DAG Run:example_sensor_decorator
[2025-02-03T10:52:06.909+0000] {logging_mixin.py:190} INFO - [2025-02-03T10:52:06.909+0000] {override.py:1911} INFO - Created Permission View: menu access on DAG Run:example_sensor_decorator
[2025-02-03T10:52:06.918+0000] {logging_mixin.py:190} INFO - [2025-02-03T10:52:06.918+0000] {override.py:1911} INFO - Created Permission View: can delete on DAG Run:example_sensor_decorator
[2025-02-03T10:52:06.919+0000] {logging_mixin.py:190} INFO - [2025-02-03T10:52:06.919+0000] {dag.py:3239} INFO - Sync 1 DAGs
[2025-02-03T10:52:06.940+0000] {logging_mixin.py:190} INFO - [2025-02-03T10:52:06.940+0000] {dag.py:3262} INFO - Creating ORM DAG for example_sensor_decorator
[2025-02-03T10:52:06.941+0000] {logging_mixin.py:190} INFO - [2025-02-03T10:52:06.941+0000] {dag.py:4180} INFO - Setting next_dagrun for example_sensor_decorator to None, run_after=None
[2025-02-03T10:52:06.969+0000] {processor.py:208} INFO - Processing /home/airflow/.local/lib/python3.12/site-packages/airflow/example_dags/example_sensor_decorator.py took 0.327 seconds
[2025-02-03T10:52:37.721+0000] {processor.py:186} INFO - Started process (PID=138) to work on /home/airflow/.local/lib/python3.12/site-packages/airflow/example_dags/example_sensor_decorator.py
[2025-02-03T10:52:37.722+0000] {processor.py:914} INFO - Processing file /home/airflow/.local/lib/python3.12/site-packages/airflow/example_dags/example_sensor_decorator.py for tasks to queue
[2025-02-03T10:52:37.725+0000] {logging_mixin.py:190} INFO - [2025-02-03T10:52:37.725+0000] {dagbag.py:588} INFO - Filling up the DagBag from /home/airflow/.local/lib/python3.12/site-packages/airflow/example_dags/example_sensor_decorator.py
[2025-02-03T10:52:37.738+0000] {processor.py:925} INFO - DAG(s) 'example_sensor_decorator' retrieved from /home/airflow/.local/lib/python3.12/site-packages/airflow/example_dags/example_sensor_decorator.py
[2025-02-03T10:52:37.767+0000] {logging_mixin.py:190} INFO - [2025-02-03T10:52:37.767+0000] {dag.py:3239} INFO - Sync 1 DAGs
[2025-02-03T10:52:37.784+0000] {logging_mixin.py:190} INFO - [2025-02-03T10:52:37.784+0000] {dag.py:4180} INFO - Setting next_dagrun for example_sensor_decorator to None, run_after=None
[2025-02-03T10:52:37.806+0000] {processor.py:208} INFO - Processing /home/airflow/.local/lib/python3.12/site-packages/airflow/example_dags/example_sensor_decorator.py took 0.093 seconds
[2025-02-03T10:53:08.403+0000] {processor.py:186} INFO - Started process (PID=201) to work on /home/airflow/.local/lib/python3.12/site-packages/airflow/example_dags/example_sensor_decorator.py
[2025-02-03T10:53:08.406+0000] {processor.py:914} INFO - Processing file /home/airflow/.local/lib/python3.12/site-packages/airflow/example_dags/example_sensor_decorator.py for tasks to queue
[2025-02-03T10:53:08.409+0000] {logging_mixin.py:190} INFO - [2025-02-03T10:53:08.408+0000] {dagbag.py:588} INFO - Filling up the DagBag from /home/airflow/.local/lib/python3.12/site-packages/airflow/example_dags/example_sensor_decorator.py
[2025-02-03T10:53:08.425+0000] {processor.py:925} INFO - DAG(s) 'example_sensor_decorator' retrieved from /home/airflow/.local/lib/python3.12/site-packages/airflow/example_dags/example_sensor_decorator.py
[2025-02-03T10:53:08.453+0000] {logging_mixin.py:190} INFO - [2025-02-03T10:53:08.452+0000] {dag.py:3239} INFO - Sync 1 DAGs
[2025-02-03T10:53:08.470+0000] {logging_mixin.py:190} INFO - [2025-02-03T10:53:08.470+0000] {dag.py:4180} INFO - Setting next_dagrun for example_sensor_decorator to None, run_after=None
[2025-02-03T10:53:08.493+0000] {processor.py:208} INFO - Processing /home/airflow/.local/lib/python3.12/site-packages/airflow/example_dags/example_sensor_decorator.py took 0.098 seconds
[2025-02-03T23:48:11.020+0000] {processor.py:186} INFO - Started process (PID=68) to work on /home/airflow/.local/lib/python3.12/site-packages/airflow/example_dags/example_sensor_decorator.py
[2025-02-03T23:48:11.022+0000] {processor.py:914} INFO - Processing file /home/airflow/.local/lib/python3.12/site-packages/airflow/example_dags/example_sensor_decorator.py for tasks to queue
[2025-02-03T23:48:11.026+0000] {logging_mixin.py:190} INFO - [2025-02-03T23:48:11.026+0000] {dagbag.py:588} INFO - Filling up the DagBag from /home/airflow/.local/lib/python3.12/site-packages/airflow/example_dags/example_sensor_decorator.py
[2025-02-03T23:48:11.041+0000] {processor.py:925} INFO - DAG(s) 'example_sensor_decorator' retrieved from /home/airflow/.local/lib/python3.12/site-packages/airflow/example_dags/example_sensor_decorator.py
[2025-02-03T23:48:11.082+0000] {logging_mixin.py:190} INFO - [2025-02-03T23:48:11.082+0000] {dag.py:3239} INFO - Sync 1 DAGs
[2025-02-03T23:48:11.115+0000] {logging_mixin.py:190} INFO - [2025-02-03T23:48:11.114+0000] {dag.py:4180} INFO - Setting next_dagrun for example_sensor_decorator to None, run_after=None
[2025-02-03T23:48:11.149+0000] {processor.py:208} INFO - Processing /home/airflow/.local/lib/python3.12/site-packages/airflow/example_dags/example_sensor_decorator.py took 0.136 seconds
[2025-02-03T23:48:41.586+0000] {processor.py:186} INFO - Started process (PID=130) to work on /home/airflow/.local/lib/python3.12/site-packages/airflow/example_dags/example_sensor_decorator.py
[2025-02-03T23:48:41.589+0000] {processor.py:914} INFO - Processing file /home/airflow/.local/lib/python3.12/site-packages/airflow/example_dags/example_sensor_decorator.py for tasks to queue
[2025-02-03T23:48:41.593+0000] {logging_mixin.py:190} INFO - [2025-02-03T23:48:41.593+0000] {dagbag.py:588} INFO - Filling up the DagBag from /home/airflow/.local/lib/python3.12/site-packages/airflow/example_dags/example_sensor_decorator.py
[2025-02-03T23:48:41.607+0000] {processor.py:925} INFO - DAG(s) 'example_sensor_decorator' retrieved from /home/airflow/.local/lib/python3.12/site-packages/airflow/example_dags/example_sensor_decorator.py
[2025-02-03T23:48:41.638+0000] {logging_mixin.py:190} INFO - [2025-02-03T23:48:41.638+0000] {dag.py:3239} INFO - Sync 1 DAGs
[2025-02-03T23:48:41.657+0000] {logging_mixin.py:190} INFO - [2025-02-03T23:48:41.657+0000] {dag.py:4180} INFO - Setting next_dagrun for example_sensor_decorator to None, run_after=None
[2025-02-03T23:48:41.683+0000] {processor.py:208} INFO - Processing /home/airflow/.local/lib/python3.12/site-packages/airflow/example_dags/example_sensor_decorator.py took 0.107 seconds
[2025-02-03T23:49:12.351+0000] {processor.py:186} INFO - Started process (PID=193) to work on /home/airflow/.local/lib/python3.12/site-packages/airflow/example_dags/example_sensor_decorator.py
[2025-02-03T23:49:12.353+0000] {processor.py:914} INFO - Processing file /home/airflow/.local/lib/python3.12/site-packages/airflow/example_dags/example_sensor_decorator.py for tasks to queue
[2025-02-03T23:49:12.357+0000] {logging_mixin.py:190} INFO - [2025-02-03T23:49:12.356+0000] {dagbag.py:588} INFO - Filling up the DagBag from /home/airflow/.local/lib/python3.12/site-packages/airflow/example_dags/example_sensor_decorator.py
[2025-02-03T23:49:12.374+0000] {processor.py:925} INFO - DAG(s) 'example_sensor_decorator' retrieved from /home/airflow/.local/lib/python3.12/site-packages/airflow/example_dags/example_sensor_decorator.py
[2025-02-03T23:49:12.401+0000] {logging_mixin.py:190} INFO - [2025-02-03T23:49:12.401+0000] {dag.py:3239} INFO - Sync 1 DAGs
[2025-02-03T23:49:12.422+0000] {logging_mixin.py:190} INFO - [2025-02-03T23:49:12.422+0000] {dag.py:4180} INFO - Setting next_dagrun for example_sensor_decorator to None, run_after=None
[2025-02-03T23:49:12.444+0000] {processor.py:208} INFO - Processing /home/airflow/.local/lib/python3.12/site-packages/airflow/example_dags/example_sensor_decorator.py took 0.105 seconds
[2025-02-03T23:49:42.651+0000] {processor.py:186} INFO - Started process (PID=256) to work on /home/airflow/.local/lib/python3.12/site-packages/airflow/example_dags/example_sensor_decorator.py
[2025-02-03T23:49:42.653+0000] {processor.py:914} INFO - Processing file /home/airflow/.local/lib/python3.12/site-packages/airflow/example_dags/example_sensor_decorator.py for tasks to queue
[2025-02-03T23:49:42.655+0000] {logging_mixin.py:190} INFO - [2025-02-03T23:49:42.655+0000] {dagbag.py:588} INFO - Filling up the DagBag from /home/airflow/.local/lib/python3.12/site-packages/airflow/example_dags/example_sensor_decorator.py
[2025-02-03T23:49:42.665+0000] {processor.py:925} INFO - DAG(s) 'example_sensor_decorator' retrieved from /home/airflow/.local/lib/python3.12/site-packages/airflow/example_dags/example_sensor_decorator.py
[2025-02-03T23:49:42.690+0000] {logging_mixin.py:190} INFO - [2025-02-03T23:49:42.690+0000] {dag.py:3239} INFO - Sync 1 DAGs
[2025-02-03T23:49:42.713+0000] {logging_mixin.py:190} INFO - [2025-02-03T23:49:42.713+0000] {dag.py:4180} INFO - Setting next_dagrun for example_sensor_decorator to None, run_after=None
[2025-02-03T23:49:42.738+0000] {processor.py:208} INFO - Processing /home/airflow/.local/lib/python3.12/site-packages/airflow/example_dags/example_sensor_decorator.py took 0.094 seconds
[2025-02-03T23:50:12.791+0000] {processor.py:186} INFO - Started process (PID=319) to work on /home/airflow/.local/lib/python3.12/site-packages/airflow/example_dags/example_sensor_decorator.py
[2025-02-03T23:50:12.792+0000] {processor.py:914} INFO - Processing file /home/airflow/.local/lib/python3.12/site-packages/airflow/example_dags/example_sensor_decorator.py for tasks to queue
[2025-02-03T23:50:12.795+0000] {logging_mixin.py:190} INFO - [2025-02-03T23:50:12.794+0000] {dagbag.py:588} INFO - Filling up the DagBag from /home/airflow/.local/lib/python3.12/site-packages/airflow/example_dags/example_sensor_decorator.py
[2025-02-03T23:50:12.806+0000] {processor.py:925} INFO - DAG(s) 'example_sensor_decorator' retrieved from /home/airflow/.local/lib/python3.12/site-packages/airflow/example_dags/example_sensor_decorator.py
[2025-02-03T23:50:12.834+0000] {logging_mixin.py:190} INFO - [2025-02-03T23:50:12.834+0000] {dag.py:3239} INFO - Sync 1 DAGs
[2025-02-03T23:50:12.851+0000] {logging_mixin.py:190} INFO - [2025-02-03T23:50:12.851+0000] {dag.py:4180} INFO - Setting next_dagrun for example_sensor_decorator to None, run_after=None
[2025-02-03T23:50:12.875+0000] {processor.py:208} INFO - Processing /home/airflow/.local/lib/python3.12/site-packages/airflow/example_dags/example_sensor_decorator.py took 0.092 seconds
[2025-02-03T23:50:42.988+0000] {processor.py:186} INFO - Started process (PID=382) to work on /home/airflow/.local/lib/python3.12/site-packages/airflow/example_dags/example_sensor_decorator.py
[2025-02-03T23:50:42.989+0000] {processor.py:914} INFO - Processing file /home/airflow/.local/lib/python3.12/site-packages/airflow/example_dags/example_sensor_decorator.py for tasks to queue
[2025-02-03T23:50:42.992+0000] {logging_mixin.py:190} INFO - [2025-02-03T23:50:42.992+0000] {dagbag.py:588} INFO - Filling up the DagBag from /home/airflow/.local/lib/python3.12/site-packages/airflow/example_dags/example_sensor_decorator.py
[2025-02-03T23:50:43.003+0000] {processor.py:925} INFO - DAG(s) 'example_sensor_decorator' retrieved from /home/airflow/.local/lib/python3.12/site-packages/airflow/example_dags/example_sensor_decorator.py
[2025-02-03T23:50:43.026+0000] {logging_mixin.py:190} INFO - [2025-02-03T23:50:43.026+0000] {dag.py:3239} INFO - Sync 1 DAGs
[2025-02-03T23:50:43.046+0000] {logging_mixin.py:190} INFO - [2025-02-03T23:50:43.045+0000] {dag.py:4180} INFO - Setting next_dagrun for example_sensor_decorator to None, run_after=None
[2025-02-03T23:50:43.070+0000] {processor.py:208} INFO - Processing /home/airflow/.local/lib/python3.12/site-packages/airflow/example_dags/example_sensor_decorator.py took 0.089 seconds
[2025-02-03T23:51:13.748+0000] {processor.py:186} INFO - Started process (PID=445) to work on /home/airflow/.local/lib/python3.12/site-packages/airflow/example_dags/example_sensor_decorator.py
[2025-02-03T23:51:13.750+0000] {processor.py:914} INFO - Processing file /home/airflow/.local/lib/python3.12/site-packages/airflow/example_dags/example_sensor_decorator.py for tasks to queue
[2025-02-03T23:51:13.752+0000] {logging_mixin.py:190} INFO - [2025-02-03T23:51:13.752+0000] {dagbag.py:588} INFO - Filling up the DagBag from /home/airflow/.local/lib/python3.12/site-packages/airflow/example_dags/example_sensor_decorator.py
[2025-02-03T23:51:13.763+0000] {processor.py:925} INFO - DAG(s) 'example_sensor_decorator' retrieved from /home/airflow/.local/lib/python3.12/site-packages/airflow/example_dags/example_sensor_decorator.py
[2025-02-03T23:51:13.787+0000] {logging_mixin.py:190} INFO - [2025-02-03T23:51:13.787+0000] {dag.py:3239} INFO - Sync 1 DAGs
[2025-02-03T23:51:13.804+0000] {logging_mixin.py:190} INFO - [2025-02-03T23:51:13.804+0000] {dag.py:4180} INFO - Setting next_dagrun for example_sensor_decorator to None, run_after=None
[2025-02-03T23:51:13.827+0000] {processor.py:208} INFO - Processing /home/airflow/.local/lib/python3.12/site-packages/airflow/example_dags/example_sensor_decorator.py took 0.087 seconds
[2025-02-03T23:51:43.978+0000] {processor.py:186} INFO - Started process (PID=508) to work on /home/airflow/.local/lib/python3.12/site-packages/airflow/example_dags/example_sensor_decorator.py
[2025-02-03T23:51:43.979+0000] {processor.py:914} INFO - Processing file /home/airflow/.local/lib/python3.12/site-packages/airflow/example_dags/example_sensor_decorator.py for tasks to queue
[2025-02-03T23:51:43.982+0000] {logging_mixin.py:190} INFO - [2025-02-03T23:51:43.982+0000] {dagbag.py:588} INFO - Filling up the DagBag from /home/airflow/.local/lib/python3.12/site-packages/airflow/example_dags/example_sensor_decorator.py
[2025-02-03T23:51:43.992+0000] {processor.py:925} INFO - DAG(s) 'example_sensor_decorator' retrieved from /home/airflow/.local/lib/python3.12/site-packages/airflow/example_dags/example_sensor_decorator.py
[2025-02-03T23:51:44.025+0000] {logging_mixin.py:190} INFO - [2025-02-03T23:51:44.024+0000] {dag.py:3239} INFO - Sync 1 DAGs
[2025-02-03T23:51:44.042+0000] {logging_mixin.py:190} INFO - [2025-02-03T23:51:44.042+0000] {dag.py:4180} INFO - Setting next_dagrun for example_sensor_decorator to None, run_after=None
[2025-02-03T23:51:44.064+0000] {processor.py:208} INFO - Processing /home/airflow/.local/lib/python3.12/site-packages/airflow/example_dags/example_sensor_decorator.py took 0.093 seconds
[2025-02-03T23:52:14.593+0000] {processor.py:186} INFO - Started process (PID=571) to work on /home/airflow/.local/lib/python3.12/site-packages/airflow/example_dags/example_sensor_decorator.py
[2025-02-03T23:52:14.594+0000] {processor.py:914} INFO - Processing file /home/airflow/.local/lib/python3.12/site-packages/airflow/example_dags/example_sensor_decorator.py for tasks to queue
[2025-02-03T23:52:14.597+0000] {logging_mixin.py:190} INFO - [2025-02-03T23:52:14.597+0000] {dagbag.py:588} INFO - Filling up the DagBag from /home/airflow/.local/lib/python3.12/site-packages/airflow/example_dags/example_sensor_decorator.py
[2025-02-03T23:52:14.609+0000] {processor.py:925} INFO - DAG(s) 'example_sensor_decorator' retrieved from /home/airflow/.local/lib/python3.12/site-packages/airflow/example_dags/example_sensor_decorator.py
[2025-02-03T23:52:14.637+0000] {logging_mixin.py:190} INFO - [2025-02-03T23:52:14.637+0000] {dag.py:3239} INFO - Sync 1 DAGs
[2025-02-03T23:52:14.655+0000] {logging_mixin.py:190} INFO - [2025-02-03T23:52:14.655+0000] {dag.py:4180} INFO - Setting next_dagrun for example_sensor_decorator to None, run_after=None
[2025-02-03T23:52:14.676+0000] {processor.py:208} INFO - Processing /home/airflow/.local/lib/python3.12/site-packages/airflow/example_dags/example_sensor_decorator.py took 0.092 seconds
[2025-02-03T23:52:45.033+0000] {processor.py:186} INFO - Started process (PID=634) to work on /home/airflow/.local/lib/python3.12/site-packages/airflow/example_dags/example_sensor_decorator.py
[2025-02-03T23:52:45.035+0000] {processor.py:914} INFO - Processing file /home/airflow/.local/lib/python3.12/site-packages/airflow/example_dags/example_sensor_decorator.py for tasks to queue
[2025-02-03T23:52:45.038+0000] {logging_mixin.py:190} INFO - [2025-02-03T23:52:45.037+0000] {dagbag.py:588} INFO - Filling up the DagBag from /home/airflow/.local/lib/python3.12/site-packages/airflow/example_dags/example_sensor_decorator.py
[2025-02-03T23:52:45.047+0000] {processor.py:925} INFO - DAG(s) 'example_sensor_decorator' retrieved from /home/airflow/.local/lib/python3.12/site-packages/airflow/example_dags/example_sensor_decorator.py
[2025-02-03T23:52:45.071+0000] {logging_mixin.py:190} INFO - [2025-02-03T23:52:45.071+0000] {dag.py:3239} INFO - Sync 1 DAGs
[2025-02-03T23:52:45.089+0000] {logging_mixin.py:190} INFO - [2025-02-03T23:52:45.089+0000] {dag.py:4180} INFO - Setting next_dagrun for example_sensor_decorator to None, run_after=None
[2025-02-03T23:52:45.110+0000] {processor.py:208} INFO - Processing /home/airflow/.local/lib/python3.12/site-packages/airflow/example_dags/example_sensor_decorator.py took 0.084 seconds
[2025-02-03T23:53:15.369+0000] {processor.py:186} INFO - Started process (PID=697) to work on /home/airflow/.local/lib/python3.12/site-packages/airflow/example_dags/example_sensor_decorator.py
[2025-02-03T23:53:15.371+0000] {processor.py:914} INFO - Processing file /home/airflow/.local/lib/python3.12/site-packages/airflow/example_dags/example_sensor_decorator.py for tasks to queue
[2025-02-03T23:53:15.375+0000] {logging_mixin.py:190} INFO - [2025-02-03T23:53:15.375+0000] {dagbag.py:588} INFO - Filling up the DagBag from /home/airflow/.local/lib/python3.12/site-packages/airflow/example_dags/example_sensor_decorator.py
[2025-02-03T23:53:15.390+0000] {processor.py:925} INFO - DAG(s) 'example_sensor_decorator' retrieved from /home/airflow/.local/lib/python3.12/site-packages/airflow/example_dags/example_sensor_decorator.py
[2025-02-03T23:53:15.421+0000] {logging_mixin.py:190} INFO - [2025-02-03T23:53:15.421+0000] {dag.py:3239} INFO - Sync 1 DAGs
[2025-02-03T23:53:15.440+0000] {logging_mixin.py:190} INFO - [2025-02-03T23:53:15.440+0000] {dag.py:4180} INFO - Setting next_dagrun for example_sensor_decorator to None, run_after=None
[2025-02-03T23:53:15.469+0000] {processor.py:208} INFO - Processing /home/airflow/.local/lib/python3.12/site-packages/airflow/example_dags/example_sensor_decorator.py took 0.110 seconds
[2025-02-03T23:53:45.703+0000] {processor.py:186} INFO - Started process (PID=766) to work on /home/airflow/.local/lib/python3.12/site-packages/airflow/example_dags/example_sensor_decorator.py
[2025-02-03T23:53:45.704+0000] {processor.py:914} INFO - Processing file /home/airflow/.local/lib/python3.12/site-packages/airflow/example_dags/example_sensor_decorator.py for tasks to queue
[2025-02-03T23:53:45.707+0000] {logging_mixin.py:190} INFO - [2025-02-03T23:53:45.707+0000] {dagbag.py:588} INFO - Filling up the DagBag from /home/airflow/.local/lib/python3.12/site-packages/airflow/example_dags/example_sensor_decorator.py
[2025-02-03T23:53:45.718+0000] {processor.py:925} INFO - DAG(s) 'example_sensor_decorator' retrieved from /home/airflow/.local/lib/python3.12/site-packages/airflow/example_dags/example_sensor_decorator.py
[2025-02-03T23:53:45.745+0000] {logging_mixin.py:190} INFO - [2025-02-03T23:53:45.745+0000] {dag.py:3239} INFO - Sync 1 DAGs
[2025-02-03T23:53:45.763+0000] {logging_mixin.py:190} INFO - [2025-02-03T23:53:45.762+0000] {dag.py:4180} INFO - Setting next_dagrun for example_sensor_decorator to None, run_after=None
[2025-02-03T23:53:45.784+0000] {processor.py:208} INFO - Processing /home/airflow/.local/lib/python3.12/site-packages/airflow/example_dags/example_sensor_decorator.py took 0.088 seconds
[2025-02-03T23:54:16.074+0000] {processor.py:186} INFO - Started process (PID=829) to work on /home/airflow/.local/lib/python3.12/site-packages/airflow/example_dags/example_sensor_decorator.py
[2025-02-03T23:54:16.076+0000] {processor.py:914} INFO - Processing file /home/airflow/.local/lib/python3.12/site-packages/airflow/example_dags/example_sensor_decorator.py for tasks to queue
[2025-02-03T23:54:16.079+0000] {logging_mixin.py:190} INFO - [2025-02-03T23:54:16.078+0000] {dagbag.py:588} INFO - Filling up the DagBag from /home/airflow/.local/lib/python3.12/site-packages/airflow/example_dags/example_sensor_decorator.py
[2025-02-03T23:54:16.089+0000] {processor.py:925} INFO - DAG(s) 'example_sensor_decorator' retrieved from /home/airflow/.local/lib/python3.12/site-packages/airflow/example_dags/example_sensor_decorator.py
[2025-02-03T23:54:16.111+0000] {logging_mixin.py:190} INFO - [2025-02-03T23:54:16.111+0000] {dag.py:3239} INFO - Sync 1 DAGs
[2025-02-03T23:54:16.131+0000] {logging_mixin.py:190} INFO - [2025-02-03T23:54:16.131+0000] {dag.py:4180} INFO - Setting next_dagrun for example_sensor_decorator to None, run_after=None
[2025-02-03T23:54:16.153+0000] {processor.py:208} INFO - Processing /home/airflow/.local/lib/python3.12/site-packages/airflow/example_dags/example_sensor_decorator.py took 0.086 seconds
[2025-02-03T23:54:46.682+0000] {processor.py:186} INFO - Started process (PID=892) to work on /home/airflow/.local/lib/python3.12/site-packages/airflow/example_dags/example_sensor_decorator.py
[2025-02-03T23:54:46.683+0000] {processor.py:914} INFO - Processing file /home/airflow/.local/lib/python3.12/site-packages/airflow/example_dags/example_sensor_decorator.py for tasks to queue
[2025-02-03T23:54:46.686+0000] {logging_mixin.py:190} INFO - [2025-02-03T23:54:46.686+0000] {dagbag.py:588} INFO - Filling up the DagBag from /home/airflow/.local/lib/python3.12/site-packages/airflow/example_dags/example_sensor_decorator.py
[2025-02-03T23:54:46.696+0000] {processor.py:925} INFO - DAG(s) 'example_sensor_decorator' retrieved from /home/airflow/.local/lib/python3.12/site-packages/airflow/example_dags/example_sensor_decorator.py
[2025-02-03T23:54:46.722+0000] {logging_mixin.py:190} INFO - [2025-02-03T23:54:46.722+0000] {dag.py:3239} INFO - Sync 1 DAGs
[2025-02-03T23:54:46.740+0000] {logging_mixin.py:190} INFO - [2025-02-03T23:54:46.739+0000] {dag.py:4180} INFO - Setting next_dagrun for example_sensor_decorator to None, run_after=None
[2025-02-03T23:54:46.763+0000] {processor.py:208} INFO - Processing /home/airflow/.local/lib/python3.12/site-packages/airflow/example_dags/example_sensor_decorator.py took 0.089 seconds
[2025-02-03T23:55:17.099+0000] {processor.py:186} INFO - Started process (PID=955) to work on /home/airflow/.local/lib/python3.12/site-packages/airflow/example_dags/example_sensor_decorator.py
[2025-02-03T23:55:17.100+0000] {processor.py:914} INFO - Processing file /home/airflow/.local/lib/python3.12/site-packages/airflow/example_dags/example_sensor_decorator.py for tasks to queue
[2025-02-03T23:55:17.103+0000] {logging_mixin.py:190} INFO - [2025-02-03T23:55:17.103+0000] {dagbag.py:588} INFO - Filling up the DagBag from /home/airflow/.local/lib/python3.12/site-packages/airflow/example_dags/example_sensor_decorator.py
[2025-02-03T23:55:17.112+0000] {processor.py:925} INFO - DAG(s) 'example_sensor_decorator' retrieved from /home/airflow/.local/lib/python3.12/site-packages/airflow/example_dags/example_sensor_decorator.py
[2025-02-03T23:55:17.137+0000] {logging_mixin.py:190} INFO - [2025-02-03T23:55:17.137+0000] {dag.py:3239} INFO - Sync 1 DAGs
[2025-02-03T23:55:17.155+0000] {logging_mixin.py:190} INFO - [2025-02-03T23:55:17.155+0000] {dag.py:4180} INFO - Setting next_dagrun for example_sensor_decorator to None, run_after=None
[2025-02-03T23:55:17.176+0000] {processor.py:208} INFO - Processing /home/airflow/.local/lib/python3.12/site-packages/airflow/example_dags/example_sensor_decorator.py took 0.084 seconds
[2025-02-03T23:55:47.256+0000] {processor.py:186} INFO - Started process (PID=1018) to work on /home/airflow/.local/lib/python3.12/site-packages/airflow/example_dags/example_sensor_decorator.py
[2025-02-03T23:55:47.257+0000] {processor.py:914} INFO - Processing file /home/airflow/.local/lib/python3.12/site-packages/airflow/example_dags/example_sensor_decorator.py for tasks to queue
[2025-02-03T23:55:47.260+0000] {logging_mixin.py:190} INFO - [2025-02-03T23:55:47.260+0000] {dagbag.py:588} INFO - Filling up the DagBag from /home/airflow/.local/lib/python3.12/site-packages/airflow/example_dags/example_sensor_decorator.py
[2025-02-03T23:55:47.271+0000] {processor.py:925} INFO - DAG(s) 'example_sensor_decorator' retrieved from /home/airflow/.local/lib/python3.12/site-packages/airflow/example_dags/example_sensor_decorator.py
[2025-02-03T23:55:47.293+0000] {logging_mixin.py:190} INFO - [2025-02-03T23:55:47.293+0000] {dag.py:3239} INFO - Sync 1 DAGs
[2025-02-03T23:55:47.311+0000] {logging_mixin.py:190} INFO - [2025-02-03T23:55:47.310+0000] {dag.py:4180} INFO - Setting next_dagrun for example_sensor_decorator to None, run_after=None
[2025-02-03T23:55:47.333+0000] {processor.py:208} INFO - Processing /home/airflow/.local/lib/python3.12/site-packages/airflow/example_dags/example_sensor_decorator.py took 0.085 seconds
[2025-02-03T23:56:17.619+0000] {processor.py:186} INFO - Started process (PID=1081) to work on /home/airflow/.local/lib/python3.12/site-packages/airflow/example_dags/example_sensor_decorator.py
[2025-02-03T23:56:17.620+0000] {processor.py:914} INFO - Processing file /home/airflow/.local/lib/python3.12/site-packages/airflow/example_dags/example_sensor_decorator.py for tasks to queue
[2025-02-03T23:56:17.623+0000] {logging_mixin.py:190} INFO - [2025-02-03T23:56:17.622+0000] {dagbag.py:588} INFO - Filling up the DagBag from /home/airflow/.local/lib/python3.12/site-packages/airflow/example_dags/example_sensor_decorator.py
[2025-02-03T23:56:17.632+0000] {processor.py:925} INFO - DAG(s) 'example_sensor_decorator' retrieved from /home/airflow/.local/lib/python3.12/site-packages/airflow/example_dags/example_sensor_decorator.py
[2025-02-03T23:56:17.658+0000] {logging_mixin.py:190} INFO - [2025-02-03T23:56:17.657+0000] {dag.py:3239} INFO - Sync 1 DAGs
[2025-02-03T23:56:17.676+0000] {logging_mixin.py:190} INFO - [2025-02-03T23:56:17.676+0000] {dag.py:4180} INFO - Setting next_dagrun for example_sensor_decorator to None, run_after=None
[2025-02-03T23:56:17.698+0000] {processor.py:208} INFO - Processing /home/airflow/.local/lib/python3.12/site-packages/airflow/example_dags/example_sensor_decorator.py took 0.087 seconds
[2025-02-03T23:56:48.071+0000] {processor.py:186} INFO - Started process (PID=1144) to work on /home/airflow/.local/lib/python3.12/site-packages/airflow/example_dags/example_sensor_decorator.py
[2025-02-03T23:56:48.072+0000] {processor.py:914} INFO - Processing file /home/airflow/.local/lib/python3.12/site-packages/airflow/example_dags/example_sensor_decorator.py for tasks to queue
[2025-02-03T23:56:48.075+0000] {logging_mixin.py:190} INFO - [2025-02-03T23:56:48.075+0000] {dagbag.py:588} INFO - Filling up the DagBag from /home/airflow/.local/lib/python3.12/site-packages/airflow/example_dags/example_sensor_decorator.py
[2025-02-03T23:56:48.085+0000] {processor.py:925} INFO - DAG(s) 'example_sensor_decorator' retrieved from /home/airflow/.local/lib/python3.12/site-packages/airflow/example_dags/example_sensor_decorator.py
[2025-02-03T23:56:48.109+0000] {logging_mixin.py:190} INFO - [2025-02-03T23:56:48.108+0000] {dag.py:3239} INFO - Sync 1 DAGs
[2025-02-03T23:56:48.129+0000] {logging_mixin.py:190} INFO - [2025-02-03T23:56:48.129+0000] {dag.py:4180} INFO - Setting next_dagrun for example_sensor_decorator to None, run_after=None
[2025-02-03T23:56:48.150+0000] {processor.py:208} INFO - Processing /home/airflow/.local/lib/python3.12/site-packages/airflow/example_dags/example_sensor_decorator.py took 0.086 seconds
[2025-02-03T23:57:18.935+0000] {processor.py:186} INFO - Started process (PID=1207) to work on /home/airflow/.local/lib/python3.12/site-packages/airflow/example_dags/example_sensor_decorator.py
[2025-02-03T23:57:18.936+0000] {processor.py:914} INFO - Processing file /home/airflow/.local/lib/python3.12/site-packages/airflow/example_dags/example_sensor_decorator.py for tasks to queue
[2025-02-03T23:57:18.939+0000] {logging_mixin.py:190} INFO - [2025-02-03T23:57:18.938+0000] {dagbag.py:588} INFO - Filling up the DagBag from /home/airflow/.local/lib/python3.12/site-packages/airflow/example_dags/example_sensor_decorator.py
[2025-02-03T23:57:18.949+0000] {processor.py:925} INFO - DAG(s) 'example_sensor_decorator' retrieved from /home/airflow/.local/lib/python3.12/site-packages/airflow/example_dags/example_sensor_decorator.py
[2025-02-03T23:57:18.972+0000] {logging_mixin.py:190} INFO - [2025-02-03T23:57:18.971+0000] {dag.py:3239} INFO - Sync 1 DAGs
[2025-02-03T23:57:18.990+0000] {logging_mixin.py:190} INFO - [2025-02-03T23:57:18.990+0000] {dag.py:4180} INFO - Setting next_dagrun for example_sensor_decorator to None, run_after=None
[2025-02-03T23:57:19.011+0000] {processor.py:208} INFO - Processing /home/airflow/.local/lib/python3.12/site-packages/airflow/example_dags/example_sensor_decorator.py took 0.083 seconds
[2025-02-03T23:57:49.187+0000] {processor.py:186} INFO - Started process (PID=1270) to work on /home/airflow/.local/lib/python3.12/site-packages/airflow/example_dags/example_sensor_decorator.py
[2025-02-03T23:57:49.188+0000] {processor.py:914} INFO - Processing file /home/airflow/.local/lib/python3.12/site-packages/airflow/example_dags/example_sensor_decorator.py for tasks to queue
[2025-02-03T23:57:49.192+0000] {logging_mixin.py:190} INFO - [2025-02-03T23:57:49.191+0000] {dagbag.py:588} INFO - Filling up the DagBag from /home/airflow/.local/lib/python3.12/site-packages/airflow/example_dags/example_sensor_decorator.py
[2025-02-03T23:57:49.201+0000] {processor.py:925} INFO - DAG(s) 'example_sensor_decorator' retrieved from /home/airflow/.local/lib/python3.12/site-packages/airflow/example_dags/example_sensor_decorator.py
[2025-02-03T23:57:49.225+0000] {logging_mixin.py:190} INFO - [2025-02-03T23:57:49.225+0000] {dag.py:3239} INFO - Sync 1 DAGs
[2025-02-03T23:57:49.243+0000] {logging_mixin.py:190} INFO - [2025-02-03T23:57:49.243+0000] {dag.py:4180} INFO - Setting next_dagrun for example_sensor_decorator to None, run_after=None
[2025-02-03T23:57:49.264+0000] {processor.py:208} INFO - Processing /home/airflow/.local/lib/python3.12/site-packages/airflow/example_dags/example_sensor_decorator.py took 0.084 seconds
[2025-02-03T23:58:20.253+0000] {processor.py:186} INFO - Started process (PID=1333) to work on /home/airflow/.local/lib/python3.12/site-packages/airflow/example_dags/example_sensor_decorator.py
[2025-02-03T23:58:20.255+0000] {processor.py:914} INFO - Processing file /home/airflow/.local/lib/python3.12/site-packages/airflow/example_dags/example_sensor_decorator.py for tasks to queue
[2025-02-03T23:58:20.257+0000] {logging_mixin.py:190} INFO - [2025-02-03T23:58:20.257+0000] {dagbag.py:588} INFO - Filling up the DagBag from /home/airflow/.local/lib/python3.12/site-packages/airflow/example_dags/example_sensor_decorator.py
[2025-02-03T23:58:20.267+0000] {processor.py:925} INFO - DAG(s) 'example_sensor_decorator' retrieved from /home/airflow/.local/lib/python3.12/site-packages/airflow/example_dags/example_sensor_decorator.py
[2025-02-03T23:58:20.293+0000] {logging_mixin.py:190} INFO - [2025-02-03T23:58:20.292+0000] {dag.py:3239} INFO - Sync 1 DAGs
[2025-02-03T23:58:20.312+0000] {logging_mixin.py:190} INFO - [2025-02-03T23:58:20.312+0000] {dag.py:4180} INFO - Setting next_dagrun for example_sensor_decorator to None, run_after=None
[2025-02-03T23:58:20.333+0000] {processor.py:208} INFO - Processing /home/airflow/.local/lib/python3.12/site-packages/airflow/example_dags/example_sensor_decorator.py took 0.087 seconds
[2025-02-03T23:58:51.143+0000] {processor.py:186} INFO - Started process (PID=1396) to work on /home/airflow/.local/lib/python3.12/site-packages/airflow/example_dags/example_sensor_decorator.py
[2025-02-03T23:58:51.144+0000] {processor.py:914} INFO - Processing file /home/airflow/.local/lib/python3.12/site-packages/airflow/example_dags/example_sensor_decorator.py for tasks to queue
[2025-02-03T23:58:51.147+0000] {logging_mixin.py:190} INFO - [2025-02-03T23:58:51.147+0000] {dagbag.py:588} INFO - Filling up the DagBag from /home/airflow/.local/lib/python3.12/site-packages/airflow/example_dags/example_sensor_decorator.py
[2025-02-03T23:58:51.157+0000] {processor.py:925} INFO - DAG(s) 'example_sensor_decorator' retrieved from /home/airflow/.local/lib/python3.12/site-packages/airflow/example_dags/example_sensor_decorator.py
[2025-02-03T23:58:51.181+0000] {logging_mixin.py:190} INFO - [2025-02-03T23:58:51.181+0000] {dag.py:3239} INFO - Sync 1 DAGs
[2025-02-03T23:58:51.200+0000] {logging_mixin.py:190} INFO - [2025-02-03T23:58:51.200+0000] {dag.py:4180} INFO - Setting next_dagrun for example_sensor_decorator to None, run_after=None
[2025-02-03T23:58:51.228+0000] {processor.py:208} INFO - Processing /home/airflow/.local/lib/python3.12/site-packages/airflow/example_dags/example_sensor_decorator.py took 0.094 seconds
[2025-02-03T23:59:22.045+0000] {processor.py:186} INFO - Started process (PID=1459) to work on /home/airflow/.local/lib/python3.12/site-packages/airflow/example_dags/example_sensor_decorator.py
[2025-02-03T23:59:22.047+0000] {processor.py:914} INFO - Processing file /home/airflow/.local/lib/python3.12/site-packages/airflow/example_dags/example_sensor_decorator.py for tasks to queue
[2025-02-03T23:59:22.050+0000] {logging_mixin.py:190} INFO - [2025-02-03T23:59:22.049+0000] {dagbag.py:588} INFO - Filling up the DagBag from /home/airflow/.local/lib/python3.12/site-packages/airflow/example_dags/example_sensor_decorator.py
[2025-02-03T23:59:22.064+0000] {processor.py:925} INFO - DAG(s) 'example_sensor_decorator' retrieved from /home/airflow/.local/lib/python3.12/site-packages/airflow/example_dags/example_sensor_decorator.py
[2025-02-03T23:59:22.097+0000] {logging_mixin.py:190} INFO - [2025-02-03T23:59:22.097+0000] {dag.py:3239} INFO - Sync 1 DAGs
[2025-02-03T23:59:22.123+0000] {logging_mixin.py:190} INFO - [2025-02-03T23:59:22.123+0000] {dag.py:4180} INFO - Setting next_dagrun for example_sensor_decorator to None, run_after=None
[2025-02-03T23:59:22.151+0000] {processor.py:208} INFO - Processing /home/airflow/.local/lib/python3.12/site-packages/airflow/example_dags/example_sensor_decorator.py took 0.114 seconds
[2025-02-03T23:59:52.664+0000] {processor.py:186} INFO - Started process (PID=1522) to work on /home/airflow/.local/lib/python3.12/site-packages/airflow/example_dags/example_sensor_decorator.py
[2025-02-03T23:59:52.665+0000] {processor.py:914} INFO - Processing file /home/airflow/.local/lib/python3.12/site-packages/airflow/example_dags/example_sensor_decorator.py for tasks to queue
[2025-02-03T23:59:52.668+0000] {logging_mixin.py:190} INFO - [2025-02-03T23:59:52.668+0000] {dagbag.py:588} INFO - Filling up the DagBag from /home/airflow/.local/lib/python3.12/site-packages/airflow/example_dags/example_sensor_decorator.py
[2025-02-03T23:59:52.679+0000] {processor.py:925} INFO - DAG(s) 'example_sensor_decorator' retrieved from /home/airflow/.local/lib/python3.12/site-packages/airflow/example_dags/example_sensor_decorator.py
[2025-02-03T23:59:52.713+0000] {logging_mixin.py:190} INFO - [2025-02-03T23:59:52.713+0000] {dag.py:3239} INFO - Sync 1 DAGs
[2025-02-03T23:59:52.735+0000] {logging_mixin.py:190} INFO - [2025-02-03T23:59:52.735+0000] {dag.py:4180} INFO - Setting next_dagrun for example_sensor_decorator to None, run_after=None
[2025-02-03T23:59:52.756+0000] {processor.py:208} INFO - Processing /home/airflow/.local/lib/python3.12/site-packages/airflow/example_dags/example_sensor_decorator.py took 0.100 seconds
