[2025-02-03T10:52:12.474+0000] {processor.py:186} INFO - Started process (PID=95) to work on /home/airflow/.local/lib/python3.12/site-packages/airflow/example_dags/example_subdag_operator.py
[2025-02-03T10:52:12.475+0000] {processor.py:914} INFO - Processing file /home/airflow/.local/lib/python3.12/site-packages/airflow/example_dags/example_subdag_operator.py for tasks to queue
[2025-02-03T10:52:12.479+0000] {logging_mixin.py:190} INFO - [2025-02-03T10:52:12.478+0000] {dagbag.py:588} INFO - Filling up the DagBag from /home/airflow/.local/lib/python3.12/site-packages/airflow/example_dags/example_subdag_operator.py
[2025-02-03T10:52:12.519+0000] {processor.py:925} INFO - DAG(s) 'example_subdag_operator.section-1', 'example_subdag_operator.section-2', 'example_subdag_operator' retrieved from /home/airflow/.local/lib/python3.12/site-packages/airflow/example_dags/example_subdag_operator.py
[2025-02-03T10:52:12.668+0000] {logging_mixin.py:190} INFO - [2025-02-03T10:52:12.667+0000] {override.py:1911} INFO - Created Permission View: can read on DAG:example_subdag_operator
[2025-02-03T10:52:12.681+0000] {logging_mixin.py:190} INFO - [2025-02-03T10:52:12.680+0000] {override.py:1911} INFO - Created Permission View: can edit on DAG:example_subdag_operator
[2025-02-03T10:52:12.693+0000] {logging_mixin.py:190} INFO - [2025-02-03T10:52:12.693+0000] {override.py:1911} INFO - Created Permission View: can delete on DAG:example_subdag_operator
[2025-02-03T10:52:12.705+0000] {logging_mixin.py:190} INFO - [2025-02-03T10:52:12.705+0000] {override.py:1911} INFO - Created Permission View: can read on DAG Run:example_subdag_operator
[2025-02-03T10:52:12.715+0000] {logging_mixin.py:190} INFO - [2025-02-03T10:52:12.715+0000] {override.py:1911} INFO - Created Permission View: can create on DAG Run:example_subdag_operator
[2025-02-03T10:52:12.728+0000] {logging_mixin.py:190} INFO - [2025-02-03T10:52:12.727+0000] {override.py:1911} INFO - Created Permission View: menu access on DAG Run:example_subdag_operator
[2025-02-03T10:52:12.740+0000] {logging_mixin.py:190} INFO - [2025-02-03T10:52:12.740+0000] {override.py:1911} INFO - Created Permission View: can delete on DAG Run:example_subdag_operator
[2025-02-03T10:52:12.741+0000] {logging_mixin.py:190} INFO - [2025-02-03T10:52:12.741+0000] {dag.py:3239} INFO - Sync 3 DAGs
[2025-02-03T10:52:12.761+0000] {logging_mixin.py:190} INFO - [2025-02-03T10:52:12.761+0000] {dag.py:3262} INFO - Creating ORM DAG for example_subdag_operator.section-1
[2025-02-03T10:52:12.762+0000] {logging_mixin.py:190} INFO - [2025-02-03T10:52:12.762+0000] {dag.py:3262} INFO - Creating ORM DAG for example_subdag_operator.section-2
[2025-02-03T10:52:12.763+0000] {logging_mixin.py:190} INFO - [2025-02-03T10:52:12.763+0000] {dag.py:3262} INFO - Creating ORM DAG for example_subdag_operator
[2025-02-03T10:52:12.776+0000] {logging_mixin.py:190} INFO - [2025-02-03T10:52:12.776+0000] {dag.py:4180} INFO - Setting next_dagrun for example_subdag_operator to 2022-01-01 00:00:00+00:00, run_after=2022-01-01 00:00:00+00:00
[2025-02-03T10:52:12.777+0000] {logging_mixin.py:190} INFO - [2025-02-03T10:52:12.777+0000] {dag.py:4180} INFO - Setting next_dagrun for example_subdag_operator.section-1 to None, run_after=None
[2025-02-03T10:52:12.778+0000] {logging_mixin.py:190} INFO - [2025-02-03T10:52:12.778+0000] {dag.py:4180} INFO - Setting next_dagrun for example_subdag_operator.section-2 to None, run_after=None
[2025-02-03T10:52:12.790+0000] {logging_mixin.py:190} INFO - [2025-02-03T10:52:12.790+0000] {dag.py:3239} INFO - Sync 2 DAGs
[2025-02-03T10:52:12.799+0000] {logging_mixin.py:190} INFO - [2025-02-03T10:52:12.798+0000] {dag.py:4180} INFO - Setting next_dagrun for example_subdag_operator.section-1 to None, run_after=None
[2025-02-03T10:52:12.803+0000] {logging_mixin.py:190} INFO - [2025-02-03T10:52:12.803+0000] {dag.py:4180} INFO - Setting next_dagrun for example_subdag_operator.section-2 to None, run_after=None
[2025-02-03T10:52:12.820+0000] {processor.py:208} INFO - Processing /home/airflow/.local/lib/python3.12/site-packages/airflow/example_dags/example_subdag_operator.py took 0.356 seconds
[2025-02-03T10:52:43.301+0000] {processor.py:186} INFO - Started process (PID=158) to work on /home/airflow/.local/lib/python3.12/site-packages/airflow/example_dags/example_subdag_operator.py
[2025-02-03T10:52:43.303+0000] {processor.py:914} INFO - Processing file /home/airflow/.local/lib/python3.12/site-packages/airflow/example_dags/example_subdag_operator.py for tasks to queue
[2025-02-03T10:52:43.309+0000] {logging_mixin.py:190} INFO - [2025-02-03T10:52:43.308+0000] {dagbag.py:588} INFO - Filling up the DagBag from /home/airflow/.local/lib/python3.12/site-packages/airflow/example_dags/example_subdag_operator.py
[2025-02-03T10:52:43.347+0000] {processor.py:925} INFO - DAG(s) 'example_subdag_operator.section-1', 'example_subdag_operator.section-2', 'example_subdag_operator' retrieved from /home/airflow/.local/lib/python3.12/site-packages/airflow/example_dags/example_subdag_operator.py
[2025-02-03T10:52:43.369+0000] {logging_mixin.py:190} INFO - [2025-02-03T10:52:43.368+0000] {dag.py:3239} INFO - Sync 3 DAGs
[2025-02-03T10:52:43.396+0000] {logging_mixin.py:190} INFO - [2025-02-03T10:52:43.396+0000] {dag.py:4180} INFO - Setting next_dagrun for example_subdag_operator to 2022-01-01 00:00:00+00:00, run_after=2022-01-01 00:00:00+00:00
[2025-02-03T10:52:43.401+0000] {logging_mixin.py:190} INFO - [2025-02-03T10:52:43.401+0000] {dag.py:4180} INFO - Setting next_dagrun for example_subdag_operator.section-1 to None, run_after=None
[2025-02-03T10:52:43.403+0000] {logging_mixin.py:190} INFO - [2025-02-03T10:52:43.402+0000] {dag.py:4180} INFO - Setting next_dagrun for example_subdag_operator.section-2 to None, run_after=None
[2025-02-03T10:52:43.413+0000] {logging_mixin.py:190} INFO - [2025-02-03T10:52:43.412+0000] {dag.py:3239} INFO - Sync 2 DAGs
[2025-02-03T10:52:43.419+0000] {logging_mixin.py:190} INFO - [2025-02-03T10:52:43.418+0000] {dag.py:4180} INFO - Setting next_dagrun for example_subdag_operator.section-1 to None, run_after=None
[2025-02-03T10:52:43.419+0000] {logging_mixin.py:190} INFO - [2025-02-03T10:52:43.419+0000] {dag.py:4180} INFO - Setting next_dagrun for example_subdag_operator.section-2 to None, run_after=None
[2025-02-03T10:52:43.432+0000] {processor.py:208} INFO - Processing /home/airflow/.local/lib/python3.12/site-packages/airflow/example_dags/example_subdag_operator.py took 0.140 seconds
[2025-02-03T10:53:13.716+0000] {processor.py:186} INFO - Started process (PID=220) to work on /home/airflow/.local/lib/python3.12/site-packages/airflow/example_dags/example_subdag_operator.py
[2025-02-03T10:53:13.717+0000] {processor.py:914} INFO - Processing file /home/airflow/.local/lib/python3.12/site-packages/airflow/example_dags/example_subdag_operator.py for tasks to queue
[2025-02-03T10:53:13.720+0000] {logging_mixin.py:190} INFO - [2025-02-03T10:53:13.720+0000] {dagbag.py:588} INFO - Filling up the DagBag from /home/airflow/.local/lib/python3.12/site-packages/airflow/example_dags/example_subdag_operator.py
[2025-02-03T10:53:13.768+0000] {processor.py:925} INFO - DAG(s) 'example_subdag_operator.section-1', 'example_subdag_operator.section-2', 'example_subdag_operator' retrieved from /home/airflow/.local/lib/python3.12/site-packages/airflow/example_dags/example_subdag_operator.py
[2025-02-03T10:53:13.799+0000] {logging_mixin.py:190} INFO - [2025-02-03T10:53:13.799+0000] {dag.py:3239} INFO - Sync 3 DAGs
[2025-02-03T10:53:13.851+0000] {logging_mixin.py:190} INFO - [2025-02-03T10:53:13.850+0000] {dag.py:4180} INFO - Setting next_dagrun for example_subdag_operator to 2022-01-01 00:00:00+00:00, run_after=2022-01-01 00:00:00+00:00
[2025-02-03T10:53:13.859+0000] {logging_mixin.py:190} INFO - [2025-02-03T10:53:13.859+0000] {dag.py:4180} INFO - Setting next_dagrun for example_subdag_operator.section-1 to None, run_after=None
[2025-02-03T10:53:13.865+0000] {logging_mixin.py:190} INFO - [2025-02-03T10:53:13.865+0000] {dag.py:4180} INFO - Setting next_dagrun for example_subdag_operator.section-2 to None, run_after=None
[2025-02-03T10:53:13.880+0000] {logging_mixin.py:190} INFO - [2025-02-03T10:53:13.880+0000] {dag.py:3239} INFO - Sync 2 DAGs
[2025-02-03T10:53:13.891+0000] {logging_mixin.py:190} INFO - [2025-02-03T10:53:13.891+0000] {dag.py:4180} INFO - Setting next_dagrun for example_subdag_operator.section-1 to None, run_after=None
[2025-02-03T10:53:13.892+0000] {logging_mixin.py:190} INFO - [2025-02-03T10:53:13.892+0000] {dag.py:4180} INFO - Setting next_dagrun for example_subdag_operator.section-2 to None, run_after=None
[2025-02-03T10:53:13.912+0000] {processor.py:208} INFO - Processing /home/airflow/.local/lib/python3.12/site-packages/airflow/example_dags/example_subdag_operator.py took 0.205 seconds
[2025-02-03T23:48:14.198+0000] {processor.py:186} INFO - Started process (PID=87) to work on /home/airflow/.local/lib/python3.12/site-packages/airflow/example_dags/example_subdag_operator.py
[2025-02-03T23:48:14.199+0000] {processor.py:914} INFO - Processing file /home/airflow/.local/lib/python3.12/site-packages/airflow/example_dags/example_subdag_operator.py for tasks to queue
[2025-02-03T23:48:14.203+0000] {logging_mixin.py:190} INFO - [2025-02-03T23:48:14.202+0000] {dagbag.py:588} INFO - Filling up the DagBag from /home/airflow/.local/lib/python3.12/site-packages/airflow/example_dags/example_subdag_operator.py
[2025-02-03T23:48:14.238+0000] {processor.py:925} INFO - DAG(s) 'example_subdag_operator.section-1', 'example_subdag_operator.section-2', 'example_subdag_operator' retrieved from /home/airflow/.local/lib/python3.12/site-packages/airflow/example_dags/example_subdag_operator.py
[2025-02-03T23:48:14.262+0000] {logging_mixin.py:190} INFO - [2025-02-03T23:48:14.262+0000] {dag.py:3239} INFO - Sync 3 DAGs
[2025-02-03T23:48:14.292+0000] {logging_mixin.py:190} INFO - [2025-02-03T23:48:14.292+0000] {dag.py:4180} INFO - Setting next_dagrun for example_subdag_operator to 2022-01-01 00:00:00+00:00, run_after=2022-01-01 00:00:00+00:00
[2025-02-03T23:48:14.297+0000] {logging_mixin.py:190} INFO - [2025-02-03T23:48:14.297+0000] {dag.py:4180} INFO - Setting next_dagrun for example_subdag_operator.section-1 to None, run_after=None
[2025-02-03T23:48:14.299+0000] {logging_mixin.py:190} INFO - [2025-02-03T23:48:14.299+0000] {dag.py:4180} INFO - Setting next_dagrun for example_subdag_operator.section-2 to None, run_after=None
[2025-02-03T23:48:14.310+0000] {logging_mixin.py:190} INFO - [2025-02-03T23:48:14.309+0000] {dag.py:3239} INFO - Sync 2 DAGs
[2025-02-03T23:48:14.317+0000] {logging_mixin.py:190} INFO - [2025-02-03T23:48:14.317+0000] {dag.py:4180} INFO - Setting next_dagrun for example_subdag_operator.section-1 to None, run_after=None
[2025-02-03T23:48:14.318+0000] {logging_mixin.py:190} INFO - [2025-02-03T23:48:14.318+0000] {dag.py:4180} INFO - Setting next_dagrun for example_subdag_operator.section-2 to None, run_after=None
[2025-02-03T23:48:14.336+0000] {processor.py:208} INFO - Processing /home/airflow/.local/lib/python3.12/site-packages/airflow/example_dags/example_subdag_operator.py took 0.146 seconds
[2025-02-03T23:48:45.621+0000] {processor.py:186} INFO - Started process (PID=156) to work on /home/airflow/.local/lib/python3.12/site-packages/airflow/example_dags/example_subdag_operator.py
[2025-02-03T23:48:45.623+0000] {processor.py:914} INFO - Processing file /home/airflow/.local/lib/python3.12/site-packages/airflow/example_dags/example_subdag_operator.py for tasks to queue
[2025-02-03T23:48:45.627+0000] {logging_mixin.py:190} INFO - [2025-02-03T23:48:45.627+0000] {dagbag.py:588} INFO - Filling up the DagBag from /home/airflow/.local/lib/python3.12/site-packages/airflow/example_dags/example_subdag_operator.py
[2025-02-03T23:48:45.687+0000] {processor.py:925} INFO - DAG(s) 'example_subdag_operator.section-1', 'example_subdag_operator.section-2', 'example_subdag_operator' retrieved from /home/airflow/.local/lib/python3.12/site-packages/airflow/example_dags/example_subdag_operator.py
[2025-02-03T23:48:45.750+0000] {logging_mixin.py:190} INFO - [2025-02-03T23:48:45.749+0000] {dag.py:3239} INFO - Sync 3 DAGs
[2025-02-03T23:48:45.803+0000] {logging_mixin.py:190} INFO - [2025-02-03T23:48:45.803+0000] {dag.py:4180} INFO - Setting next_dagrun for example_subdag_operator to 2022-01-01 00:00:00+00:00, run_after=2022-01-01 00:00:00+00:00
[2025-02-03T23:48:45.816+0000] {logging_mixin.py:190} INFO - [2025-02-03T23:48:45.816+0000] {dag.py:4180} INFO - Setting next_dagrun for example_subdag_operator.section-1 to None, run_after=None
[2025-02-03T23:48:45.820+0000] {logging_mixin.py:190} INFO - [2025-02-03T23:48:45.820+0000] {dag.py:4180} INFO - Setting next_dagrun for example_subdag_operator.section-2 to None, run_after=None
[2025-02-03T23:48:45.832+0000] {logging_mixin.py:190} INFO - [2025-02-03T23:48:45.831+0000] {dag.py:3239} INFO - Sync 2 DAGs
[2025-02-03T23:48:45.841+0000] {logging_mixin.py:190} INFO - [2025-02-03T23:48:45.841+0000] {dag.py:4180} INFO - Setting next_dagrun for example_subdag_operator.section-1 to None, run_after=None
[2025-02-03T23:48:45.842+0000] {logging_mixin.py:190} INFO - [2025-02-03T23:48:45.842+0000] {dag.py:4180} INFO - Setting next_dagrun for example_subdag_operator.section-2 to None, run_after=None
[2025-02-03T23:48:45.862+0000] {processor.py:208} INFO - Processing /home/airflow/.local/lib/python3.12/site-packages/airflow/example_dags/example_subdag_operator.py took 0.254 seconds
[2025-02-03T23:49:16.742+0000] {processor.py:186} INFO - Started process (PID=219) to work on /home/airflow/.local/lib/python3.12/site-packages/airflow/example_dags/example_subdag_operator.py
[2025-02-03T23:49:16.746+0000] {processor.py:914} INFO - Processing file /home/airflow/.local/lib/python3.12/site-packages/airflow/example_dags/example_subdag_operator.py for tasks to queue
[2025-02-03T23:49:16.749+0000] {logging_mixin.py:190} INFO - [2025-02-03T23:49:16.749+0000] {dagbag.py:588} INFO - Filling up the DagBag from /home/airflow/.local/lib/python3.12/site-packages/airflow/example_dags/example_subdag_operator.py
[2025-02-03T23:49:16.786+0000] {processor.py:925} INFO - DAG(s) 'example_subdag_operator.section-1', 'example_subdag_operator.section-2', 'example_subdag_operator' retrieved from /home/airflow/.local/lib/python3.12/site-packages/airflow/example_dags/example_subdag_operator.py
[2025-02-03T23:49:16.807+0000] {logging_mixin.py:190} INFO - [2025-02-03T23:49:16.807+0000] {dag.py:3239} INFO - Sync 3 DAGs
[2025-02-03T23:49:16.840+0000] {logging_mixin.py:190} INFO - [2025-02-03T23:49:16.840+0000] {dag.py:4180} INFO - Setting next_dagrun for example_subdag_operator to 2022-01-01 00:00:00+00:00, run_after=2022-01-01 00:00:00+00:00
[2025-02-03T23:49:16.845+0000] {logging_mixin.py:190} INFO - [2025-02-03T23:49:16.845+0000] {dag.py:4180} INFO - Setting next_dagrun for example_subdag_operator.section-1 to None, run_after=None
[2025-02-03T23:49:16.847+0000] {logging_mixin.py:190} INFO - [2025-02-03T23:49:16.847+0000] {dag.py:4180} INFO - Setting next_dagrun for example_subdag_operator.section-2 to None, run_after=None
[2025-02-03T23:49:16.857+0000] {logging_mixin.py:190} INFO - [2025-02-03T23:49:16.857+0000] {dag.py:3239} INFO - Sync 2 DAGs
[2025-02-03T23:49:16.864+0000] {logging_mixin.py:190} INFO - [2025-02-03T23:49:16.864+0000] {dag.py:4180} INFO - Setting next_dagrun for example_subdag_operator.section-1 to None, run_after=None
[2025-02-03T23:49:16.865+0000] {logging_mixin.py:190} INFO - [2025-02-03T23:49:16.865+0000] {dag.py:4180} INFO - Setting next_dagrun for example_subdag_operator.section-2 to None, run_after=None
[2025-02-03T23:49:16.880+0000] {processor.py:208} INFO - Processing /home/airflow/.local/lib/python3.12/site-packages/airflow/example_dags/example_subdag_operator.py took 0.148 seconds
[2025-02-03T23:49:47.804+0000] {processor.py:186} INFO - Started process (PID=281) to work on /home/airflow/.local/lib/python3.12/site-packages/airflow/example_dags/example_subdag_operator.py
[2025-02-03T23:49:47.806+0000] {processor.py:914} INFO - Processing file /home/airflow/.local/lib/python3.12/site-packages/airflow/example_dags/example_subdag_operator.py for tasks to queue
[2025-02-03T23:49:47.811+0000] {logging_mixin.py:190} INFO - [2025-02-03T23:49:47.810+0000] {dagbag.py:588} INFO - Filling up the DagBag from /home/airflow/.local/lib/python3.12/site-packages/airflow/example_dags/example_subdag_operator.py
[2025-02-03T23:49:47.858+0000] {processor.py:925} INFO - DAG(s) 'example_subdag_operator.section-1', 'example_subdag_operator.section-2', 'example_subdag_operator' retrieved from /home/airflow/.local/lib/python3.12/site-packages/airflow/example_dags/example_subdag_operator.py
[2025-02-03T23:49:47.883+0000] {logging_mixin.py:190} INFO - [2025-02-03T23:49:47.882+0000] {dag.py:3239} INFO - Sync 3 DAGs
[2025-02-03T23:49:47.916+0000] {logging_mixin.py:190} INFO - [2025-02-03T23:49:47.916+0000] {dag.py:4180} INFO - Setting next_dagrun for example_subdag_operator to 2022-01-01 00:00:00+00:00, run_after=2022-01-01 00:00:00+00:00
[2025-02-03T23:49:47.926+0000] {logging_mixin.py:190} INFO - [2025-02-03T23:49:47.926+0000] {dag.py:4180} INFO - Setting next_dagrun for example_subdag_operator.section-1 to None, run_after=None
[2025-02-03T23:49:47.930+0000] {logging_mixin.py:190} INFO - [2025-02-03T23:49:47.930+0000] {dag.py:4180} INFO - Setting next_dagrun for example_subdag_operator.section-2 to None, run_after=None
[2025-02-03T23:49:47.942+0000] {logging_mixin.py:190} INFO - [2025-02-03T23:49:47.941+0000] {dag.py:3239} INFO - Sync 2 DAGs
[2025-02-03T23:49:47.950+0000] {logging_mixin.py:190} INFO - [2025-02-03T23:49:47.949+0000] {dag.py:4180} INFO - Setting next_dagrun for example_subdag_operator.section-1 to None, run_after=None
[2025-02-03T23:49:47.950+0000] {logging_mixin.py:190} INFO - [2025-02-03T23:49:47.950+0000] {dag.py:4180} INFO - Setting next_dagrun for example_subdag_operator.section-2 to None, run_after=None
[2025-02-03T23:49:47.965+0000] {processor.py:208} INFO - Processing /home/airflow/.local/lib/python3.12/site-packages/airflow/example_dags/example_subdag_operator.py took 0.172 seconds
[2025-02-03T23:50:22.606+0000] {processor.py:186} INFO - Started process (PID=344) to work on /home/airflow/.local/lib/python3.12/site-packages/airflow/example_dags/example_subdag_operator.py
[2025-02-03T23:50:22.608+0000] {processor.py:914} INFO - Processing file /home/airflow/.local/lib/python3.12/site-packages/airflow/example_dags/example_subdag_operator.py for tasks to queue
[2025-02-03T23:50:22.614+0000] {logging_mixin.py:190} INFO - [2025-02-03T23:50:22.613+0000] {dagbag.py:588} INFO - Filling up the DagBag from /home/airflow/.local/lib/python3.12/site-packages/airflow/example_dags/example_subdag_operator.py
[2025-02-03T23:50:22.740+0000] {processor.py:925} INFO - DAG(s) 'example_subdag_operator.section-1', 'example_subdag_operator.section-2', 'example_subdag_operator' retrieved from /home/airflow/.local/lib/python3.12/site-packages/airflow/example_dags/example_subdag_operator.py
[2025-02-03T23:50:22.779+0000] {logging_mixin.py:190} INFO - [2025-02-03T23:50:22.778+0000] {dag.py:3239} INFO - Sync 3 DAGs
[2025-02-03T23:50:22.861+0000] {logging_mixin.py:190} INFO - [2025-02-03T23:50:22.860+0000] {dag.py:4180} INFO - Setting next_dagrun for example_subdag_operator to 2022-01-01 00:00:00+00:00, run_after=2022-01-01 00:00:00+00:00
[2025-02-03T23:50:22.871+0000] {logging_mixin.py:190} INFO - [2025-02-03T23:50:22.870+0000] {dag.py:4180} INFO - Setting next_dagrun for example_subdag_operator.section-1 to None, run_after=None
[2025-02-03T23:50:22.875+0000] {logging_mixin.py:190} INFO - [2025-02-03T23:50:22.875+0000] {dag.py:4180} INFO - Setting next_dagrun for example_subdag_operator.section-2 to None, run_after=None
[2025-02-03T23:50:22.894+0000] {logging_mixin.py:190} INFO - [2025-02-03T23:50:22.894+0000] {dag.py:3239} INFO - Sync 2 DAGs
[2025-02-03T23:50:22.909+0000] {logging_mixin.py:190} INFO - [2025-02-03T23:50:22.908+0000] {dag.py:4180} INFO - Setting next_dagrun for example_subdag_operator.section-1 to None, run_after=None
[2025-02-03T23:50:22.910+0000] {logging_mixin.py:190} INFO - [2025-02-03T23:50:22.910+0000] {dag.py:4180} INFO - Setting next_dagrun for example_subdag_operator.section-2 to None, run_after=None
[2025-02-03T23:50:23.034+0000] {processor.py:208} INFO - Processing /home/airflow/.local/lib/python3.12/site-packages/airflow/example_dags/example_subdag_operator.py took 0.442 seconds
[2025-02-03T23:50:53.875+0000] {processor.py:186} INFO - Started process (PID=407) to work on /home/airflow/.local/lib/python3.12/site-packages/airflow/example_dags/example_subdag_operator.py
[2025-02-03T23:50:53.876+0000] {processor.py:914} INFO - Processing file /home/airflow/.local/lib/python3.12/site-packages/airflow/example_dags/example_subdag_operator.py for tasks to queue
[2025-02-03T23:50:53.879+0000] {logging_mixin.py:190} INFO - [2025-02-03T23:50:53.878+0000] {dagbag.py:588} INFO - Filling up the DagBag from /home/airflow/.local/lib/python3.12/site-packages/airflow/example_dags/example_subdag_operator.py
[2025-02-03T23:50:53.909+0000] {processor.py:925} INFO - DAG(s) 'example_subdag_operator.section-1', 'example_subdag_operator.section-2', 'example_subdag_operator' retrieved from /home/airflow/.local/lib/python3.12/site-packages/airflow/example_dags/example_subdag_operator.py
[2025-02-03T23:50:53.927+0000] {logging_mixin.py:190} INFO - [2025-02-03T23:50:53.927+0000] {dag.py:3239} INFO - Sync 3 DAGs
[2025-02-03T23:50:53.955+0000] {logging_mixin.py:190} INFO - [2025-02-03T23:50:53.954+0000] {dag.py:4180} INFO - Setting next_dagrun for example_subdag_operator to 2022-01-01 00:00:00+00:00, run_after=2022-01-01 00:00:00+00:00
[2025-02-03T23:50:53.959+0000] {logging_mixin.py:190} INFO - [2025-02-03T23:50:53.958+0000] {dag.py:4180} INFO - Setting next_dagrun for example_subdag_operator.section-1 to None, run_after=None
[2025-02-03T23:50:53.961+0000] {logging_mixin.py:190} INFO - [2025-02-03T23:50:53.960+0000] {dag.py:4180} INFO - Setting next_dagrun for example_subdag_operator.section-2 to None, run_after=None
[2025-02-03T23:50:53.969+0000] {logging_mixin.py:190} INFO - [2025-02-03T23:50:53.968+0000] {dag.py:3239} INFO - Sync 2 DAGs
[2025-02-03T23:50:53.975+0000] {logging_mixin.py:190} INFO - [2025-02-03T23:50:53.975+0000] {dag.py:4180} INFO - Setting next_dagrun for example_subdag_operator.section-1 to None, run_after=None
[2025-02-03T23:50:53.976+0000] {logging_mixin.py:190} INFO - [2025-02-03T23:50:53.976+0000] {dag.py:4180} INFO - Setting next_dagrun for example_subdag_operator.section-2 to None, run_after=None
[2025-02-03T23:50:53.988+0000] {processor.py:208} INFO - Processing /home/airflow/.local/lib/python3.12/site-packages/airflow/example_dags/example_subdag_operator.py took 0.121 seconds
[2025-02-03T23:51:24.122+0000] {processor.py:186} INFO - Started process (PID=470) to work on /home/airflow/.local/lib/python3.12/site-packages/airflow/example_dags/example_subdag_operator.py
[2025-02-03T23:51:24.124+0000] {processor.py:914} INFO - Processing file /home/airflow/.local/lib/python3.12/site-packages/airflow/example_dags/example_subdag_operator.py for tasks to queue
[2025-02-03T23:51:24.128+0000] {logging_mixin.py:190} INFO - [2025-02-03T23:51:24.128+0000] {dagbag.py:588} INFO - Filling up the DagBag from /home/airflow/.local/lib/python3.12/site-packages/airflow/example_dags/example_subdag_operator.py
[2025-02-03T23:51:24.166+0000] {processor.py:925} INFO - DAG(s) 'example_subdag_operator.section-1', 'example_subdag_operator.section-2', 'example_subdag_operator' retrieved from /home/airflow/.local/lib/python3.12/site-packages/airflow/example_dags/example_subdag_operator.py
[2025-02-03T23:51:24.185+0000] {logging_mixin.py:190} INFO - [2025-02-03T23:51:24.185+0000] {dag.py:3239} INFO - Sync 3 DAGs
[2025-02-03T23:51:24.214+0000] {logging_mixin.py:190} INFO - [2025-02-03T23:51:24.213+0000] {dag.py:4180} INFO - Setting next_dagrun for example_subdag_operator to 2022-01-01 00:00:00+00:00, run_after=2022-01-01 00:00:00+00:00
[2025-02-03T23:51:24.218+0000] {logging_mixin.py:190} INFO - [2025-02-03T23:51:24.218+0000] {dag.py:4180} INFO - Setting next_dagrun for example_subdag_operator.section-1 to None, run_after=None
[2025-02-03T23:51:24.220+0000] {logging_mixin.py:190} INFO - [2025-02-03T23:51:24.220+0000] {dag.py:4180} INFO - Setting next_dagrun for example_subdag_operator.section-2 to None, run_after=None
[2025-02-03T23:51:24.229+0000] {logging_mixin.py:190} INFO - [2025-02-03T23:51:24.229+0000] {dag.py:3239} INFO - Sync 2 DAGs
[2025-02-03T23:51:24.236+0000] {logging_mixin.py:190} INFO - [2025-02-03T23:51:24.236+0000] {dag.py:4180} INFO - Setting next_dagrun for example_subdag_operator.section-1 to None, run_after=None
[2025-02-03T23:51:24.236+0000] {logging_mixin.py:190} INFO - [2025-02-03T23:51:24.236+0000] {dag.py:4180} INFO - Setting next_dagrun for example_subdag_operator.section-2 to None, run_after=None
[2025-02-03T23:51:24.251+0000] {processor.py:208} INFO - Processing /home/airflow/.local/lib/python3.12/site-packages/airflow/example_dags/example_subdag_operator.py took 0.137 seconds
[2025-02-03T23:51:54.309+0000] {processor.py:186} INFO - Started process (PID=532) to work on /home/airflow/.local/lib/python3.12/site-packages/airflow/example_dags/example_subdag_operator.py
[2025-02-03T23:51:54.310+0000] {processor.py:914} INFO - Processing file /home/airflow/.local/lib/python3.12/site-packages/airflow/example_dags/example_subdag_operator.py for tasks to queue
[2025-02-03T23:51:54.313+0000] {logging_mixin.py:190} INFO - [2025-02-03T23:51:54.313+0000] {dagbag.py:588} INFO - Filling up the DagBag from /home/airflow/.local/lib/python3.12/site-packages/airflow/example_dags/example_subdag_operator.py
[2025-02-03T23:51:54.345+0000] {processor.py:925} INFO - DAG(s) 'example_subdag_operator.section-1', 'example_subdag_operator.section-2', 'example_subdag_operator' retrieved from /home/airflow/.local/lib/python3.12/site-packages/airflow/example_dags/example_subdag_operator.py
[2025-02-03T23:51:54.362+0000] {logging_mixin.py:190} INFO - [2025-02-03T23:51:54.362+0000] {dag.py:3239} INFO - Sync 3 DAGs
[2025-02-03T23:51:54.390+0000] {logging_mixin.py:190} INFO - [2025-02-03T23:51:54.389+0000] {dag.py:4180} INFO - Setting next_dagrun for example_subdag_operator to 2022-01-01 00:00:00+00:00, run_after=2022-01-01 00:00:00+00:00
[2025-02-03T23:51:54.394+0000] {logging_mixin.py:190} INFO - [2025-02-03T23:51:54.394+0000] {dag.py:4180} INFO - Setting next_dagrun for example_subdag_operator.section-1 to None, run_after=None
[2025-02-03T23:51:54.397+0000] {logging_mixin.py:190} INFO - [2025-02-03T23:51:54.396+0000] {dag.py:4180} INFO - Setting next_dagrun for example_subdag_operator.section-2 to None, run_after=None
[2025-02-03T23:51:54.407+0000] {logging_mixin.py:190} INFO - [2025-02-03T23:51:54.406+0000] {dag.py:3239} INFO - Sync 2 DAGs
[2025-02-03T23:51:54.413+0000] {logging_mixin.py:190} INFO - [2025-02-03T23:51:54.413+0000] {dag.py:4180} INFO - Setting next_dagrun for example_subdag_operator.section-1 to None, run_after=None
[2025-02-03T23:51:54.413+0000] {logging_mixin.py:190} INFO - [2025-02-03T23:51:54.413+0000] {dag.py:4180} INFO - Setting next_dagrun for example_subdag_operator.section-2 to None, run_after=None
[2025-02-03T23:51:54.425+0000] {processor.py:208} INFO - Processing /home/airflow/.local/lib/python3.12/site-packages/airflow/example_dags/example_subdag_operator.py took 0.123 seconds
[2025-02-03T23:52:25.886+0000] {processor.py:186} INFO - Started process (PID=596) to work on /home/airflow/.local/lib/python3.12/site-packages/airflow/example_dags/example_subdag_operator.py
[2025-02-03T23:52:25.887+0000] {processor.py:914} INFO - Processing file /home/airflow/.local/lib/python3.12/site-packages/airflow/example_dags/example_subdag_operator.py for tasks to queue
[2025-02-03T23:52:25.890+0000] {logging_mixin.py:190} INFO - [2025-02-03T23:52:25.889+0000] {dagbag.py:588} INFO - Filling up the DagBag from /home/airflow/.local/lib/python3.12/site-packages/airflow/example_dags/example_subdag_operator.py
[2025-02-03T23:52:25.924+0000] {processor.py:925} INFO - DAG(s) 'example_subdag_operator.section-1', 'example_subdag_operator.section-2', 'example_subdag_operator' retrieved from /home/airflow/.local/lib/python3.12/site-packages/airflow/example_dags/example_subdag_operator.py
[2025-02-03T23:52:25.942+0000] {logging_mixin.py:190} INFO - [2025-02-03T23:52:25.941+0000] {dag.py:3239} INFO - Sync 3 DAGs
[2025-02-03T23:52:25.970+0000] {logging_mixin.py:190} INFO - [2025-02-03T23:52:25.970+0000] {dag.py:4180} INFO - Setting next_dagrun for example_subdag_operator to 2022-01-01 00:00:00+00:00, run_after=2022-01-01 00:00:00+00:00
[2025-02-03T23:52:25.974+0000] {logging_mixin.py:190} INFO - [2025-02-03T23:52:25.974+0000] {dag.py:4180} INFO - Setting next_dagrun for example_subdag_operator.section-1 to None, run_after=None
[2025-02-03T23:52:25.977+0000] {logging_mixin.py:190} INFO - [2025-02-03T23:52:25.976+0000] {dag.py:4180} INFO - Setting next_dagrun for example_subdag_operator.section-2 to None, run_after=None
[2025-02-03T23:52:25.987+0000] {logging_mixin.py:190} INFO - [2025-02-03T23:52:25.986+0000] {dag.py:3239} INFO - Sync 2 DAGs
[2025-02-03T23:52:25.993+0000] {logging_mixin.py:190} INFO - [2025-02-03T23:52:25.993+0000] {dag.py:4180} INFO - Setting next_dagrun for example_subdag_operator.section-1 to None, run_after=None
[2025-02-03T23:52:25.994+0000] {logging_mixin.py:190} INFO - [2025-02-03T23:52:25.994+0000] {dag.py:4180} INFO - Setting next_dagrun for example_subdag_operator.section-2 to None, run_after=None
[2025-02-03T23:52:26.009+0000] {processor.py:208} INFO - Processing /home/airflow/.local/lib/python3.12/site-packages/airflow/example_dags/example_subdag_operator.py took 0.131 seconds
[2025-02-03T23:52:57.865+0000] {processor.py:186} INFO - Started process (PID=659) to work on /home/airflow/.local/lib/python3.12/site-packages/airflow/example_dags/example_subdag_operator.py
[2025-02-03T23:52:57.866+0000] {processor.py:914} INFO - Processing file /home/airflow/.local/lib/python3.12/site-packages/airflow/example_dags/example_subdag_operator.py for tasks to queue
[2025-02-03T23:52:57.869+0000] {logging_mixin.py:190} INFO - [2025-02-03T23:52:57.869+0000] {dagbag.py:588} INFO - Filling up the DagBag from /home/airflow/.local/lib/python3.12/site-packages/airflow/example_dags/example_subdag_operator.py
[2025-02-03T23:52:57.908+0000] {processor.py:925} INFO - DAG(s) 'example_subdag_operator.section-1', 'example_subdag_operator.section-2', 'example_subdag_operator' retrieved from /home/airflow/.local/lib/python3.12/site-packages/airflow/example_dags/example_subdag_operator.py
[2025-02-03T23:52:57.928+0000] {logging_mixin.py:190} INFO - [2025-02-03T23:52:57.928+0000] {dag.py:3239} INFO - Sync 3 DAGs
[2025-02-03T23:52:57.961+0000] {logging_mixin.py:190} INFO - [2025-02-03T23:52:57.961+0000] {dag.py:4180} INFO - Setting next_dagrun for example_subdag_operator to 2022-01-01 00:00:00+00:00, run_after=2022-01-01 00:00:00+00:00
[2025-02-03T23:52:57.967+0000] {logging_mixin.py:190} INFO - [2025-02-03T23:52:57.967+0000] {dag.py:4180} INFO - Setting next_dagrun for example_subdag_operator.section-1 to None, run_after=None
[2025-02-03T23:52:57.969+0000] {logging_mixin.py:190} INFO - [2025-02-03T23:52:57.968+0000] {dag.py:4180} INFO - Setting next_dagrun for example_subdag_operator.section-2 to None, run_after=None
[2025-02-03T23:52:57.978+0000] {logging_mixin.py:190} INFO - [2025-02-03T23:52:57.978+0000] {dag.py:3239} INFO - Sync 2 DAGs
[2025-02-03T23:52:57.990+0000] {logging_mixin.py:190} INFO - [2025-02-03T23:52:57.990+0000] {dag.py:4180} INFO - Setting next_dagrun for example_subdag_operator.section-1 to None, run_after=None
[2025-02-03T23:52:57.991+0000] {logging_mixin.py:190} INFO - [2025-02-03T23:52:57.991+0000] {dag.py:4180} INFO - Setting next_dagrun for example_subdag_operator.section-2 to None, run_after=None
[2025-02-03T23:52:58.009+0000] {processor.py:208} INFO - Processing /home/airflow/.local/lib/python3.12/site-packages/airflow/example_dags/example_subdag_operator.py took 0.155 seconds
[2025-02-03T23:53:28.914+0000] {processor.py:186} INFO - Started process (PID=722) to work on /home/airflow/.local/lib/python3.12/site-packages/airflow/example_dags/example_subdag_operator.py
[2025-02-03T23:53:28.915+0000] {processor.py:914} INFO - Processing file /home/airflow/.local/lib/python3.12/site-packages/airflow/example_dags/example_subdag_operator.py for tasks to queue
[2025-02-03T23:53:28.918+0000] {logging_mixin.py:190} INFO - [2025-02-03T23:53:28.918+0000] {dagbag.py:588} INFO - Filling up the DagBag from /home/airflow/.local/lib/python3.12/site-packages/airflow/example_dags/example_subdag_operator.py
[2025-02-03T23:53:28.951+0000] {processor.py:925} INFO - DAG(s) 'example_subdag_operator.section-1', 'example_subdag_operator.section-2', 'example_subdag_operator' retrieved from /home/airflow/.local/lib/python3.12/site-packages/airflow/example_dags/example_subdag_operator.py
[2025-02-03T23:53:28.969+0000] {logging_mixin.py:190} INFO - [2025-02-03T23:53:28.968+0000] {dag.py:3239} INFO - Sync 3 DAGs
[2025-02-03T23:53:28.998+0000] {logging_mixin.py:190} INFO - [2025-02-03T23:53:28.998+0000] {dag.py:4180} INFO - Setting next_dagrun for example_subdag_operator to 2022-01-01 00:00:00+00:00, run_after=2022-01-01 00:00:00+00:00
[2025-02-03T23:53:29.002+0000] {logging_mixin.py:190} INFO - [2025-02-03T23:53:29.002+0000] {dag.py:4180} INFO - Setting next_dagrun for example_subdag_operator.section-1 to None, run_after=None
[2025-02-03T23:53:29.003+0000] {logging_mixin.py:190} INFO - [2025-02-03T23:53:29.003+0000] {dag.py:4180} INFO - Setting next_dagrun for example_subdag_operator.section-2 to None, run_after=None
[2025-02-03T23:53:29.012+0000] {logging_mixin.py:190} INFO - [2025-02-03T23:53:29.012+0000] {dag.py:3239} INFO - Sync 2 DAGs
[2025-02-03T23:53:29.020+0000] {logging_mixin.py:190} INFO - [2025-02-03T23:53:29.020+0000] {dag.py:4180} INFO - Setting next_dagrun for example_subdag_operator.section-1 to None, run_after=None
[2025-02-03T23:53:29.021+0000] {logging_mixin.py:190} INFO - [2025-02-03T23:53:29.021+0000] {dag.py:4180} INFO - Setting next_dagrun for example_subdag_operator.section-2 to None, run_after=None
[2025-02-03T23:53:29.034+0000] {processor.py:208} INFO - Processing /home/airflow/.local/lib/python3.12/site-packages/airflow/example_dags/example_subdag_operator.py took 0.129 seconds
[2025-02-03T23:53:59.713+0000] {processor.py:186} INFO - Started process (PID=784) to work on /home/airflow/.local/lib/python3.12/site-packages/airflow/example_dags/example_subdag_operator.py
[2025-02-03T23:53:59.714+0000] {processor.py:914} INFO - Processing file /home/airflow/.local/lib/python3.12/site-packages/airflow/example_dags/example_subdag_operator.py for tasks to queue
[2025-02-03T23:53:59.717+0000] {logging_mixin.py:190} INFO - [2025-02-03T23:53:59.716+0000] {dagbag.py:588} INFO - Filling up the DagBag from /home/airflow/.local/lib/python3.12/site-packages/airflow/example_dags/example_subdag_operator.py
[2025-02-03T23:53:59.748+0000] {processor.py:925} INFO - DAG(s) 'example_subdag_operator.section-1', 'example_subdag_operator.section-2', 'example_subdag_operator' retrieved from /home/airflow/.local/lib/python3.12/site-packages/airflow/example_dags/example_subdag_operator.py
[2025-02-03T23:53:59.766+0000] {logging_mixin.py:190} INFO - [2025-02-03T23:53:59.766+0000] {dag.py:3239} INFO - Sync 3 DAGs
[2025-02-03T23:53:59.793+0000] {logging_mixin.py:190} INFO - [2025-02-03T23:53:59.793+0000] {dag.py:4180} INFO - Setting next_dagrun for example_subdag_operator to 2022-01-01 00:00:00+00:00, run_after=2022-01-01 00:00:00+00:00
[2025-02-03T23:53:59.798+0000] {logging_mixin.py:190} INFO - [2025-02-03T23:53:59.797+0000] {dag.py:4180} INFO - Setting next_dagrun for example_subdag_operator.section-1 to None, run_after=None
[2025-02-03T23:53:59.801+0000] {logging_mixin.py:190} INFO - [2025-02-03T23:53:59.800+0000] {dag.py:4180} INFO - Setting next_dagrun for example_subdag_operator.section-2 to None, run_after=None
[2025-02-03T23:53:59.810+0000] {logging_mixin.py:190} INFO - [2025-02-03T23:53:59.810+0000] {dag.py:3239} INFO - Sync 2 DAGs
[2025-02-03T23:53:59.818+0000] {logging_mixin.py:190} INFO - [2025-02-03T23:53:59.818+0000] {dag.py:4180} INFO - Setting next_dagrun for example_subdag_operator.section-1 to None, run_after=None
[2025-02-03T23:53:59.819+0000] {logging_mixin.py:190} INFO - [2025-02-03T23:53:59.819+0000] {dag.py:4180} INFO - Setting next_dagrun for example_subdag_operator.section-2 to None, run_after=None
[2025-02-03T23:53:59.832+0000] {processor.py:208} INFO - Processing /home/airflow/.local/lib/python3.12/site-packages/airflow/example_dags/example_subdag_operator.py took 0.127 seconds
[2025-02-03T23:54:31.517+0000] {processor.py:186} INFO - Started process (PID=848) to work on /home/airflow/.local/lib/python3.12/site-packages/airflow/example_dags/example_subdag_operator.py
[2025-02-03T23:54:31.518+0000] {processor.py:914} INFO - Processing file /home/airflow/.local/lib/python3.12/site-packages/airflow/example_dags/example_subdag_operator.py for tasks to queue
[2025-02-03T23:54:31.522+0000] {logging_mixin.py:190} INFO - [2025-02-03T23:54:31.521+0000] {dagbag.py:588} INFO - Filling up the DagBag from /home/airflow/.local/lib/python3.12/site-packages/airflow/example_dags/example_subdag_operator.py
[2025-02-03T23:54:31.562+0000] {processor.py:925} INFO - DAG(s) 'example_subdag_operator.section-1', 'example_subdag_operator.section-2', 'example_subdag_operator' retrieved from /home/airflow/.local/lib/python3.12/site-packages/airflow/example_dags/example_subdag_operator.py
[2025-02-03T23:54:31.581+0000] {logging_mixin.py:190} INFO - [2025-02-03T23:54:31.581+0000] {dag.py:3239} INFO - Sync 3 DAGs
[2025-02-03T23:54:31.615+0000] {logging_mixin.py:190} INFO - [2025-02-03T23:54:31.615+0000] {dag.py:4180} INFO - Setting next_dagrun for example_subdag_operator to 2022-01-01 00:00:00+00:00, run_after=2022-01-01 00:00:00+00:00
[2025-02-03T23:54:31.624+0000] {logging_mixin.py:190} INFO - [2025-02-03T23:54:31.623+0000] {dag.py:4180} INFO - Setting next_dagrun for example_subdag_operator.section-1 to None, run_after=None
[2025-02-03T23:54:31.627+0000] {logging_mixin.py:190} INFO - [2025-02-03T23:54:31.626+0000] {dag.py:4180} INFO - Setting next_dagrun for example_subdag_operator.section-2 to None, run_after=None
[2025-02-03T23:54:31.635+0000] {logging_mixin.py:190} INFO - [2025-02-03T23:54:31.635+0000] {dag.py:3239} INFO - Sync 2 DAGs
[2025-02-03T23:54:31.644+0000] {logging_mixin.py:190} INFO - [2025-02-03T23:54:31.644+0000] {dag.py:4180} INFO - Setting next_dagrun for example_subdag_operator.section-1 to None, run_after=None
[2025-02-03T23:54:31.645+0000] {logging_mixin.py:190} INFO - [2025-02-03T23:54:31.645+0000] {dag.py:4180} INFO - Setting next_dagrun for example_subdag_operator.section-2 to None, run_after=None
[2025-02-03T23:54:31.660+0000] {processor.py:208} INFO - Processing /home/airflow/.local/lib/python3.12/site-packages/airflow/example_dags/example_subdag_operator.py took 0.166 seconds
[2025-02-03T23:55:03.297+0000] {processor.py:186} INFO - Started process (PID=911) to work on /home/airflow/.local/lib/python3.12/site-packages/airflow/example_dags/example_subdag_operator.py
[2025-02-03T23:55:03.299+0000] {processor.py:914} INFO - Processing file /home/airflow/.local/lib/python3.12/site-packages/airflow/example_dags/example_subdag_operator.py for tasks to queue
[2025-02-03T23:55:03.302+0000] {logging_mixin.py:190} INFO - [2025-02-03T23:55:03.302+0000] {dagbag.py:588} INFO - Filling up the DagBag from /home/airflow/.local/lib/python3.12/site-packages/airflow/example_dags/example_subdag_operator.py
[2025-02-03T23:55:03.344+0000] {processor.py:925} INFO - DAG(s) 'example_subdag_operator.section-1', 'example_subdag_operator.section-2', 'example_subdag_operator' retrieved from /home/airflow/.local/lib/python3.12/site-packages/airflow/example_dags/example_subdag_operator.py
[2025-02-03T23:55:03.366+0000] {logging_mixin.py:190} INFO - [2025-02-03T23:55:03.366+0000] {dag.py:3239} INFO - Sync 3 DAGs
[2025-02-03T23:55:03.408+0000] {logging_mixin.py:190} INFO - [2025-02-03T23:55:03.407+0000] {dag.py:4180} INFO - Setting next_dagrun for example_subdag_operator to 2022-01-01 00:00:00+00:00, run_after=2022-01-01 00:00:00+00:00
[2025-02-03T23:55:03.416+0000] {logging_mixin.py:190} INFO - [2025-02-03T23:55:03.415+0000] {dag.py:4180} INFO - Setting next_dagrun for example_subdag_operator.section-1 to None, run_after=None
[2025-02-03T23:55:03.418+0000] {logging_mixin.py:190} INFO - [2025-02-03T23:55:03.418+0000] {dag.py:4180} INFO - Setting next_dagrun for example_subdag_operator.section-2 to None, run_after=None
[2025-02-03T23:55:03.434+0000] {logging_mixin.py:190} INFO - [2025-02-03T23:55:03.434+0000] {dag.py:3239} INFO - Sync 2 DAGs
[2025-02-03T23:55:03.444+0000] {logging_mixin.py:190} INFO - [2025-02-03T23:55:03.444+0000] {dag.py:4180} INFO - Setting next_dagrun for example_subdag_operator.section-1 to None, run_after=None
[2025-02-03T23:55:03.446+0000] {logging_mixin.py:190} INFO - [2025-02-03T23:55:03.446+0000] {dag.py:4180} INFO - Setting next_dagrun for example_subdag_operator.section-2 to None, run_after=None
[2025-02-03T23:55:03.461+0000] {processor.py:208} INFO - Processing /home/airflow/.local/lib/python3.12/site-packages/airflow/example_dags/example_subdag_operator.py took 0.174 seconds
[2025-02-03T23:55:34.221+0000] {processor.py:186} INFO - Started process (PID=973) to work on /home/airflow/.local/lib/python3.12/site-packages/airflow/example_dags/example_subdag_operator.py
[2025-02-03T23:55:34.222+0000] {processor.py:914} INFO - Processing file /home/airflow/.local/lib/python3.12/site-packages/airflow/example_dags/example_subdag_operator.py for tasks to queue
[2025-02-03T23:55:34.226+0000] {logging_mixin.py:190} INFO - [2025-02-03T23:55:34.225+0000] {dagbag.py:588} INFO - Filling up the DagBag from /home/airflow/.local/lib/python3.12/site-packages/airflow/example_dags/example_subdag_operator.py
[2025-02-03T23:55:34.265+0000] {processor.py:925} INFO - DAG(s) 'example_subdag_operator.section-1', 'example_subdag_operator.section-2', 'example_subdag_operator' retrieved from /home/airflow/.local/lib/python3.12/site-packages/airflow/example_dags/example_subdag_operator.py
[2025-02-03T23:55:34.287+0000] {logging_mixin.py:190} INFO - [2025-02-03T23:55:34.286+0000] {dag.py:3239} INFO - Sync 3 DAGs
[2025-02-03T23:55:34.320+0000] {logging_mixin.py:190} INFO - [2025-02-03T23:55:34.319+0000] {dag.py:4180} INFO - Setting next_dagrun for example_subdag_operator to 2022-01-01 00:00:00+00:00, run_after=2022-01-01 00:00:00+00:00
[2025-02-03T23:55:34.325+0000] {logging_mixin.py:190} INFO - [2025-02-03T23:55:34.324+0000] {dag.py:4180} INFO - Setting next_dagrun for example_subdag_operator.section-1 to None, run_after=None
[2025-02-03T23:55:34.326+0000] {logging_mixin.py:190} INFO - [2025-02-03T23:55:34.326+0000] {dag.py:4180} INFO - Setting next_dagrun for example_subdag_operator.section-2 to None, run_after=None
[2025-02-03T23:55:34.335+0000] {logging_mixin.py:190} INFO - [2025-02-03T23:55:34.335+0000] {dag.py:3239} INFO - Sync 2 DAGs
[2025-02-03T23:55:34.341+0000] {logging_mixin.py:190} INFO - [2025-02-03T23:55:34.341+0000] {dag.py:4180} INFO - Setting next_dagrun for example_subdag_operator.section-1 to None, run_after=None
[2025-02-03T23:55:34.342+0000] {logging_mixin.py:190} INFO - [2025-02-03T23:55:34.342+0000] {dag.py:4180} INFO - Setting next_dagrun for example_subdag_operator.section-2 to None, run_after=None
[2025-02-03T23:55:34.357+0000] {processor.py:208} INFO - Processing /home/airflow/.local/lib/python3.12/site-packages/airflow/example_dags/example_subdag_operator.py took 0.144 seconds
[2025-02-03T23:56:05.467+0000] {processor.py:186} INFO - Started process (PID=1036) to work on /home/airflow/.local/lib/python3.12/site-packages/airflow/example_dags/example_subdag_operator.py
[2025-02-03T23:56:05.469+0000] {processor.py:914} INFO - Processing file /home/airflow/.local/lib/python3.12/site-packages/airflow/example_dags/example_subdag_operator.py for tasks to queue
[2025-02-03T23:56:05.472+0000] {logging_mixin.py:190} INFO - [2025-02-03T23:56:05.472+0000] {dagbag.py:588} INFO - Filling up the DagBag from /home/airflow/.local/lib/python3.12/site-packages/airflow/example_dags/example_subdag_operator.py
[2025-02-03T23:56:05.511+0000] {processor.py:925} INFO - DAG(s) 'example_subdag_operator.section-1', 'example_subdag_operator.section-2', 'example_subdag_operator' retrieved from /home/airflow/.local/lib/python3.12/site-packages/airflow/example_dags/example_subdag_operator.py
[2025-02-03T23:56:05.533+0000] {logging_mixin.py:190} INFO - [2025-02-03T23:56:05.532+0000] {dag.py:3239} INFO - Sync 3 DAGs
[2025-02-03T23:56:05.566+0000] {logging_mixin.py:190} INFO - [2025-02-03T23:56:05.566+0000] {dag.py:4180} INFO - Setting next_dagrun for example_subdag_operator to 2022-01-01 00:00:00+00:00, run_after=2022-01-01 00:00:00+00:00
[2025-02-03T23:56:05.571+0000] {logging_mixin.py:190} INFO - [2025-02-03T23:56:05.571+0000] {dag.py:4180} INFO - Setting next_dagrun for example_subdag_operator.section-1 to None, run_after=None
[2025-02-03T23:56:05.573+0000] {logging_mixin.py:190} INFO - [2025-02-03T23:56:05.573+0000] {dag.py:4180} INFO - Setting next_dagrun for example_subdag_operator.section-2 to None, run_after=None
[2025-02-03T23:56:05.581+0000] {logging_mixin.py:190} INFO - [2025-02-03T23:56:05.581+0000] {dag.py:3239} INFO - Sync 2 DAGs
[2025-02-03T23:56:05.588+0000] {logging_mixin.py:190} INFO - [2025-02-03T23:56:05.587+0000] {dag.py:4180} INFO - Setting next_dagrun for example_subdag_operator.section-1 to None, run_after=None
[2025-02-03T23:56:05.588+0000] {logging_mixin.py:190} INFO - [2025-02-03T23:56:05.588+0000] {dag.py:4180} INFO - Setting next_dagrun for example_subdag_operator.section-2 to None, run_after=None
[2025-02-03T23:56:05.601+0000] {processor.py:208} INFO - Processing /home/airflow/.local/lib/python3.12/site-packages/airflow/example_dags/example_subdag_operator.py took 0.141 seconds
[2025-02-03T23:56:36.838+0000] {processor.py:186} INFO - Started process (PID=1099) to work on /home/airflow/.local/lib/python3.12/site-packages/airflow/example_dags/example_subdag_operator.py
[2025-02-03T23:56:36.840+0000] {processor.py:914} INFO - Processing file /home/airflow/.local/lib/python3.12/site-packages/airflow/example_dags/example_subdag_operator.py for tasks to queue
[2025-02-03T23:56:36.843+0000] {logging_mixin.py:190} INFO - [2025-02-03T23:56:36.843+0000] {dagbag.py:588} INFO - Filling up the DagBag from /home/airflow/.local/lib/python3.12/site-packages/airflow/example_dags/example_subdag_operator.py
[2025-02-03T23:56:36.877+0000] {processor.py:925} INFO - DAG(s) 'example_subdag_operator.section-1', 'example_subdag_operator.section-2', 'example_subdag_operator' retrieved from /home/airflow/.local/lib/python3.12/site-packages/airflow/example_dags/example_subdag_operator.py
[2025-02-03T23:56:36.897+0000] {logging_mixin.py:190} INFO - [2025-02-03T23:56:36.897+0000] {dag.py:3239} INFO - Sync 3 DAGs
[2025-02-03T23:56:36.931+0000] {logging_mixin.py:190} INFO - [2025-02-03T23:56:36.931+0000] {dag.py:4180} INFO - Setting next_dagrun for example_subdag_operator to 2022-01-01 00:00:00+00:00, run_after=2022-01-01 00:00:00+00:00
[2025-02-03T23:56:36.936+0000] {logging_mixin.py:190} INFO - [2025-02-03T23:56:36.936+0000] {dag.py:4180} INFO - Setting next_dagrun for example_subdag_operator.section-1 to None, run_after=None
[2025-02-03T23:56:36.938+0000] {logging_mixin.py:190} INFO - [2025-02-03T23:56:36.937+0000] {dag.py:4180} INFO - Setting next_dagrun for example_subdag_operator.section-2 to None, run_after=None
[2025-02-03T23:56:36.947+0000] {logging_mixin.py:190} INFO - [2025-02-03T23:56:36.947+0000] {dag.py:3239} INFO - Sync 2 DAGs
[2025-02-03T23:56:36.954+0000] {logging_mixin.py:190} INFO - [2025-02-03T23:56:36.954+0000] {dag.py:4180} INFO - Setting next_dagrun for example_subdag_operator.section-1 to None, run_after=None
[2025-02-03T23:56:36.955+0000] {logging_mixin.py:190} INFO - [2025-02-03T23:56:36.955+0000] {dag.py:4180} INFO - Setting next_dagrun for example_subdag_operator.section-2 to None, run_after=None
[2025-02-03T23:56:36.971+0000] {processor.py:208} INFO - Processing /home/airflow/.local/lib/python3.12/site-packages/airflow/example_dags/example_subdag_operator.py took 0.141 seconds
[2025-02-03T23:57:08.351+0000] {processor.py:186} INFO - Started process (PID=1162) to work on /home/airflow/.local/lib/python3.12/site-packages/airflow/example_dags/example_subdag_operator.py
[2025-02-03T23:57:08.352+0000] {processor.py:914} INFO - Processing file /home/airflow/.local/lib/python3.12/site-packages/airflow/example_dags/example_subdag_operator.py for tasks to queue
[2025-02-03T23:57:08.357+0000] {logging_mixin.py:190} INFO - [2025-02-03T23:57:08.356+0000] {dagbag.py:588} INFO - Filling up the DagBag from /home/airflow/.local/lib/python3.12/site-packages/airflow/example_dags/example_subdag_operator.py
[2025-02-03T23:57:08.391+0000] {processor.py:925} INFO - DAG(s) 'example_subdag_operator.section-1', 'example_subdag_operator.section-2', 'example_subdag_operator' retrieved from /home/airflow/.local/lib/python3.12/site-packages/airflow/example_dags/example_subdag_operator.py
[2025-02-03T23:57:08.412+0000] {logging_mixin.py:190} INFO - [2025-02-03T23:57:08.411+0000] {dag.py:3239} INFO - Sync 3 DAGs
[2025-02-03T23:57:08.439+0000] {logging_mixin.py:190} INFO - [2025-02-03T23:57:08.439+0000] {dag.py:4180} INFO - Setting next_dagrun for example_subdag_operator to 2022-01-01 00:00:00+00:00, run_after=2022-01-01 00:00:00+00:00
[2025-02-03T23:57:08.443+0000] {logging_mixin.py:190} INFO - [2025-02-03T23:57:08.443+0000] {dag.py:4180} INFO - Setting next_dagrun for example_subdag_operator.section-1 to None, run_after=None
[2025-02-03T23:57:08.445+0000] {logging_mixin.py:190} INFO - [2025-02-03T23:57:08.445+0000] {dag.py:4180} INFO - Setting next_dagrun for example_subdag_operator.section-2 to None, run_after=None
[2025-02-03T23:57:08.453+0000] {logging_mixin.py:190} INFO - [2025-02-03T23:57:08.453+0000] {dag.py:3239} INFO - Sync 2 DAGs
[2025-02-03T23:57:08.460+0000] {logging_mixin.py:190} INFO - [2025-02-03T23:57:08.459+0000] {dag.py:4180} INFO - Setting next_dagrun for example_subdag_operator.section-1 to None, run_after=None
[2025-02-03T23:57:08.460+0000] {logging_mixin.py:190} INFO - [2025-02-03T23:57:08.460+0000] {dag.py:4180} INFO - Setting next_dagrun for example_subdag_operator.section-2 to None, run_after=None
[2025-02-03T23:57:08.473+0000] {processor.py:208} INFO - Processing /home/airflow/.local/lib/python3.12/site-packages/airflow/example_dags/example_subdag_operator.py took 0.136 seconds
[2025-02-03T23:57:39.222+0000] {processor.py:186} INFO - Started process (PID=1225) to work on /home/airflow/.local/lib/python3.12/site-packages/airflow/example_dags/example_subdag_operator.py
[2025-02-03T23:57:39.223+0000] {processor.py:914} INFO - Processing file /home/airflow/.local/lib/python3.12/site-packages/airflow/example_dags/example_subdag_operator.py for tasks to queue
[2025-02-03T23:57:39.227+0000] {logging_mixin.py:190} INFO - [2025-02-03T23:57:39.226+0000] {dagbag.py:588} INFO - Filling up the DagBag from /home/airflow/.local/lib/python3.12/site-packages/airflow/example_dags/example_subdag_operator.py
[2025-02-03T23:57:39.268+0000] {processor.py:925} INFO - DAG(s) 'example_subdag_operator.section-1', 'example_subdag_operator.section-2', 'example_subdag_operator' retrieved from /home/airflow/.local/lib/python3.12/site-packages/airflow/example_dags/example_subdag_operator.py
[2025-02-03T23:57:39.289+0000] {logging_mixin.py:190} INFO - [2025-02-03T23:57:39.289+0000] {dag.py:3239} INFO - Sync 3 DAGs
[2025-02-03T23:57:39.331+0000] {logging_mixin.py:190} INFO - [2025-02-03T23:57:39.331+0000] {dag.py:4180} INFO - Setting next_dagrun for example_subdag_operator to 2022-01-01 00:00:00+00:00, run_after=2022-01-01 00:00:00+00:00
[2025-02-03T23:57:39.337+0000] {logging_mixin.py:190} INFO - [2025-02-03T23:57:39.337+0000] {dag.py:4180} INFO - Setting next_dagrun for example_subdag_operator.section-1 to None, run_after=None
[2025-02-03T23:57:39.340+0000] {logging_mixin.py:190} INFO - [2025-02-03T23:57:39.339+0000] {dag.py:4180} INFO - Setting next_dagrun for example_subdag_operator.section-2 to None, run_after=None
[2025-02-03T23:57:39.352+0000] {logging_mixin.py:190} INFO - [2025-02-03T23:57:39.352+0000] {dag.py:3239} INFO - Sync 2 DAGs
[2025-02-03T23:57:39.364+0000] {logging_mixin.py:190} INFO - [2025-02-03T23:57:39.363+0000] {dag.py:4180} INFO - Setting next_dagrun for example_subdag_operator.section-1 to None, run_after=None
[2025-02-03T23:57:39.366+0000] {logging_mixin.py:190} INFO - [2025-02-03T23:57:39.366+0000] {dag.py:4180} INFO - Setting next_dagrun for example_subdag_operator.section-2 to None, run_after=None
[2025-02-03T23:57:39.380+0000] {processor.py:208} INFO - Processing /home/airflow/.local/lib/python3.12/site-packages/airflow/example_dags/example_subdag_operator.py took 0.165 seconds
[2025-02-03T23:58:10.452+0000] {processor.py:186} INFO - Started process (PID=1288) to work on /home/airflow/.local/lib/python3.12/site-packages/airflow/example_dags/example_subdag_operator.py
[2025-02-03T23:58:10.453+0000] {processor.py:914} INFO - Processing file /home/airflow/.local/lib/python3.12/site-packages/airflow/example_dags/example_subdag_operator.py for tasks to queue
[2025-02-03T23:58:10.456+0000] {logging_mixin.py:190} INFO - [2025-02-03T23:58:10.455+0000] {dagbag.py:588} INFO - Filling up the DagBag from /home/airflow/.local/lib/python3.12/site-packages/airflow/example_dags/example_subdag_operator.py
[2025-02-03T23:58:10.489+0000] {processor.py:925} INFO - DAG(s) 'example_subdag_operator.section-1', 'example_subdag_operator.section-2', 'example_subdag_operator' retrieved from /home/airflow/.local/lib/python3.12/site-packages/airflow/example_dags/example_subdag_operator.py
[2025-02-03T23:58:10.507+0000] {logging_mixin.py:190} INFO - [2025-02-03T23:58:10.507+0000] {dag.py:3239} INFO - Sync 3 DAGs
[2025-02-03T23:58:10.535+0000] {logging_mixin.py:190} INFO - [2025-02-03T23:58:10.535+0000] {dag.py:4180} INFO - Setting next_dagrun for example_subdag_operator to 2022-01-01 00:00:00+00:00, run_after=2022-01-01 00:00:00+00:00
[2025-02-03T23:58:10.540+0000] {logging_mixin.py:190} INFO - [2025-02-03T23:58:10.540+0000] {dag.py:4180} INFO - Setting next_dagrun for example_subdag_operator.section-1 to None, run_after=None
[2025-02-03T23:58:10.543+0000] {logging_mixin.py:190} INFO - [2025-02-03T23:58:10.542+0000] {dag.py:4180} INFO - Setting next_dagrun for example_subdag_operator.section-2 to None, run_after=None
[2025-02-03T23:58:10.554+0000] {logging_mixin.py:190} INFO - [2025-02-03T23:58:10.554+0000] {dag.py:3239} INFO - Sync 2 DAGs
[2025-02-03T23:58:10.563+0000] {logging_mixin.py:190} INFO - [2025-02-03T23:58:10.563+0000] {dag.py:4180} INFO - Setting next_dagrun for example_subdag_operator.section-1 to None, run_after=None
[2025-02-03T23:58:10.564+0000] {logging_mixin.py:190} INFO - [2025-02-03T23:58:10.564+0000] {dag.py:4180} INFO - Setting next_dagrun for example_subdag_operator.section-2 to None, run_after=None
[2025-02-03T23:58:10.579+0000] {processor.py:208} INFO - Processing /home/airflow/.local/lib/python3.12/site-packages/airflow/example_dags/example_subdag_operator.py took 0.135 seconds
[2025-02-03T23:58:41.503+0000] {processor.py:186} INFO - Started process (PID=1351) to work on /home/airflow/.local/lib/python3.12/site-packages/airflow/example_dags/example_subdag_operator.py
[2025-02-03T23:58:41.504+0000] {processor.py:914} INFO - Processing file /home/airflow/.local/lib/python3.12/site-packages/airflow/example_dags/example_subdag_operator.py for tasks to queue
[2025-02-03T23:58:41.508+0000] {logging_mixin.py:190} INFO - [2025-02-03T23:58:41.507+0000] {dagbag.py:588} INFO - Filling up the DagBag from /home/airflow/.local/lib/python3.12/site-packages/airflow/example_dags/example_subdag_operator.py
[2025-02-03T23:58:41.541+0000] {processor.py:925} INFO - DAG(s) 'example_subdag_operator.section-1', 'example_subdag_operator.section-2', 'example_subdag_operator' retrieved from /home/airflow/.local/lib/python3.12/site-packages/airflow/example_dags/example_subdag_operator.py
[2025-02-03T23:58:41.561+0000] {logging_mixin.py:190} INFO - [2025-02-03T23:58:41.561+0000] {dag.py:3239} INFO - Sync 3 DAGs
[2025-02-03T23:58:41.590+0000] {logging_mixin.py:190} INFO - [2025-02-03T23:58:41.589+0000] {dag.py:4180} INFO - Setting next_dagrun for example_subdag_operator to 2022-01-01 00:00:00+00:00, run_after=2022-01-01 00:00:00+00:00
[2025-02-03T23:58:41.594+0000] {logging_mixin.py:190} INFO - [2025-02-03T23:58:41.594+0000] {dag.py:4180} INFO - Setting next_dagrun for example_subdag_operator.section-1 to None, run_after=None
[2025-02-03T23:58:41.596+0000] {logging_mixin.py:190} INFO - [2025-02-03T23:58:41.596+0000] {dag.py:4180} INFO - Setting next_dagrun for example_subdag_operator.section-2 to None, run_after=None
[2025-02-03T23:58:41.609+0000] {logging_mixin.py:190} INFO - [2025-02-03T23:58:41.608+0000] {dag.py:3239} INFO - Sync 2 DAGs
[2025-02-03T23:58:41.618+0000] {logging_mixin.py:190} INFO - [2025-02-03T23:58:41.618+0000] {dag.py:4180} INFO - Setting next_dagrun for example_subdag_operator.section-1 to None, run_after=None
[2025-02-03T23:58:41.619+0000] {logging_mixin.py:190} INFO - [2025-02-03T23:58:41.618+0000] {dag.py:4180} INFO - Setting next_dagrun for example_subdag_operator.section-2 to None, run_after=None
[2025-02-03T23:58:41.634+0000] {processor.py:208} INFO - Processing /home/airflow/.local/lib/python3.12/site-packages/airflow/example_dags/example_subdag_operator.py took 0.138 seconds
[2025-02-03T23:59:12.329+0000] {processor.py:186} INFO - Started process (PID=1414) to work on /home/airflow/.local/lib/python3.12/site-packages/airflow/example_dags/example_subdag_operator.py
[2025-02-03T23:59:12.330+0000] {processor.py:914} INFO - Processing file /home/airflow/.local/lib/python3.12/site-packages/airflow/example_dags/example_subdag_operator.py for tasks to queue
[2025-02-03T23:59:12.335+0000] {logging_mixin.py:190} INFO - [2025-02-03T23:59:12.334+0000] {dagbag.py:588} INFO - Filling up the DagBag from /home/airflow/.local/lib/python3.12/site-packages/airflow/example_dags/example_subdag_operator.py
[2025-02-03T23:59:12.374+0000] {processor.py:925} INFO - DAG(s) 'example_subdag_operator.section-1', 'example_subdag_operator.section-2', 'example_subdag_operator' retrieved from /home/airflow/.local/lib/python3.12/site-packages/airflow/example_dags/example_subdag_operator.py
[2025-02-03T23:59:12.393+0000] {logging_mixin.py:190} INFO - [2025-02-03T23:59:12.392+0000] {dag.py:3239} INFO - Sync 3 DAGs
[2025-02-03T23:59:12.422+0000] {logging_mixin.py:190} INFO - [2025-02-03T23:59:12.422+0000] {dag.py:4180} INFO - Setting next_dagrun for example_subdag_operator to 2022-01-01 00:00:00+00:00, run_after=2022-01-01 00:00:00+00:00
[2025-02-03T23:59:12.428+0000] {logging_mixin.py:190} INFO - [2025-02-03T23:59:12.428+0000] {dag.py:4180} INFO - Setting next_dagrun for example_subdag_operator.section-1 to None, run_after=None
[2025-02-03T23:59:12.430+0000] {logging_mixin.py:190} INFO - [2025-02-03T23:59:12.430+0000] {dag.py:4180} INFO - Setting next_dagrun for example_subdag_operator.section-2 to None, run_after=None
[2025-02-03T23:59:12.438+0000] {logging_mixin.py:190} INFO - [2025-02-03T23:59:12.438+0000] {dag.py:3239} INFO - Sync 2 DAGs
[2025-02-03T23:59:12.444+0000] {logging_mixin.py:190} INFO - [2025-02-03T23:59:12.444+0000] {dag.py:4180} INFO - Setting next_dagrun for example_subdag_operator.section-1 to None, run_after=None
[2025-02-03T23:59:12.445+0000] {logging_mixin.py:190} INFO - [2025-02-03T23:59:12.445+0000] {dag.py:4180} INFO - Setting next_dagrun for example_subdag_operator.section-2 to None, run_after=None
[2025-02-03T23:59:12.457+0000] {processor.py:208} INFO - Processing /home/airflow/.local/lib/python3.12/site-packages/airflow/example_dags/example_subdag_operator.py took 0.136 seconds
[2025-02-03T23:59:43.295+0000] {processor.py:186} INFO - Started process (PID=1477) to work on /home/airflow/.local/lib/python3.12/site-packages/airflow/example_dags/example_subdag_operator.py
[2025-02-03T23:59:43.296+0000] {processor.py:914} INFO - Processing file /home/airflow/.local/lib/python3.12/site-packages/airflow/example_dags/example_subdag_operator.py for tasks to queue
[2025-02-03T23:59:43.299+0000] {logging_mixin.py:190} INFO - [2025-02-03T23:59:43.299+0000] {dagbag.py:588} INFO - Filling up the DagBag from /home/airflow/.local/lib/python3.12/site-packages/airflow/example_dags/example_subdag_operator.py
[2025-02-03T23:59:43.334+0000] {processor.py:925} INFO - DAG(s) 'example_subdag_operator.section-1', 'example_subdag_operator.section-2', 'example_subdag_operator' retrieved from /home/airflow/.local/lib/python3.12/site-packages/airflow/example_dags/example_subdag_operator.py
[2025-02-03T23:59:43.359+0000] {logging_mixin.py:190} INFO - [2025-02-03T23:59:43.358+0000] {dag.py:3239} INFO - Sync 3 DAGs
[2025-02-03T23:59:43.393+0000] {logging_mixin.py:190} INFO - [2025-02-03T23:59:43.392+0000] {dag.py:4180} INFO - Setting next_dagrun for example_subdag_operator to 2022-01-01 00:00:00+00:00, run_after=2022-01-01 00:00:00+00:00
[2025-02-03T23:59:43.397+0000] {logging_mixin.py:190} INFO - [2025-02-03T23:59:43.397+0000] {dag.py:4180} INFO - Setting next_dagrun for example_subdag_operator.section-1 to None, run_after=None
[2025-02-03T23:59:43.400+0000] {logging_mixin.py:190} INFO - [2025-02-03T23:59:43.400+0000] {dag.py:4180} INFO - Setting next_dagrun for example_subdag_operator.section-2 to None, run_after=None
[2025-02-03T23:59:43.409+0000] {logging_mixin.py:190} INFO - [2025-02-03T23:59:43.408+0000] {dag.py:3239} INFO - Sync 2 DAGs
[2025-02-03T23:59:43.415+0000] {logging_mixin.py:190} INFO - [2025-02-03T23:59:43.415+0000] {dag.py:4180} INFO - Setting next_dagrun for example_subdag_operator.section-1 to None, run_after=None
[2025-02-03T23:59:43.416+0000] {logging_mixin.py:190} INFO - [2025-02-03T23:59:43.416+0000] {dag.py:4180} INFO - Setting next_dagrun for example_subdag_operator.section-2 to None, run_after=None
[2025-02-03T23:59:43.435+0000] {processor.py:208} INFO - Processing /home/airflow/.local/lib/python3.12/site-packages/airflow/example_dags/example_subdag_operator.py took 0.149 seconds
