[2025-02-03T10:52:18.543+0000] {processor.py:186} INFO - Started process (PID=123) to work on /home/airflow/.local/lib/python3.12/site-packages/airflow/example_dags/example_branch_labels.py
[2025-02-03T10:52:18.545+0000] {processor.py:914} INFO - Processing file /home/airflow/.local/lib/python3.12/site-packages/airflow/example_dags/example_branch_labels.py for tasks to queue
[2025-02-03T10:52:18.551+0000] {logging_mixin.py:190} INFO - [2025-02-03T10:52:18.550+0000] {dagbag.py:588} INFO - Filling up the DagBag from /home/airflow/.local/lib/python3.12/site-packages/airflow/example_dags/example_branch_labels.py
[2025-02-03T10:52:18.579+0000] {processor.py:925} INFO - DAG(s) 'example_branch_labels' retrieved from /home/airflow/.local/lib/python3.12/site-packages/airflow/example_dags/example_branch_labels.py
[2025-02-03T10:52:18.846+0000] {logging_mixin.py:190} INFO - [2025-02-03T10:52:18.845+0000] {override.py:1911} INFO - Created Permission View: can read on DAG:example_branch_labels
[2025-02-03T10:52:18.868+0000] {logging_mixin.py:190} INFO - [2025-02-03T10:52:18.867+0000] {override.py:1911} INFO - Created Permission View: can edit on DAG:example_branch_labels
[2025-02-03T10:52:18.878+0000] {logging_mixin.py:190} INFO - [2025-02-03T10:52:18.878+0000] {override.py:1911} INFO - Created Permission View: can delete on DAG:example_branch_labels
[2025-02-03T10:52:18.894+0000] {logging_mixin.py:190} INFO - [2025-02-03T10:52:18.894+0000] {override.py:1911} INFO - Created Permission View: can read on DAG Run:example_branch_labels
[2025-02-03T10:52:18.908+0000] {logging_mixin.py:190} INFO - [2025-02-03T10:52:18.907+0000] {override.py:1911} INFO - Created Permission View: can create on DAG Run:example_branch_labels
[2025-02-03T10:52:18.919+0000] {logging_mixin.py:190} INFO - [2025-02-03T10:52:18.919+0000] {override.py:1911} INFO - Created Permission View: menu access on DAG Run:example_branch_labels
[2025-02-03T10:52:18.932+0000] {logging_mixin.py:190} INFO - [2025-02-03T10:52:18.931+0000] {override.py:1911} INFO - Created Permission View: can delete on DAG Run:example_branch_labels
[2025-02-03T10:52:18.933+0000] {logging_mixin.py:190} INFO - [2025-02-03T10:52:18.933+0000] {dag.py:3239} INFO - Sync 1 DAGs
[2025-02-03T10:52:18.955+0000] {logging_mixin.py:190} INFO - [2025-02-03T10:52:18.955+0000] {dag.py:3262} INFO - Creating ORM DAG for example_branch_labels
[2025-02-03T10:52:18.971+0000] {logging_mixin.py:190} INFO - [2025-02-03T10:52:18.970+0000] {dag.py:4180} INFO - Setting next_dagrun for example_branch_labels to 2025-02-02 00:00:00+00:00, run_after=2025-02-03 00:00:00+00:00
[2025-02-03T10:52:18.993+0000] {processor.py:208} INFO - Processing /home/airflow/.local/lib/python3.12/site-packages/airflow/example_dags/example_branch_labels.py took 0.466 seconds
[2025-02-03T10:52:49.746+0000] {processor.py:186} INFO - Started process (PID=186) to work on /home/airflow/.local/lib/python3.12/site-packages/airflow/example_dags/example_branch_labels.py
[2025-02-03T10:52:49.748+0000] {processor.py:914} INFO - Processing file /home/airflow/.local/lib/python3.12/site-packages/airflow/example_dags/example_branch_labels.py for tasks to queue
[2025-02-03T10:52:49.751+0000] {logging_mixin.py:190} INFO - [2025-02-03T10:52:49.751+0000] {dagbag.py:588} INFO - Filling up the DagBag from /home/airflow/.local/lib/python3.12/site-packages/airflow/example_dags/example_branch_labels.py
[2025-02-03T10:52:49.764+0000] {processor.py:925} INFO - DAG(s) 'example_branch_labels' retrieved from /home/airflow/.local/lib/python3.12/site-packages/airflow/example_dags/example_branch_labels.py
[2025-02-03T10:52:49.795+0000] {logging_mixin.py:190} INFO - [2025-02-03T10:52:49.795+0000] {dag.py:3239} INFO - Sync 1 DAGs
[2025-02-03T10:52:49.825+0000] {logging_mixin.py:190} INFO - [2025-02-03T10:52:49.825+0000] {dag.py:4180} INFO - Setting next_dagrun for example_branch_labels to 2025-02-02 00:00:00+00:00, run_after=2025-02-03 00:00:00+00:00
[2025-02-03T10:52:49.849+0000] {processor.py:208} INFO - Processing /home/airflow/.local/lib/python3.12/site-packages/airflow/example_dags/example_branch_labels.py took 0.110 seconds
[2025-02-03T10:53:20.446+0000] {processor.py:186} INFO - Started process (PID=249) to work on /home/airflow/.local/lib/python3.12/site-packages/airflow/example_dags/example_branch_labels.py
[2025-02-03T10:53:20.448+0000] {processor.py:914} INFO - Processing file /home/airflow/.local/lib/python3.12/site-packages/airflow/example_dags/example_branch_labels.py for tasks to queue
[2025-02-03T10:53:20.454+0000] {logging_mixin.py:190} INFO - [2025-02-03T10:53:20.453+0000] {dagbag.py:588} INFO - Filling up the DagBag from /home/airflow/.local/lib/python3.12/site-packages/airflow/example_dags/example_branch_labels.py
[2025-02-03T10:53:20.471+0000] {processor.py:925} INFO - DAG(s) 'example_branch_labels' retrieved from /home/airflow/.local/lib/python3.12/site-packages/airflow/example_dags/example_branch_labels.py
[2025-02-03T10:53:20.502+0000] {logging_mixin.py:190} INFO - [2025-02-03T10:53:20.502+0000] {dag.py:3239} INFO - Sync 1 DAGs
[2025-02-03T10:53:20.542+0000] {logging_mixin.py:190} INFO - [2025-02-03T10:53:20.541+0000] {dag.py:4180} INFO - Setting next_dagrun for example_branch_labels to 2025-02-02 00:00:00+00:00, run_after=2025-02-03 00:00:00+00:00
[2025-02-03T10:53:20.574+0000] {processor.py:208} INFO - Processing /home/airflow/.local/lib/python3.12/site-packages/airflow/example_dags/example_branch_labels.py took 0.137 seconds
[2025-02-03T23:48:16.824+0000] {processor.py:186} INFO - Started process (PID=121) to work on /home/airflow/.local/lib/python3.12/site-packages/airflow/example_dags/example_branch_labels.py
[2025-02-03T23:48:16.825+0000] {processor.py:914} INFO - Processing file /home/airflow/.local/lib/python3.12/site-packages/airflow/example_dags/example_branch_labels.py for tasks to queue
[2025-02-03T23:48:16.829+0000] {logging_mixin.py:190} INFO - [2025-02-03T23:48:16.828+0000] {dagbag.py:588} INFO - Filling up the DagBag from /home/airflow/.local/lib/python3.12/site-packages/airflow/example_dags/example_branch_labels.py
[2025-02-03T23:48:16.843+0000] {processor.py:925} INFO - DAG(s) 'example_branch_labels' retrieved from /home/airflow/.local/lib/python3.12/site-packages/airflow/example_dags/example_branch_labels.py
[2025-02-03T23:48:16.870+0000] {logging_mixin.py:190} INFO - [2025-02-03T23:48:16.870+0000] {dag.py:3239} INFO - Sync 1 DAGs
[2025-02-03T23:48:16.901+0000] {logging_mixin.py:190} INFO - [2025-02-03T23:48:16.901+0000] {dag.py:4180} INFO - Setting next_dagrun for example_branch_labels to 2025-02-02 00:00:00+00:00, run_after=2025-02-03 00:00:00+00:00
[2025-02-03T23:48:16.927+0000] {processor.py:208} INFO - Processing /home/airflow/.local/lib/python3.12/site-packages/airflow/example_dags/example_branch_labels.py took 0.112 seconds
[2025-02-03T23:48:49.487+0000] {processor.py:186} INFO - Started process (PID=184) to work on /home/airflow/.local/lib/python3.12/site-packages/airflow/example_dags/example_branch_labels.py
[2025-02-03T23:48:49.489+0000] {processor.py:914} INFO - Processing file /home/airflow/.local/lib/python3.12/site-packages/airflow/example_dags/example_branch_labels.py for tasks to queue
[2025-02-03T23:48:49.494+0000] {logging_mixin.py:190} INFO - [2025-02-03T23:48:49.493+0000] {dagbag.py:588} INFO - Filling up the DagBag from /home/airflow/.local/lib/python3.12/site-packages/airflow/example_dags/example_branch_labels.py
[2025-02-03T23:48:49.512+0000] {processor.py:925} INFO - DAG(s) 'example_branch_labels' retrieved from /home/airflow/.local/lib/python3.12/site-packages/airflow/example_dags/example_branch_labels.py
[2025-02-03T23:48:49.554+0000] {logging_mixin.py:190} INFO - [2025-02-03T23:48:49.554+0000] {dag.py:3239} INFO - Sync 1 DAGs
[2025-02-03T23:48:49.646+0000] {logging_mixin.py:190} INFO - [2025-02-03T23:48:49.645+0000] {dag.py:4180} INFO - Setting next_dagrun for example_branch_labels to 2025-02-02 00:00:00+00:00, run_after=2025-02-03 00:00:00+00:00
[2025-02-03T23:48:49.685+0000] {processor.py:208} INFO - Processing /home/airflow/.local/lib/python3.12/site-packages/airflow/example_dags/example_branch_labels.py took 0.223 seconds
[2025-02-03T23:49:19.819+0000] {processor.py:186} INFO - Started process (PID=248) to work on /home/airflow/.local/lib/python3.12/site-packages/airflow/example_dags/example_branch_labels.py
[2025-02-03T23:49:19.820+0000] {processor.py:914} INFO - Processing file /home/airflow/.local/lib/python3.12/site-packages/airflow/example_dags/example_branch_labels.py for tasks to queue
[2025-02-03T23:49:19.823+0000] {logging_mixin.py:190} INFO - [2025-02-03T23:49:19.823+0000] {dagbag.py:588} INFO - Filling up the DagBag from /home/airflow/.local/lib/python3.12/site-packages/airflow/example_dags/example_branch_labels.py
[2025-02-03T23:49:19.836+0000] {processor.py:925} INFO - DAG(s) 'example_branch_labels' retrieved from /home/airflow/.local/lib/python3.12/site-packages/airflow/example_dags/example_branch_labels.py
[2025-02-03T23:49:19.869+0000] {logging_mixin.py:190} INFO - [2025-02-03T23:49:19.868+0000] {dag.py:3239} INFO - Sync 1 DAGs
[2025-02-03T23:49:19.899+0000] {logging_mixin.py:190} INFO - [2025-02-03T23:49:19.899+0000] {dag.py:4180} INFO - Setting next_dagrun for example_branch_labels to 2025-02-02 00:00:00+00:00, run_after=2025-02-03 00:00:00+00:00
[2025-02-03T23:49:19.922+0000] {processor.py:208} INFO - Processing /home/airflow/.local/lib/python3.12/site-packages/airflow/example_dags/example_branch_labels.py took 0.111 seconds
[2025-02-03T23:49:50.663+0000] {processor.py:186} INFO - Started process (PID=310) to work on /home/airflow/.local/lib/python3.12/site-packages/airflow/example_dags/example_branch_labels.py
[2025-02-03T23:49:50.664+0000] {processor.py:914} INFO - Processing file /home/airflow/.local/lib/python3.12/site-packages/airflow/example_dags/example_branch_labels.py for tasks to queue
[2025-02-03T23:49:50.667+0000] {logging_mixin.py:190} INFO - [2025-02-03T23:49:50.667+0000] {dagbag.py:588} INFO - Filling up the DagBag from /home/airflow/.local/lib/python3.12/site-packages/airflow/example_dags/example_branch_labels.py
[2025-02-03T23:49:50.682+0000] {processor.py:925} INFO - DAG(s) 'example_branch_labels' retrieved from /home/airflow/.local/lib/python3.12/site-packages/airflow/example_dags/example_branch_labels.py
[2025-02-03T23:49:50.714+0000] {logging_mixin.py:190} INFO - [2025-02-03T23:49:50.714+0000] {dag.py:3239} INFO - Sync 1 DAGs
[2025-02-03T23:49:50.757+0000] {logging_mixin.py:190} INFO - [2025-02-03T23:49:50.757+0000] {dag.py:4180} INFO - Setting next_dagrun for example_branch_labels to 2025-02-02 00:00:00+00:00, run_after=2025-02-03 00:00:00+00:00
[2025-02-03T23:49:50.801+0000] {processor.py:208} INFO - Processing /home/airflow/.local/lib/python3.12/site-packages/airflow/example_dags/example_branch_labels.py took 0.148 seconds
[2025-02-03T23:50:29.882+0000] {processor.py:186} INFO - Started process (PID=373) to work on /home/airflow/.local/lib/python3.12/site-packages/airflow/example_dags/example_branch_labels.py
[2025-02-03T23:50:29.884+0000] {processor.py:914} INFO - Processing file /home/airflow/.local/lib/python3.12/site-packages/airflow/example_dags/example_branch_labels.py for tasks to queue
[2025-02-03T23:50:29.893+0000] {logging_mixin.py:190} INFO - [2025-02-03T23:50:29.893+0000] {dagbag.py:588} INFO - Filling up the DagBag from /home/airflow/.local/lib/python3.12/site-packages/airflow/example_dags/example_branch_labels.py
[2025-02-03T23:50:29.929+0000] {processor.py:925} INFO - DAG(s) 'example_branch_labels' retrieved from /home/airflow/.local/lib/python3.12/site-packages/airflow/example_dags/example_branch_labels.py
[2025-02-03T23:50:30.023+0000] {logging_mixin.py:190} INFO - [2025-02-03T23:50:30.022+0000] {dag.py:3239} INFO - Sync 1 DAGs
[2025-02-03T23:50:30.079+0000] {logging_mixin.py:190} INFO - [2025-02-03T23:50:30.079+0000] {dag.py:4180} INFO - Setting next_dagrun for example_branch_labels to 2025-02-02 00:00:00+00:00, run_after=2025-02-03 00:00:00+00:00
[2025-02-03T23:50:30.123+0000] {processor.py:208} INFO - Processing /home/airflow/.local/lib/python3.12/site-packages/airflow/example_dags/example_branch_labels.py took 0.266 seconds
[2025-02-03T23:51:01.019+0000] {processor.py:186} INFO - Started process (PID=436) to work on /home/airflow/.local/lib/python3.12/site-packages/airflow/example_dags/example_branch_labels.py
[2025-02-03T23:51:01.021+0000] {processor.py:914} INFO - Processing file /home/airflow/.local/lib/python3.12/site-packages/airflow/example_dags/example_branch_labels.py for tasks to queue
[2025-02-03T23:51:01.024+0000] {logging_mixin.py:190} INFO - [2025-02-03T23:51:01.024+0000] {dagbag.py:588} INFO - Filling up the DagBag from /home/airflow/.local/lib/python3.12/site-packages/airflow/example_dags/example_branch_labels.py
[2025-02-03T23:51:01.037+0000] {processor.py:925} INFO - DAG(s) 'example_branch_labels' retrieved from /home/airflow/.local/lib/python3.12/site-packages/airflow/example_dags/example_branch_labels.py
[2025-02-03T23:51:01.071+0000] {logging_mixin.py:190} INFO - [2025-02-03T23:51:01.071+0000] {dag.py:3239} INFO - Sync 1 DAGs
[2025-02-03T23:51:01.105+0000] {logging_mixin.py:190} INFO - [2025-02-03T23:51:01.104+0000] {dag.py:4180} INFO - Setting next_dagrun for example_branch_labels to 2025-02-02 00:00:00+00:00, run_after=2025-02-03 00:00:00+00:00
[2025-02-03T23:51:01.132+0000] {processor.py:208} INFO - Processing /home/airflow/.local/lib/python3.12/site-packages/airflow/example_dags/example_branch_labels.py took 0.120 seconds
[2025-02-03T23:51:31.220+0000] {processor.py:186} INFO - Started process (PID=499) to work on /home/airflow/.local/lib/python3.12/site-packages/airflow/example_dags/example_branch_labels.py
[2025-02-03T23:51:31.222+0000] {processor.py:914} INFO - Processing file /home/airflow/.local/lib/python3.12/site-packages/airflow/example_dags/example_branch_labels.py for tasks to queue
[2025-02-03T23:51:31.225+0000] {logging_mixin.py:190} INFO - [2025-02-03T23:51:31.224+0000] {dagbag.py:588} INFO - Filling up the DagBag from /home/airflow/.local/lib/python3.12/site-packages/airflow/example_dags/example_branch_labels.py
[2025-02-03T23:51:31.237+0000] {processor.py:925} INFO - DAG(s) 'example_branch_labels' retrieved from /home/airflow/.local/lib/python3.12/site-packages/airflow/example_dags/example_branch_labels.py
[2025-02-03T23:51:31.262+0000] {logging_mixin.py:190} INFO - [2025-02-03T23:51:31.262+0000] {dag.py:3239} INFO - Sync 1 DAGs
[2025-02-03T23:51:31.295+0000] {logging_mixin.py:190} INFO - [2025-02-03T23:51:31.295+0000] {dag.py:4180} INFO - Setting next_dagrun for example_branch_labels to 2025-02-02 00:00:00+00:00, run_after=2025-02-03 00:00:00+00:00
[2025-02-03T23:51:31.359+0000] {processor.py:208} INFO - Processing /home/airflow/.local/lib/python3.12/site-packages/airflow/example_dags/example_branch_labels.py took 0.146 seconds
[2025-02-03T23:52:01.844+0000] {processor.py:186} INFO - Started process (PID=562) to work on /home/airflow/.local/lib/python3.12/site-packages/airflow/example_dags/example_branch_labels.py
[2025-02-03T23:52:01.845+0000] {processor.py:914} INFO - Processing file /home/airflow/.local/lib/python3.12/site-packages/airflow/example_dags/example_branch_labels.py for tasks to queue
[2025-02-03T23:52:01.848+0000] {logging_mixin.py:190} INFO - [2025-02-03T23:52:01.848+0000] {dagbag.py:588} INFO - Filling up the DagBag from /home/airflow/.local/lib/python3.12/site-packages/airflow/example_dags/example_branch_labels.py
[2025-02-03T23:52:01.862+0000] {processor.py:925} INFO - DAG(s) 'example_branch_labels' retrieved from /home/airflow/.local/lib/python3.12/site-packages/airflow/example_dags/example_branch_labels.py
[2025-02-03T23:52:01.886+0000] {logging_mixin.py:190} INFO - [2025-02-03T23:52:01.886+0000] {dag.py:3239} INFO - Sync 1 DAGs
[2025-02-03T23:52:01.914+0000] {logging_mixin.py:190} INFO - [2025-02-03T23:52:01.914+0000] {dag.py:4180} INFO - Setting next_dagrun for example_branch_labels to 2025-02-02 00:00:00+00:00, run_after=2025-02-03 00:00:00+00:00
[2025-02-03T23:52:01.936+0000] {processor.py:208} INFO - Processing /home/airflow/.local/lib/python3.12/site-packages/airflow/example_dags/example_branch_labels.py took 0.103 seconds
[2025-02-03T23:52:32.282+0000] {processor.py:186} INFO - Started process (PID=625) to work on /home/airflow/.local/lib/python3.12/site-packages/airflow/example_dags/example_branch_labels.py
[2025-02-03T23:52:32.285+0000] {processor.py:914} INFO - Processing file /home/airflow/.local/lib/python3.12/site-packages/airflow/example_dags/example_branch_labels.py for tasks to queue
[2025-02-03T23:52:32.289+0000] {logging_mixin.py:190} INFO - [2025-02-03T23:52:32.289+0000] {dagbag.py:588} INFO - Filling up the DagBag from /home/airflow/.local/lib/python3.12/site-packages/airflow/example_dags/example_branch_labels.py
[2025-02-03T23:52:32.308+0000] {processor.py:925} INFO - DAG(s) 'example_branch_labels' retrieved from /home/airflow/.local/lib/python3.12/site-packages/airflow/example_dags/example_branch_labels.py
[2025-02-03T23:52:32.338+0000] {logging_mixin.py:190} INFO - [2025-02-03T23:52:32.337+0000] {dag.py:3239} INFO - Sync 1 DAGs
[2025-02-03T23:52:32.376+0000] {logging_mixin.py:190} INFO - [2025-02-03T23:52:32.376+0000] {dag.py:4180} INFO - Setting next_dagrun for example_branch_labels to 2025-02-02 00:00:00+00:00, run_after=2025-02-03 00:00:00+00:00
[2025-02-03T23:52:32.399+0000] {processor.py:208} INFO - Processing /home/airflow/.local/lib/python3.12/site-packages/airflow/example_dags/example_branch_labels.py took 0.124 seconds
[2025-02-03T23:53:03.680+0000] {processor.py:186} INFO - Started process (PID=688) to work on /home/airflow/.local/lib/python3.12/site-packages/airflow/example_dags/example_branch_labels.py
[2025-02-03T23:53:03.681+0000] {processor.py:914} INFO - Processing file /home/airflow/.local/lib/python3.12/site-packages/airflow/example_dags/example_branch_labels.py for tasks to queue
[2025-02-03T23:53:03.685+0000] {logging_mixin.py:190} INFO - [2025-02-03T23:53:03.684+0000] {dagbag.py:588} INFO - Filling up the DagBag from /home/airflow/.local/lib/python3.12/site-packages/airflow/example_dags/example_branch_labels.py
[2025-02-03T23:53:03.701+0000] {processor.py:925} INFO - DAG(s) 'example_branch_labels' retrieved from /home/airflow/.local/lib/python3.12/site-packages/airflow/example_dags/example_branch_labels.py
[2025-02-03T23:53:03.737+0000] {logging_mixin.py:190} INFO - [2025-02-03T23:53:03.737+0000] {dag.py:3239} INFO - Sync 1 DAGs
[2025-02-03T23:53:03.769+0000] {logging_mixin.py:190} INFO - [2025-02-03T23:53:03.769+0000] {dag.py:4180} INFO - Setting next_dagrun for example_branch_labels to 2025-02-02 00:00:00+00:00, run_after=2025-02-03 00:00:00+00:00
[2025-02-03T23:53:03.793+0000] {processor.py:208} INFO - Processing /home/airflow/.local/lib/python3.12/site-packages/airflow/example_dags/example_branch_labels.py took 0.122 seconds
[2025-02-03T23:53:35.089+0000] {processor.py:186} INFO - Started process (PID=751) to work on /home/airflow/.local/lib/python3.12/site-packages/airflow/example_dags/example_branch_labels.py
[2025-02-03T23:53:35.090+0000] {processor.py:914} INFO - Processing file /home/airflow/.local/lib/python3.12/site-packages/airflow/example_dags/example_branch_labels.py for tasks to queue
[2025-02-03T23:53:35.093+0000] {logging_mixin.py:190} INFO - [2025-02-03T23:53:35.093+0000] {dagbag.py:588} INFO - Filling up the DagBag from /home/airflow/.local/lib/python3.12/site-packages/airflow/example_dags/example_branch_labels.py
[2025-02-03T23:53:35.107+0000] {processor.py:925} INFO - DAG(s) 'example_branch_labels' retrieved from /home/airflow/.local/lib/python3.12/site-packages/airflow/example_dags/example_branch_labels.py
[2025-02-03T23:53:35.136+0000] {logging_mixin.py:190} INFO - [2025-02-03T23:53:35.135+0000] {dag.py:3239} INFO - Sync 1 DAGs
[2025-02-03T23:53:35.169+0000] {logging_mixin.py:190} INFO - [2025-02-03T23:53:35.169+0000] {dag.py:4180} INFO - Setting next_dagrun for example_branch_labels to 2025-02-02 00:00:00+00:00, run_after=2025-02-03 00:00:00+00:00
[2025-02-03T23:53:35.193+0000] {processor.py:208} INFO - Processing /home/airflow/.local/lib/python3.12/site-packages/airflow/example_dags/example_branch_labels.py took 0.113 seconds
[2025-02-03T23:54:05.976+0000] {processor.py:186} INFO - Started process (PID=814) to work on /home/airflow/.local/lib/python3.12/site-packages/airflow/example_dags/example_branch_labels.py
[2025-02-03T23:54:05.977+0000] {processor.py:914} INFO - Processing file /home/airflow/.local/lib/python3.12/site-packages/airflow/example_dags/example_branch_labels.py for tasks to queue
[2025-02-03T23:54:05.980+0000] {logging_mixin.py:190} INFO - [2025-02-03T23:54:05.980+0000] {dagbag.py:588} INFO - Filling up the DagBag from /home/airflow/.local/lib/python3.12/site-packages/airflow/example_dags/example_branch_labels.py
[2025-02-03T23:54:05.993+0000] {processor.py:925} INFO - DAG(s) 'example_branch_labels' retrieved from /home/airflow/.local/lib/python3.12/site-packages/airflow/example_dags/example_branch_labels.py
[2025-02-03T23:54:06.018+0000] {logging_mixin.py:190} INFO - [2025-02-03T23:54:06.018+0000] {dag.py:3239} INFO - Sync 1 DAGs
[2025-02-03T23:54:06.047+0000] {logging_mixin.py:190} INFO - [2025-02-03T23:54:06.047+0000] {dag.py:4180} INFO - Setting next_dagrun for example_branch_labels to 2025-02-02 00:00:00+00:00, run_after=2025-02-03 00:00:00+00:00
[2025-02-03T23:54:06.068+0000] {processor.py:208} INFO - Processing /home/airflow/.local/lib/python3.12/site-packages/airflow/example_dags/example_branch_labels.py took 0.099 seconds
[2025-02-03T23:54:36.472+0000] {processor.py:186} INFO - Started process (PID=876) to work on /home/airflow/.local/lib/python3.12/site-packages/airflow/example_dags/example_branch_labels.py
[2025-02-03T23:54:36.474+0000] {processor.py:914} INFO - Processing file /home/airflow/.local/lib/python3.12/site-packages/airflow/example_dags/example_branch_labels.py for tasks to queue
[2025-02-03T23:54:36.477+0000] {logging_mixin.py:190} INFO - [2025-02-03T23:54:36.476+0000] {dagbag.py:588} INFO - Filling up the DagBag from /home/airflow/.local/lib/python3.12/site-packages/airflow/example_dags/example_branch_labels.py
[2025-02-03T23:54:36.491+0000] {processor.py:925} INFO - DAG(s) 'example_branch_labels' retrieved from /home/airflow/.local/lib/python3.12/site-packages/airflow/example_dags/example_branch_labels.py
[2025-02-03T23:54:36.516+0000] {logging_mixin.py:190} INFO - [2025-02-03T23:54:36.516+0000] {dag.py:3239} INFO - Sync 1 DAGs
[2025-02-03T23:54:36.546+0000] {logging_mixin.py:190} INFO - [2025-02-03T23:54:36.545+0000] {dag.py:4180} INFO - Setting next_dagrun for example_branch_labels to 2025-02-02 00:00:00+00:00, run_after=2025-02-03 00:00:00+00:00
[2025-02-03T23:54:36.567+0000] {processor.py:208} INFO - Processing /home/airflow/.local/lib/python3.12/site-packages/airflow/example_dags/example_branch_labels.py took 0.103 seconds
[2025-02-03T23:55:06.618+0000] {processor.py:186} INFO - Started process (PID=938) to work on /home/airflow/.local/lib/python3.12/site-packages/airflow/example_dags/example_branch_labels.py
[2025-02-03T23:55:06.619+0000] {processor.py:914} INFO - Processing file /home/airflow/.local/lib/python3.12/site-packages/airflow/example_dags/example_branch_labels.py for tasks to queue
[2025-02-03T23:55:06.622+0000] {logging_mixin.py:190} INFO - [2025-02-03T23:55:06.622+0000] {dagbag.py:588} INFO - Filling up the DagBag from /home/airflow/.local/lib/python3.12/site-packages/airflow/example_dags/example_branch_labels.py
[2025-02-03T23:55:06.635+0000] {processor.py:925} INFO - DAG(s) 'example_branch_labels' retrieved from /home/airflow/.local/lib/python3.12/site-packages/airflow/example_dags/example_branch_labels.py
[2025-02-03T23:55:06.670+0000] {logging_mixin.py:190} INFO - [2025-02-03T23:55:06.670+0000] {dag.py:3239} INFO - Sync 1 DAGs
[2025-02-03T23:55:06.702+0000] {logging_mixin.py:190} INFO - [2025-02-03T23:55:06.702+0000] {dag.py:4180} INFO - Setting next_dagrun for example_branch_labels to 2025-02-02 00:00:00+00:00, run_after=2025-02-03 00:00:00+00:00
[2025-02-03T23:55:06.723+0000] {processor.py:208} INFO - Processing /home/airflow/.local/lib/python3.12/site-packages/airflow/example_dags/example_branch_labels.py took 0.115 seconds
[2025-02-03T23:55:36.777+0000] {processor.py:186} INFO - Started process (PID=1001) to work on /home/airflow/.local/lib/python3.12/site-packages/airflow/example_dags/example_branch_labels.py
[2025-02-03T23:55:36.778+0000] {processor.py:914} INFO - Processing file /home/airflow/.local/lib/python3.12/site-packages/airflow/example_dags/example_branch_labels.py for tasks to queue
[2025-02-03T23:55:36.781+0000] {logging_mixin.py:190} INFO - [2025-02-03T23:55:36.781+0000] {dagbag.py:588} INFO - Filling up the DagBag from /home/airflow/.local/lib/python3.12/site-packages/airflow/example_dags/example_branch_labels.py
[2025-02-03T23:55:36.796+0000] {processor.py:925} INFO - DAG(s) 'example_branch_labels' retrieved from /home/airflow/.local/lib/python3.12/site-packages/airflow/example_dags/example_branch_labels.py
[2025-02-03T23:55:36.822+0000] {logging_mixin.py:190} INFO - [2025-02-03T23:55:36.822+0000] {dag.py:3239} INFO - Sync 1 DAGs
[2025-02-03T23:55:36.851+0000] {logging_mixin.py:190} INFO - [2025-02-03T23:55:36.851+0000] {dag.py:4180} INFO - Setting next_dagrun for example_branch_labels to 2025-02-02 00:00:00+00:00, run_after=2025-02-03 00:00:00+00:00
[2025-02-03T23:55:36.872+0000] {processor.py:208} INFO - Processing /home/airflow/.local/lib/python3.12/site-packages/airflow/example_dags/example_branch_labels.py took 0.102 seconds
[2025-02-03T23:56:08.039+0000] {processor.py:186} INFO - Started process (PID=1064) to work on /home/airflow/.local/lib/python3.12/site-packages/airflow/example_dags/example_branch_labels.py
[2025-02-03T23:56:08.041+0000] {processor.py:914} INFO - Processing file /home/airflow/.local/lib/python3.12/site-packages/airflow/example_dags/example_branch_labels.py for tasks to queue
[2025-02-03T23:56:08.044+0000] {logging_mixin.py:190} INFO - [2025-02-03T23:56:08.044+0000] {dagbag.py:588} INFO - Filling up the DagBag from /home/airflow/.local/lib/python3.12/site-packages/airflow/example_dags/example_branch_labels.py
[2025-02-03T23:56:08.139+0000] {processor.py:925} INFO - DAG(s) 'example_branch_labels' retrieved from /home/airflow/.local/lib/python3.12/site-packages/airflow/example_dags/example_branch_labels.py
[2025-02-03T23:56:08.174+0000] {logging_mixin.py:190} INFO - [2025-02-03T23:56:08.174+0000] {dag.py:3239} INFO - Sync 1 DAGs
[2025-02-03T23:56:08.208+0000] {logging_mixin.py:190} INFO - [2025-02-03T23:56:08.208+0000] {dag.py:4180} INFO - Setting next_dagrun for example_branch_labels to 2025-02-02 00:00:00+00:00, run_after=2025-02-03 00:00:00+00:00
[2025-02-03T23:56:08.237+0000] {processor.py:208} INFO - Processing /home/airflow/.local/lib/python3.12/site-packages/airflow/example_dags/example_branch_labels.py took 0.206 seconds
[2025-02-03T23:56:39.598+0000] {processor.py:186} INFO - Started process (PID=1127) to work on /home/airflow/.local/lib/python3.12/site-packages/airflow/example_dags/example_branch_labels.py
[2025-02-03T23:56:39.599+0000] {processor.py:914} INFO - Processing file /home/airflow/.local/lib/python3.12/site-packages/airflow/example_dags/example_branch_labels.py for tasks to queue
[2025-02-03T23:56:39.602+0000] {logging_mixin.py:190} INFO - [2025-02-03T23:56:39.601+0000] {dagbag.py:588} INFO - Filling up the DagBag from /home/airflow/.local/lib/python3.12/site-packages/airflow/example_dags/example_branch_labels.py
[2025-02-03T23:56:39.613+0000] {processor.py:925} INFO - DAG(s) 'example_branch_labels' retrieved from /home/airflow/.local/lib/python3.12/site-packages/airflow/example_dags/example_branch_labels.py
[2025-02-03T23:56:39.638+0000] {logging_mixin.py:190} INFO - [2025-02-03T23:56:39.638+0000] {dag.py:3239} INFO - Sync 1 DAGs
[2025-02-03T23:56:39.669+0000] {logging_mixin.py:190} INFO - [2025-02-03T23:56:39.669+0000] {dag.py:4180} INFO - Setting next_dagrun for example_branch_labels to 2025-02-02 00:00:00+00:00, run_after=2025-02-03 00:00:00+00:00
[2025-02-03T23:56:39.693+0000] {processor.py:208} INFO - Processing /home/airflow/.local/lib/python3.12/site-packages/airflow/example_dags/example_branch_labels.py took 0.104 seconds
[2025-02-03T23:57:11.216+0000] {processor.py:186} INFO - Started process (PID=1190) to work on /home/airflow/.local/lib/python3.12/site-packages/airflow/example_dags/example_branch_labels.py
[2025-02-03T23:57:11.216+0000] {processor.py:914} INFO - Processing file /home/airflow/.local/lib/python3.12/site-packages/airflow/example_dags/example_branch_labels.py for tasks to queue
[2025-02-03T23:57:11.220+0000] {logging_mixin.py:190} INFO - [2025-02-03T23:57:11.219+0000] {dagbag.py:588} INFO - Filling up the DagBag from /home/airflow/.local/lib/python3.12/site-packages/airflow/example_dags/example_branch_labels.py
[2025-02-03T23:57:11.235+0000] {processor.py:925} INFO - DAG(s) 'example_branch_labels' retrieved from /home/airflow/.local/lib/python3.12/site-packages/airflow/example_dags/example_branch_labels.py
[2025-02-03T23:57:11.275+0000] {logging_mixin.py:190} INFO - [2025-02-03T23:57:11.275+0000] {dag.py:3239} INFO - Sync 1 DAGs
[2025-02-03T23:57:11.323+0000] {logging_mixin.py:190} INFO - [2025-02-03T23:57:11.323+0000] {dag.py:4180} INFO - Setting next_dagrun for example_branch_labels to 2025-02-02 00:00:00+00:00, run_after=2025-02-03 00:00:00+00:00
[2025-02-03T23:57:11.354+0000] {processor.py:208} INFO - Processing /home/airflow/.local/lib/python3.12/site-packages/airflow/example_dags/example_branch_labels.py took 0.145 seconds
[2025-02-03T23:57:41.827+0000] {processor.py:186} INFO - Started process (PID=1253) to work on /home/airflow/.local/lib/python3.12/site-packages/airflow/example_dags/example_branch_labels.py
[2025-02-03T23:57:41.829+0000] {processor.py:914} INFO - Processing file /home/airflow/.local/lib/python3.12/site-packages/airflow/example_dags/example_branch_labels.py for tasks to queue
[2025-02-03T23:57:41.832+0000] {logging_mixin.py:190} INFO - [2025-02-03T23:57:41.831+0000] {dagbag.py:588} INFO - Filling up the DagBag from /home/airflow/.local/lib/python3.12/site-packages/airflow/example_dags/example_branch_labels.py
[2025-02-03T23:57:41.845+0000] {processor.py:925} INFO - DAG(s) 'example_branch_labels' retrieved from /home/airflow/.local/lib/python3.12/site-packages/airflow/example_dags/example_branch_labels.py
[2025-02-03T23:57:41.880+0000] {logging_mixin.py:190} INFO - [2025-02-03T23:57:41.879+0000] {dag.py:3239} INFO - Sync 1 DAGs
[2025-02-03T23:57:41.909+0000] {logging_mixin.py:190} INFO - [2025-02-03T23:57:41.909+0000] {dag.py:4180} INFO - Setting next_dagrun for example_branch_labels to 2025-02-02 00:00:00+00:00, run_after=2025-02-03 00:00:00+00:00
[2025-02-03T23:57:41.933+0000] {processor.py:208} INFO - Processing /home/airflow/.local/lib/python3.12/site-packages/airflow/example_dags/example_branch_labels.py took 0.113 seconds
[2025-02-03T23:58:12.776+0000] {processor.py:186} INFO - Started process (PID=1316) to work on /home/airflow/.local/lib/python3.12/site-packages/airflow/example_dags/example_branch_labels.py
[2025-02-03T23:58:12.777+0000] {processor.py:914} INFO - Processing file /home/airflow/.local/lib/python3.12/site-packages/airflow/example_dags/example_branch_labels.py for tasks to queue
[2025-02-03T23:58:12.780+0000] {logging_mixin.py:190} INFO - [2025-02-03T23:58:12.780+0000] {dagbag.py:588} INFO - Filling up the DagBag from /home/airflow/.local/lib/python3.12/site-packages/airflow/example_dags/example_branch_labels.py
[2025-02-03T23:58:12.793+0000] {processor.py:925} INFO - DAG(s) 'example_branch_labels' retrieved from /home/airflow/.local/lib/python3.12/site-packages/airflow/example_dags/example_branch_labels.py
[2025-02-03T23:58:12.821+0000] {logging_mixin.py:190} INFO - [2025-02-03T23:58:12.821+0000] {dag.py:3239} INFO - Sync 1 DAGs
[2025-02-03T23:58:12.850+0000] {logging_mixin.py:190} INFO - [2025-02-03T23:58:12.850+0000] {dag.py:4180} INFO - Setting next_dagrun for example_branch_labels to 2025-02-02 00:00:00+00:00, run_after=2025-02-03 00:00:00+00:00
[2025-02-03T23:58:12.874+0000] {processor.py:208} INFO - Processing /home/airflow/.local/lib/python3.12/site-packages/airflow/example_dags/example_branch_labels.py took 0.105 seconds
[2025-02-03T23:58:43.875+0000] {processor.py:186} INFO - Started process (PID=1379) to work on /home/airflow/.local/lib/python3.12/site-packages/airflow/example_dags/example_branch_labels.py
[2025-02-03T23:58:43.876+0000] {processor.py:914} INFO - Processing file /home/airflow/.local/lib/python3.12/site-packages/airflow/example_dags/example_branch_labels.py for tasks to queue
[2025-02-03T23:58:43.879+0000] {logging_mixin.py:190} INFO - [2025-02-03T23:58:43.879+0000] {dagbag.py:588} INFO - Filling up the DagBag from /home/airflow/.local/lib/python3.12/site-packages/airflow/example_dags/example_branch_labels.py
[2025-02-03T23:58:43.892+0000] {processor.py:925} INFO - DAG(s) 'example_branch_labels' retrieved from /home/airflow/.local/lib/python3.12/site-packages/airflow/example_dags/example_branch_labels.py
[2025-02-03T23:58:43.919+0000] {logging_mixin.py:190} INFO - [2025-02-03T23:58:43.919+0000] {dag.py:3239} INFO - Sync 1 DAGs
[2025-02-03T23:58:43.949+0000] {logging_mixin.py:190} INFO - [2025-02-03T23:58:43.949+0000] {dag.py:4180} INFO - Setting next_dagrun for example_branch_labels to 2025-02-02 00:00:00+00:00, run_after=2025-02-03 00:00:00+00:00
[2025-02-03T23:58:43.971+0000] {processor.py:208} INFO - Processing /home/airflow/.local/lib/python3.12/site-packages/airflow/example_dags/example_branch_labels.py took 0.103 seconds
[2025-02-03T23:59:14.563+0000] {processor.py:186} INFO - Started process (PID=1442) to work on /home/airflow/.local/lib/python3.12/site-packages/airflow/example_dags/example_branch_labels.py
[2025-02-03T23:59:14.565+0000] {processor.py:914} INFO - Processing file /home/airflow/.local/lib/python3.12/site-packages/airflow/example_dags/example_branch_labels.py for tasks to queue
[2025-02-03T23:59:14.568+0000] {logging_mixin.py:190} INFO - [2025-02-03T23:59:14.567+0000] {dagbag.py:588} INFO - Filling up the DagBag from /home/airflow/.local/lib/python3.12/site-packages/airflow/example_dags/example_branch_labels.py
[2025-02-03T23:59:14.580+0000] {processor.py:925} INFO - DAG(s) 'example_branch_labels' retrieved from /home/airflow/.local/lib/python3.12/site-packages/airflow/example_dags/example_branch_labels.py
[2025-02-03T23:59:14.606+0000] {logging_mixin.py:190} INFO - [2025-02-03T23:59:14.606+0000] {dag.py:3239} INFO - Sync 1 DAGs
[2025-02-03T23:59:14.638+0000] {logging_mixin.py:190} INFO - [2025-02-03T23:59:14.637+0000] {dag.py:4180} INFO - Setting next_dagrun for example_branch_labels to 2025-02-02 00:00:00+00:00, run_after=2025-02-03 00:00:00+00:00
[2025-02-03T23:59:14.661+0000] {processor.py:208} INFO - Processing /home/airflow/.local/lib/python3.12/site-packages/airflow/example_dags/example_branch_labels.py took 0.106 seconds
[2025-02-03T23:59:46.311+0000] {processor.py:186} INFO - Started process (PID=1511) to work on /home/airflow/.local/lib/python3.12/site-packages/airflow/example_dags/example_branch_labels.py
[2025-02-03T23:59:46.313+0000] {processor.py:914} INFO - Processing file /home/airflow/.local/lib/python3.12/site-packages/airflow/example_dags/example_branch_labels.py for tasks to queue
[2025-02-03T23:59:46.316+0000] {logging_mixin.py:190} INFO - [2025-02-03T23:59:46.315+0000] {dagbag.py:588} INFO - Filling up the DagBag from /home/airflow/.local/lib/python3.12/site-packages/airflow/example_dags/example_branch_labels.py
[2025-02-03T23:59:46.332+0000] {processor.py:925} INFO - DAG(s) 'example_branch_labels' retrieved from /home/airflow/.local/lib/python3.12/site-packages/airflow/example_dags/example_branch_labels.py
[2025-02-03T23:59:46.368+0000] {logging_mixin.py:190} INFO - [2025-02-03T23:59:46.368+0000] {dag.py:3239} INFO - Sync 1 DAGs
[2025-02-03T23:59:46.398+0000] {logging_mixin.py:190} INFO - [2025-02-03T23:59:46.398+0000] {dag.py:4180} INFO - Setting next_dagrun for example_branch_labels to 2025-02-02 00:00:00+00:00, run_after=2025-02-03 00:00:00+00:00
[2025-02-03T23:59:46.421+0000] {processor.py:208} INFO - Processing /home/airflow/.local/lib/python3.12/site-packages/airflow/example_dags/example_branch_labels.py took 0.119 seconds
