[2025-02-03T10:52:07.009+0000] {processor.py:186} INFO - Started process (PID=77) to work on /home/airflow/.local/lib/python3.12/site-packages/airflow/example_dags/example_dag_decorator.py
[2025-02-03T10:52:07.010+0000] {processor.py:914} INFO - Processing file /home/airflow/.local/lib/python3.12/site-packages/airflow/example_dags/example_dag_decorator.py for tasks to queue
[2025-02-03T10:52:07.014+0000] {logging_mixin.py:190} INFO - [2025-02-03T10:52:07.013+0000] {dagbag.py:588} INFO - Filling up the DagBag from /home/airflow/.local/lib/python3.12/site-packages/airflow/example_dags/example_dag_decorator.py
[2025-02-03T10:52:07.034+0000] {processor.py:925} INFO - DAG(s) 'example_dag_decorator' retrieved from /home/airflow/.local/lib/python3.12/site-packages/airflow/example_dags/example_dag_decorator.py
[2025-02-03T10:52:07.200+0000] {logging_mixin.py:190} INFO - [2025-02-03T10:52:07.199+0000] {override.py:1911} INFO - Created Permission View: can read on DAG:example_dag_decorator
[2025-02-03T10:52:07.216+0000] {logging_mixin.py:190} INFO - [2025-02-03T10:52:07.215+0000] {override.py:1911} INFO - Created Permission View: can edit on DAG:example_dag_decorator
[2025-02-03T10:52:07.225+0000] {logging_mixin.py:190} INFO - [2025-02-03T10:52:07.225+0000] {override.py:1911} INFO - Created Permission View: can delete on DAG:example_dag_decorator
[2025-02-03T10:52:07.235+0000] {logging_mixin.py:190} INFO - [2025-02-03T10:52:07.235+0000] {override.py:1911} INFO - Created Permission View: can read on DAG Run:example_dag_decorator
[2025-02-03T10:52:07.245+0000] {logging_mixin.py:190} INFO - [2025-02-03T10:52:07.245+0000] {override.py:1911} INFO - Created Permission View: can create on DAG Run:example_dag_decorator
[2025-02-03T10:52:07.256+0000] {logging_mixin.py:190} INFO - [2025-02-03T10:52:07.256+0000] {override.py:1911} INFO - Created Permission View: menu access on DAG Run:example_dag_decorator
[2025-02-03T10:52:07.267+0000] {logging_mixin.py:190} INFO - [2025-02-03T10:52:07.266+0000] {override.py:1911} INFO - Created Permission View: can delete on DAG Run:example_dag_decorator
[2025-02-03T10:52:07.268+0000] {logging_mixin.py:190} INFO - [2025-02-03T10:52:07.267+0000] {dag.py:3239} INFO - Sync 1 DAGs
[2025-02-03T10:52:07.284+0000] {logging_mixin.py:190} INFO - [2025-02-03T10:52:07.284+0000] {dag.py:3262} INFO - Creating ORM DAG for example_dag_decorator
[2025-02-03T10:52:07.285+0000] {logging_mixin.py:190} INFO - [2025-02-03T10:52:07.285+0000] {dag.py:4180} INFO - Setting next_dagrun for example_dag_decorator to None, run_after=None
[2025-02-03T10:52:07.306+0000] {processor.py:208} INFO - Processing /home/airflow/.local/lib/python3.12/site-packages/airflow/example_dags/example_dag_decorator.py took 0.306 seconds
[2025-02-03T10:52:37.728+0000] {processor.py:186} INFO - Started process (PID=139) to work on /home/airflow/.local/lib/python3.12/site-packages/airflow/example_dags/example_dag_decorator.py
[2025-02-03T10:52:37.729+0000] {processor.py:914} INFO - Processing file /home/airflow/.local/lib/python3.12/site-packages/airflow/example_dags/example_dag_decorator.py for tasks to queue
[2025-02-03T10:52:37.732+0000] {logging_mixin.py:190} INFO - [2025-02-03T10:52:37.731+0000] {dagbag.py:588} INFO - Filling up the DagBag from /home/airflow/.local/lib/python3.12/site-packages/airflow/example_dags/example_dag_decorator.py
[2025-02-03T10:52:37.748+0000] {processor.py:925} INFO - DAG(s) 'example_dag_decorator' retrieved from /home/airflow/.local/lib/python3.12/site-packages/airflow/example_dags/example_dag_decorator.py
[2025-02-03T10:52:37.891+0000] {logging_mixin.py:190} INFO - [2025-02-03T10:52:37.891+0000] {dag.py:3239} INFO - Sync 1 DAGs
[2025-02-03T10:52:37.905+0000] {logging_mixin.py:190} INFO - [2025-02-03T10:52:37.905+0000] {dag.py:4180} INFO - Setting next_dagrun for example_dag_decorator to None, run_after=None
[2025-02-03T10:52:37.926+0000] {processor.py:208} INFO - Processing /home/airflow/.local/lib/python3.12/site-packages/airflow/example_dags/example_dag_decorator.py took 0.207 seconds
[2025-02-03T10:53:08.415+0000] {processor.py:186} INFO - Started process (PID=202) to work on /home/airflow/.local/lib/python3.12/site-packages/airflow/example_dags/example_dag_decorator.py
[2025-02-03T10:53:08.416+0000] {processor.py:914} INFO - Processing file /home/airflow/.local/lib/python3.12/site-packages/airflow/example_dags/example_dag_decorator.py for tasks to queue
[2025-02-03T10:53:08.422+0000] {logging_mixin.py:190} INFO - [2025-02-03T10:53:08.421+0000] {dagbag.py:588} INFO - Filling up the DagBag from /home/airflow/.local/lib/python3.12/site-packages/airflow/example_dags/example_dag_decorator.py
[2025-02-03T10:53:08.437+0000] {processor.py:925} INFO - DAG(s) 'example_dag_decorator' retrieved from /home/airflow/.local/lib/python3.12/site-packages/airflow/example_dags/example_dag_decorator.py
[2025-02-03T10:53:08.469+0000] {logging_mixin.py:190} INFO - [2025-02-03T10:53:08.469+0000] {dag.py:3239} INFO - Sync 1 DAGs
[2025-02-03T10:53:08.487+0000] {logging_mixin.py:190} INFO - [2025-02-03T10:53:08.487+0000] {dag.py:4180} INFO - Setting next_dagrun for example_dag_decorator to None, run_after=None
[2025-02-03T10:53:08.512+0000] {processor.py:208} INFO - Processing /home/airflow/.local/lib/python3.12/site-packages/airflow/example_dags/example_dag_decorator.py took 0.108 seconds
