[2025-02-03T10:52:17.504+0000] {processor.py:186} INFO - Started process (PID=119) to work on /home/airflow/.local/lib/python3.12/site-packages/airflow/example_dags/example_dynamic_task_mapping.py
[2025-02-03T10:52:17.506+0000] {processor.py:914} INFO - Processing file /home/airflow/.local/lib/python3.12/site-packages/airflow/example_dags/example_dynamic_task_mapping.py for tasks to queue
[2025-02-03T10:52:17.510+0000] {logging_mixin.py:190} INFO - [2025-02-03T10:52:17.510+0000] {dagbag.py:588} INFO - Filling up the DagBag from /home/airflow/.local/lib/python3.12/site-packages/airflow/example_dags/example_dynamic_task_mapping.py
[2025-02-03T10:52:17.522+0000] {processor.py:925} INFO - DAG(s) 'example_dynamic_task_mapping' retrieved from /home/airflow/.local/lib/python3.12/site-packages/airflow/example_dags/example_dynamic_task_mapping.py
[2025-02-03T10:52:17.668+0000] {logging_mixin.py:190} INFO - [2025-02-03T10:52:17.667+0000] {override.py:1911} INFO - Created Permission View: can read on DAG:example_dynamic_task_mapping
[2025-02-03T10:52:17.682+0000] {logging_mixin.py:190} INFO - [2025-02-03T10:52:17.682+0000] {override.py:1911} INFO - Created Permission View: can edit on DAG:example_dynamic_task_mapping
[2025-02-03T10:52:17.692+0000] {logging_mixin.py:190} INFO - [2025-02-03T10:52:17.692+0000] {override.py:1911} INFO - Created Permission View: can delete on DAG:example_dynamic_task_mapping
[2025-02-03T10:52:17.707+0000] {logging_mixin.py:190} INFO - [2025-02-03T10:52:17.707+0000] {override.py:1911} INFO - Created Permission View: can read on DAG Run:example_dynamic_task_mapping
[2025-02-03T10:52:17.718+0000] {logging_mixin.py:190} INFO - [2025-02-03T10:52:17.718+0000] {override.py:1911} INFO - Created Permission View: can create on DAG Run:example_dynamic_task_mapping
[2025-02-03T10:52:17.729+0000] {logging_mixin.py:190} INFO - [2025-02-03T10:52:17.729+0000] {override.py:1911} INFO - Created Permission View: menu access on DAG Run:example_dynamic_task_mapping
[2025-02-03T10:52:17.740+0000] {logging_mixin.py:190} INFO - [2025-02-03T10:52:17.739+0000] {override.py:1911} INFO - Created Permission View: can delete on DAG Run:example_dynamic_task_mapping
[2025-02-03T10:52:17.741+0000] {logging_mixin.py:190} INFO - [2025-02-03T10:52:17.740+0000] {dag.py:3239} INFO - Sync 1 DAGs
[2025-02-03T10:52:17.758+0000] {logging_mixin.py:190} INFO - [2025-02-03T10:52:17.758+0000] {dag.py:3262} INFO - Creating ORM DAG for example_dynamic_task_mapping
[2025-02-03T10:52:17.760+0000] {logging_mixin.py:190} INFO - [2025-02-03T10:52:17.759+0000] {dag.py:4180} INFO - Setting next_dagrun for example_dynamic_task_mapping to None, run_after=None
[2025-02-03T10:52:17.780+0000] {processor.py:208} INFO - Processing /home/airflow/.local/lib/python3.12/site-packages/airflow/example_dags/example_dynamic_task_mapping.py took 0.285 seconds
[2025-02-03T10:52:48.465+0000] {processor.py:186} INFO - Started process (PID=182) to work on /home/airflow/.local/lib/python3.12/site-packages/airflow/example_dags/example_dynamic_task_mapping.py
[2025-02-03T10:52:48.467+0000] {processor.py:914} INFO - Processing file /home/airflow/.local/lib/python3.12/site-packages/airflow/example_dags/example_dynamic_task_mapping.py for tasks to queue
[2025-02-03T10:52:48.471+0000] {logging_mixin.py:190} INFO - [2025-02-03T10:52:48.470+0000] {dagbag.py:588} INFO - Filling up the DagBag from /home/airflow/.local/lib/python3.12/site-packages/airflow/example_dags/example_dynamic_task_mapping.py
[2025-02-03T10:52:48.485+0000] {processor.py:925} INFO - DAG(s) 'example_dynamic_task_mapping' retrieved from /home/airflow/.local/lib/python3.12/site-packages/airflow/example_dags/example_dynamic_task_mapping.py
[2025-02-03T10:52:48.526+0000] {logging_mixin.py:190} INFO - [2025-02-03T10:52:48.526+0000] {dag.py:3239} INFO - Sync 1 DAGs
[2025-02-03T10:52:48.551+0000] {logging_mixin.py:190} INFO - [2025-02-03T10:52:48.551+0000] {dag.py:4180} INFO - Setting next_dagrun for example_dynamic_task_mapping to None, run_after=None
[2025-02-03T10:52:48.577+0000] {processor.py:208} INFO - Processing /home/airflow/.local/lib/python3.12/site-packages/airflow/example_dags/example_dynamic_task_mapping.py took 0.121 seconds
[2025-02-03T10:53:19.011+0000] {processor.py:186} INFO - Started process (PID=245) to work on /home/airflow/.local/lib/python3.12/site-packages/airflow/example_dags/example_dynamic_task_mapping.py
[2025-02-03T10:53:19.014+0000] {processor.py:914} INFO - Processing file /home/airflow/.local/lib/python3.12/site-packages/airflow/example_dags/example_dynamic_task_mapping.py for tasks to queue
[2025-02-03T10:53:19.018+0000] {logging_mixin.py:190} INFO - [2025-02-03T10:53:19.017+0000] {dagbag.py:588} INFO - Filling up the DagBag from /home/airflow/.local/lib/python3.12/site-packages/airflow/example_dags/example_dynamic_task_mapping.py
[2025-02-03T10:53:19.030+0000] {processor.py:925} INFO - DAG(s) 'example_dynamic_task_mapping' retrieved from /home/airflow/.local/lib/python3.12/site-packages/airflow/example_dags/example_dynamic_task_mapping.py
[2025-02-03T10:53:19.057+0000] {logging_mixin.py:190} INFO - [2025-02-03T10:53:19.057+0000] {dag.py:3239} INFO - Sync 1 DAGs
[2025-02-03T10:53:19.076+0000] {logging_mixin.py:190} INFO - [2025-02-03T10:53:19.076+0000] {dag.py:4180} INFO - Setting next_dagrun for example_dynamic_task_mapping to None, run_after=None
[2025-02-03T10:53:19.101+0000] {processor.py:208} INFO - Processing /home/airflow/.local/lib/python3.12/site-packages/airflow/example_dags/example_dynamic_task_mapping.py took 0.099 seconds
