[2025-02-03T10:52:14.672+0000] {processor.py:186} INFO - Started process (PID=106) to work on /home/airflow/.local/lib/python3.12/site-packages/airflow/example_dags/example_workday_timetable.py
[2025-02-03T10:52:14.673+0000] {processor.py:914} INFO - Processing file /home/airflow/.local/lib/python3.12/site-packages/airflow/example_dags/example_workday_timetable.py for tasks to queue
[2025-02-03T10:52:14.677+0000] {logging_mixin.py:190} INFO - [2025-02-03T10:52:14.677+0000] {dagbag.py:588} INFO - Filling up the DagBag from /home/airflow/.local/lib/python3.12/site-packages/airflow/example_dags/example_workday_timetable.py
[2025-02-03T10:52:14.688+0000] {processor.py:925} INFO - DAG(s) 'example_workday_timetable' retrieved from /home/airflow/.local/lib/python3.12/site-packages/airflow/example_dags/example_workday_timetable.py
[2025-02-03T10:52:14.865+0000] {logging_mixin.py:190} INFO - [2025-02-03T10:52:14.864+0000] {override.py:1911} INFO - Created Permission View: can read on DAG:example_workday_timetable
[2025-02-03T10:52:14.884+0000] {logging_mixin.py:190} INFO - [2025-02-03T10:52:14.884+0000] {override.py:1911} INFO - Created Permission View: can edit on DAG:example_workday_timetable
[2025-02-03T10:52:14.895+0000] {logging_mixin.py:190} INFO - [2025-02-03T10:52:14.895+0000] {override.py:1911} INFO - Created Permission View: can delete on DAG:example_workday_timetable
[2025-02-03T10:52:14.905+0000] {logging_mixin.py:190} INFO - [2025-02-03T10:52:14.905+0000] {override.py:1911} INFO - Created Permission View: can read on DAG Run:example_workday_timetable
[2025-02-03T10:52:14.914+0000] {logging_mixin.py:190} INFO - [2025-02-03T10:52:14.914+0000] {override.py:1911} INFO - Created Permission View: can create on DAG Run:example_workday_timetable
[2025-02-03T10:52:14.925+0000] {logging_mixin.py:190} INFO - [2025-02-03T10:52:14.924+0000] {override.py:1911} INFO - Created Permission View: menu access on DAG Run:example_workday_timetable
[2025-02-03T10:52:14.933+0000] {logging_mixin.py:190} INFO - [2025-02-03T10:52:14.932+0000] {override.py:1911} INFO - Created Permission View: can delete on DAG Run:example_workday_timetable
[2025-02-03T10:52:14.934+0000] {logging_mixin.py:190} INFO - [2025-02-03T10:52:14.933+0000] {dag.py:3239} INFO - Sync 1 DAGs
[2025-02-03T10:52:14.958+0000] {logging_mixin.py:190} INFO - [2025-02-03T10:52:14.957+0000] {dag.py:3262} INFO - Creating ORM DAG for example_workday_timetable
[2025-02-03T10:52:15.045+0000] {logging_mixin.py:190} INFO - [2025-02-03T10:52:15.045+0000] {dag.py:4180} INFO - Setting next_dagrun for example_workday_timetable to 2021-01-04 00:00:00+00:00, run_after=2021-01-05 00:00:00+00:00
[2025-02-03T10:52:15.072+0000] {processor.py:208} INFO - Processing /home/airflow/.local/lib/python3.12/site-packages/airflow/example_dags/example_workday_timetable.py took 0.409 seconds
[2025-02-03T10:52:45.573+0000] {processor.py:186} INFO - Started process (PID=169) to work on /home/airflow/.local/lib/python3.12/site-packages/airflow/example_dags/example_workday_timetable.py
[2025-02-03T10:52:45.574+0000] {processor.py:914} INFO - Processing file /home/airflow/.local/lib/python3.12/site-packages/airflow/example_dags/example_workday_timetable.py for tasks to queue
[2025-02-03T10:52:45.578+0000] {logging_mixin.py:190} INFO - [2025-02-03T10:52:45.578+0000] {dagbag.py:588} INFO - Filling up the DagBag from /home/airflow/.local/lib/python3.12/site-packages/airflow/example_dags/example_workday_timetable.py
[2025-02-03T10:52:45.599+0000] {processor.py:925} INFO - DAG(s) 'example_workday_timetable' retrieved from /home/airflow/.local/lib/python3.12/site-packages/airflow/example_dags/example_workday_timetable.py
[2025-02-03T10:52:45.624+0000] {logging_mixin.py:190} INFO - [2025-02-03T10:52:45.623+0000] {dag.py:3239} INFO - Sync 1 DAGs
[2025-02-03T10:52:45.722+0000] {logging_mixin.py:190} INFO - [2025-02-03T10:52:45.722+0000] {dag.py:4180} INFO - Setting next_dagrun for example_workday_timetable to 2021-01-04 00:00:00+00:00, run_after=2021-01-05 00:00:00+00:00
[2025-02-03T10:52:45.754+0000] {processor.py:208} INFO - Processing /home/airflow/.local/lib/python3.12/site-packages/airflow/example_dags/example_workday_timetable.py took 0.190 seconds
[2025-02-03T10:53:16.170+0000] {processor.py:186} INFO - Started process (PID=232) to work on /home/airflow/.local/lib/python3.12/site-packages/airflow/example_dags/example_workday_timetable.py
[2025-02-03T10:53:16.172+0000] {processor.py:914} INFO - Processing file /home/airflow/.local/lib/python3.12/site-packages/airflow/example_dags/example_workday_timetable.py for tasks to queue
[2025-02-03T10:53:16.175+0000] {logging_mixin.py:190} INFO - [2025-02-03T10:53:16.175+0000] {dagbag.py:588} INFO - Filling up the DagBag from /home/airflow/.local/lib/python3.12/site-packages/airflow/example_dags/example_workday_timetable.py
[2025-02-03T10:53:16.189+0000] {processor.py:925} INFO - DAG(s) 'example_workday_timetable' retrieved from /home/airflow/.local/lib/python3.12/site-packages/airflow/example_dags/example_workday_timetable.py
[2025-02-03T10:53:16.277+0000] {logging_mixin.py:190} INFO - [2025-02-03T10:53:16.277+0000] {dag.py:3239} INFO - Sync 1 DAGs
[2025-02-03T10:53:16.649+0000] {logging_mixin.py:190} INFO - [2025-02-03T10:53:16.648+0000] {dag.py:4180} INFO - Setting next_dagrun for example_workday_timetable to 2021-01-04 00:00:00+00:00, run_after=2021-01-05 00:00:00+00:00
[2025-02-03T10:53:16.693+0000] {processor.py:208} INFO - Processing /home/airflow/.local/lib/python3.12/site-packages/airflow/example_dags/example_workday_timetable.py took 0.533 seconds
