[2025-02-03T10:52:09.747+0000] {processor.py:186} INFO - Started process (PID=84) to work on /home/airflow/.local/lib/python3.12/site-packages/airflow/example_dags/example_sla_dag.py
[2025-02-03T10:52:09.749+0000] {processor.py:914} INFO - Processing file /home/airflow/.local/lib/python3.12/site-packages/airflow/example_dags/example_sla_dag.py for tasks to queue
[2025-02-03T10:52:09.753+0000] {logging_mixin.py:190} INFO - [2025-02-03T10:52:09.752+0000] {dagbag.py:588} INFO - Filling up the DagBag from /home/airflow/.local/lib/python3.12/site-packages/airflow/example_dags/example_sla_dag.py
[2025-02-03T10:52:09.768+0000] {processor.py:925} INFO - DAG(s) 'example_sla_dag' retrieved from /home/airflow/.local/lib/python3.12/site-packages/airflow/example_dags/example_sla_dag.py
[2025-02-03T10:52:09.906+0000] {logging_mixin.py:190} INFO - [2025-02-03T10:52:09.905+0000] {override.py:1911} INFO - Created Permission View: can read on DAG:example_sla_dag
[2025-02-03T10:52:09.919+0000] {logging_mixin.py:190} INFO - [2025-02-03T10:52:09.919+0000] {override.py:1911} INFO - Created Permission View: can edit on DAG:example_sla_dag
[2025-02-03T10:52:09.930+0000] {logging_mixin.py:190} INFO - [2025-02-03T10:52:09.930+0000] {override.py:1911} INFO - Created Permission View: can delete on DAG:example_sla_dag
[2025-02-03T10:52:09.945+0000] {logging_mixin.py:190} INFO - [2025-02-03T10:52:09.944+0000] {override.py:1911} INFO - Created Permission View: can read on DAG Run:example_sla_dag
[2025-02-03T10:52:09.956+0000] {logging_mixin.py:190} INFO - [2025-02-03T10:52:09.955+0000] {override.py:1911} INFO - Created Permission View: can create on DAG Run:example_sla_dag
[2025-02-03T10:52:09.966+0000] {logging_mixin.py:190} INFO - [2025-02-03T10:52:09.966+0000] {override.py:1911} INFO - Created Permission View: menu access on DAG Run:example_sla_dag
[2025-02-03T10:52:09.977+0000] {logging_mixin.py:190} INFO - [2025-02-03T10:52:09.977+0000] {override.py:1911} INFO - Created Permission View: can delete on DAG Run:example_sla_dag
[2025-02-03T10:52:09.978+0000] {logging_mixin.py:190} INFO - [2025-02-03T10:52:09.978+0000] {dag.py:3239} INFO - Sync 1 DAGs
[2025-02-03T10:52:10.000+0000] {logging_mixin.py:190} INFO - [2025-02-03T10:52:10.000+0000] {dag.py:3262} INFO - Creating ORM DAG for example_sla_dag
[2025-02-03T10:52:10.021+0000] {logging_mixin.py:190} INFO - [2025-02-03T10:52:10.020+0000] {dag.py:4180} INFO - Setting next_dagrun for example_sla_dag to 2025-02-03 10:50:00+00:00, run_after=2025-02-03 10:52:00+00:00
[2025-02-03T10:52:10.041+0000] {processor.py:208} INFO - Processing /home/airflow/.local/lib/python3.12/site-packages/airflow/example_dags/example_sla_dag.py took 0.303 seconds
[2025-02-03T10:52:40.173+0000] {processor.py:186} INFO - Started process (PID=146) to work on /home/airflow/.local/lib/python3.12/site-packages/airflow/example_dags/example_sla_dag.py
[2025-02-03T10:52:40.174+0000] {processor.py:914} INFO - Processing file /home/airflow/.local/lib/python3.12/site-packages/airflow/example_dags/example_sla_dag.py for tasks to queue
[2025-02-03T10:52:40.177+0000] {logging_mixin.py:190} INFO - [2025-02-03T10:52:40.176+0000] {dagbag.py:588} INFO - Filling up the DagBag from /home/airflow/.local/lib/python3.12/site-packages/airflow/example_dags/example_sla_dag.py
[2025-02-03T10:52:40.189+0000] {processor.py:925} INFO - DAG(s) 'example_sla_dag' retrieved from /home/airflow/.local/lib/python3.12/site-packages/airflow/example_dags/example_sla_dag.py
[2025-02-03T10:52:40.214+0000] {logging_mixin.py:190} INFO - [2025-02-03T10:52:40.214+0000] {dag.py:3239} INFO - Sync 1 DAGs
[2025-02-03T10:52:40.247+0000] {logging_mixin.py:190} INFO - [2025-02-03T10:52:40.247+0000] {dag.py:4180} INFO - Setting next_dagrun for example_sla_dag to 2025-02-03 10:50:00+00:00, run_after=2025-02-03 10:52:00+00:00
[2025-02-03T10:52:40.270+0000] {processor.py:208} INFO - Processing /home/airflow/.local/lib/python3.12/site-packages/airflow/example_dags/example_sla_dag.py took 0.106 seconds
[2025-02-03T10:53:11.736+0000] {processor.py:186} INFO - Started process (PID=209) to work on /home/airflow/.local/lib/python3.12/site-packages/airflow/example_dags/example_sla_dag.py
[2025-02-03T10:53:11.740+0000] {processor.py:914} INFO - Processing file /home/airflow/.local/lib/python3.12/site-packages/airflow/example_dags/example_sla_dag.py for tasks to queue
[2025-02-03T10:53:11.743+0000] {logging_mixin.py:190} INFO - [2025-02-03T10:53:11.743+0000] {dagbag.py:588} INFO - Filling up the DagBag from /home/airflow/.local/lib/python3.12/site-packages/airflow/example_dags/example_sla_dag.py
[2025-02-03T10:53:11.761+0000] {processor.py:925} INFO - DAG(s) 'example_sla_dag' retrieved from /home/airflow/.local/lib/python3.12/site-packages/airflow/example_dags/example_sla_dag.py
[2025-02-03T10:53:11.792+0000] {logging_mixin.py:190} INFO - [2025-02-03T10:53:11.792+0000] {dag.py:3239} INFO - Sync 1 DAGs
[2025-02-03T10:53:11.832+0000] {logging_mixin.py:190} INFO - [2025-02-03T10:53:11.832+0000] {dag.py:4180} INFO - Setting next_dagrun for example_sla_dag to 2025-02-03 10:50:00+00:00, run_after=2025-02-03 10:52:00+00:00
[2025-02-03T10:53:11.860+0000] {processor.py:208} INFO - Processing /home/airflow/.local/lib/python3.12/site-packages/airflow/example_dags/example_sla_dag.py took 0.133 seconds
[2025-02-03T23:48:12.851+0000] {processor.py:186} INFO - Started process (PID=76) to work on /home/airflow/.local/lib/python3.12/site-packages/airflow/example_dags/example_sla_dag.py
[2025-02-03T23:48:12.853+0000] {processor.py:914} INFO - Processing file /home/airflow/.local/lib/python3.12/site-packages/airflow/example_dags/example_sla_dag.py for tasks to queue
[2025-02-03T23:48:12.862+0000] {logging_mixin.py:190} INFO - [2025-02-03T23:48:12.862+0000] {dagbag.py:588} INFO - Filling up the DagBag from /home/airflow/.local/lib/python3.12/site-packages/airflow/example_dags/example_sla_dag.py
[2025-02-03T23:48:12.877+0000] {processor.py:925} INFO - DAG(s) 'example_sla_dag' retrieved from /home/airflow/.local/lib/python3.12/site-packages/airflow/example_dags/example_sla_dag.py
[2025-02-03T23:48:12.903+0000] {logging_mixin.py:190} INFO - [2025-02-03T23:48:12.903+0000] {dag.py:3239} INFO - Sync 1 DAGs
[2025-02-03T23:48:12.935+0000] {logging_mixin.py:190} INFO - [2025-02-03T23:48:12.934+0000] {dag.py:4180} INFO - Setting next_dagrun for example_sla_dag to 2025-02-03 23:46:00+00:00, run_after=2025-02-03 23:48:00+00:00
[2025-02-03T23:48:12.957+0000] {processor.py:208} INFO - Processing /home/airflow/.local/lib/python3.12/site-packages/airflow/example_dags/example_sla_dag.py took 0.117 seconds
[2025-02-03T23:48:43.857+0000] {processor.py:186} INFO - Started process (PID=139) to work on /home/airflow/.local/lib/python3.12/site-packages/airflow/example_dags/example_sla_dag.py
[2025-02-03T23:48:43.859+0000] {processor.py:914} INFO - Processing file /home/airflow/.local/lib/python3.12/site-packages/airflow/example_dags/example_sla_dag.py for tasks to queue
[2025-02-03T23:48:43.863+0000] {logging_mixin.py:190} INFO - [2025-02-03T23:48:43.863+0000] {dagbag.py:588} INFO - Filling up the DagBag from /home/airflow/.local/lib/python3.12/site-packages/airflow/example_dags/example_sla_dag.py
[2025-02-03T23:48:43.880+0000] {processor.py:925} INFO - DAG(s) 'example_sla_dag' retrieved from /home/airflow/.local/lib/python3.12/site-packages/airflow/example_dags/example_sla_dag.py
[2025-02-03T23:48:43.911+0000] {logging_mixin.py:190} INFO - [2025-02-03T23:48:43.910+0000] {dag.py:3239} INFO - Sync 1 DAGs
[2025-02-03T23:48:43.953+0000] {logging_mixin.py:190} INFO - [2025-02-03T23:48:43.952+0000] {dag.py:4180} INFO - Setting next_dagrun for example_sla_dag to 2025-02-03 23:46:00+00:00, run_after=2025-02-03 23:48:00+00:00
[2025-02-03T23:48:43.981+0000] {processor.py:208} INFO - Processing /home/airflow/.local/lib/python3.12/site-packages/airflow/example_dags/example_sla_dag.py took 0.132 seconds
[2025-02-03T23:49:14.699+0000] {processor.py:186} INFO - Started process (PID=202) to work on /home/airflow/.local/lib/python3.12/site-packages/airflow/example_dags/example_sla_dag.py
[2025-02-03T23:49:14.700+0000] {processor.py:914} INFO - Processing file /home/airflow/.local/lib/python3.12/site-packages/airflow/example_dags/example_sla_dag.py for tasks to queue
[2025-02-03T23:49:14.703+0000] {logging_mixin.py:190} INFO - [2025-02-03T23:49:14.703+0000] {dagbag.py:588} INFO - Filling up the DagBag from /home/airflow/.local/lib/python3.12/site-packages/airflow/example_dags/example_sla_dag.py
[2025-02-03T23:49:14.718+0000] {processor.py:925} INFO - DAG(s) 'example_sla_dag' retrieved from /home/airflow/.local/lib/python3.12/site-packages/airflow/example_dags/example_sla_dag.py
[2025-02-03T23:49:14.745+0000] {logging_mixin.py:190} INFO - [2025-02-03T23:49:14.745+0000] {dag.py:3239} INFO - Sync 1 DAGs
[2025-02-03T23:49:14.780+0000] {logging_mixin.py:190} INFO - [2025-02-03T23:49:14.780+0000] {dag.py:4180} INFO - Setting next_dagrun for example_sla_dag to 2025-02-03 23:46:00+00:00, run_after=2025-02-03 23:48:00+00:00
[2025-02-03T23:49:14.808+0000] {processor.py:208} INFO - Processing /home/airflow/.local/lib/python3.12/site-packages/airflow/example_dags/example_sla_dag.py took 0.116 seconds
[2025-02-03T23:49:46.036+0000] {processor.py:186} INFO - Started process (PID=270) to work on /home/airflow/.local/lib/python3.12/site-packages/airflow/example_dags/example_sla_dag.py
[2025-02-03T23:49:46.037+0000] {processor.py:914} INFO - Processing file /home/airflow/.local/lib/python3.12/site-packages/airflow/example_dags/example_sla_dag.py for tasks to queue
[2025-02-03T23:49:46.040+0000] {logging_mixin.py:190} INFO - [2025-02-03T23:49:46.040+0000] {dagbag.py:588} INFO - Filling up the DagBag from /home/airflow/.local/lib/python3.12/site-packages/airflow/example_dags/example_sla_dag.py
[2025-02-03T23:49:46.052+0000] {processor.py:925} INFO - DAG(s) 'example_sla_dag' retrieved from /home/airflow/.local/lib/python3.12/site-packages/airflow/example_dags/example_sla_dag.py
[2025-02-03T23:49:46.079+0000] {logging_mixin.py:190} INFO - [2025-02-03T23:49:46.078+0000] {dag.py:3239} INFO - Sync 1 DAGs
[2025-02-03T23:49:46.114+0000] {logging_mixin.py:190} INFO - [2025-02-03T23:49:46.114+0000] {dag.py:4180} INFO - Setting next_dagrun for example_sla_dag to 2025-02-03 23:46:00+00:00, run_after=2025-02-03 23:48:00+00:00
[2025-02-03T23:49:46.135+0000] {processor.py:208} INFO - Processing /home/airflow/.local/lib/python3.12/site-packages/airflow/example_dags/example_sla_dag.py took 0.107 seconds
[2025-02-03T23:50:18.890+0000] {processor.py:186} INFO - Started process (PID=333) to work on /home/airflow/.local/lib/python3.12/site-packages/airflow/example_dags/example_sla_dag.py
[2025-02-03T23:50:18.904+0000] {processor.py:914} INFO - Processing file /home/airflow/.local/lib/python3.12/site-packages/airflow/example_dags/example_sla_dag.py for tasks to queue
[2025-02-03T23:50:18.936+0000] {logging_mixin.py:190} INFO - [2025-02-03T23:50:18.934+0000] {dagbag.py:588} INFO - Filling up the DagBag from /home/airflow/.local/lib/python3.12/site-packages/airflow/example_dags/example_sla_dag.py
[2025-02-03T23:50:18.967+0000] {processor.py:925} INFO - DAG(s) 'example_sla_dag' retrieved from /home/airflow/.local/lib/python3.12/site-packages/airflow/example_dags/example_sla_dag.py
[2025-02-03T23:50:19.013+0000] {logging_mixin.py:190} INFO - [2025-02-03T23:50:19.013+0000] {dag.py:3239} INFO - Sync 1 DAGs
[2025-02-03T23:50:19.161+0000] {logging_mixin.py:190} INFO - [2025-02-03T23:50:19.160+0000] {dag.py:4180} INFO - Setting next_dagrun for example_sla_dag to 2025-02-03 23:48:00+00:00, run_after=2025-02-03 23:50:00+00:00
[2025-02-03T23:50:19.202+0000] {processor.py:208} INFO - Processing /home/airflow/.local/lib/python3.12/site-packages/airflow/example_dags/example_sla_dag.py took 0.344 seconds
[2025-02-03T23:50:50.436+0000] {processor.py:186} INFO - Started process (PID=396) to work on /home/airflow/.local/lib/python3.12/site-packages/airflow/example_dags/example_sla_dag.py
[2025-02-03T23:50:50.437+0000] {processor.py:914} INFO - Processing file /home/airflow/.local/lib/python3.12/site-packages/airflow/example_dags/example_sla_dag.py for tasks to queue
[2025-02-03T23:50:50.440+0000] {logging_mixin.py:190} INFO - [2025-02-03T23:50:50.439+0000] {dagbag.py:588} INFO - Filling up the DagBag from /home/airflow/.local/lib/python3.12/site-packages/airflow/example_dags/example_sla_dag.py
[2025-02-03T23:50:50.453+0000] {processor.py:925} INFO - DAG(s) 'example_sla_dag' retrieved from /home/airflow/.local/lib/python3.12/site-packages/airflow/example_dags/example_sla_dag.py
[2025-02-03T23:50:50.474+0000] {logging_mixin.py:190} INFO - [2025-02-03T23:50:50.474+0000] {dag.py:3239} INFO - Sync 1 DAGs
[2025-02-03T23:50:50.505+0000] {logging_mixin.py:190} INFO - [2025-02-03T23:50:50.504+0000] {dag.py:4180} INFO - Setting next_dagrun for example_sla_dag to 2025-02-03 23:48:00+00:00, run_after=2025-02-03 23:50:00+00:00
[2025-02-03T23:50:50.526+0000] {processor.py:208} INFO - Processing /home/airflow/.local/lib/python3.12/site-packages/airflow/example_dags/example_sla_dag.py took 0.097 seconds
[2025-02-03T23:51:22.060+0000] {processor.py:186} INFO - Started process (PID=459) to work on /home/airflow/.local/lib/python3.12/site-packages/airflow/example_dags/example_sla_dag.py
[2025-02-03T23:51:22.062+0000] {processor.py:914} INFO - Processing file /home/airflow/.local/lib/python3.12/site-packages/airflow/example_dags/example_sla_dag.py for tasks to queue
[2025-02-03T23:51:22.065+0000] {logging_mixin.py:190} INFO - [2025-02-03T23:51:22.065+0000] {dagbag.py:588} INFO - Filling up the DagBag from /home/airflow/.local/lib/python3.12/site-packages/airflow/example_dags/example_sla_dag.py
[2025-02-03T23:51:22.077+0000] {processor.py:925} INFO - DAG(s) 'example_sla_dag' retrieved from /home/airflow/.local/lib/python3.12/site-packages/airflow/example_dags/example_sla_dag.py
[2025-02-03T23:51:22.101+0000] {logging_mixin.py:190} INFO - [2025-02-03T23:51:22.101+0000] {dag.py:3239} INFO - Sync 1 DAGs
[2025-02-03T23:51:22.132+0000] {logging_mixin.py:190} INFO - [2025-02-03T23:51:22.132+0000] {dag.py:4180} INFO - Setting next_dagrun for example_sla_dag to 2025-02-03 23:48:00+00:00, run_after=2025-02-03 23:50:00+00:00
[2025-02-03T23:51:22.153+0000] {processor.py:208} INFO - Processing /home/airflow/.local/lib/python3.12/site-packages/airflow/example_dags/example_sla_dag.py took 0.101 seconds
[2025-02-03T23:51:53.396+0000] {processor.py:186} INFO - Started process (PID=522) to work on /home/airflow/.local/lib/python3.12/site-packages/airflow/example_dags/example_sla_dag.py
[2025-02-03T23:51:53.400+0000] {processor.py:914} INFO - Processing file /home/airflow/.local/lib/python3.12/site-packages/airflow/example_dags/example_sla_dag.py for tasks to queue
[2025-02-03T23:51:53.405+0000] {logging_mixin.py:190} INFO - [2025-02-03T23:51:53.403+0000] {dagbag.py:588} INFO - Filling up the DagBag from /home/airflow/.local/lib/python3.12/site-packages/airflow/example_dags/example_sla_dag.py
[2025-02-03T23:51:53.427+0000] {processor.py:925} INFO - DAG(s) 'example_sla_dag' retrieved from /home/airflow/.local/lib/python3.12/site-packages/airflow/example_dags/example_sla_dag.py
[2025-02-03T23:51:53.458+0000] {logging_mixin.py:190} INFO - [2025-02-03T23:51:53.457+0000] {dag.py:3239} INFO - Sync 1 DAGs
[2025-02-03T23:51:53.493+0000] {logging_mixin.py:190} INFO - [2025-02-03T23:51:53.493+0000] {dag.py:4180} INFO - Setting next_dagrun for example_sla_dag to 2025-02-03 23:48:00+00:00, run_after=2025-02-03 23:50:00+00:00
[2025-02-03T23:51:53.520+0000] {processor.py:208} INFO - Processing /home/airflow/.local/lib/python3.12/site-packages/airflow/example_dags/example_sla_dag.py took 0.130 seconds
[2025-02-03T23:52:24.993+0000] {processor.py:186} INFO - Started process (PID=585) to work on /home/airflow/.local/lib/python3.12/site-packages/airflow/example_dags/example_sla_dag.py
[2025-02-03T23:52:24.994+0000] {processor.py:914} INFO - Processing file /home/airflow/.local/lib/python3.12/site-packages/airflow/example_dags/example_sla_dag.py for tasks to queue
[2025-02-03T23:52:24.997+0000] {logging_mixin.py:190} INFO - [2025-02-03T23:52:24.996+0000] {dagbag.py:588} INFO - Filling up the DagBag from /home/airflow/.local/lib/python3.12/site-packages/airflow/example_dags/example_sla_dag.py
[2025-02-03T23:52:25.011+0000] {processor.py:925} INFO - DAG(s) 'example_sla_dag' retrieved from /home/airflow/.local/lib/python3.12/site-packages/airflow/example_dags/example_sla_dag.py
[2025-02-03T23:52:25.039+0000] {logging_mixin.py:190} INFO - [2025-02-03T23:52:25.038+0000] {dag.py:3239} INFO - Sync 1 DAGs
[2025-02-03T23:52:25.072+0000] {logging_mixin.py:190} INFO - [2025-02-03T23:52:25.072+0000] {dag.py:4180} INFO - Setting next_dagrun for example_sla_dag to 2025-02-03 23:50:00+00:00, run_after=2025-02-03 23:52:00+00:00
[2025-02-03T23:52:25.093+0000] {processor.py:208} INFO - Processing /home/airflow/.local/lib/python3.12/site-packages/airflow/example_dags/example_sla_dag.py took 0.107 seconds
[2025-02-03T23:52:56.391+0000] {processor.py:186} INFO - Started process (PID=648) to work on /home/airflow/.local/lib/python3.12/site-packages/airflow/example_dags/example_sla_dag.py
[2025-02-03T23:52:56.392+0000] {processor.py:914} INFO - Processing file /home/airflow/.local/lib/python3.12/site-packages/airflow/example_dags/example_sla_dag.py for tasks to queue
[2025-02-03T23:52:56.395+0000] {logging_mixin.py:190} INFO - [2025-02-03T23:52:56.394+0000] {dagbag.py:588} INFO - Filling up the DagBag from /home/airflow/.local/lib/python3.12/site-packages/airflow/example_dags/example_sla_dag.py
[2025-02-03T23:52:56.409+0000] {processor.py:925} INFO - DAG(s) 'example_sla_dag' retrieved from /home/airflow/.local/lib/python3.12/site-packages/airflow/example_dags/example_sla_dag.py
[2025-02-03T23:52:56.436+0000] {logging_mixin.py:190} INFO - [2025-02-03T23:52:56.436+0000] {dag.py:3239} INFO - Sync 1 DAGs
[2025-02-03T23:52:56.468+0000] {logging_mixin.py:190} INFO - [2025-02-03T23:52:56.468+0000] {dag.py:4180} INFO - Setting next_dagrun for example_sla_dag to 2025-02-03 23:50:00+00:00, run_after=2025-02-03 23:52:00+00:00
[2025-02-03T23:52:56.490+0000] {processor.py:208} INFO - Processing /home/airflow/.local/lib/python3.12/site-packages/airflow/example_dags/example_sla_dag.py took 0.105 seconds
[2025-02-03T23:53:27.889+0000] {processor.py:186} INFO - Started process (PID=711) to work on /home/airflow/.local/lib/python3.12/site-packages/airflow/example_dags/example_sla_dag.py
[2025-02-03T23:53:27.890+0000] {processor.py:914} INFO - Processing file /home/airflow/.local/lib/python3.12/site-packages/airflow/example_dags/example_sla_dag.py for tasks to queue
[2025-02-03T23:53:27.894+0000] {logging_mixin.py:190} INFO - [2025-02-03T23:53:27.893+0000] {dagbag.py:588} INFO - Filling up the DagBag from /home/airflow/.local/lib/python3.12/site-packages/airflow/example_dags/example_sla_dag.py
[2025-02-03T23:53:27.906+0000] {processor.py:925} INFO - DAG(s) 'example_sla_dag' retrieved from /home/airflow/.local/lib/python3.12/site-packages/airflow/example_dags/example_sla_dag.py
[2025-02-03T23:53:27.933+0000] {logging_mixin.py:190} INFO - [2025-02-03T23:53:27.932+0000] {dag.py:3239} INFO - Sync 1 DAGs
[2025-02-03T23:53:27.965+0000] {logging_mixin.py:190} INFO - [2025-02-03T23:53:27.965+0000] {dag.py:4180} INFO - Setting next_dagrun for example_sla_dag to 2025-02-03 23:50:00+00:00, run_after=2025-02-03 23:52:00+00:00
[2025-02-03T23:53:27.991+0000] {processor.py:208} INFO - Processing /home/airflow/.local/lib/python3.12/site-packages/airflow/example_dags/example_sla_dag.py took 0.110 seconds
[2025-02-03T23:53:59.049+0000] {processor.py:186} INFO - Started process (PID=774) to work on /home/airflow/.local/lib/python3.12/site-packages/airflow/example_dags/example_sla_dag.py
[2025-02-03T23:53:59.050+0000] {processor.py:914} INFO - Processing file /home/airflow/.local/lib/python3.12/site-packages/airflow/example_dags/example_sla_dag.py for tasks to queue
[2025-02-03T23:53:59.053+0000] {logging_mixin.py:190} INFO - [2025-02-03T23:53:59.052+0000] {dagbag.py:588} INFO - Filling up the DagBag from /home/airflow/.local/lib/python3.12/site-packages/airflow/example_dags/example_sla_dag.py
[2025-02-03T23:53:59.068+0000] {processor.py:925} INFO - DAG(s) 'example_sla_dag' retrieved from /home/airflow/.local/lib/python3.12/site-packages/airflow/example_dags/example_sla_dag.py
[2025-02-03T23:53:59.098+0000] {logging_mixin.py:190} INFO - [2025-02-03T23:53:59.098+0000] {dag.py:3239} INFO - Sync 1 DAGs
[2025-02-03T23:53:59.132+0000] {logging_mixin.py:190} INFO - [2025-02-03T23:53:59.132+0000] {dag.py:4180} INFO - Setting next_dagrun for example_sla_dag to 2025-02-03 23:50:00+00:00, run_after=2025-02-03 23:52:00+00:00
[2025-02-03T23:53:59.158+0000] {processor.py:208} INFO - Processing /home/airflow/.local/lib/python3.12/site-packages/airflow/example_dags/example_sla_dag.py took 0.116 seconds
[2025-02-03T23:54:30.395+0000] {processor.py:186} INFO - Started process (PID=837) to work on /home/airflow/.local/lib/python3.12/site-packages/airflow/example_dags/example_sla_dag.py
[2025-02-03T23:54:30.397+0000] {processor.py:914} INFO - Processing file /home/airflow/.local/lib/python3.12/site-packages/airflow/example_dags/example_sla_dag.py for tasks to queue
[2025-02-03T23:54:30.401+0000] {logging_mixin.py:190} INFO - [2025-02-03T23:54:30.400+0000] {dagbag.py:588} INFO - Filling up the DagBag from /home/airflow/.local/lib/python3.12/site-packages/airflow/example_dags/example_sla_dag.py
[2025-02-03T23:54:30.414+0000] {processor.py:925} INFO - DAG(s) 'example_sla_dag' retrieved from /home/airflow/.local/lib/python3.12/site-packages/airflow/example_dags/example_sla_dag.py
[2025-02-03T23:54:30.441+0000] {logging_mixin.py:190} INFO - [2025-02-03T23:54:30.441+0000] {dag.py:3239} INFO - Sync 1 DAGs
[2025-02-03T23:54:30.475+0000] {logging_mixin.py:190} INFO - [2025-02-03T23:54:30.475+0000] {dag.py:4180} INFO - Setting next_dagrun for example_sla_dag to 2025-02-03 23:52:00+00:00, run_after=2025-02-03 23:54:00+00:00
[2025-02-03T23:54:30.496+0000] {processor.py:208} INFO - Processing /home/airflow/.local/lib/python3.12/site-packages/airflow/example_dags/example_sla_dag.py took 0.109 seconds
[2025-02-03T23:55:02.175+0000] {processor.py:186} INFO - Started process (PID=900) to work on /home/airflow/.local/lib/python3.12/site-packages/airflow/example_dags/example_sla_dag.py
[2025-02-03T23:55:02.176+0000] {processor.py:914} INFO - Processing file /home/airflow/.local/lib/python3.12/site-packages/airflow/example_dags/example_sla_dag.py for tasks to queue
[2025-02-03T23:55:02.179+0000] {logging_mixin.py:190} INFO - [2025-02-03T23:55:02.178+0000] {dagbag.py:588} INFO - Filling up the DagBag from /home/airflow/.local/lib/python3.12/site-packages/airflow/example_dags/example_sla_dag.py
[2025-02-03T23:55:02.192+0000] {processor.py:925} INFO - DAG(s) 'example_sla_dag' retrieved from /home/airflow/.local/lib/python3.12/site-packages/airflow/example_dags/example_sla_dag.py
[2025-02-03T23:55:02.219+0000] {logging_mixin.py:190} INFO - [2025-02-03T23:55:02.219+0000] {dag.py:3239} INFO - Sync 1 DAGs
[2025-02-03T23:55:02.260+0000] {logging_mixin.py:190} INFO - [2025-02-03T23:55:02.260+0000] {dag.py:4180} INFO - Setting next_dagrun for example_sla_dag to 2025-02-03 23:52:00+00:00, run_after=2025-02-03 23:54:00+00:00
[2025-02-03T23:55:02.292+0000] {processor.py:208} INFO - Processing /home/airflow/.local/lib/python3.12/site-packages/airflow/example_dags/example_sla_dag.py took 0.125 seconds
[2025-02-03T23:55:33.486+0000] {processor.py:186} INFO - Started process (PID=963) to work on /home/airflow/.local/lib/python3.12/site-packages/airflow/example_dags/example_sla_dag.py
[2025-02-03T23:55:33.490+0000] {processor.py:914} INFO - Processing file /home/airflow/.local/lib/python3.12/site-packages/airflow/example_dags/example_sla_dag.py for tasks to queue
[2025-02-03T23:55:33.494+0000] {logging_mixin.py:190} INFO - [2025-02-03T23:55:33.493+0000] {dagbag.py:588} INFO - Filling up the DagBag from /home/airflow/.local/lib/python3.12/site-packages/airflow/example_dags/example_sla_dag.py
[2025-02-03T23:55:33.509+0000] {processor.py:925} INFO - DAG(s) 'example_sla_dag' retrieved from /home/airflow/.local/lib/python3.12/site-packages/airflow/example_dags/example_sla_dag.py
[2025-02-03T23:55:33.535+0000] {logging_mixin.py:190} INFO - [2025-02-03T23:55:33.535+0000] {dag.py:3239} INFO - Sync 1 DAGs
[2025-02-03T23:55:33.566+0000] {logging_mixin.py:190} INFO - [2025-02-03T23:55:33.566+0000] {dag.py:4180} INFO - Setting next_dagrun for example_sla_dag to 2025-02-03 23:52:00+00:00, run_after=2025-02-03 23:54:00+00:00
[2025-02-03T23:55:33.587+0000] {processor.py:208} INFO - Processing /home/airflow/.local/lib/python3.12/site-packages/airflow/example_dags/example_sla_dag.py took 0.109 seconds
[2025-02-03T23:56:04.560+0000] {processor.py:186} INFO - Started process (PID=1026) to work on /home/airflow/.local/lib/python3.12/site-packages/airflow/example_dags/example_sla_dag.py
[2025-02-03T23:56:04.561+0000] {processor.py:914} INFO - Processing file /home/airflow/.local/lib/python3.12/site-packages/airflow/example_dags/example_sla_dag.py for tasks to queue
[2025-02-03T23:56:04.565+0000] {logging_mixin.py:190} INFO - [2025-02-03T23:56:04.565+0000] {dagbag.py:588} INFO - Filling up the DagBag from /home/airflow/.local/lib/python3.12/site-packages/airflow/example_dags/example_sla_dag.py
[2025-02-03T23:56:04.582+0000] {processor.py:925} INFO - DAG(s) 'example_sla_dag' retrieved from /home/airflow/.local/lib/python3.12/site-packages/airflow/example_dags/example_sla_dag.py
[2025-02-03T23:56:04.626+0000] {logging_mixin.py:190} INFO - [2025-02-03T23:56:04.625+0000] {dag.py:3239} INFO - Sync 1 DAGs
[2025-02-03T23:56:04.659+0000] {logging_mixin.py:190} INFO - [2025-02-03T23:56:04.659+0000] {dag.py:4180} INFO - Setting next_dagrun for example_sla_dag to 2025-02-03 23:54:00+00:00, run_after=2025-02-03 23:56:00+00:00
[2025-02-03T23:56:04.684+0000] {processor.py:208} INFO - Processing /home/airflow/.local/lib/python3.12/site-packages/airflow/example_dags/example_sla_dag.py took 0.132 seconds
[2025-02-03T23:56:36.123+0000] {processor.py:186} INFO - Started process (PID=1089) to work on /home/airflow/.local/lib/python3.12/site-packages/airflow/example_dags/example_sla_dag.py
[2025-02-03T23:56:36.124+0000] {processor.py:914} INFO - Processing file /home/airflow/.local/lib/python3.12/site-packages/airflow/example_dags/example_sla_dag.py for tasks to queue
[2025-02-03T23:56:36.127+0000] {logging_mixin.py:190} INFO - [2025-02-03T23:56:36.127+0000] {dagbag.py:588} INFO - Filling up the DagBag from /home/airflow/.local/lib/python3.12/site-packages/airflow/example_dags/example_sla_dag.py
[2025-02-03T23:56:36.140+0000] {processor.py:925} INFO - DAG(s) 'example_sla_dag' retrieved from /home/airflow/.local/lib/python3.12/site-packages/airflow/example_dags/example_sla_dag.py
[2025-02-03T23:56:36.165+0000] {logging_mixin.py:190} INFO - [2025-02-03T23:56:36.165+0000] {dag.py:3239} INFO - Sync 1 DAGs
[2025-02-03T23:56:36.196+0000] {logging_mixin.py:190} INFO - [2025-02-03T23:56:36.196+0000] {dag.py:4180} INFO - Setting next_dagrun for example_sla_dag to 2025-02-03 23:54:00+00:00, run_after=2025-02-03 23:56:00+00:00
[2025-02-03T23:56:36.221+0000] {processor.py:208} INFO - Processing /home/airflow/.local/lib/python3.12/site-packages/airflow/example_dags/example_sla_dag.py took 0.105 seconds
[2025-02-03T23:57:07.449+0000] {processor.py:186} INFO - Started process (PID=1152) to work on /home/airflow/.local/lib/python3.12/site-packages/airflow/example_dags/example_sla_dag.py
[2025-02-03T23:57:07.450+0000] {processor.py:914} INFO - Processing file /home/airflow/.local/lib/python3.12/site-packages/airflow/example_dags/example_sla_dag.py for tasks to queue
[2025-02-03T23:57:07.454+0000] {logging_mixin.py:190} INFO - [2025-02-03T23:57:07.453+0000] {dagbag.py:588} INFO - Filling up the DagBag from /home/airflow/.local/lib/python3.12/site-packages/airflow/example_dags/example_sla_dag.py
[2025-02-03T23:57:07.466+0000] {processor.py:925} INFO - DAG(s) 'example_sla_dag' retrieved from /home/airflow/.local/lib/python3.12/site-packages/airflow/example_dags/example_sla_dag.py
[2025-02-03T23:57:07.491+0000] {logging_mixin.py:190} INFO - [2025-02-03T23:57:07.490+0000] {dag.py:3239} INFO - Sync 1 DAGs
[2025-02-03T23:57:07.530+0000] {logging_mixin.py:190} INFO - [2025-02-03T23:57:07.530+0000] {dag.py:4180} INFO - Setting next_dagrun for example_sla_dag to 2025-02-03 23:54:00+00:00, run_after=2025-02-03 23:56:00+00:00
[2025-02-03T23:57:07.556+0000] {processor.py:208} INFO - Processing /home/airflow/.local/lib/python3.12/site-packages/airflow/example_dags/example_sla_dag.py took 0.114 seconds
[2025-02-03T23:57:38.439+0000] {processor.py:186} INFO - Started process (PID=1215) to work on /home/airflow/.local/lib/python3.12/site-packages/airflow/example_dags/example_sla_dag.py
[2025-02-03T23:57:38.441+0000] {processor.py:914} INFO - Processing file /home/airflow/.local/lib/python3.12/site-packages/airflow/example_dags/example_sla_dag.py for tasks to queue
[2025-02-03T23:57:38.448+0000] {logging_mixin.py:190} INFO - [2025-02-03T23:57:38.447+0000] {dagbag.py:588} INFO - Filling up the DagBag from /home/airflow/.local/lib/python3.12/site-packages/airflow/example_dags/example_sla_dag.py
[2025-02-03T23:57:38.459+0000] {processor.py:925} INFO - DAG(s) 'example_sla_dag' retrieved from /home/airflow/.local/lib/python3.12/site-packages/airflow/example_dags/example_sla_dag.py
[2025-02-03T23:57:38.486+0000] {logging_mixin.py:190} INFO - [2025-02-03T23:57:38.486+0000] {dag.py:3239} INFO - Sync 1 DAGs
[2025-02-03T23:57:38.519+0000] {logging_mixin.py:190} INFO - [2025-02-03T23:57:38.519+0000] {dag.py:4180} INFO - Setting next_dagrun for example_sla_dag to 2025-02-03 23:54:00+00:00, run_after=2025-02-03 23:56:00+00:00
[2025-02-03T23:57:38.540+0000] {processor.py:208} INFO - Processing /home/airflow/.local/lib/python3.12/site-packages/airflow/example_dags/example_sla_dag.py took 0.108 seconds
[2025-02-03T23:58:09.656+0000] {processor.py:186} INFO - Started process (PID=1278) to work on /home/airflow/.local/lib/python3.12/site-packages/airflow/example_dags/example_sla_dag.py
[2025-02-03T23:58:09.658+0000] {processor.py:914} INFO - Processing file /home/airflow/.local/lib/python3.12/site-packages/airflow/example_dags/example_sla_dag.py for tasks to queue
[2025-02-03T23:58:09.664+0000] {logging_mixin.py:190} INFO - [2025-02-03T23:58:09.664+0000] {dagbag.py:588} INFO - Filling up the DagBag from /home/airflow/.local/lib/python3.12/site-packages/airflow/example_dags/example_sla_dag.py
[2025-02-03T23:58:09.678+0000] {processor.py:925} INFO - DAG(s) 'example_sla_dag' retrieved from /home/airflow/.local/lib/python3.12/site-packages/airflow/example_dags/example_sla_dag.py
[2025-02-03T23:58:09.702+0000] {logging_mixin.py:190} INFO - [2025-02-03T23:58:09.702+0000] {dag.py:3239} INFO - Sync 1 DAGs
[2025-02-03T23:58:09.731+0000] {logging_mixin.py:190} INFO - [2025-02-03T23:58:09.731+0000] {dag.py:4180} INFO - Setting next_dagrun for example_sla_dag to 2025-02-03 23:56:00+00:00, run_after=2025-02-03 23:58:00+00:00
[2025-02-03T23:58:09.752+0000] {processor.py:208} INFO - Processing /home/airflow/.local/lib/python3.12/site-packages/airflow/example_dags/example_sla_dag.py took 0.104 seconds
[2025-02-03T23:58:40.769+0000] {processor.py:186} INFO - Started process (PID=1341) to work on /home/airflow/.local/lib/python3.12/site-packages/airflow/example_dags/example_sla_dag.py
[2025-02-03T23:58:40.770+0000] {processor.py:914} INFO - Processing file /home/airflow/.local/lib/python3.12/site-packages/airflow/example_dags/example_sla_dag.py for tasks to queue
[2025-02-03T23:58:40.774+0000] {logging_mixin.py:190} INFO - [2025-02-03T23:58:40.774+0000] {dagbag.py:588} INFO - Filling up the DagBag from /home/airflow/.local/lib/python3.12/site-packages/airflow/example_dags/example_sla_dag.py
[2025-02-03T23:58:40.786+0000] {processor.py:925} INFO - DAG(s) 'example_sla_dag' retrieved from /home/airflow/.local/lib/python3.12/site-packages/airflow/example_dags/example_sla_dag.py
[2025-02-03T23:58:40.814+0000] {logging_mixin.py:190} INFO - [2025-02-03T23:58:40.814+0000] {dag.py:3239} INFO - Sync 1 DAGs
[2025-02-03T23:58:40.846+0000] {logging_mixin.py:190} INFO - [2025-02-03T23:58:40.846+0000] {dag.py:4180} INFO - Setting next_dagrun for example_sla_dag to 2025-02-03 23:56:00+00:00, run_after=2025-02-03 23:58:00+00:00
[2025-02-03T23:58:40.868+0000] {processor.py:208} INFO - Processing /home/airflow/.local/lib/python3.12/site-packages/airflow/example_dags/example_sla_dag.py took 0.106 seconds
[2025-02-03T23:59:11.684+0000] {processor.py:186} INFO - Started process (PID=1404) to work on /home/airflow/.local/lib/python3.12/site-packages/airflow/example_dags/example_sla_dag.py
[2025-02-03T23:59:11.688+0000] {processor.py:914} INFO - Processing file /home/airflow/.local/lib/python3.12/site-packages/airflow/example_dags/example_sla_dag.py for tasks to queue
[2025-02-03T23:59:11.691+0000] {logging_mixin.py:190} INFO - [2025-02-03T23:59:11.691+0000] {dagbag.py:588} INFO - Filling up the DagBag from /home/airflow/.local/lib/python3.12/site-packages/airflow/example_dags/example_sla_dag.py
[2025-02-03T23:59:11.703+0000] {processor.py:925} INFO - DAG(s) 'example_sla_dag' retrieved from /home/airflow/.local/lib/python3.12/site-packages/airflow/example_dags/example_sla_dag.py
[2025-02-03T23:59:11.727+0000] {logging_mixin.py:190} INFO - [2025-02-03T23:59:11.726+0000] {dag.py:3239} INFO - Sync 1 DAGs
[2025-02-03T23:59:11.760+0000] {logging_mixin.py:190} INFO - [2025-02-03T23:59:11.759+0000] {dag.py:4180} INFO - Setting next_dagrun for example_sla_dag to 2025-02-03 23:56:00+00:00, run_after=2025-02-03 23:58:00+00:00
[2025-02-03T23:59:11.780+0000] {processor.py:208} INFO - Processing /home/airflow/.local/lib/python3.12/site-packages/airflow/example_dags/example_sla_dag.py took 0.102 seconds
[2025-02-03T23:59:42.463+0000] {processor.py:186} INFO - Started process (PID=1467) to work on /home/airflow/.local/lib/python3.12/site-packages/airflow/example_dags/example_sla_dag.py
[2025-02-03T23:59:42.464+0000] {processor.py:914} INFO - Processing file /home/airflow/.local/lib/python3.12/site-packages/airflow/example_dags/example_sla_dag.py for tasks to queue
[2025-02-03T23:59:42.468+0000] {logging_mixin.py:190} INFO - [2025-02-03T23:59:42.467+0000] {dagbag.py:588} INFO - Filling up the DagBag from /home/airflow/.local/lib/python3.12/site-packages/airflow/example_dags/example_sla_dag.py
[2025-02-03T23:59:42.480+0000] {processor.py:925} INFO - DAG(s) 'example_sla_dag' retrieved from /home/airflow/.local/lib/python3.12/site-packages/airflow/example_dags/example_sla_dag.py
[2025-02-03T23:59:42.505+0000] {logging_mixin.py:190} INFO - [2025-02-03T23:59:42.504+0000] {dag.py:3239} INFO - Sync 1 DAGs
[2025-02-03T23:59:42.537+0000] {logging_mixin.py:190} INFO - [2025-02-03T23:59:42.537+0000] {dag.py:4180} INFO - Setting next_dagrun for example_sla_dag to 2025-02-03 23:56:00+00:00, run_after=2025-02-03 23:58:00+00:00
[2025-02-03T23:59:42.559+0000] {processor.py:208} INFO - Processing /home/airflow/.local/lib/python3.12/site-packages/airflow/example_dags/example_sla_dag.py took 0.104 seconds
