[2025-02-03T10:52:12.978+0000] {processor.py:186} INFO - Started process (PID=97) to work on /home/airflow/.local/lib/python3.12/site-packages/airflow/example_dags/example_branch_python_dop_operator_3.py
[2025-02-03T10:52:12.980+0000] {processor.py:914} INFO - Processing file /home/airflow/.local/lib/python3.12/site-packages/airflow/example_dags/example_branch_python_dop_operator_3.py for tasks to queue
[2025-02-03T10:52:12.983+0000] {logging_mixin.py:190} INFO - [2025-02-03T10:52:12.982+0000] {dagbag.py:588} INFO - Filling up the DagBag from /home/airflow/.local/lib/python3.12/site-packages/airflow/example_dags/example_branch_python_dop_operator_3.py
[2025-02-03T10:52:12.998+0000] {processor.py:925} INFO - DAG(s) 'example_branch_dop_operator_v3' retrieved from /home/airflow/.local/lib/python3.12/site-packages/airflow/example_dags/example_branch_python_dop_operator_3.py
[2025-02-03T10:52:13.140+0000] {logging_mixin.py:190} INFO - [2025-02-03T10:52:13.139+0000] {override.py:1911} INFO - Created Permission View: can read on DAG:example_branch_dop_operator_v3
[2025-02-03T10:52:13.159+0000] {logging_mixin.py:190} INFO - [2025-02-03T10:52:13.159+0000] {override.py:1911} INFO - Created Permission View: can edit on DAG:example_branch_dop_operator_v3
[2025-02-03T10:52:13.173+0000] {logging_mixin.py:190} INFO - [2025-02-03T10:52:13.173+0000] {override.py:1911} INFO - Created Permission View: can delete on DAG:example_branch_dop_operator_v3
[2025-02-03T10:52:13.185+0000] {logging_mixin.py:190} INFO - [2025-02-03T10:52:13.185+0000] {override.py:1911} INFO - Created Permission View: can read on DAG Run:example_branch_dop_operator_v3
[2025-02-03T10:52:13.201+0000] {logging_mixin.py:190} INFO - [2025-02-03T10:52:13.201+0000] {override.py:1911} INFO - Created Permission View: can create on DAG Run:example_branch_dop_operator_v3
[2025-02-03T10:52:13.213+0000] {logging_mixin.py:190} INFO - [2025-02-03T10:52:13.213+0000] {override.py:1911} INFO - Created Permission View: menu access on DAG Run:example_branch_dop_operator_v3
[2025-02-03T10:52:13.225+0000] {logging_mixin.py:190} INFO - [2025-02-03T10:52:13.225+0000] {override.py:1911} INFO - Created Permission View: can delete on DAG Run:example_branch_dop_operator_v3
[2025-02-03T10:52:13.227+0000] {logging_mixin.py:190} INFO - [2025-02-03T10:52:13.227+0000] {dag.py:3239} INFO - Sync 1 DAGs
[2025-02-03T10:52:13.244+0000] {logging_mixin.py:190} INFO - [2025-02-03T10:52:13.244+0000] {dag.py:3262} INFO - Creating ORM DAG for example_branch_dop_operator_v3
[2025-02-03T10:52:13.262+0000] {logging_mixin.py:190} INFO - [2025-02-03T10:52:13.262+0000] {dag.py:4180} INFO - Setting next_dagrun for example_branch_dop_operator_v3 to 2025-02-03 10:51:00+00:00, run_after=2025-02-03 10:52:00+00:00
[2025-02-03T10:52:13.282+0000] {processor.py:208} INFO - Processing /home/airflow/.local/lib/python3.12/site-packages/airflow/example_dags/example_branch_python_dop_operator_3.py took 0.312 seconds
[2025-02-03T10:52:43.590+0000] {processor.py:186} INFO - Started process (PID=160) to work on /home/airflow/.local/lib/python3.12/site-packages/airflow/example_dags/example_branch_python_dop_operator_3.py
[2025-02-03T10:52:43.592+0000] {processor.py:914} INFO - Processing file /home/airflow/.local/lib/python3.12/site-packages/airflow/example_dags/example_branch_python_dop_operator_3.py for tasks to queue
[2025-02-03T10:52:43.595+0000] {logging_mixin.py:190} INFO - [2025-02-03T10:52:43.595+0000] {dagbag.py:588} INFO - Filling up the DagBag from /home/airflow/.local/lib/python3.12/site-packages/airflow/example_dags/example_branch_python_dop_operator_3.py
[2025-02-03T10:52:43.608+0000] {processor.py:925} INFO - DAG(s) 'example_branch_dop_operator_v3' retrieved from /home/airflow/.local/lib/python3.12/site-packages/airflow/example_dags/example_branch_python_dop_operator_3.py
[2025-02-03T10:52:43.637+0000] {logging_mixin.py:190} INFO - [2025-02-03T10:52:43.637+0000] {dag.py:3239} INFO - Sync 1 DAGs
[2025-02-03T10:52:43.678+0000] {logging_mixin.py:190} INFO - [2025-02-03T10:52:43.678+0000] {dag.py:4180} INFO - Setting next_dagrun for example_branch_dop_operator_v3 to 2025-02-03 10:51:00+00:00, run_after=2025-02-03 10:52:00+00:00
[2025-02-03T10:52:43.701+0000] {processor.py:208} INFO - Processing /home/airflow/.local/lib/python3.12/site-packages/airflow/example_dags/example_branch_python_dop_operator_3.py took 0.119 seconds
[2025-02-03T10:53:13.962+0000] {processor.py:186} INFO - Started process (PID=222) to work on /home/airflow/.local/lib/python3.12/site-packages/airflow/example_dags/example_branch_python_dop_operator_3.py
[2025-02-03T10:53:13.964+0000] {processor.py:914} INFO - Processing file /home/airflow/.local/lib/python3.12/site-packages/airflow/example_dags/example_branch_python_dop_operator_3.py for tasks to queue
[2025-02-03T10:53:13.969+0000] {logging_mixin.py:190} INFO - [2025-02-03T10:53:13.968+0000] {dagbag.py:588} INFO - Filling up the DagBag from /home/airflow/.local/lib/python3.12/site-packages/airflow/example_dags/example_branch_python_dop_operator_3.py
[2025-02-03T10:53:13.993+0000] {processor.py:925} INFO - DAG(s) 'example_branch_dop_operator_v3' retrieved from /home/airflow/.local/lib/python3.12/site-packages/airflow/example_dags/example_branch_python_dop_operator_3.py
[2025-02-03T10:53:14.038+0000] {logging_mixin.py:190} INFO - [2025-02-03T10:53:14.038+0000] {dag.py:3239} INFO - Sync 1 DAGs
[2025-02-03T10:53:14.105+0000] {logging_mixin.py:190} INFO - [2025-02-03T10:53:14.105+0000] {dag.py:4180} INFO - Setting next_dagrun for example_branch_dop_operator_v3 to 2025-02-03 10:52:00+00:00, run_after=2025-02-03 10:53:00+00:00
[2025-02-03T10:53:14.139+0000] {processor.py:208} INFO - Processing /home/airflow/.local/lib/python3.12/site-packages/airflow/example_dags/example_branch_python_dop_operator_3.py took 0.188 seconds
[2025-02-03T23:48:14.373+0000] {processor.py:186} INFO - Started process (PID=89) to work on /home/airflow/.local/lib/python3.12/site-packages/airflow/example_dags/example_branch_python_dop_operator_3.py
[2025-02-03T23:48:14.375+0000] {processor.py:914} INFO - Processing file /home/airflow/.local/lib/python3.12/site-packages/airflow/example_dags/example_branch_python_dop_operator_3.py for tasks to queue
[2025-02-03T23:48:14.378+0000] {logging_mixin.py:190} INFO - [2025-02-03T23:48:14.377+0000] {dagbag.py:588} INFO - Filling up the DagBag from /home/airflow/.local/lib/python3.12/site-packages/airflow/example_dags/example_branch_python_dop_operator_3.py
[2025-02-03T23:48:14.392+0000] {processor.py:925} INFO - DAG(s) 'example_branch_dop_operator_v3' retrieved from /home/airflow/.local/lib/python3.12/site-packages/airflow/example_dags/example_branch_python_dop_operator_3.py
[2025-02-03T23:48:14.420+0000] {logging_mixin.py:190} INFO - [2025-02-03T23:48:14.420+0000] {dag.py:3239} INFO - Sync 1 DAGs
[2025-02-03T23:48:14.454+0000] {logging_mixin.py:190} INFO - [2025-02-03T23:48:14.454+0000] {dag.py:4180} INFO - Setting next_dagrun for example_branch_dop_operator_v3 to 2025-02-03 23:47:00+00:00, run_after=2025-02-03 23:48:00+00:00
[2025-02-03T23:48:14.476+0000] {processor.py:208} INFO - Processing /home/airflow/.local/lib/python3.12/site-packages/airflow/example_dags/example_branch_python_dop_operator_3.py took 0.111 seconds
[2025-02-03T23:48:46.085+0000] {processor.py:186} INFO - Started process (PID=158) to work on /home/airflow/.local/lib/python3.12/site-packages/airflow/example_dags/example_branch_python_dop_operator_3.py
[2025-02-03T23:48:46.086+0000] {processor.py:914} INFO - Processing file /home/airflow/.local/lib/python3.12/site-packages/airflow/example_dags/example_branch_python_dop_operator_3.py for tasks to queue
[2025-02-03T23:48:46.090+0000] {logging_mixin.py:190} INFO - [2025-02-03T23:48:46.089+0000] {dagbag.py:588} INFO - Filling up the DagBag from /home/airflow/.local/lib/python3.12/site-packages/airflow/example_dags/example_branch_python_dop_operator_3.py
[2025-02-03T23:48:46.109+0000] {processor.py:925} INFO - DAG(s) 'example_branch_dop_operator_v3' retrieved from /home/airflow/.local/lib/python3.12/site-packages/airflow/example_dags/example_branch_python_dop_operator_3.py
[2025-02-03T23:48:46.139+0000] {logging_mixin.py:190} INFO - [2025-02-03T23:48:46.139+0000] {dag.py:3239} INFO - Sync 1 DAGs
[2025-02-03T23:48:46.177+0000] {logging_mixin.py:190} INFO - [2025-02-03T23:48:46.177+0000] {dag.py:4180} INFO - Setting next_dagrun for example_branch_dop_operator_v3 to 2025-02-03 23:47:00+00:00, run_after=2025-02-03 23:48:00+00:00
[2025-02-03T23:48:46.203+0000] {processor.py:208} INFO - Processing /home/airflow/.local/lib/python3.12/site-packages/airflow/example_dags/example_branch_python_dop_operator_3.py took 0.127 seconds
[2025-02-03T23:49:17.078+0000] {processor.py:186} INFO - Started process (PID=221) to work on /home/airflow/.local/lib/python3.12/site-packages/airflow/example_dags/example_branch_python_dop_operator_3.py
[2025-02-03T23:49:17.093+0000] {processor.py:914} INFO - Processing file /home/airflow/.local/lib/python3.12/site-packages/airflow/example_dags/example_branch_python_dop_operator_3.py for tasks to queue
[2025-02-03T23:49:17.097+0000] {logging_mixin.py:190} INFO - [2025-02-03T23:49:17.097+0000] {dagbag.py:588} INFO - Filling up the DagBag from /home/airflow/.local/lib/python3.12/site-packages/airflow/example_dags/example_branch_python_dop_operator_3.py
[2025-02-03T23:49:17.116+0000] {processor.py:925} INFO - DAG(s) 'example_branch_dop_operator_v3' retrieved from /home/airflow/.local/lib/python3.12/site-packages/airflow/example_dags/example_branch_python_dop_operator_3.py
[2025-02-03T23:49:17.162+0000] {logging_mixin.py:190} INFO - [2025-02-03T23:49:17.161+0000] {dag.py:3239} INFO - Sync 1 DAGs
[2025-02-03T23:49:17.199+0000] {logging_mixin.py:190} INFO - [2025-02-03T23:49:17.198+0000] {dag.py:4180} INFO - Setting next_dagrun for example_branch_dop_operator_v3 to 2025-02-03 23:48:00+00:00, run_after=2025-02-03 23:49:00+00:00
[2025-02-03T23:49:17.223+0000] {processor.py:208} INFO - Processing /home/airflow/.local/lib/python3.12/site-packages/airflow/example_dags/example_branch_python_dop_operator_3.py took 0.158 seconds
[2025-02-03T23:49:47.994+0000] {processor.py:186} INFO - Started process (PID=283) to work on /home/airflow/.local/lib/python3.12/site-packages/airflow/example_dags/example_branch_python_dop_operator_3.py
[2025-02-03T23:49:47.995+0000] {processor.py:914} INFO - Processing file /home/airflow/.local/lib/python3.12/site-packages/airflow/example_dags/example_branch_python_dop_operator_3.py for tasks to queue
[2025-02-03T23:49:47.998+0000] {logging_mixin.py:190} INFO - [2025-02-03T23:49:47.998+0000] {dagbag.py:588} INFO - Filling up the DagBag from /home/airflow/.local/lib/python3.12/site-packages/airflow/example_dags/example_branch_python_dop_operator_3.py
[2025-02-03T23:49:48.014+0000] {processor.py:925} INFO - DAG(s) 'example_branch_dop_operator_v3' retrieved from /home/airflow/.local/lib/python3.12/site-packages/airflow/example_dags/example_branch_python_dop_operator_3.py
[2025-02-03T23:49:48.039+0000] {logging_mixin.py:190} INFO - [2025-02-03T23:49:48.039+0000] {dag.py:3239} INFO - Sync 1 DAGs
[2025-02-03T23:49:48.073+0000] {logging_mixin.py:190} INFO - [2025-02-03T23:49:48.073+0000] {dag.py:4180} INFO - Setting next_dagrun for example_branch_dop_operator_v3 to 2025-02-03 23:48:00+00:00, run_after=2025-02-03 23:49:00+00:00
[2025-02-03T23:49:48.096+0000] {processor.py:208} INFO - Processing /home/airflow/.local/lib/python3.12/site-packages/airflow/example_dags/example_branch_python_dop_operator_3.py took 0.109 seconds
[2025-02-03T23:50:23.124+0000] {processor.py:186} INFO - Started process (PID=346) to work on /home/airflow/.local/lib/python3.12/site-packages/airflow/example_dags/example_branch_python_dop_operator_3.py
[2025-02-03T23:50:23.125+0000] {processor.py:914} INFO - Processing file /home/airflow/.local/lib/python3.12/site-packages/airflow/example_dags/example_branch_python_dop_operator_3.py for tasks to queue
[2025-02-03T23:50:23.132+0000] {logging_mixin.py:190} INFO - [2025-02-03T23:50:23.131+0000] {dagbag.py:588} INFO - Filling up the DagBag from /home/airflow/.local/lib/python3.12/site-packages/airflow/example_dags/example_branch_python_dop_operator_3.py
[2025-02-03T23:50:23.162+0000] {processor.py:925} INFO - DAG(s) 'example_branch_dop_operator_v3' retrieved from /home/airflow/.local/lib/python3.12/site-packages/airflow/example_dags/example_branch_python_dop_operator_3.py
[2025-02-03T23:50:23.276+0000] {logging_mixin.py:190} INFO - [2025-02-03T23:50:23.275+0000] {dag.py:3239} INFO - Sync 1 DAGs
[2025-02-03T23:50:23.351+0000] {logging_mixin.py:190} INFO - [2025-02-03T23:50:23.349+0000] {dag.py:4180} INFO - Setting next_dagrun for example_branch_dop_operator_v3 to 2025-02-03 23:49:00+00:00, run_after=2025-02-03 23:50:00+00:00
[2025-02-03T23:50:23.404+0000] {processor.py:208} INFO - Processing /home/airflow/.local/lib/python3.12/site-packages/airflow/example_dags/example_branch_python_dop_operator_3.py took 0.293 seconds
[2025-02-03T23:50:54.021+0000] {processor.py:186} INFO - Started process (PID=409) to work on /home/airflow/.local/lib/python3.12/site-packages/airflow/example_dags/example_branch_python_dop_operator_3.py
[2025-02-03T23:50:54.022+0000] {processor.py:914} INFO - Processing file /home/airflow/.local/lib/python3.12/site-packages/airflow/example_dags/example_branch_python_dop_operator_3.py for tasks to queue
[2025-02-03T23:50:54.025+0000] {logging_mixin.py:190} INFO - [2025-02-03T23:50:54.024+0000] {dagbag.py:588} INFO - Filling up the DagBag from /home/airflow/.local/lib/python3.12/site-packages/airflow/example_dags/example_branch_python_dop_operator_3.py
[2025-02-03T23:50:54.037+0000] {processor.py:925} INFO - DAG(s) 'example_branch_dop_operator_v3' retrieved from /home/airflow/.local/lib/python3.12/site-packages/airflow/example_dags/example_branch_python_dop_operator_3.py
[2025-02-03T23:50:54.071+0000] {logging_mixin.py:190} INFO - [2025-02-03T23:50:54.070+0000] {dag.py:3239} INFO - Sync 1 DAGs
[2025-02-03T23:50:54.106+0000] {logging_mixin.py:190} INFO - [2025-02-03T23:50:54.105+0000] {dag.py:4180} INFO - Setting next_dagrun for example_branch_dop_operator_v3 to 2025-02-03 23:49:00+00:00, run_after=2025-02-03 23:50:00+00:00
[2025-02-03T23:50:54.133+0000] {processor.py:208} INFO - Processing /home/airflow/.local/lib/python3.12/site-packages/airflow/example_dags/example_branch_python_dop_operator_3.py took 0.119 seconds
[2025-02-03T23:51:24.411+0000] {processor.py:186} INFO - Started process (PID=472) to work on /home/airflow/.local/lib/python3.12/site-packages/airflow/example_dags/example_branch_python_dop_operator_3.py
[2025-02-03T23:51:24.413+0000] {processor.py:914} INFO - Processing file /home/airflow/.local/lib/python3.12/site-packages/airflow/example_dags/example_branch_python_dop_operator_3.py for tasks to queue
[2025-02-03T23:51:24.416+0000] {logging_mixin.py:190} INFO - [2025-02-03T23:51:24.415+0000] {dagbag.py:588} INFO - Filling up the DagBag from /home/airflow/.local/lib/python3.12/site-packages/airflow/example_dags/example_branch_python_dop_operator_3.py
[2025-02-03T23:51:24.430+0000] {processor.py:925} INFO - DAG(s) 'example_branch_dop_operator_v3' retrieved from /home/airflow/.local/lib/python3.12/site-packages/airflow/example_dags/example_branch_python_dop_operator_3.py
[2025-02-03T23:51:24.456+0000] {logging_mixin.py:190} INFO - [2025-02-03T23:51:24.456+0000] {dag.py:3239} INFO - Sync 1 DAGs
[2025-02-03T23:51:24.490+0000] {logging_mixin.py:190} INFO - [2025-02-03T23:51:24.489+0000] {dag.py:4180} INFO - Setting next_dagrun for example_branch_dop_operator_v3 to 2025-02-03 23:50:00+00:00, run_after=2025-02-03 23:51:00+00:00
[2025-02-03T23:51:24.513+0000] {processor.py:208} INFO - Processing /home/airflow/.local/lib/python3.12/site-packages/airflow/example_dags/example_branch_python_dop_operator_3.py took 0.109 seconds
[2025-02-03T23:51:54.589+0000] {processor.py:186} INFO - Started process (PID=535) to work on /home/airflow/.local/lib/python3.12/site-packages/airflow/example_dags/example_branch_python_dop_operator_3.py
[2025-02-03T23:51:54.590+0000] {processor.py:914} INFO - Processing file /home/airflow/.local/lib/python3.12/site-packages/airflow/example_dags/example_branch_python_dop_operator_3.py for tasks to queue
[2025-02-03T23:51:54.593+0000] {logging_mixin.py:190} INFO - [2025-02-03T23:51:54.593+0000] {dagbag.py:588} INFO - Filling up the DagBag from /home/airflow/.local/lib/python3.12/site-packages/airflow/example_dags/example_branch_python_dop_operator_3.py
[2025-02-03T23:51:54.605+0000] {processor.py:925} INFO - DAG(s) 'example_branch_dop_operator_v3' retrieved from /home/airflow/.local/lib/python3.12/site-packages/airflow/example_dags/example_branch_python_dop_operator_3.py
[2025-02-03T23:51:54.629+0000] {logging_mixin.py:190} INFO - [2025-02-03T23:51:54.629+0000] {dag.py:3239} INFO - Sync 1 DAGs
[2025-02-03T23:51:54.667+0000] {logging_mixin.py:190} INFO - [2025-02-03T23:51:54.666+0000] {dag.py:4180} INFO - Setting next_dagrun for example_branch_dop_operator_v3 to 2025-02-03 23:50:00+00:00, run_after=2025-02-03 23:51:00+00:00
[2025-02-03T23:51:54.689+0000] {processor.py:208} INFO - Processing /home/airflow/.local/lib/python3.12/site-packages/airflow/example_dags/example_branch_python_dop_operator_3.py took 0.107 seconds
[2025-02-03T23:52:26.180+0000] {processor.py:186} INFO - Started process (PID=598) to work on /home/airflow/.local/lib/python3.12/site-packages/airflow/example_dags/example_branch_python_dop_operator_3.py
[2025-02-03T23:52:26.182+0000] {processor.py:914} INFO - Processing file /home/airflow/.local/lib/python3.12/site-packages/airflow/example_dags/example_branch_python_dop_operator_3.py for tasks to queue
[2025-02-03T23:52:26.185+0000] {logging_mixin.py:190} INFO - [2025-02-03T23:52:26.184+0000] {dagbag.py:588} INFO - Filling up the DagBag from /home/airflow/.local/lib/python3.12/site-packages/airflow/example_dags/example_branch_python_dop_operator_3.py
[2025-02-03T23:52:26.204+0000] {processor.py:925} INFO - DAG(s) 'example_branch_dop_operator_v3' retrieved from /home/airflow/.local/lib/python3.12/site-packages/airflow/example_dags/example_branch_python_dop_operator_3.py
[2025-02-03T23:52:26.230+0000] {logging_mixin.py:190} INFO - [2025-02-03T23:52:26.230+0000] {dag.py:3239} INFO - Sync 1 DAGs
[2025-02-03T23:52:26.267+0000] {logging_mixin.py:190} INFO - [2025-02-03T23:52:26.267+0000] {dag.py:4180} INFO - Setting next_dagrun for example_branch_dop_operator_v3 to 2025-02-03 23:51:00+00:00, run_after=2025-02-03 23:52:00+00:00
[2025-02-03T23:52:26.294+0000] {processor.py:208} INFO - Processing /home/airflow/.local/lib/python3.12/site-packages/airflow/example_dags/example_branch_python_dop_operator_3.py took 0.122 seconds
[2025-02-03T23:52:58.044+0000] {processor.py:186} INFO - Started process (PID=661) to work on /home/airflow/.local/lib/python3.12/site-packages/airflow/example_dags/example_branch_python_dop_operator_3.py
[2025-02-03T23:52:58.045+0000] {processor.py:914} INFO - Processing file /home/airflow/.local/lib/python3.12/site-packages/airflow/example_dags/example_branch_python_dop_operator_3.py for tasks to queue
[2025-02-03T23:52:58.048+0000] {logging_mixin.py:190} INFO - [2025-02-03T23:52:58.047+0000] {dagbag.py:588} INFO - Filling up the DagBag from /home/airflow/.local/lib/python3.12/site-packages/airflow/example_dags/example_branch_python_dop_operator_3.py
[2025-02-03T23:52:58.061+0000] {processor.py:925} INFO - DAG(s) 'example_branch_dop_operator_v3' retrieved from /home/airflow/.local/lib/python3.12/site-packages/airflow/example_dags/example_branch_python_dop_operator_3.py
[2025-02-03T23:52:58.086+0000] {logging_mixin.py:190} INFO - [2025-02-03T23:52:58.085+0000] {dag.py:3239} INFO - Sync 1 DAGs
[2025-02-03T23:52:58.119+0000] {logging_mixin.py:190} INFO - [2025-02-03T23:52:58.118+0000] {dag.py:4180} INFO - Setting next_dagrun for example_branch_dop_operator_v3 to 2025-02-03 23:51:00+00:00, run_after=2025-02-03 23:52:00+00:00
[2025-02-03T23:52:58.143+0000] {processor.py:208} INFO - Processing /home/airflow/.local/lib/python3.12/site-packages/airflow/example_dags/example_branch_python_dop_operator_3.py took 0.106 seconds
[2025-02-03T23:53:29.195+0000] {processor.py:186} INFO - Started process (PID=724) to work on /home/airflow/.local/lib/python3.12/site-packages/airflow/example_dags/example_branch_python_dop_operator_3.py
[2025-02-03T23:53:29.196+0000] {processor.py:914} INFO - Processing file /home/airflow/.local/lib/python3.12/site-packages/airflow/example_dags/example_branch_python_dop_operator_3.py for tasks to queue
[2025-02-03T23:53:29.199+0000] {logging_mixin.py:190} INFO - [2025-02-03T23:53:29.199+0000] {dagbag.py:588} INFO - Filling up the DagBag from /home/airflow/.local/lib/python3.12/site-packages/airflow/example_dags/example_branch_python_dop_operator_3.py
[2025-02-03T23:53:29.213+0000] {processor.py:925} INFO - DAG(s) 'example_branch_dop_operator_v3' retrieved from /home/airflow/.local/lib/python3.12/site-packages/airflow/example_dags/example_branch_python_dop_operator_3.py
[2025-02-03T23:53:29.236+0000] {logging_mixin.py:190} INFO - [2025-02-03T23:53:29.235+0000] {dag.py:3239} INFO - Sync 1 DAGs
[2025-02-03T23:53:29.268+0000] {logging_mixin.py:190} INFO - [2025-02-03T23:53:29.267+0000] {dag.py:4180} INFO - Setting next_dagrun for example_branch_dop_operator_v3 to 2025-02-03 23:52:00+00:00, run_after=2025-02-03 23:53:00+00:00
[2025-02-03T23:53:29.289+0000] {processor.py:208} INFO - Processing /home/airflow/.local/lib/python3.12/site-packages/airflow/example_dags/example_branch_python_dop_operator_3.py took 0.102 seconds
[2025-02-03T23:53:59.975+0000] {processor.py:186} INFO - Started process (PID=787) to work on /home/airflow/.local/lib/python3.12/site-packages/airflow/example_dags/example_branch_python_dop_operator_3.py
[2025-02-03T23:53:59.976+0000] {processor.py:914} INFO - Processing file /home/airflow/.local/lib/python3.12/site-packages/airflow/example_dags/example_branch_python_dop_operator_3.py for tasks to queue
[2025-02-03T23:53:59.980+0000] {logging_mixin.py:190} INFO - [2025-02-03T23:53:59.979+0000] {dagbag.py:588} INFO - Filling up the DagBag from /home/airflow/.local/lib/python3.12/site-packages/airflow/example_dags/example_branch_python_dop_operator_3.py
[2025-02-03T23:53:59.993+0000] {processor.py:925} INFO - DAG(s) 'example_branch_dop_operator_v3' retrieved from /home/airflow/.local/lib/python3.12/site-packages/airflow/example_dags/example_branch_python_dop_operator_3.py
[2025-02-03T23:54:00.021+0000] {logging_mixin.py:190} INFO - [2025-02-03T23:54:00.020+0000] {dag.py:3239} INFO - Sync 1 DAGs
[2025-02-03T23:54:00.054+0000] {logging_mixin.py:190} INFO - [2025-02-03T23:54:00.054+0000] {dag.py:4180} INFO - Setting next_dagrun for example_branch_dop_operator_v3 to 2025-02-03 23:53:00+00:00, run_after=2025-02-03 23:54:00+00:00
[2025-02-03T23:54:00.081+0000] {processor.py:208} INFO - Processing /home/airflow/.local/lib/python3.12/site-packages/airflow/example_dags/example_branch_python_dop_operator_3.py took 0.113 seconds
[2025-02-03T23:54:31.693+0000] {processor.py:186} INFO - Started process (PID=850) to work on /home/airflow/.local/lib/python3.12/site-packages/airflow/example_dags/example_branch_python_dop_operator_3.py
[2025-02-03T23:54:31.695+0000] {processor.py:914} INFO - Processing file /home/airflow/.local/lib/python3.12/site-packages/airflow/example_dags/example_branch_python_dop_operator_3.py for tasks to queue
[2025-02-03T23:54:31.699+0000] {logging_mixin.py:190} INFO - [2025-02-03T23:54:31.697+0000] {dagbag.py:588} INFO - Filling up the DagBag from /home/airflow/.local/lib/python3.12/site-packages/airflow/example_dags/example_branch_python_dop_operator_3.py
[2025-02-03T23:54:31.715+0000] {processor.py:925} INFO - DAG(s) 'example_branch_dop_operator_v3' retrieved from /home/airflow/.local/lib/python3.12/site-packages/airflow/example_dags/example_branch_python_dop_operator_3.py
[2025-02-03T23:54:31.742+0000] {logging_mixin.py:190} INFO - [2025-02-03T23:54:31.742+0000] {dag.py:3239} INFO - Sync 1 DAGs
[2025-02-03T23:54:31.777+0000] {logging_mixin.py:190} INFO - [2025-02-03T23:54:31.777+0000] {dag.py:4180} INFO - Setting next_dagrun for example_branch_dop_operator_v3 to 2025-02-03 23:53:00+00:00, run_after=2025-02-03 23:54:00+00:00
[2025-02-03T23:54:31.799+0000] {processor.py:208} INFO - Processing /home/airflow/.local/lib/python3.12/site-packages/airflow/example_dags/example_branch_python_dop_operator_3.py took 0.114 seconds
[2025-02-03T23:55:03.612+0000] {processor.py:186} INFO - Started process (PID=913) to work on /home/airflow/.local/lib/python3.12/site-packages/airflow/example_dags/example_branch_python_dop_operator_3.py
[2025-02-03T23:55:03.614+0000] {processor.py:914} INFO - Processing file /home/airflow/.local/lib/python3.12/site-packages/airflow/example_dags/example_branch_python_dop_operator_3.py for tasks to queue
[2025-02-03T23:55:03.618+0000] {logging_mixin.py:190} INFO - [2025-02-03T23:55:03.617+0000] {dagbag.py:588} INFO - Filling up the DagBag from /home/airflow/.local/lib/python3.12/site-packages/airflow/example_dags/example_branch_python_dop_operator_3.py
[2025-02-03T23:55:03.636+0000] {processor.py:925} INFO - DAG(s) 'example_branch_dop_operator_v3' retrieved from /home/airflow/.local/lib/python3.12/site-packages/airflow/example_dags/example_branch_python_dop_operator_3.py
[2025-02-03T23:55:03.666+0000] {logging_mixin.py:190} INFO - [2025-02-03T23:55:03.666+0000] {dag.py:3239} INFO - Sync 1 DAGs
[2025-02-03T23:55:03.699+0000] {logging_mixin.py:190} INFO - [2025-02-03T23:55:03.698+0000] {dag.py:4180} INFO - Setting next_dagrun for example_branch_dop_operator_v3 to 2025-02-03 23:54:00+00:00, run_after=2025-02-03 23:55:00+00:00
[2025-02-03T23:55:03.720+0000] {processor.py:208} INFO - Processing /home/airflow/.local/lib/python3.12/site-packages/airflow/example_dags/example_branch_python_dop_operator_3.py took 0.117 seconds
[2025-02-03T23:55:34.413+0000] {processor.py:186} INFO - Started process (PID=976) to work on /home/airflow/.local/lib/python3.12/site-packages/airflow/example_dags/example_branch_python_dop_operator_3.py
[2025-02-03T23:55:34.414+0000] {processor.py:914} INFO - Processing file /home/airflow/.local/lib/python3.12/site-packages/airflow/example_dags/example_branch_python_dop_operator_3.py for tasks to queue
[2025-02-03T23:55:34.417+0000] {logging_mixin.py:190} INFO - [2025-02-03T23:55:34.416+0000] {dagbag.py:588} INFO - Filling up the DagBag from /home/airflow/.local/lib/python3.12/site-packages/airflow/example_dags/example_branch_python_dop_operator_3.py
[2025-02-03T23:55:34.429+0000] {processor.py:925} INFO - DAG(s) 'example_branch_dop_operator_v3' retrieved from /home/airflow/.local/lib/python3.12/site-packages/airflow/example_dags/example_branch_python_dop_operator_3.py
[2025-02-03T23:55:34.454+0000] {logging_mixin.py:190} INFO - [2025-02-03T23:55:34.454+0000] {dag.py:3239} INFO - Sync 1 DAGs
[2025-02-03T23:55:34.497+0000] {logging_mixin.py:190} INFO - [2025-02-03T23:55:34.496+0000] {dag.py:4180} INFO - Setting next_dagrun for example_branch_dop_operator_v3 to 2025-02-03 23:54:00+00:00, run_after=2025-02-03 23:55:00+00:00
[2025-02-03T23:55:34.523+0000] {processor.py:208} INFO - Processing /home/airflow/.local/lib/python3.12/site-packages/airflow/example_dags/example_branch_python_dop_operator_3.py took 0.118 seconds
[2025-02-03T23:56:05.640+0000] {processor.py:186} INFO - Started process (PID=1038) to work on /home/airflow/.local/lib/python3.12/site-packages/airflow/example_dags/example_branch_python_dop_operator_3.py
[2025-02-03T23:56:05.641+0000] {processor.py:914} INFO - Processing file /home/airflow/.local/lib/python3.12/site-packages/airflow/example_dags/example_branch_python_dop_operator_3.py for tasks to queue
[2025-02-03T23:56:05.645+0000] {logging_mixin.py:190} INFO - [2025-02-03T23:56:05.645+0000] {dagbag.py:588} INFO - Filling up the DagBag from /home/airflow/.local/lib/python3.12/site-packages/airflow/example_dags/example_branch_python_dop_operator_3.py
[2025-02-03T23:56:05.660+0000] {processor.py:925} INFO - DAG(s) 'example_branch_dop_operator_v3' retrieved from /home/airflow/.local/lib/python3.12/site-packages/airflow/example_dags/example_branch_python_dop_operator_3.py
[2025-02-03T23:56:05.686+0000] {logging_mixin.py:190} INFO - [2025-02-03T23:56:05.686+0000] {dag.py:3239} INFO - Sync 1 DAGs
[2025-02-03T23:56:05.727+0000] {logging_mixin.py:190} INFO - [2025-02-03T23:56:05.726+0000] {dag.py:4180} INFO - Setting next_dagrun for example_branch_dop_operator_v3 to 2025-02-03 23:55:00+00:00, run_after=2025-02-03 23:56:00+00:00
[2025-02-03T23:56:05.756+0000] {processor.py:208} INFO - Processing /home/airflow/.local/lib/python3.12/site-packages/airflow/example_dags/example_branch_python_dop_operator_3.py took 0.125 seconds
[2025-02-03T23:56:37.014+0000] {processor.py:186} INFO - Started process (PID=1101) to work on /home/airflow/.local/lib/python3.12/site-packages/airflow/example_dags/example_branch_python_dop_operator_3.py
[2025-02-03T23:56:37.018+0000] {processor.py:914} INFO - Processing file /home/airflow/.local/lib/python3.12/site-packages/airflow/example_dags/example_branch_python_dop_operator_3.py for tasks to queue
[2025-02-03T23:56:37.024+0000] {logging_mixin.py:190} INFO - [2025-02-03T23:56:37.023+0000] {dagbag.py:588} INFO - Filling up the DagBag from /home/airflow/.local/lib/python3.12/site-packages/airflow/example_dags/example_branch_python_dop_operator_3.py
[2025-02-03T23:56:37.040+0000] {processor.py:925} INFO - DAG(s) 'example_branch_dop_operator_v3' retrieved from /home/airflow/.local/lib/python3.12/site-packages/airflow/example_dags/example_branch_python_dop_operator_3.py
[2025-02-03T23:56:37.072+0000] {logging_mixin.py:190} INFO - [2025-02-03T23:56:37.071+0000] {dag.py:3239} INFO - Sync 1 DAGs
[2025-02-03T23:56:37.128+0000] {logging_mixin.py:190} INFO - [2025-02-03T23:56:37.128+0000] {dag.py:4180} INFO - Setting next_dagrun for example_branch_dop_operator_v3 to 2025-02-03 23:55:00+00:00, run_after=2025-02-03 23:56:00+00:00
[2025-02-03T23:56:37.156+0000] {processor.py:208} INFO - Processing /home/airflow/.local/lib/python3.12/site-packages/airflow/example_dags/example_branch_python_dop_operator_3.py took 0.153 seconds
[2025-02-03T23:57:08.506+0000] {processor.py:186} INFO - Started process (PID=1164) to work on /home/airflow/.local/lib/python3.12/site-packages/airflow/example_dags/example_branch_python_dop_operator_3.py
[2025-02-03T23:57:08.507+0000] {processor.py:914} INFO - Processing file /home/airflow/.local/lib/python3.12/site-packages/airflow/example_dags/example_branch_python_dop_operator_3.py for tasks to queue
[2025-02-03T23:57:08.510+0000] {logging_mixin.py:190} INFO - [2025-02-03T23:57:08.510+0000] {dagbag.py:588} INFO - Filling up the DagBag from /home/airflow/.local/lib/python3.12/site-packages/airflow/example_dags/example_branch_python_dop_operator_3.py
[2025-02-03T23:57:08.525+0000] {processor.py:925} INFO - DAG(s) 'example_branch_dop_operator_v3' retrieved from /home/airflow/.local/lib/python3.12/site-packages/airflow/example_dags/example_branch_python_dop_operator_3.py
[2025-02-03T23:57:08.548+0000] {logging_mixin.py:190} INFO - [2025-02-03T23:57:08.547+0000] {dag.py:3239} INFO - Sync 1 DAGs
[2025-02-03T23:57:08.588+0000] {logging_mixin.py:190} INFO - [2025-02-03T23:57:08.587+0000] {dag.py:4180} INFO - Setting next_dagrun for example_branch_dop_operator_v3 to 2025-02-03 23:56:00+00:00, run_after=2025-02-03 23:57:00+00:00
[2025-02-03T23:57:08.613+0000] {processor.py:208} INFO - Processing /home/airflow/.local/lib/python3.12/site-packages/airflow/example_dags/example_branch_python_dop_operator_3.py took 0.114 seconds
[2025-02-03T23:57:39.411+0000] {processor.py:186} INFO - Started process (PID=1227) to work on /home/airflow/.local/lib/python3.12/site-packages/airflow/example_dags/example_branch_python_dop_operator_3.py
[2025-02-03T23:57:39.412+0000] {processor.py:914} INFO - Processing file /home/airflow/.local/lib/python3.12/site-packages/airflow/example_dags/example_branch_python_dop_operator_3.py for tasks to queue
[2025-02-03T23:57:39.414+0000] {logging_mixin.py:190} INFO - [2025-02-03T23:57:39.414+0000] {dagbag.py:588} INFO - Filling up the DagBag from /home/airflow/.local/lib/python3.12/site-packages/airflow/example_dags/example_branch_python_dop_operator_3.py
[2025-02-03T23:57:39.427+0000] {processor.py:925} INFO - DAG(s) 'example_branch_dop_operator_v3' retrieved from /home/airflow/.local/lib/python3.12/site-packages/airflow/example_dags/example_branch_python_dop_operator_3.py
[2025-02-03T23:57:39.453+0000] {logging_mixin.py:190} INFO - [2025-02-03T23:57:39.452+0000] {dag.py:3239} INFO - Sync 1 DAGs
[2025-02-03T23:57:39.488+0000] {logging_mixin.py:190} INFO - [2025-02-03T23:57:39.488+0000] {dag.py:4180} INFO - Setting next_dagrun for example_branch_dop_operator_v3 to 2025-02-03 23:56:00+00:00, run_after=2025-02-03 23:57:00+00:00
[2025-02-03T23:57:39.515+0000] {processor.py:208} INFO - Processing /home/airflow/.local/lib/python3.12/site-packages/airflow/example_dags/example_branch_python_dop_operator_3.py took 0.112 seconds
[2025-02-03T23:58:10.612+0000] {processor.py:186} INFO - Started process (PID=1290) to work on /home/airflow/.local/lib/python3.12/site-packages/airflow/example_dags/example_branch_python_dop_operator_3.py
[2025-02-03T23:58:10.613+0000] {processor.py:914} INFO - Processing file /home/airflow/.local/lib/python3.12/site-packages/airflow/example_dags/example_branch_python_dop_operator_3.py for tasks to queue
[2025-02-03T23:58:10.616+0000] {logging_mixin.py:190} INFO - [2025-02-03T23:58:10.616+0000] {dagbag.py:588} INFO - Filling up the DagBag from /home/airflow/.local/lib/python3.12/site-packages/airflow/example_dags/example_branch_python_dop_operator_3.py
[2025-02-03T23:58:10.628+0000] {processor.py:925} INFO - DAG(s) 'example_branch_dop_operator_v3' retrieved from /home/airflow/.local/lib/python3.12/site-packages/airflow/example_dags/example_branch_python_dop_operator_3.py
[2025-02-03T23:58:10.653+0000] {logging_mixin.py:190} INFO - [2025-02-03T23:58:10.652+0000] {dag.py:3239} INFO - Sync 1 DAGs
[2025-02-03T23:58:10.683+0000] {logging_mixin.py:190} INFO - [2025-02-03T23:58:10.683+0000] {dag.py:4180} INFO - Setting next_dagrun for example_branch_dop_operator_v3 to 2025-02-03 23:57:00+00:00, run_after=2025-02-03 23:58:00+00:00
[2025-02-03T23:58:10.707+0000] {processor.py:208} INFO - Processing /home/airflow/.local/lib/python3.12/site-packages/airflow/example_dags/example_branch_python_dop_operator_3.py took 0.102 seconds
[2025-02-03T23:58:41.665+0000] {processor.py:186} INFO - Started process (PID=1353) to work on /home/airflow/.local/lib/python3.12/site-packages/airflow/example_dags/example_branch_python_dop_operator_3.py
[2025-02-03T23:58:41.666+0000] {processor.py:914} INFO - Processing file /home/airflow/.local/lib/python3.12/site-packages/airflow/example_dags/example_branch_python_dop_operator_3.py for tasks to queue
[2025-02-03T23:58:41.669+0000] {logging_mixin.py:190} INFO - [2025-02-03T23:58:41.668+0000] {dagbag.py:588} INFO - Filling up the DagBag from /home/airflow/.local/lib/python3.12/site-packages/airflow/example_dags/example_branch_python_dop_operator_3.py
[2025-02-03T23:58:41.682+0000] {processor.py:925} INFO - DAG(s) 'example_branch_dop_operator_v3' retrieved from /home/airflow/.local/lib/python3.12/site-packages/airflow/example_dags/example_branch_python_dop_operator_3.py
[2025-02-03T23:58:41.707+0000] {logging_mixin.py:190} INFO - [2025-02-03T23:58:41.707+0000] {dag.py:3239} INFO - Sync 1 DAGs
[2025-02-03T23:58:41.739+0000] {logging_mixin.py:190} INFO - [2025-02-03T23:58:41.738+0000] {dag.py:4180} INFO - Setting next_dagrun for example_branch_dop_operator_v3 to 2025-02-03 23:57:00+00:00, run_after=2025-02-03 23:58:00+00:00
[2025-02-03T23:58:41.762+0000] {processor.py:208} INFO - Processing /home/airflow/.local/lib/python3.12/site-packages/airflow/example_dags/example_branch_python_dop_operator_3.py took 0.105 seconds
[2025-02-03T23:59:12.488+0000] {processor.py:186} INFO - Started process (PID=1416) to work on /home/airflow/.local/lib/python3.12/site-packages/airflow/example_dags/example_branch_python_dop_operator_3.py
[2025-02-03T23:59:12.489+0000] {processor.py:914} INFO - Processing file /home/airflow/.local/lib/python3.12/site-packages/airflow/example_dags/example_branch_python_dop_operator_3.py for tasks to queue
[2025-02-03T23:59:12.492+0000] {logging_mixin.py:190} INFO - [2025-02-03T23:59:12.492+0000] {dagbag.py:588} INFO - Filling up the DagBag from /home/airflow/.local/lib/python3.12/site-packages/airflow/example_dags/example_branch_python_dop_operator_3.py
[2025-02-03T23:59:12.505+0000] {processor.py:925} INFO - DAG(s) 'example_branch_dop_operator_v3' retrieved from /home/airflow/.local/lib/python3.12/site-packages/airflow/example_dags/example_branch_python_dop_operator_3.py
[2025-02-03T23:59:12.530+0000] {logging_mixin.py:190} INFO - [2025-02-03T23:59:12.530+0000] {dag.py:3239} INFO - Sync 1 DAGs
[2025-02-03T23:59:12.562+0000] {logging_mixin.py:190} INFO - [2025-02-03T23:59:12.561+0000] {dag.py:4180} INFO - Setting next_dagrun for example_branch_dop_operator_v3 to 2025-02-03 23:58:00+00:00, run_after=2025-02-03 23:59:00+00:00
[2025-02-03T23:59:12.585+0000] {processor.py:208} INFO - Processing /home/airflow/.local/lib/python3.12/site-packages/airflow/example_dags/example_branch_python_dop_operator_3.py took 0.104 seconds
[2025-02-03T23:59:43.482+0000] {processor.py:186} INFO - Started process (PID=1479) to work on /home/airflow/.local/lib/python3.12/site-packages/airflow/example_dags/example_branch_python_dop_operator_3.py
[2025-02-03T23:59:43.485+0000] {processor.py:914} INFO - Processing file /home/airflow/.local/lib/python3.12/site-packages/airflow/example_dags/example_branch_python_dop_operator_3.py for tasks to queue
[2025-02-03T23:59:43.490+0000] {logging_mixin.py:190} INFO - [2025-02-03T23:59:43.490+0000] {dagbag.py:588} INFO - Filling up the DagBag from /home/airflow/.local/lib/python3.12/site-packages/airflow/example_dags/example_branch_python_dop_operator_3.py
[2025-02-03T23:59:43.507+0000] {processor.py:925} INFO - DAG(s) 'example_branch_dop_operator_v3' retrieved from /home/airflow/.local/lib/python3.12/site-packages/airflow/example_dags/example_branch_python_dop_operator_3.py
[2025-02-03T23:59:43.534+0000] {logging_mixin.py:190} INFO - [2025-02-03T23:59:43.534+0000] {dag.py:3239} INFO - Sync 1 DAGs
[2025-02-03T23:59:43.572+0000] {logging_mixin.py:190} INFO - [2025-02-03T23:59:43.572+0000] {dag.py:4180} INFO - Setting next_dagrun for example_branch_dop_operator_v3 to 2025-02-03 23:58:00+00:00, run_after=2025-02-03 23:59:00+00:00
[2025-02-03T23:59:43.595+0000] {processor.py:208} INFO - Processing /home/airflow/.local/lib/python3.12/site-packages/airflow/example_dags/example_branch_python_dop_operator_3.py took 0.123 seconds
