[2025-02-03T10:52:16.114+0000] {processor.py:186} INFO - Started process (PID=113) to work on /home/airflow/.local/lib/python3.12/site-packages/airflow/example_dags/example_latest_only_with_trigger.py
[2025-02-03T10:52:16.116+0000] {processor.py:914} INFO - Processing file /home/airflow/.local/lib/python3.12/site-packages/airflow/example_dags/example_latest_only_with_trigger.py for tasks to queue
[2025-02-03T10:52:16.119+0000] {logging_mixin.py:190} INFO - [2025-02-03T10:52:16.119+0000] {dagbag.py:588} INFO - Filling up the DagBag from /home/airflow/.local/lib/python3.12/site-packages/airflow/example_dags/example_latest_only_with_trigger.py
[2025-02-03T10:52:16.132+0000] {processor.py:925} INFO - DAG(s) 'latest_only_with_trigger' retrieved from /home/airflow/.local/lib/python3.12/site-packages/airflow/example_dags/example_latest_only_with_trigger.py
[2025-02-03T10:52:16.283+0000] {logging_mixin.py:190} INFO - [2025-02-03T10:52:16.282+0000] {override.py:1911} INFO - Created Permission View: can read on DAG:latest_only_with_trigger
[2025-02-03T10:52:16.297+0000] {logging_mixin.py:190} INFO - [2025-02-03T10:52:16.297+0000] {override.py:1911} INFO - Created Permission View: can edit on DAG:latest_only_with_trigger
[2025-02-03T10:52:16.307+0000] {logging_mixin.py:190} INFO - [2025-02-03T10:52:16.306+0000] {override.py:1911} INFO - Created Permission View: can delete on DAG:latest_only_with_trigger
[2025-02-03T10:52:16.316+0000] {logging_mixin.py:190} INFO - [2025-02-03T10:52:16.315+0000] {override.py:1911} INFO - Created Permission View: can read on DAG Run:latest_only_with_trigger
[2025-02-03T10:52:16.327+0000] {logging_mixin.py:190} INFO - [2025-02-03T10:52:16.326+0000] {override.py:1911} INFO - Created Permission View: can create on DAG Run:latest_only_with_trigger
[2025-02-03T10:52:16.337+0000] {logging_mixin.py:190} INFO - [2025-02-03T10:52:16.336+0000] {override.py:1911} INFO - Created Permission View: menu access on DAG Run:latest_only_with_trigger
[2025-02-03T10:52:16.347+0000] {logging_mixin.py:190} INFO - [2025-02-03T10:52:16.346+0000] {override.py:1911} INFO - Created Permission View: can delete on DAG Run:latest_only_with_trigger
[2025-02-03T10:52:16.348+0000] {logging_mixin.py:190} INFO - [2025-02-03T10:52:16.348+0000] {dag.py:3239} INFO - Sync 1 DAGs
[2025-02-03T10:52:16.366+0000] {logging_mixin.py:190} INFO - [2025-02-03T10:52:16.366+0000] {dag.py:3262} INFO - Creating ORM DAG for latest_only_with_trigger
[2025-02-03T10:52:16.379+0000] {logging_mixin.py:190} INFO - [2025-02-03T10:52:16.379+0000] {dag.py:4180} INFO - Setting next_dagrun for latest_only_with_trigger to 2025-02-03 04:00:00+00:00, run_after=2025-02-03 08:00:00+00:00
[2025-02-03T10:52:16.403+0000] {processor.py:208} INFO - Processing /home/airflow/.local/lib/python3.12/site-packages/airflow/example_dags/example_latest_only_with_trigger.py took 0.298 seconds
[2025-02-03T10:52:47.160+0000] {processor.py:186} INFO - Started process (PID=175) to work on /home/airflow/.local/lib/python3.12/site-packages/airflow/example_dags/example_latest_only_with_trigger.py
[2025-02-03T10:52:47.161+0000] {processor.py:914} INFO - Processing file /home/airflow/.local/lib/python3.12/site-packages/airflow/example_dags/example_latest_only_with_trigger.py for tasks to queue
[2025-02-03T10:52:47.165+0000] {logging_mixin.py:190} INFO - [2025-02-03T10:52:47.165+0000] {dagbag.py:588} INFO - Filling up the DagBag from /home/airflow/.local/lib/python3.12/site-packages/airflow/example_dags/example_latest_only_with_trigger.py
[2025-02-03T10:52:47.176+0000] {processor.py:925} INFO - DAG(s) 'latest_only_with_trigger' retrieved from /home/airflow/.local/lib/python3.12/site-packages/airflow/example_dags/example_latest_only_with_trigger.py
[2025-02-03T10:52:47.203+0000] {logging_mixin.py:190} INFO - [2025-02-03T10:52:47.202+0000] {dag.py:3239} INFO - Sync 1 DAGs
[2025-02-03T10:52:47.232+0000] {logging_mixin.py:190} INFO - [2025-02-03T10:52:47.231+0000] {dag.py:4180} INFO - Setting next_dagrun for latest_only_with_trigger to 2025-02-03 04:00:00+00:00, run_after=2025-02-03 08:00:00+00:00
[2025-02-03T10:52:47.255+0000] {processor.py:208} INFO - Processing /home/airflow/.local/lib/python3.12/site-packages/airflow/example_dags/example_latest_only_with_trigger.py took 0.103 seconds
[2025-02-03T10:53:17.378+0000] {processor.py:186} INFO - Started process (PID=238) to work on /home/airflow/.local/lib/python3.12/site-packages/airflow/example_dags/example_latest_only_with_trigger.py
[2025-02-03T10:53:17.380+0000] {processor.py:914} INFO - Processing file /home/airflow/.local/lib/python3.12/site-packages/airflow/example_dags/example_latest_only_with_trigger.py for tasks to queue
[2025-02-03T10:53:17.387+0000] {logging_mixin.py:190} INFO - [2025-02-03T10:53:17.386+0000] {dagbag.py:588} INFO - Filling up the DagBag from /home/airflow/.local/lib/python3.12/site-packages/airflow/example_dags/example_latest_only_with_trigger.py
[2025-02-03T10:53:17.403+0000] {processor.py:925} INFO - DAG(s) 'latest_only_with_trigger' retrieved from /home/airflow/.local/lib/python3.12/site-packages/airflow/example_dags/example_latest_only_with_trigger.py
[2025-02-03T10:53:17.446+0000] {logging_mixin.py:190} INFO - [2025-02-03T10:53:17.445+0000] {dag.py:3239} INFO - Sync 1 DAGs
[2025-02-03T10:53:17.491+0000] {logging_mixin.py:190} INFO - [2025-02-03T10:53:17.491+0000] {dag.py:4180} INFO - Setting next_dagrun for latest_only_with_trigger to 2025-02-03 04:00:00+00:00, run_after=2025-02-03 08:00:00+00:00
[2025-02-03T10:53:17.528+0000] {processor.py:208} INFO - Processing /home/airflow/.local/lib/python3.12/site-packages/airflow/example_dags/example_latest_only_with_trigger.py took 0.162 seconds
[2025-02-03T23:48:15.695+0000] {processor.py:186} INFO - Started process (PID=111) to work on /home/airflow/.local/lib/python3.12/site-packages/airflow/example_dags/example_latest_only_with_trigger.py
[2025-02-03T23:48:15.696+0000] {processor.py:914} INFO - Processing file /home/airflow/.local/lib/python3.12/site-packages/airflow/example_dags/example_latest_only_with_trigger.py for tasks to queue
[2025-02-03T23:48:15.699+0000] {logging_mixin.py:190} INFO - [2025-02-03T23:48:15.699+0000] {dagbag.py:588} INFO - Filling up the DagBag from /home/airflow/.local/lib/python3.12/site-packages/airflow/example_dags/example_latest_only_with_trigger.py
[2025-02-03T23:48:15.712+0000] {processor.py:925} INFO - DAG(s) 'latest_only_with_trigger' retrieved from /home/airflow/.local/lib/python3.12/site-packages/airflow/example_dags/example_latest_only_with_trigger.py
[2025-02-03T23:48:15.739+0000] {logging_mixin.py:190} INFO - [2025-02-03T23:48:15.739+0000] {dag.py:3239} INFO - Sync 1 DAGs
[2025-02-03T23:48:15.772+0000] {logging_mixin.py:190} INFO - [2025-02-03T23:48:15.772+0000] {dag.py:4180} INFO - Setting next_dagrun for latest_only_with_trigger to 2025-02-03 16:00:00+00:00, run_after=2025-02-03 20:00:00+00:00
[2025-02-03T23:48:15.798+0000] {processor.py:208} INFO - Processing /home/airflow/.local/lib/python3.12/site-packages/airflow/example_dags/example_latest_only_with_trigger.py took 0.110 seconds
[2025-02-03T23:48:47.656+0000] {processor.py:186} INFO - Started process (PID=174) to work on /home/airflow/.local/lib/python3.12/site-packages/airflow/example_dags/example_latest_only_with_trigger.py
[2025-02-03T23:48:47.657+0000] {processor.py:914} INFO - Processing file /home/airflow/.local/lib/python3.12/site-packages/airflow/example_dags/example_latest_only_with_trigger.py for tasks to queue
[2025-02-03T23:48:47.660+0000] {logging_mixin.py:190} INFO - [2025-02-03T23:48:47.660+0000] {dagbag.py:588} INFO - Filling up the DagBag from /home/airflow/.local/lib/python3.12/site-packages/airflow/example_dags/example_latest_only_with_trigger.py
[2025-02-03T23:48:47.672+0000] {processor.py:925} INFO - DAG(s) 'latest_only_with_trigger' retrieved from /home/airflow/.local/lib/python3.12/site-packages/airflow/example_dags/example_latest_only_with_trigger.py
[2025-02-03T23:48:47.704+0000] {logging_mixin.py:190} INFO - [2025-02-03T23:48:47.704+0000] {dag.py:3239} INFO - Sync 1 DAGs
[2025-02-03T23:48:47.739+0000] {logging_mixin.py:190} INFO - [2025-02-03T23:48:47.739+0000] {dag.py:4180} INFO - Setting next_dagrun for latest_only_with_trigger to 2025-02-03 16:00:00+00:00, run_after=2025-02-03 20:00:00+00:00
[2025-02-03T23:48:47.768+0000] {processor.py:208} INFO - Processing /home/airflow/.local/lib/python3.12/site-packages/airflow/example_dags/example_latest_only_with_trigger.py took 0.120 seconds
[2025-02-03T23:49:18.587+0000] {processor.py:186} INFO - Started process (PID=236) to work on /home/airflow/.local/lib/python3.12/site-packages/airflow/example_dags/example_latest_only_with_trigger.py
[2025-02-03T23:49:18.589+0000] {processor.py:914} INFO - Processing file /home/airflow/.local/lib/python3.12/site-packages/airflow/example_dags/example_latest_only_with_trigger.py for tasks to queue
[2025-02-03T23:49:18.593+0000] {logging_mixin.py:190} INFO - [2025-02-03T23:49:18.593+0000] {dagbag.py:588} INFO - Filling up the DagBag from /home/airflow/.local/lib/python3.12/site-packages/airflow/example_dags/example_latest_only_with_trigger.py
[2025-02-03T23:49:18.604+0000] {processor.py:925} INFO - DAG(s) 'latest_only_with_trigger' retrieved from /home/airflow/.local/lib/python3.12/site-packages/airflow/example_dags/example_latest_only_with_trigger.py
[2025-02-03T23:49:18.633+0000] {logging_mixin.py:190} INFO - [2025-02-03T23:49:18.633+0000] {dag.py:3239} INFO - Sync 1 DAGs
[2025-02-03T23:49:18.665+0000] {logging_mixin.py:190} INFO - [2025-02-03T23:49:18.665+0000] {dag.py:4180} INFO - Setting next_dagrun for latest_only_with_trigger to 2025-02-03 16:00:00+00:00, run_after=2025-02-03 20:00:00+00:00
[2025-02-03T23:49:18.686+0000] {processor.py:208} INFO - Processing /home/airflow/.local/lib/python3.12/site-packages/airflow/example_dags/example_latest_only_with_trigger.py took 0.107 seconds
[2025-02-03T23:49:49.617+0000] {processor.py:186} INFO - Started process (PID=299) to work on /home/airflow/.local/lib/python3.12/site-packages/airflow/example_dags/example_latest_only_with_trigger.py
[2025-02-03T23:49:49.618+0000] {processor.py:914} INFO - Processing file /home/airflow/.local/lib/python3.12/site-packages/airflow/example_dags/example_latest_only_with_trigger.py for tasks to queue
[2025-02-03T23:49:49.621+0000] {logging_mixin.py:190} INFO - [2025-02-03T23:49:49.620+0000] {dagbag.py:588} INFO - Filling up the DagBag from /home/airflow/.local/lib/python3.12/site-packages/airflow/example_dags/example_latest_only_with_trigger.py
[2025-02-03T23:49:49.630+0000] {processor.py:925} INFO - DAG(s) 'latest_only_with_trigger' retrieved from /home/airflow/.local/lib/python3.12/site-packages/airflow/example_dags/example_latest_only_with_trigger.py
[2025-02-03T23:49:49.658+0000] {logging_mixin.py:190} INFO - [2025-02-03T23:49:49.658+0000] {dag.py:3239} INFO - Sync 1 DAGs
[2025-02-03T23:49:49.760+0000] {logging_mixin.py:190} INFO - [2025-02-03T23:49:49.760+0000] {dag.py:4180} INFO - Setting next_dagrun for latest_only_with_trigger to 2025-02-03 16:00:00+00:00, run_after=2025-02-03 20:00:00+00:00
[2025-02-03T23:49:49.786+0000] {processor.py:208} INFO - Processing /home/airflow/.local/lib/python3.12/site-packages/airflow/example_dags/example_latest_only_with_trigger.py took 0.176 seconds
[2025-02-03T23:50:27.438+0000] {processor.py:186} INFO - Started process (PID=363) to work on /home/airflow/.local/lib/python3.12/site-packages/airflow/example_dags/example_latest_only_with_trigger.py
[2025-02-03T23:50:27.439+0000] {processor.py:914} INFO - Processing file /home/airflow/.local/lib/python3.12/site-packages/airflow/example_dags/example_latest_only_with_trigger.py for tasks to queue
[2025-02-03T23:50:27.444+0000] {logging_mixin.py:190} INFO - [2025-02-03T23:50:27.443+0000] {dagbag.py:588} INFO - Filling up the DagBag from /home/airflow/.local/lib/python3.12/site-packages/airflow/example_dags/example_latest_only_with_trigger.py
[2025-02-03T23:50:27.459+0000] {processor.py:925} INFO - DAG(s) 'latest_only_with_trigger' retrieved from /home/airflow/.local/lib/python3.12/site-packages/airflow/example_dags/example_latest_only_with_trigger.py
[2025-02-03T23:50:27.501+0000] {logging_mixin.py:190} INFO - [2025-02-03T23:50:27.501+0000] {dag.py:3239} INFO - Sync 1 DAGs
[2025-02-03T23:50:27.546+0000] {logging_mixin.py:190} INFO - [2025-02-03T23:50:27.546+0000] {dag.py:4180} INFO - Setting next_dagrun for latest_only_with_trigger to 2025-02-03 16:00:00+00:00, run_after=2025-02-03 20:00:00+00:00
[2025-02-03T23:50:27.632+0000] {processor.py:208} INFO - Processing /home/airflow/.local/lib/python3.12/site-packages/airflow/example_dags/example_latest_only_with_trigger.py took 0.206 seconds
[2025-02-03T23:50:57.994+0000] {processor.py:186} INFO - Started process (PID=425) to work on /home/airflow/.local/lib/python3.12/site-packages/airflow/example_dags/example_latest_only_with_trigger.py
[2025-02-03T23:50:57.995+0000] {processor.py:914} INFO - Processing file /home/airflow/.local/lib/python3.12/site-packages/airflow/example_dags/example_latest_only_with_trigger.py for tasks to queue
[2025-02-03T23:50:57.998+0000] {logging_mixin.py:190} INFO - [2025-02-03T23:50:57.997+0000] {dagbag.py:588} INFO - Filling up the DagBag from /home/airflow/.local/lib/python3.12/site-packages/airflow/example_dags/example_latest_only_with_trigger.py
[2025-02-03T23:50:58.007+0000] {processor.py:925} INFO - DAG(s) 'latest_only_with_trigger' retrieved from /home/airflow/.local/lib/python3.12/site-packages/airflow/example_dags/example_latest_only_with_trigger.py
[2025-02-03T23:50:58.032+0000] {logging_mixin.py:190} INFO - [2025-02-03T23:50:58.032+0000] {dag.py:3239} INFO - Sync 1 DAGs
[2025-02-03T23:50:58.060+0000] {logging_mixin.py:190} INFO - [2025-02-03T23:50:58.060+0000] {dag.py:4180} INFO - Setting next_dagrun for latest_only_with_trigger to 2025-02-03 16:00:00+00:00, run_after=2025-02-03 20:00:00+00:00
[2025-02-03T23:50:58.081+0000] {processor.py:208} INFO - Processing /home/airflow/.local/lib/python3.12/site-packages/airflow/example_dags/example_latest_only_with_trigger.py took 0.095 seconds
[2025-02-03T23:51:28.658+0000] {processor.py:186} INFO - Started process (PID=488) to work on /home/airflow/.local/lib/python3.12/site-packages/airflow/example_dags/example_latest_only_with_trigger.py
[2025-02-03T23:51:28.659+0000] {processor.py:914} INFO - Processing file /home/airflow/.local/lib/python3.12/site-packages/airflow/example_dags/example_latest_only_with_trigger.py for tasks to queue
[2025-02-03T23:51:28.662+0000] {logging_mixin.py:190} INFO - [2025-02-03T23:51:28.662+0000] {dagbag.py:588} INFO - Filling up the DagBag from /home/airflow/.local/lib/python3.12/site-packages/airflow/example_dags/example_latest_only_with_trigger.py
[2025-02-03T23:51:28.671+0000] {processor.py:925} INFO - DAG(s) 'latest_only_with_trigger' retrieved from /home/airflow/.local/lib/python3.12/site-packages/airflow/example_dags/example_latest_only_with_trigger.py
[2025-02-03T23:51:28.699+0000] {logging_mixin.py:190} INFO - [2025-02-03T23:51:28.699+0000] {dag.py:3239} INFO - Sync 1 DAGs
[2025-02-03T23:51:28.727+0000] {logging_mixin.py:190} INFO - [2025-02-03T23:51:28.727+0000] {dag.py:4180} INFO - Setting next_dagrun for latest_only_with_trigger to 2025-02-03 16:00:00+00:00, run_after=2025-02-03 20:00:00+00:00
[2025-02-03T23:51:28.753+0000] {processor.py:208} INFO - Processing /home/airflow/.local/lib/python3.12/site-packages/airflow/example_dags/example_latest_only_with_trigger.py took 0.102 seconds
[2025-02-03T23:51:59.005+0000] {processor.py:186} INFO - Started process (PID=550) to work on /home/airflow/.local/lib/python3.12/site-packages/airflow/example_dags/example_latest_only_with_trigger.py
[2025-02-03T23:51:59.006+0000] {processor.py:914} INFO - Processing file /home/airflow/.local/lib/python3.12/site-packages/airflow/example_dags/example_latest_only_with_trigger.py for tasks to queue
[2025-02-03T23:51:59.009+0000] {logging_mixin.py:190} INFO - [2025-02-03T23:51:59.009+0000] {dagbag.py:588} INFO - Filling up the DagBag from /home/airflow/.local/lib/python3.12/site-packages/airflow/example_dags/example_latest_only_with_trigger.py
[2025-02-03T23:51:59.018+0000] {processor.py:925} INFO - DAG(s) 'latest_only_with_trigger' retrieved from /home/airflow/.local/lib/python3.12/site-packages/airflow/example_dags/example_latest_only_with_trigger.py
[2025-02-03T23:51:59.054+0000] {logging_mixin.py:190} INFO - [2025-02-03T23:51:59.053+0000] {dag.py:3239} INFO - Sync 1 DAGs
[2025-02-03T23:51:59.135+0000] {logging_mixin.py:190} INFO - [2025-02-03T23:51:59.135+0000] {dag.py:4180} INFO - Setting next_dagrun for latest_only_with_trigger to 2025-02-03 16:00:00+00:00, run_after=2025-02-03 20:00:00+00:00
[2025-02-03T23:51:59.295+0000] {processor.py:208} INFO - Processing /home/airflow/.local/lib/python3.12/site-packages/airflow/example_dags/example_latest_only_with_trigger.py took 0.297 seconds
[2025-02-03T23:52:29.476+0000] {processor.py:186} INFO - Started process (PID=613) to work on /home/airflow/.local/lib/python3.12/site-packages/airflow/example_dags/example_latest_only_with_trigger.py
[2025-02-03T23:52:29.477+0000] {processor.py:914} INFO - Processing file /home/airflow/.local/lib/python3.12/site-packages/airflow/example_dags/example_latest_only_with_trigger.py for tasks to queue
[2025-02-03T23:52:29.480+0000] {logging_mixin.py:190} INFO - [2025-02-03T23:52:29.479+0000] {dagbag.py:588} INFO - Filling up the DagBag from /home/airflow/.local/lib/python3.12/site-packages/airflow/example_dags/example_latest_only_with_trigger.py
[2025-02-03T23:52:29.489+0000] {processor.py:925} INFO - DAG(s) 'latest_only_with_trigger' retrieved from /home/airflow/.local/lib/python3.12/site-packages/airflow/example_dags/example_latest_only_with_trigger.py
[2025-02-03T23:52:29.515+0000] {logging_mixin.py:190} INFO - [2025-02-03T23:52:29.515+0000] {dag.py:3239} INFO - Sync 1 DAGs
[2025-02-03T23:52:29.547+0000] {logging_mixin.py:190} INFO - [2025-02-03T23:52:29.547+0000] {dag.py:4180} INFO - Setting next_dagrun for latest_only_with_trigger to 2025-02-03 16:00:00+00:00, run_after=2025-02-03 20:00:00+00:00
[2025-02-03T23:52:29.571+0000] {processor.py:208} INFO - Processing /home/airflow/.local/lib/python3.12/site-packages/airflow/example_dags/example_latest_only_with_trigger.py took 0.102 seconds
[2025-02-03T23:53:00.154+0000] {processor.py:186} INFO - Started process (PID=676) to work on /home/airflow/.local/lib/python3.12/site-packages/airflow/example_dags/example_latest_only_with_trigger.py
[2025-02-03T23:53:00.155+0000] {processor.py:914} INFO - Processing file /home/airflow/.local/lib/python3.12/site-packages/airflow/example_dags/example_latest_only_with_trigger.py for tasks to queue
[2025-02-03T23:53:00.157+0000] {logging_mixin.py:190} INFO - [2025-02-03T23:53:00.157+0000] {dagbag.py:588} INFO - Filling up the DagBag from /home/airflow/.local/lib/python3.12/site-packages/airflow/example_dags/example_latest_only_with_trigger.py
[2025-02-03T23:53:00.167+0000] {processor.py:925} INFO - DAG(s) 'latest_only_with_trigger' retrieved from /home/airflow/.local/lib/python3.12/site-packages/airflow/example_dags/example_latest_only_with_trigger.py
[2025-02-03T23:53:00.196+0000] {logging_mixin.py:190} INFO - [2025-02-03T23:53:00.196+0000] {dag.py:3239} INFO - Sync 1 DAGs
[2025-02-03T23:53:00.224+0000] {logging_mixin.py:190} INFO - [2025-02-03T23:53:00.223+0000] {dag.py:4180} INFO - Setting next_dagrun for latest_only_with_trigger to 2025-02-03 16:00:00+00:00, run_after=2025-02-03 20:00:00+00:00
[2025-02-03T23:53:00.247+0000] {processor.py:208} INFO - Processing /home/airflow/.local/lib/python3.12/site-packages/airflow/example_dags/example_latest_only_with_trigger.py took 0.102 seconds
[2025-02-03T23:53:30.529+0000] {processor.py:186} INFO - Started process (PID=739) to work on /home/airflow/.local/lib/python3.12/site-packages/airflow/example_dags/example_latest_only_with_trigger.py
[2025-02-03T23:53:30.530+0000] {processor.py:914} INFO - Processing file /home/airflow/.local/lib/python3.12/site-packages/airflow/example_dags/example_latest_only_with_trigger.py for tasks to queue
[2025-02-03T23:53:30.534+0000] {logging_mixin.py:190} INFO - [2025-02-03T23:53:30.533+0000] {dagbag.py:588} INFO - Filling up the DagBag from /home/airflow/.local/lib/python3.12/site-packages/airflow/example_dags/example_latest_only_with_trigger.py
[2025-02-03T23:53:30.544+0000] {processor.py:925} INFO - DAG(s) 'latest_only_with_trigger' retrieved from /home/airflow/.local/lib/python3.12/site-packages/airflow/example_dags/example_latest_only_with_trigger.py
[2025-02-03T23:53:30.577+0000] {logging_mixin.py:190} INFO - [2025-02-03T23:53:30.576+0000] {dag.py:3239} INFO - Sync 1 DAGs
[2025-02-03T23:53:30.606+0000] {logging_mixin.py:190} INFO - [2025-02-03T23:53:30.605+0000] {dag.py:4180} INFO - Setting next_dagrun for latest_only_with_trigger to 2025-02-03 16:00:00+00:00, run_after=2025-02-03 20:00:00+00:00
[2025-02-03T23:53:30.629+0000] {processor.py:208} INFO - Processing /home/airflow/.local/lib/python3.12/site-packages/airflow/example_dags/example_latest_only_with_trigger.py took 0.110 seconds
[2025-02-03T23:54:01.497+0000] {processor.py:186} INFO - Started process (PID=802) to work on /home/airflow/.local/lib/python3.12/site-packages/airflow/example_dags/example_latest_only_with_trigger.py
[2025-02-03T23:54:01.498+0000] {processor.py:914} INFO - Processing file /home/airflow/.local/lib/python3.12/site-packages/airflow/example_dags/example_latest_only_with_trigger.py for tasks to queue
[2025-02-03T23:54:01.501+0000] {logging_mixin.py:190} INFO - [2025-02-03T23:54:01.500+0000] {dagbag.py:588} INFO - Filling up the DagBag from /home/airflow/.local/lib/python3.12/site-packages/airflow/example_dags/example_latest_only_with_trigger.py
[2025-02-03T23:54:01.511+0000] {processor.py:925} INFO - DAG(s) 'latest_only_with_trigger' retrieved from /home/airflow/.local/lib/python3.12/site-packages/airflow/example_dags/example_latest_only_with_trigger.py
[2025-02-03T23:54:01.537+0000] {logging_mixin.py:190} INFO - [2025-02-03T23:54:01.537+0000] {dag.py:3239} INFO - Sync 1 DAGs
[2025-02-03T23:54:01.566+0000] {logging_mixin.py:190} INFO - [2025-02-03T23:54:01.566+0000] {dag.py:4180} INFO - Setting next_dagrun for latest_only_with_trigger to 2025-02-03 16:00:00+00:00, run_after=2025-02-03 20:00:00+00:00
[2025-02-03T23:54:01.597+0000] {processor.py:208} INFO - Processing /home/airflow/.local/lib/python3.12/site-packages/airflow/example_dags/example_latest_only_with_trigger.py took 0.108 seconds
[2025-02-03T23:54:32.725+0000] {processor.py:186} INFO - Started process (PID=865) to work on /home/airflow/.local/lib/python3.12/site-packages/airflow/example_dags/example_latest_only_with_trigger.py
[2025-02-03T23:54:32.726+0000] {processor.py:914} INFO - Processing file /home/airflow/.local/lib/python3.12/site-packages/airflow/example_dags/example_latest_only_with_trigger.py for tasks to queue
[2025-02-03T23:54:32.729+0000] {logging_mixin.py:190} INFO - [2025-02-03T23:54:32.729+0000] {dagbag.py:588} INFO - Filling up the DagBag from /home/airflow/.local/lib/python3.12/site-packages/airflow/example_dags/example_latest_only_with_trigger.py
[2025-02-03T23:54:32.740+0000] {processor.py:925} INFO - DAG(s) 'latest_only_with_trigger' retrieved from /home/airflow/.local/lib/python3.12/site-packages/airflow/example_dags/example_latest_only_with_trigger.py
[2025-02-03T23:54:32.767+0000] {logging_mixin.py:190} INFO - [2025-02-03T23:54:32.767+0000] {dag.py:3239} INFO - Sync 1 DAGs
[2025-02-03T23:54:32.794+0000] {logging_mixin.py:190} INFO - [2025-02-03T23:54:32.793+0000] {dag.py:4180} INFO - Setting next_dagrun for latest_only_with_trigger to 2025-02-03 16:00:00+00:00, run_after=2025-02-03 20:00:00+00:00
[2025-02-03T23:54:32.815+0000] {processor.py:208} INFO - Processing /home/airflow/.local/lib/python3.12/site-packages/airflow/example_dags/example_latest_only_with_trigger.py took 0.099 seconds
[2025-02-03T23:55:04.769+0000] {processor.py:186} INFO - Started process (PID=928) to work on /home/airflow/.local/lib/python3.12/site-packages/airflow/example_dags/example_latest_only_with_trigger.py
[2025-02-03T23:55:04.770+0000] {processor.py:914} INFO - Processing file /home/airflow/.local/lib/python3.12/site-packages/airflow/example_dags/example_latest_only_with_trigger.py for tasks to queue
[2025-02-03T23:55:04.775+0000] {logging_mixin.py:190} INFO - [2025-02-03T23:55:04.774+0000] {dagbag.py:588} INFO - Filling up the DagBag from /home/airflow/.local/lib/python3.12/site-packages/airflow/example_dags/example_latest_only_with_trigger.py
[2025-02-03T23:55:04.825+0000] {processor.py:925} INFO - DAG(s) 'latest_only_with_trigger' retrieved from /home/airflow/.local/lib/python3.12/site-packages/airflow/example_dags/example_latest_only_with_trigger.py
[2025-02-03T23:55:04.855+0000] {logging_mixin.py:190} INFO - [2025-02-03T23:55:04.855+0000] {dag.py:3239} INFO - Sync 1 DAGs
[2025-02-03T23:55:04.887+0000] {logging_mixin.py:190} INFO - [2025-02-03T23:55:04.887+0000] {dag.py:4180} INFO - Setting next_dagrun for latest_only_with_trigger to 2025-02-03 16:00:00+00:00, run_after=2025-02-03 20:00:00+00:00
[2025-02-03T23:55:04.913+0000] {processor.py:208} INFO - Processing /home/airflow/.local/lib/python3.12/site-packages/airflow/example_dags/example_latest_only_with_trigger.py took 0.152 seconds
[2025-02-03T23:55:36.103+0000] {processor.py:186} INFO - Started process (PID=991) to work on /home/airflow/.local/lib/python3.12/site-packages/airflow/example_dags/example_latest_only_with_trigger.py
[2025-02-03T23:55:36.104+0000] {processor.py:914} INFO - Processing file /home/airflow/.local/lib/python3.12/site-packages/airflow/example_dags/example_latest_only_with_trigger.py for tasks to queue
[2025-02-03T23:55:36.107+0000] {logging_mixin.py:190} INFO - [2025-02-03T23:55:36.106+0000] {dagbag.py:588} INFO - Filling up the DagBag from /home/airflow/.local/lib/python3.12/site-packages/airflow/example_dags/example_latest_only_with_trigger.py
[2025-02-03T23:55:36.116+0000] {processor.py:925} INFO - DAG(s) 'latest_only_with_trigger' retrieved from /home/airflow/.local/lib/python3.12/site-packages/airflow/example_dags/example_latest_only_with_trigger.py
[2025-02-03T23:55:36.145+0000] {logging_mixin.py:190} INFO - [2025-02-03T23:55:36.145+0000] {dag.py:3239} INFO - Sync 1 DAGs
[2025-02-03T23:55:36.173+0000] {logging_mixin.py:190} INFO - [2025-02-03T23:55:36.172+0000] {dag.py:4180} INFO - Setting next_dagrun for latest_only_with_trigger to 2025-02-03 16:00:00+00:00, run_after=2025-02-03 20:00:00+00:00
[2025-02-03T23:55:36.194+0000] {processor.py:208} INFO - Processing /home/airflow/.local/lib/python3.12/site-packages/airflow/example_dags/example_latest_only_with_trigger.py took 0.098 seconds
[2025-02-03T23:56:07.275+0000] {processor.py:186} INFO - Started process (PID=1054) to work on /home/airflow/.local/lib/python3.12/site-packages/airflow/example_dags/example_latest_only_with_trigger.py
[2025-02-03T23:56:07.276+0000] {processor.py:914} INFO - Processing file /home/airflow/.local/lib/python3.12/site-packages/airflow/example_dags/example_latest_only_with_trigger.py for tasks to queue
[2025-02-03T23:56:07.279+0000] {logging_mixin.py:190} INFO - [2025-02-03T23:56:07.279+0000] {dagbag.py:588} INFO - Filling up the DagBag from /home/airflow/.local/lib/python3.12/site-packages/airflow/example_dags/example_latest_only_with_trigger.py
[2025-02-03T23:56:07.288+0000] {processor.py:925} INFO - DAG(s) 'latest_only_with_trigger' retrieved from /home/airflow/.local/lib/python3.12/site-packages/airflow/example_dags/example_latest_only_with_trigger.py
[2025-02-03T23:56:07.316+0000] {logging_mixin.py:190} INFO - [2025-02-03T23:56:07.316+0000] {dag.py:3239} INFO - Sync 1 DAGs
[2025-02-03T23:56:07.345+0000] {logging_mixin.py:190} INFO - [2025-02-03T23:56:07.344+0000] {dag.py:4180} INFO - Setting next_dagrun for latest_only_with_trigger to 2025-02-03 16:00:00+00:00, run_after=2025-02-03 20:00:00+00:00
[2025-02-03T23:56:07.373+0000] {processor.py:208} INFO - Processing /home/airflow/.local/lib/python3.12/site-packages/airflow/example_dags/example_latest_only_with_trigger.py took 0.106 seconds
[2025-02-03T23:56:38.708+0000] {processor.py:186} INFO - Started process (PID=1117) to work on /home/airflow/.local/lib/python3.12/site-packages/airflow/example_dags/example_latest_only_with_trigger.py
[2025-02-03T23:56:38.709+0000] {processor.py:914} INFO - Processing file /home/airflow/.local/lib/python3.12/site-packages/airflow/example_dags/example_latest_only_with_trigger.py for tasks to queue
[2025-02-03T23:56:38.712+0000] {logging_mixin.py:190} INFO - [2025-02-03T23:56:38.711+0000] {dagbag.py:588} INFO - Filling up the DagBag from /home/airflow/.local/lib/python3.12/site-packages/airflow/example_dags/example_latest_only_with_trigger.py
[2025-02-03T23:56:38.725+0000] {processor.py:925} INFO - DAG(s) 'latest_only_with_trigger' retrieved from /home/airflow/.local/lib/python3.12/site-packages/airflow/example_dags/example_latest_only_with_trigger.py
[2025-02-03T23:56:38.753+0000] {logging_mixin.py:190} INFO - [2025-02-03T23:56:38.753+0000] {dag.py:3239} INFO - Sync 1 DAGs
[2025-02-03T23:56:38.782+0000] {logging_mixin.py:190} INFO - [2025-02-03T23:56:38.782+0000] {dag.py:4180} INFO - Setting next_dagrun for latest_only_with_trigger to 2025-02-03 16:00:00+00:00, run_after=2025-02-03 20:00:00+00:00
[2025-02-03T23:56:38.808+0000] {processor.py:208} INFO - Processing /home/airflow/.local/lib/python3.12/site-packages/airflow/example_dags/example_latest_only_with_trigger.py took 0.108 seconds
[2025-02-03T23:57:10.431+0000] {processor.py:186} INFO - Started process (PID=1180) to work on /home/airflow/.local/lib/python3.12/site-packages/airflow/example_dags/example_latest_only_with_trigger.py
[2025-02-03T23:57:10.432+0000] {processor.py:914} INFO - Processing file /home/airflow/.local/lib/python3.12/site-packages/airflow/example_dags/example_latest_only_with_trigger.py for tasks to queue
[2025-02-03T23:57:10.435+0000] {logging_mixin.py:190} INFO - [2025-02-03T23:57:10.435+0000] {dagbag.py:588} INFO - Filling up the DagBag from /home/airflow/.local/lib/python3.12/site-packages/airflow/example_dags/example_latest_only_with_trigger.py
[2025-02-03T23:57:10.447+0000] {processor.py:925} INFO - DAG(s) 'latest_only_with_trigger' retrieved from /home/airflow/.local/lib/python3.12/site-packages/airflow/example_dags/example_latest_only_with_trigger.py
[2025-02-03T23:57:10.473+0000] {logging_mixin.py:190} INFO - [2025-02-03T23:57:10.473+0000] {dag.py:3239} INFO - Sync 1 DAGs
[2025-02-03T23:57:10.506+0000] {logging_mixin.py:190} INFO - [2025-02-03T23:57:10.506+0000] {dag.py:4180} INFO - Setting next_dagrun for latest_only_with_trigger to 2025-02-03 16:00:00+00:00, run_after=2025-02-03 20:00:00+00:00
[2025-02-03T23:57:10.546+0000] {processor.py:208} INFO - Processing /home/airflow/.local/lib/python3.12/site-packages/airflow/example_dags/example_latest_only_with_trigger.py took 0.122 seconds
[2025-02-03T23:57:41.220+0000] {processor.py:186} INFO - Started process (PID=1243) to work on /home/airflow/.local/lib/python3.12/site-packages/airflow/example_dags/example_latest_only_with_trigger.py
[2025-02-03T23:57:41.221+0000] {processor.py:914} INFO - Processing file /home/airflow/.local/lib/python3.12/site-packages/airflow/example_dags/example_latest_only_with_trigger.py for tasks to queue
[2025-02-03T23:57:41.224+0000] {logging_mixin.py:190} INFO - [2025-02-03T23:57:41.224+0000] {dagbag.py:588} INFO - Filling up the DagBag from /home/airflow/.local/lib/python3.12/site-packages/airflow/example_dags/example_latest_only_with_trigger.py
[2025-02-03T23:57:41.233+0000] {processor.py:925} INFO - DAG(s) 'latest_only_with_trigger' retrieved from /home/airflow/.local/lib/python3.12/site-packages/airflow/example_dags/example_latest_only_with_trigger.py
[2025-02-03T23:57:41.257+0000] {logging_mixin.py:190} INFO - [2025-02-03T23:57:41.257+0000] {dag.py:3239} INFO - Sync 1 DAGs
[2025-02-03T23:57:41.290+0000] {logging_mixin.py:190} INFO - [2025-02-03T23:57:41.289+0000] {dag.py:4180} INFO - Setting next_dagrun for latest_only_with_trigger to 2025-02-03 16:00:00+00:00, run_after=2025-02-03 20:00:00+00:00
[2025-02-03T23:57:41.316+0000] {processor.py:208} INFO - Processing /home/airflow/.local/lib/python3.12/site-packages/airflow/example_dags/example_latest_only_with_trigger.py took 0.103 seconds
[2025-02-03T23:58:12.109+0000] {processor.py:186} INFO - Started process (PID=1306) to work on /home/airflow/.local/lib/python3.12/site-packages/airflow/example_dags/example_latest_only_with_trigger.py
[2025-02-03T23:58:12.110+0000] {processor.py:914} INFO - Processing file /home/airflow/.local/lib/python3.12/site-packages/airflow/example_dags/example_latest_only_with_trigger.py for tasks to queue
[2025-02-03T23:58:12.114+0000] {logging_mixin.py:190} INFO - [2025-02-03T23:58:12.114+0000] {dagbag.py:588} INFO - Filling up the DagBag from /home/airflow/.local/lib/python3.12/site-packages/airflow/example_dags/example_latest_only_with_trigger.py
[2025-02-03T23:58:12.131+0000] {processor.py:925} INFO - DAG(s) 'latest_only_with_trigger' retrieved from /home/airflow/.local/lib/python3.12/site-packages/airflow/example_dags/example_latest_only_with_trigger.py
[2025-02-03T23:58:12.162+0000] {logging_mixin.py:190} INFO - [2025-02-03T23:58:12.162+0000] {dag.py:3239} INFO - Sync 1 DAGs
[2025-02-03T23:58:12.190+0000] {logging_mixin.py:190} INFO - [2025-02-03T23:58:12.190+0000] {dag.py:4180} INFO - Setting next_dagrun for latest_only_with_trigger to 2025-02-03 16:00:00+00:00, run_after=2025-02-03 20:00:00+00:00
[2025-02-03T23:58:12.215+0000] {processor.py:208} INFO - Processing /home/airflow/.local/lib/python3.12/site-packages/airflow/example_dags/example_latest_only_with_trigger.py took 0.120 seconds
[2025-02-03T23:58:43.097+0000] {processor.py:186} INFO - Started process (PID=1369) to work on /home/airflow/.local/lib/python3.12/site-packages/airflow/example_dags/example_latest_only_with_trigger.py
[2025-02-03T23:58:43.099+0000] {processor.py:914} INFO - Processing file /home/airflow/.local/lib/python3.12/site-packages/airflow/example_dags/example_latest_only_with_trigger.py for tasks to queue
[2025-02-03T23:58:43.104+0000] {logging_mixin.py:190} INFO - [2025-02-03T23:58:43.103+0000] {dagbag.py:588} INFO - Filling up the DagBag from /home/airflow/.local/lib/python3.12/site-packages/airflow/example_dags/example_latest_only_with_trigger.py
[2025-02-03T23:58:43.113+0000] {processor.py:925} INFO - DAG(s) 'latest_only_with_trigger' retrieved from /home/airflow/.local/lib/python3.12/site-packages/airflow/example_dags/example_latest_only_with_trigger.py
[2025-02-03T23:58:43.138+0000] {logging_mixin.py:190} INFO - [2025-02-03T23:58:43.137+0000] {dag.py:3239} INFO - Sync 1 DAGs
[2025-02-03T23:58:43.165+0000] {logging_mixin.py:190} INFO - [2025-02-03T23:58:43.165+0000] {dag.py:4180} INFO - Setting next_dagrun for latest_only_with_trigger to 2025-02-03 16:00:00+00:00, run_after=2025-02-03 20:00:00+00:00
[2025-02-03T23:58:43.189+0000] {processor.py:208} INFO - Processing /home/airflow/.local/lib/python3.12/site-packages/airflow/example_dags/example_latest_only_with_trigger.py took 0.105 seconds
[2025-02-03T23:59:13.687+0000] {processor.py:186} INFO - Started process (PID=1432) to work on /home/airflow/.local/lib/python3.12/site-packages/airflow/example_dags/example_latest_only_with_trigger.py
[2025-02-03T23:59:13.688+0000] {processor.py:914} INFO - Processing file /home/airflow/.local/lib/python3.12/site-packages/airflow/example_dags/example_latest_only_with_trigger.py for tasks to queue
[2025-02-03T23:59:13.691+0000] {logging_mixin.py:190} INFO - [2025-02-03T23:59:13.691+0000] {dagbag.py:588} INFO - Filling up the DagBag from /home/airflow/.local/lib/python3.12/site-packages/airflow/example_dags/example_latest_only_with_trigger.py
[2025-02-03T23:59:13.701+0000] {processor.py:925} INFO - DAG(s) 'latest_only_with_trigger' retrieved from /home/airflow/.local/lib/python3.12/site-packages/airflow/example_dags/example_latest_only_with_trigger.py
[2025-02-03T23:59:13.726+0000] {logging_mixin.py:190} INFO - [2025-02-03T23:59:13.726+0000] {dag.py:3239} INFO - Sync 1 DAGs
[2025-02-03T23:59:13.754+0000] {logging_mixin.py:190} INFO - [2025-02-03T23:59:13.754+0000] {dag.py:4180} INFO - Setting next_dagrun for latest_only_with_trigger to 2025-02-03 16:00:00+00:00, run_after=2025-02-03 20:00:00+00:00
[2025-02-03T23:59:13.778+0000] {processor.py:208} INFO - Processing /home/airflow/.local/lib/python3.12/site-packages/airflow/example_dags/example_latest_only_with_trigger.py took 0.098 seconds
[2025-02-03T23:59:44.620+0000] {processor.py:186} INFO - Started process (PID=1494) to work on /home/airflow/.local/lib/python3.12/site-packages/airflow/example_dags/example_latest_only_with_trigger.py
[2025-02-03T23:59:44.624+0000] {processor.py:914} INFO - Processing file /home/airflow/.local/lib/python3.12/site-packages/airflow/example_dags/example_latest_only_with_trigger.py for tasks to queue
[2025-02-03T23:59:44.627+0000] {logging_mixin.py:190} INFO - [2025-02-03T23:59:44.627+0000] {dagbag.py:588} INFO - Filling up the DagBag from /home/airflow/.local/lib/python3.12/site-packages/airflow/example_dags/example_latest_only_with_trigger.py
[2025-02-03T23:59:44.639+0000] {processor.py:925} INFO - DAG(s) 'latest_only_with_trigger' retrieved from /home/airflow/.local/lib/python3.12/site-packages/airflow/example_dags/example_latest_only_with_trigger.py
[2025-02-03T23:59:44.666+0000] {logging_mixin.py:190} INFO - [2025-02-03T23:59:44.666+0000] {dag.py:3239} INFO - Sync 1 DAGs
[2025-02-03T23:59:44.698+0000] {logging_mixin.py:190} INFO - [2025-02-03T23:59:44.698+0000] {dag.py:4180} INFO - Setting next_dagrun for latest_only_with_trigger to 2025-02-03 16:00:00+00:00, run_after=2025-02-03 20:00:00+00:00
[2025-02-03T23:59:44.722+0000] {processor.py:208} INFO - Processing /home/airflow/.local/lib/python3.12/site-packages/airflow/example_dags/example_latest_only_with_trigger.py took 0.112 seconds
