[2025-02-03T10:52:15.712+0000] {processor.py:186} INFO - Started process (PID=111) to work on /home/airflow/.local/lib/python3.12/site-packages/airflow/example_dags/example_complex.py
[2025-02-03T10:52:15.713+0000] {processor.py:914} INFO - Processing file /home/airflow/.local/lib/python3.12/site-packages/airflow/example_dags/example_complex.py for tasks to queue
[2025-02-03T10:52:15.717+0000] {logging_mixin.py:190} INFO - [2025-02-03T10:52:15.716+0000] {dagbag.py:588} INFO - Filling up the DagBag from /home/airflow/.local/lib/python3.12/site-packages/airflow/example_dags/example_complex.py
[2025-02-03T10:52:15.741+0000] {processor.py:925} INFO - DAG(s) 'example_complex' retrieved from /home/airflow/.local/lib/python3.12/site-packages/airflow/example_dags/example_complex.py
[2025-02-03T10:52:15.938+0000] {logging_mixin.py:190} INFO - [2025-02-03T10:52:15.936+0000] {override.py:1911} INFO - Created Permission View: can read on DAG:example_complex
[2025-02-03T10:52:15.960+0000] {logging_mixin.py:190} INFO - [2025-02-03T10:52:15.959+0000] {override.py:1911} INFO - Created Permission View: can edit on DAG:example_complex
[2025-02-03T10:52:15.973+0000] {logging_mixin.py:190} INFO - [2025-02-03T10:52:15.973+0000] {override.py:1911} INFO - Created Permission View: can delete on DAG:example_complex
[2025-02-03T10:52:15.985+0000] {logging_mixin.py:190} INFO - [2025-02-03T10:52:15.984+0000] {override.py:1911} INFO - Created Permission View: can read on DAG Run:example_complex
[2025-02-03T10:52:15.997+0000] {logging_mixin.py:190} INFO - [2025-02-03T10:52:15.996+0000] {override.py:1911} INFO - Created Permission View: can create on DAG Run:example_complex
[2025-02-03T10:52:16.009+0000] {logging_mixin.py:190} INFO - [2025-02-03T10:52:16.009+0000] {override.py:1911} INFO - Created Permission View: menu access on DAG Run:example_complex
[2025-02-03T10:52:16.020+0000] {logging_mixin.py:190} INFO - [2025-02-03T10:52:16.019+0000] {override.py:1911} INFO - Created Permission View: can delete on DAG Run:example_complex
[2025-02-03T10:52:16.021+0000] {logging_mixin.py:190} INFO - [2025-02-03T10:52:16.020+0000] {dag.py:3239} INFO - Sync 1 DAGs
[2025-02-03T10:52:16.042+0000] {logging_mixin.py:190} INFO - [2025-02-03T10:52:16.041+0000] {dag.py:3262} INFO - Creating ORM DAG for example_complex
[2025-02-03T10:52:16.043+0000] {logging_mixin.py:190} INFO - [2025-02-03T10:52:16.043+0000] {dag.py:4180} INFO - Setting next_dagrun for example_complex to None, run_after=None
[2025-02-03T10:52:16.070+0000] {processor.py:208} INFO - Processing /home/airflow/.local/lib/python3.12/site-packages/airflow/example_dags/example_complex.py took 0.367 seconds
[2025-02-03T10:52:46.138+0000] {processor.py:186} INFO - Started process (PID=174) to work on /home/airflow/.local/lib/python3.12/site-packages/airflow/example_dags/example_complex.py
[2025-02-03T10:52:46.139+0000] {processor.py:914} INFO - Processing file /home/airflow/.local/lib/python3.12/site-packages/airflow/example_dags/example_complex.py for tasks to queue
[2025-02-03T10:52:46.143+0000] {logging_mixin.py:190} INFO - [2025-02-03T10:52:46.142+0000] {dagbag.py:588} INFO - Filling up the DagBag from /home/airflow/.local/lib/python3.12/site-packages/airflow/example_dags/example_complex.py
[2025-02-03T10:52:46.158+0000] {processor.py:925} INFO - DAG(s) 'example_complex' retrieved from /home/airflow/.local/lib/python3.12/site-packages/airflow/example_dags/example_complex.py
[2025-02-03T10:52:46.200+0000] {logging_mixin.py:190} INFO - [2025-02-03T10:52:46.200+0000] {dag.py:3239} INFO - Sync 1 DAGs
[2025-02-03T10:52:46.219+0000] {logging_mixin.py:190} INFO - [2025-02-03T10:52:46.219+0000] {dag.py:4180} INFO - Setting next_dagrun for example_complex to None, run_after=None
[2025-02-03T10:52:46.241+0000] {processor.py:208} INFO - Processing /home/airflow/.local/lib/python3.12/site-packages/airflow/example_dags/example_complex.py took 0.111 seconds
[2025-02-03T10:53:17.157+0000] {processor.py:186} INFO - Started process (PID=237) to work on /home/airflow/.local/lib/python3.12/site-packages/airflow/example_dags/example_complex.py
[2025-02-03T10:53:17.160+0000] {processor.py:914} INFO - Processing file /home/airflow/.local/lib/python3.12/site-packages/airflow/example_dags/example_complex.py for tasks to queue
[2025-02-03T10:53:17.163+0000] {logging_mixin.py:190} INFO - [2025-02-03T10:53:17.162+0000] {dagbag.py:588} INFO - Filling up the DagBag from /home/airflow/.local/lib/python3.12/site-packages/airflow/example_dags/example_complex.py
[2025-02-03T10:53:17.183+0000] {processor.py:925} INFO - DAG(s) 'example_complex' retrieved from /home/airflow/.local/lib/python3.12/site-packages/airflow/example_dags/example_complex.py
[2025-02-03T10:53:17.247+0000] {logging_mixin.py:190} INFO - [2025-02-03T10:53:17.246+0000] {dag.py:3239} INFO - Sync 1 DAGs
[2025-02-03T10:53:17.287+0000] {logging_mixin.py:190} INFO - [2025-02-03T10:53:17.286+0000] {dag.py:4180} INFO - Setting next_dagrun for example_complex to None, run_after=None
[2025-02-03T10:53:17.327+0000] {processor.py:208} INFO - Processing /home/airflow/.local/lib/python3.12/site-packages/airflow/example_dags/example_complex.py took 0.181 seconds
