[2025-02-03T10:52:10.446+0000] {processor.py:186} INFO - Started process (PID=87) to work on /home/airflow/.local/lib/python3.12/site-packages/airflow/example_dags/example_setup_teardown.py
[2025-02-03T10:52:10.448+0000] {processor.py:914} INFO - Processing file /home/airflow/.local/lib/python3.12/site-packages/airflow/example_dags/example_setup_teardown.py for tasks to queue
[2025-02-03T10:52:10.454+0000] {logging_mixin.py:190} INFO - [2025-02-03T10:52:10.454+0000] {dagbag.py:588} INFO - Filling up the DagBag from /home/airflow/.local/lib/python3.12/site-packages/airflow/example_dags/example_setup_teardown.py
[2025-02-03T10:52:10.467+0000] {processor.py:925} INFO - DAG(s) 'example_setup_teardown' retrieved from /home/airflow/.local/lib/python3.12/site-packages/airflow/example_dags/example_setup_teardown.py
[2025-02-03T10:52:10.609+0000] {logging_mixin.py:190} INFO - [2025-02-03T10:52:10.609+0000] {override.py:1911} INFO - Created Permission View: can read on DAG:example_setup_teardown
[2025-02-03T10:52:10.625+0000] {logging_mixin.py:190} INFO - [2025-02-03T10:52:10.625+0000] {override.py:1911} INFO - Created Permission View: can edit on DAG:example_setup_teardown
[2025-02-03T10:52:10.636+0000] {logging_mixin.py:190} INFO - [2025-02-03T10:52:10.636+0000] {override.py:1911} INFO - Created Permission View: can delete on DAG:example_setup_teardown
[2025-02-03T10:52:10.651+0000] {logging_mixin.py:190} INFO - [2025-02-03T10:52:10.651+0000] {override.py:1911} INFO - Created Permission View: can read on DAG Run:example_setup_teardown
[2025-02-03T10:52:10.664+0000] {logging_mixin.py:190} INFO - [2025-02-03T10:52:10.664+0000] {override.py:1911} INFO - Created Permission View: can create on DAG Run:example_setup_teardown
[2025-02-03T10:52:10.673+0000] {logging_mixin.py:190} INFO - [2025-02-03T10:52:10.673+0000] {override.py:1911} INFO - Created Permission View: menu access on DAG Run:example_setup_teardown
[2025-02-03T10:52:10.683+0000] {logging_mixin.py:190} INFO - [2025-02-03T10:52:10.682+0000] {override.py:1911} INFO - Created Permission View: can delete on DAG Run:example_setup_teardown
[2025-02-03T10:52:10.683+0000] {logging_mixin.py:190} INFO - [2025-02-03T10:52:10.683+0000] {dag.py:3239} INFO - Sync 1 DAGs
[2025-02-03T10:52:10.701+0000] {logging_mixin.py:190} INFO - [2025-02-03T10:52:10.700+0000] {dag.py:3262} INFO - Creating ORM DAG for example_setup_teardown
[2025-02-03T10:52:10.702+0000] {logging_mixin.py:190} INFO - [2025-02-03T10:52:10.701+0000] {dag.py:4180} INFO - Setting next_dagrun for example_setup_teardown to None, run_after=None
[2025-02-03T10:52:10.724+0000] {processor.py:208} INFO - Processing /home/airflow/.local/lib/python3.12/site-packages/airflow/example_dags/example_setup_teardown.py took 0.289 seconds
[2025-02-03T10:52:41.492+0000] {processor.py:186} INFO - Started process (PID=150) to work on /home/airflow/.local/lib/python3.12/site-packages/airflow/example_dags/example_setup_teardown.py
[2025-02-03T10:52:41.493+0000] {processor.py:914} INFO - Processing file /home/airflow/.local/lib/python3.12/site-packages/airflow/example_dags/example_setup_teardown.py for tasks to queue
[2025-02-03T10:52:41.496+0000] {logging_mixin.py:190} INFO - [2025-02-03T10:52:41.496+0000] {dagbag.py:588} INFO - Filling up the DagBag from /home/airflow/.local/lib/python3.12/site-packages/airflow/example_dags/example_setup_teardown.py
[2025-02-03T10:52:41.506+0000] {processor.py:925} INFO - DAG(s) 'example_setup_teardown' retrieved from /home/airflow/.local/lib/python3.12/site-packages/airflow/example_dags/example_setup_teardown.py
[2025-02-03T10:52:41.544+0000] {logging_mixin.py:190} INFO - [2025-02-03T10:52:41.544+0000] {dag.py:3239} INFO - Sync 1 DAGs
[2025-02-03T10:52:41.568+0000] {logging_mixin.py:190} INFO - [2025-02-03T10:52:41.568+0000] {dag.py:4180} INFO - Setting next_dagrun for example_setup_teardown to None, run_after=None
[2025-02-03T10:52:41.598+0000] {processor.py:208} INFO - Processing /home/airflow/.local/lib/python3.12/site-packages/airflow/example_dags/example_setup_teardown.py took 0.115 seconds
[2025-02-03T10:53:12.069+0000] {processor.py:186} INFO - Started process (PID=212) to work on /home/airflow/.local/lib/python3.12/site-packages/airflow/example_dags/example_setup_teardown.py
[2025-02-03T10:53:12.073+0000] {processor.py:914} INFO - Processing file /home/airflow/.local/lib/python3.12/site-packages/airflow/example_dags/example_setup_teardown.py for tasks to queue
[2025-02-03T10:53:12.077+0000] {logging_mixin.py:190} INFO - [2025-02-03T10:53:12.076+0000] {dagbag.py:588} INFO - Filling up the DagBag from /home/airflow/.local/lib/python3.12/site-packages/airflow/example_dags/example_setup_teardown.py
[2025-02-03T10:53:12.099+0000] {processor.py:925} INFO - DAG(s) 'example_setup_teardown' retrieved from /home/airflow/.local/lib/python3.12/site-packages/airflow/example_dags/example_setup_teardown.py
[2025-02-03T10:53:12.143+0000] {logging_mixin.py:190} INFO - [2025-02-03T10:53:12.143+0000] {dag.py:3239} INFO - Sync 1 DAGs
[2025-02-03T10:53:12.164+0000] {logging_mixin.py:190} INFO - [2025-02-03T10:53:12.164+0000] {dag.py:4180} INFO - Setting next_dagrun for example_setup_teardown to None, run_after=None
[2025-02-03T10:53:12.196+0000] {processor.py:208} INFO - Processing /home/airflow/.local/lib/python3.12/site-packages/airflow/example_dags/example_setup_teardown.py took 0.135 seconds
[2025-02-03T23:48:13.140+0000] {processor.py:186} INFO - Started process (PID=79) to work on /home/airflow/.local/lib/python3.12/site-packages/airflow/example_dags/example_setup_teardown.py
[2025-02-03T23:48:13.141+0000] {processor.py:914} INFO - Processing file /home/airflow/.local/lib/python3.12/site-packages/airflow/example_dags/example_setup_teardown.py for tasks to queue
[2025-02-03T23:48:13.144+0000] {logging_mixin.py:190} INFO - [2025-02-03T23:48:13.144+0000] {dagbag.py:588} INFO - Filling up the DagBag from /home/airflow/.local/lib/python3.12/site-packages/airflow/example_dags/example_setup_teardown.py
[2025-02-03T23:48:13.154+0000] {processor.py:925} INFO - DAG(s) 'example_setup_teardown' retrieved from /home/airflow/.local/lib/python3.12/site-packages/airflow/example_dags/example_setup_teardown.py
[2025-02-03T23:48:13.180+0000] {logging_mixin.py:190} INFO - [2025-02-03T23:48:13.180+0000] {dag.py:3239} INFO - Sync 1 DAGs
[2025-02-03T23:48:13.197+0000] {logging_mixin.py:190} INFO - [2025-02-03T23:48:13.197+0000] {dag.py:4180} INFO - Setting next_dagrun for example_setup_teardown to None, run_after=None
[2025-02-03T23:48:13.219+0000] {processor.py:208} INFO - Processing /home/airflow/.local/lib/python3.12/site-packages/airflow/example_dags/example_setup_teardown.py took 0.086 seconds
[2025-02-03T23:48:44.223+0000] {processor.py:186} INFO - Started process (PID=141) to work on /home/airflow/.local/lib/python3.12/site-packages/airflow/example_dags/example_setup_teardown.py
[2025-02-03T23:48:44.225+0000] {processor.py:914} INFO - Processing file /home/airflow/.local/lib/python3.12/site-packages/airflow/example_dags/example_setup_teardown.py for tasks to queue
[2025-02-03T23:48:44.229+0000] {logging_mixin.py:190} INFO - [2025-02-03T23:48:44.229+0000] {dagbag.py:588} INFO - Filling up the DagBag from /home/airflow/.local/lib/python3.12/site-packages/airflow/example_dags/example_setup_teardown.py
[2025-02-03T23:48:44.244+0000] {processor.py:925} INFO - DAG(s) 'example_setup_teardown' retrieved from /home/airflow/.local/lib/python3.12/site-packages/airflow/example_dags/example_setup_teardown.py
[2025-02-03T23:48:44.287+0000] {logging_mixin.py:190} INFO - [2025-02-03T23:48:44.287+0000] {dag.py:3239} INFO - Sync 1 DAGs
[2025-02-03T23:48:44.314+0000] {logging_mixin.py:190} INFO - [2025-02-03T23:48:44.314+0000] {dag.py:4180} INFO - Setting next_dagrun for example_setup_teardown to None, run_after=None
[2025-02-03T23:48:44.344+0000] {processor.py:208} INFO - Processing /home/airflow/.local/lib/python3.12/site-packages/airflow/example_dags/example_setup_teardown.py took 0.132 seconds
[2025-02-03T23:49:15.150+0000] {processor.py:186} INFO - Started process (PID=211) to work on /home/airflow/.local/lib/python3.12/site-packages/airflow/example_dags/example_setup_teardown.py
[2025-02-03T23:49:15.152+0000] {processor.py:914} INFO - Processing file /home/airflow/.local/lib/python3.12/site-packages/airflow/example_dags/example_setup_teardown.py for tasks to queue
[2025-02-03T23:49:15.155+0000] {logging_mixin.py:190} INFO - [2025-02-03T23:49:15.155+0000] {dagbag.py:588} INFO - Filling up the DagBag from /home/airflow/.local/lib/python3.12/site-packages/airflow/example_dags/example_setup_teardown.py
[2025-02-03T23:49:15.171+0000] {processor.py:925} INFO - DAG(s) 'example_setup_teardown' retrieved from /home/airflow/.local/lib/python3.12/site-packages/airflow/example_dags/example_setup_teardown.py
[2025-02-03T23:49:15.200+0000] {logging_mixin.py:190} INFO - [2025-02-03T23:49:15.200+0000] {dag.py:3239} INFO - Sync 1 DAGs
[2025-02-03T23:49:15.219+0000] {logging_mixin.py:190} INFO - [2025-02-03T23:49:15.218+0000] {dag.py:4180} INFO - Setting next_dagrun for example_setup_teardown to None, run_after=None
[2025-02-03T23:49:15.241+0000] {processor.py:208} INFO - Processing /home/airflow/.local/lib/python3.12/site-packages/airflow/example_dags/example_setup_teardown.py took 0.100 seconds
[2025-02-03T23:49:46.831+0000] {processor.py:186} INFO - Started process (PID=274) to work on /home/airflow/.local/lib/python3.12/site-packages/airflow/example_dags/example_setup_teardown.py
[2025-02-03T23:49:46.832+0000] {processor.py:914} INFO - Processing file /home/airflow/.local/lib/python3.12/site-packages/airflow/example_dags/example_setup_teardown.py for tasks to queue
[2025-02-03T23:49:46.837+0000] {logging_mixin.py:190} INFO - [2025-02-03T23:49:46.837+0000] {dagbag.py:588} INFO - Filling up the DagBag from /home/airflow/.local/lib/python3.12/site-packages/airflow/example_dags/example_setup_teardown.py
[2025-02-03T23:49:46.858+0000] {processor.py:925} INFO - DAG(s) 'example_setup_teardown' retrieved from /home/airflow/.local/lib/python3.12/site-packages/airflow/example_dags/example_setup_teardown.py
[2025-02-03T23:49:46.897+0000] {logging_mixin.py:190} INFO - [2025-02-03T23:49:46.896+0000] {dag.py:3239} INFO - Sync 1 DAGs
[2025-02-03T23:49:46.949+0000] {logging_mixin.py:190} INFO - [2025-02-03T23:49:46.948+0000] {dag.py:4180} INFO - Setting next_dagrun for example_setup_teardown to None, run_after=None
[2025-02-03T23:49:46.987+0000] {processor.py:208} INFO - Processing /home/airflow/.local/lib/python3.12/site-packages/airflow/example_dags/example_setup_teardown.py took 0.167 seconds
[2025-02-03T23:50:21.037+0000] {processor.py:186} INFO - Started process (PID=337) to work on /home/airflow/.local/lib/python3.12/site-packages/airflow/example_dags/example_setup_teardown.py
[2025-02-03T23:50:21.042+0000] {processor.py:914} INFO - Processing file /home/airflow/.local/lib/python3.12/site-packages/airflow/example_dags/example_setup_teardown.py for tasks to queue
[2025-02-03T23:50:21.053+0000] {logging_mixin.py:190} INFO - [2025-02-03T23:50:21.053+0000] {dagbag.py:588} INFO - Filling up the DagBag from /home/airflow/.local/lib/python3.12/site-packages/airflow/example_dags/example_setup_teardown.py
[2025-02-03T23:50:21.078+0000] {processor.py:925} INFO - DAG(s) 'example_setup_teardown' retrieved from /home/airflow/.local/lib/python3.12/site-packages/airflow/example_dags/example_setup_teardown.py
[2025-02-03T23:50:21.144+0000] {logging_mixin.py:190} INFO - [2025-02-03T23:50:21.143+0000] {dag.py:3239} INFO - Sync 1 DAGs
[2025-02-03T23:50:21.182+0000] {logging_mixin.py:190} INFO - [2025-02-03T23:50:21.182+0000] {dag.py:4180} INFO - Setting next_dagrun for example_setup_teardown to None, run_after=None
[2025-02-03T23:50:21.225+0000] {processor.py:208} INFO - Processing /home/airflow/.local/lib/python3.12/site-packages/airflow/example_dags/example_setup_teardown.py took 0.201 seconds
[2025-02-03T23:50:51.595+0000] {processor.py:186} INFO - Started process (PID=399) to work on /home/airflow/.local/lib/python3.12/site-packages/airflow/example_dags/example_setup_teardown.py
[2025-02-03T23:50:51.596+0000] {processor.py:914} INFO - Processing file /home/airflow/.local/lib/python3.12/site-packages/airflow/example_dags/example_setup_teardown.py for tasks to queue
[2025-02-03T23:50:51.603+0000] {logging_mixin.py:190} INFO - [2025-02-03T23:50:51.602+0000] {dagbag.py:588} INFO - Filling up the DagBag from /home/airflow/.local/lib/python3.12/site-packages/airflow/example_dags/example_setup_teardown.py
[2025-02-03T23:50:51.613+0000] {processor.py:925} INFO - DAG(s) 'example_setup_teardown' retrieved from /home/airflow/.local/lib/python3.12/site-packages/airflow/example_dags/example_setup_teardown.py
[2025-02-03T23:50:51.636+0000] {logging_mixin.py:190} INFO - [2025-02-03T23:50:51.636+0000] {dag.py:3239} INFO - Sync 1 DAGs
[2025-02-03T23:50:51.653+0000] {logging_mixin.py:190} INFO - [2025-02-03T23:50:51.653+0000] {dag.py:4180} INFO - Setting next_dagrun for example_setup_teardown to None, run_after=None
[2025-02-03T23:50:51.675+0000] {processor.py:208} INFO - Processing /home/airflow/.local/lib/python3.12/site-packages/airflow/example_dags/example_setup_teardown.py took 0.090 seconds
[2025-02-03T23:51:22.328+0000] {processor.py:186} INFO - Started process (PID=462) to work on /home/airflow/.local/lib/python3.12/site-packages/airflow/example_dags/example_setup_teardown.py
[2025-02-03T23:51:22.329+0000] {processor.py:914} INFO - Processing file /home/airflow/.local/lib/python3.12/site-packages/airflow/example_dags/example_setup_teardown.py for tasks to queue
[2025-02-03T23:51:22.332+0000] {logging_mixin.py:190} INFO - [2025-02-03T23:51:22.331+0000] {dagbag.py:588} INFO - Filling up the DagBag from /home/airflow/.local/lib/python3.12/site-packages/airflow/example_dags/example_setup_teardown.py
[2025-02-03T23:51:22.342+0000] {processor.py:925} INFO - DAG(s) 'example_setup_teardown' retrieved from /home/airflow/.local/lib/python3.12/site-packages/airflow/example_dags/example_setup_teardown.py
[2025-02-03T23:51:22.369+0000] {logging_mixin.py:190} INFO - [2025-02-03T23:51:22.369+0000] {dag.py:3239} INFO - Sync 1 DAGs
[2025-02-03T23:51:22.390+0000] {logging_mixin.py:190} INFO - [2025-02-03T23:51:22.389+0000] {dag.py:4180} INFO - Setting next_dagrun for example_setup_teardown to None, run_after=None
[2025-02-03T23:51:22.410+0000] {processor.py:208} INFO - Processing /home/airflow/.local/lib/python3.12/site-packages/airflow/example_dags/example_setup_teardown.py took 0.090 seconds
[2025-02-03T23:51:53.574+0000] {processor.py:186} INFO - Started process (PID=525) to work on /home/airflow/.local/lib/python3.12/site-packages/airflow/example_dags/example_setup_teardown.py
[2025-02-03T23:51:53.575+0000] {processor.py:914} INFO - Processing file /home/airflow/.local/lib/python3.12/site-packages/airflow/example_dags/example_setup_teardown.py for tasks to queue
[2025-02-03T23:51:53.577+0000] {logging_mixin.py:190} INFO - [2025-02-03T23:51:53.577+0000] {dagbag.py:588} INFO - Filling up the DagBag from /home/airflow/.local/lib/python3.12/site-packages/airflow/example_dags/example_setup_teardown.py
[2025-02-03T23:51:53.590+0000] {processor.py:925} INFO - DAG(s) 'example_setup_teardown' retrieved from /home/airflow/.local/lib/python3.12/site-packages/airflow/example_dags/example_setup_teardown.py
[2025-02-03T23:51:53.614+0000] {logging_mixin.py:190} INFO - [2025-02-03T23:51:53.614+0000] {dag.py:3239} INFO - Sync 1 DAGs
[2025-02-03T23:51:53.634+0000] {logging_mixin.py:190} INFO - [2025-02-03T23:51:53.634+0000] {dag.py:4180} INFO - Setting next_dagrun for example_setup_teardown to None, run_after=None
[2025-02-03T23:51:53.655+0000] {processor.py:208} INFO - Processing /home/airflow/.local/lib/python3.12/site-packages/airflow/example_dags/example_setup_teardown.py took 0.088 seconds
[2025-02-03T23:52:25.147+0000] {processor.py:186} INFO - Started process (PID=588) to work on /home/airflow/.local/lib/python3.12/site-packages/airflow/example_dags/example_setup_teardown.py
[2025-02-03T23:52:25.148+0000] {processor.py:914} INFO - Processing file /home/airflow/.local/lib/python3.12/site-packages/airflow/example_dags/example_setup_teardown.py for tasks to queue
[2025-02-03T23:52:25.151+0000] {logging_mixin.py:190} INFO - [2025-02-03T23:52:25.150+0000] {dagbag.py:588} INFO - Filling up the DagBag from /home/airflow/.local/lib/python3.12/site-packages/airflow/example_dags/example_setup_teardown.py
[2025-02-03T23:52:25.165+0000] {processor.py:925} INFO - DAG(s) 'example_setup_teardown' retrieved from /home/airflow/.local/lib/python3.12/site-packages/airflow/example_dags/example_setup_teardown.py
[2025-02-03T23:52:25.189+0000] {logging_mixin.py:190} INFO - [2025-02-03T23:52:25.189+0000] {dag.py:3239} INFO - Sync 1 DAGs
[2025-02-03T23:52:25.207+0000] {logging_mixin.py:190} INFO - [2025-02-03T23:52:25.206+0000] {dag.py:4180} INFO - Setting next_dagrun for example_setup_teardown to None, run_after=None
[2025-02-03T23:52:25.227+0000] {processor.py:208} INFO - Processing /home/airflow/.local/lib/python3.12/site-packages/airflow/example_dags/example_setup_teardown.py took 0.088 seconds
[2025-02-03T23:52:56.547+0000] {processor.py:186} INFO - Started process (PID=651) to work on /home/airflow/.local/lib/python3.12/site-packages/airflow/example_dags/example_setup_teardown.py
[2025-02-03T23:52:56.548+0000] {processor.py:914} INFO - Processing file /home/airflow/.local/lib/python3.12/site-packages/airflow/example_dags/example_setup_teardown.py for tasks to queue
[2025-02-03T23:52:56.551+0000] {logging_mixin.py:190} INFO - [2025-02-03T23:52:56.550+0000] {dagbag.py:588} INFO - Filling up the DagBag from /home/airflow/.local/lib/python3.12/site-packages/airflow/example_dags/example_setup_teardown.py
[2025-02-03T23:52:56.561+0000] {processor.py:925} INFO - DAG(s) 'example_setup_teardown' retrieved from /home/airflow/.local/lib/python3.12/site-packages/airflow/example_dags/example_setup_teardown.py
[2025-02-03T23:52:56.587+0000] {logging_mixin.py:190} INFO - [2025-02-03T23:52:56.586+0000] {dag.py:3239} INFO - Sync 1 DAGs
[2025-02-03T23:52:56.604+0000] {logging_mixin.py:190} INFO - [2025-02-03T23:52:56.604+0000] {dag.py:4180} INFO - Setting next_dagrun for example_setup_teardown to None, run_after=None
[2025-02-03T23:52:56.625+0000] {processor.py:208} INFO - Processing /home/airflow/.local/lib/python3.12/site-packages/airflow/example_dags/example_setup_teardown.py took 0.085 seconds
[2025-02-03T23:53:28.058+0000] {processor.py:186} INFO - Started process (PID=714) to work on /home/airflow/.local/lib/python3.12/site-packages/airflow/example_dags/example_setup_teardown.py
[2025-02-03T23:53:28.060+0000] {processor.py:914} INFO - Processing file /home/airflow/.local/lib/python3.12/site-packages/airflow/example_dags/example_setup_teardown.py for tasks to queue
[2025-02-03T23:53:28.064+0000] {logging_mixin.py:190} INFO - [2025-02-03T23:53:28.063+0000] {dagbag.py:588} INFO - Filling up the DagBag from /home/airflow/.local/lib/python3.12/site-packages/airflow/example_dags/example_setup_teardown.py
[2025-02-03T23:53:28.075+0000] {processor.py:925} INFO - DAG(s) 'example_setup_teardown' retrieved from /home/airflow/.local/lib/python3.12/site-packages/airflow/example_dags/example_setup_teardown.py
[2025-02-03T23:53:28.104+0000] {logging_mixin.py:190} INFO - [2025-02-03T23:53:28.103+0000] {dag.py:3239} INFO - Sync 1 DAGs
[2025-02-03T23:53:28.127+0000] {logging_mixin.py:190} INFO - [2025-02-03T23:53:28.127+0000] {dag.py:4180} INFO - Setting next_dagrun for example_setup_teardown to None, run_after=None
[2025-02-03T23:53:28.152+0000] {processor.py:208} INFO - Processing /home/airflow/.local/lib/python3.12/site-packages/airflow/example_dags/example_setup_teardown.py took 0.101 seconds
[2025-02-03T23:53:59.211+0000] {processor.py:186} INFO - Started process (PID=777) to work on /home/airflow/.local/lib/python3.12/site-packages/airflow/example_dags/example_setup_teardown.py
[2025-02-03T23:53:59.212+0000] {processor.py:914} INFO - Processing file /home/airflow/.local/lib/python3.12/site-packages/airflow/example_dags/example_setup_teardown.py for tasks to queue
[2025-02-03T23:53:59.215+0000] {logging_mixin.py:190} INFO - [2025-02-03T23:53:59.214+0000] {dagbag.py:588} INFO - Filling up the DagBag from /home/airflow/.local/lib/python3.12/site-packages/airflow/example_dags/example_setup_teardown.py
[2025-02-03T23:53:59.225+0000] {processor.py:925} INFO - DAG(s) 'example_setup_teardown' retrieved from /home/airflow/.local/lib/python3.12/site-packages/airflow/example_dags/example_setup_teardown.py
[2025-02-03T23:53:59.252+0000] {logging_mixin.py:190} INFO - [2025-02-03T23:53:59.252+0000] {dag.py:3239} INFO - Sync 1 DAGs
[2025-02-03T23:53:59.271+0000] {logging_mixin.py:190} INFO - [2025-02-03T23:53:59.271+0000] {dag.py:4180} INFO - Setting next_dagrun for example_setup_teardown to None, run_after=None
[2025-02-03T23:53:59.295+0000] {processor.py:208} INFO - Processing /home/airflow/.local/lib/python3.12/site-packages/airflow/example_dags/example_setup_teardown.py took 0.092 seconds
[2025-02-03T23:54:30.556+0000] {processor.py:186} INFO - Started process (PID=840) to work on /home/airflow/.local/lib/python3.12/site-packages/airflow/example_dags/example_setup_teardown.py
[2025-02-03T23:54:30.557+0000] {processor.py:914} INFO - Processing file /home/airflow/.local/lib/python3.12/site-packages/airflow/example_dags/example_setup_teardown.py for tasks to queue
[2025-02-03T23:54:30.560+0000] {logging_mixin.py:190} INFO - [2025-02-03T23:54:30.560+0000] {dagbag.py:588} INFO - Filling up the DagBag from /home/airflow/.local/lib/python3.12/site-packages/airflow/example_dags/example_setup_teardown.py
[2025-02-03T23:54:30.571+0000] {processor.py:925} INFO - DAG(s) 'example_setup_teardown' retrieved from /home/airflow/.local/lib/python3.12/site-packages/airflow/example_dags/example_setup_teardown.py
[2025-02-03T23:54:30.601+0000] {logging_mixin.py:190} INFO - [2025-02-03T23:54:30.600+0000] {dag.py:3239} INFO - Sync 1 DAGs
[2025-02-03T23:54:30.622+0000] {logging_mixin.py:190} INFO - [2025-02-03T23:54:30.622+0000] {dag.py:4180} INFO - Setting next_dagrun for example_setup_teardown to None, run_after=None
[2025-02-03T23:54:30.645+0000] {processor.py:208} INFO - Processing /home/airflow/.local/lib/python3.12/site-packages/airflow/example_dags/example_setup_teardown.py took 0.096 seconds
[2025-02-03T23:55:02.478+0000] {processor.py:186} INFO - Started process (PID=903) to work on /home/airflow/.local/lib/python3.12/site-packages/airflow/example_dags/example_setup_teardown.py
[2025-02-03T23:55:02.479+0000] {processor.py:914} INFO - Processing file /home/airflow/.local/lib/python3.12/site-packages/airflow/example_dags/example_setup_teardown.py for tasks to queue
[2025-02-03T23:55:02.486+0000] {logging_mixin.py:190} INFO - [2025-02-03T23:55:02.485+0000] {dagbag.py:588} INFO - Filling up the DagBag from /home/airflow/.local/lib/python3.12/site-packages/airflow/example_dags/example_setup_teardown.py
[2025-02-03T23:55:02.500+0000] {processor.py:925} INFO - DAG(s) 'example_setup_teardown' retrieved from /home/airflow/.local/lib/python3.12/site-packages/airflow/example_dags/example_setup_teardown.py
[2025-02-03T23:55:02.531+0000] {logging_mixin.py:190} INFO - [2025-02-03T23:55:02.531+0000] {dag.py:3239} INFO - Sync 1 DAGs
[2025-02-03T23:55:02.550+0000] {logging_mixin.py:190} INFO - [2025-02-03T23:55:02.550+0000] {dag.py:4180} INFO - Setting next_dagrun for example_setup_teardown to None, run_after=None
[2025-02-03T23:55:02.574+0000] {processor.py:208} INFO - Processing /home/airflow/.local/lib/python3.12/site-packages/airflow/example_dags/example_setup_teardown.py took 0.104 seconds
[2025-02-03T23:55:33.651+0000] {processor.py:186} INFO - Started process (PID=966) to work on /home/airflow/.local/lib/python3.12/site-packages/airflow/example_dags/example_setup_teardown.py
[2025-02-03T23:55:33.652+0000] {processor.py:914} INFO - Processing file /home/airflow/.local/lib/python3.12/site-packages/airflow/example_dags/example_setup_teardown.py for tasks to queue
[2025-02-03T23:55:33.656+0000] {logging_mixin.py:190} INFO - [2025-02-03T23:55:33.655+0000] {dagbag.py:588} INFO - Filling up the DagBag from /home/airflow/.local/lib/python3.12/site-packages/airflow/example_dags/example_setup_teardown.py
[2025-02-03T23:55:33.670+0000] {processor.py:925} INFO - DAG(s) 'example_setup_teardown' retrieved from /home/airflow/.local/lib/python3.12/site-packages/airflow/example_dags/example_setup_teardown.py
[2025-02-03T23:55:33.712+0000] {logging_mixin.py:190} INFO - [2025-02-03T23:55:33.712+0000] {dag.py:3239} INFO - Sync 1 DAGs
[2025-02-03T23:55:33.745+0000] {logging_mixin.py:190} INFO - [2025-02-03T23:55:33.745+0000] {dag.py:4180} INFO - Setting next_dagrun for example_setup_teardown to None, run_after=None
[2025-02-03T23:55:33.771+0000] {processor.py:208} INFO - Processing /home/airflow/.local/lib/python3.12/site-packages/airflow/example_dags/example_setup_teardown.py took 0.128 seconds
[2025-02-03T23:56:04.871+0000] {processor.py:186} INFO - Started process (PID=1029) to work on /home/airflow/.local/lib/python3.12/site-packages/airflow/example_dags/example_setup_teardown.py
[2025-02-03T23:56:04.872+0000] {processor.py:914} INFO - Processing file /home/airflow/.local/lib/python3.12/site-packages/airflow/example_dags/example_setup_teardown.py for tasks to queue
[2025-02-03T23:56:04.875+0000] {logging_mixin.py:190} INFO - [2025-02-03T23:56:04.875+0000] {dagbag.py:588} INFO - Filling up the DagBag from /home/airflow/.local/lib/python3.12/site-packages/airflow/example_dags/example_setup_teardown.py
[2025-02-03T23:56:04.885+0000] {processor.py:925} INFO - DAG(s) 'example_setup_teardown' retrieved from /home/airflow/.local/lib/python3.12/site-packages/airflow/example_dags/example_setup_teardown.py
[2025-02-03T23:56:04.912+0000] {logging_mixin.py:190} INFO - [2025-02-03T23:56:04.912+0000] {dag.py:3239} INFO - Sync 1 DAGs
[2025-02-03T23:56:04.932+0000] {logging_mixin.py:190} INFO - [2025-02-03T23:56:04.931+0000] {dag.py:4180} INFO - Setting next_dagrun for example_setup_teardown to None, run_after=None
[2025-02-03T23:56:04.956+0000] {processor.py:208} INFO - Processing /home/airflow/.local/lib/python3.12/site-packages/airflow/example_dags/example_setup_teardown.py took 0.092 seconds
[2025-02-03T23:56:36.274+0000] {processor.py:186} INFO - Started process (PID=1092) to work on /home/airflow/.local/lib/python3.12/site-packages/airflow/example_dags/example_setup_teardown.py
[2025-02-03T23:56:36.275+0000] {processor.py:914} INFO - Processing file /home/airflow/.local/lib/python3.12/site-packages/airflow/example_dags/example_setup_teardown.py for tasks to queue
[2025-02-03T23:56:36.278+0000] {logging_mixin.py:190} INFO - [2025-02-03T23:56:36.278+0000] {dagbag.py:588} INFO - Filling up the DagBag from /home/airflow/.local/lib/python3.12/site-packages/airflow/example_dags/example_setup_teardown.py
[2025-02-03T23:56:36.298+0000] {processor.py:925} INFO - DAG(s) 'example_setup_teardown' retrieved from /home/airflow/.local/lib/python3.12/site-packages/airflow/example_dags/example_setup_teardown.py
[2025-02-03T23:56:36.326+0000] {logging_mixin.py:190} INFO - [2025-02-03T23:56:36.326+0000] {dag.py:3239} INFO - Sync 1 DAGs
[2025-02-03T23:56:36.343+0000] {logging_mixin.py:190} INFO - [2025-02-03T23:56:36.342+0000] {dag.py:4180} INFO - Setting next_dagrun for example_setup_teardown to None, run_after=None
[2025-02-03T23:56:36.364+0000] {processor.py:208} INFO - Processing /home/airflow/.local/lib/python3.12/site-packages/airflow/example_dags/example_setup_teardown.py took 0.097 seconds
[2025-02-03T23:57:07.784+0000] {processor.py:186} INFO - Started process (PID=1155) to work on /home/airflow/.local/lib/python3.12/site-packages/airflow/example_dags/example_setup_teardown.py
[2025-02-03T23:57:07.786+0000] {processor.py:914} INFO - Processing file /home/airflow/.local/lib/python3.12/site-packages/airflow/example_dags/example_setup_teardown.py for tasks to queue
[2025-02-03T23:57:07.789+0000] {logging_mixin.py:190} INFO - [2025-02-03T23:57:07.788+0000] {dagbag.py:588} INFO - Filling up the DagBag from /home/airflow/.local/lib/python3.12/site-packages/airflow/example_dags/example_setup_teardown.py
[2025-02-03T23:57:07.804+0000] {processor.py:925} INFO - DAG(s) 'example_setup_teardown' retrieved from /home/airflow/.local/lib/python3.12/site-packages/airflow/example_dags/example_setup_teardown.py
[2025-02-03T23:57:07.835+0000] {logging_mixin.py:190} INFO - [2025-02-03T23:57:07.834+0000] {dag.py:3239} INFO - Sync 1 DAGs
[2025-02-03T23:57:07.854+0000] {logging_mixin.py:190} INFO - [2025-02-03T23:57:07.853+0000] {dag.py:4180} INFO - Setting next_dagrun for example_setup_teardown to None, run_after=None
[2025-02-03T23:57:07.879+0000] {processor.py:208} INFO - Processing /home/airflow/.local/lib/python3.12/site-packages/airflow/example_dags/example_setup_teardown.py took 0.138 seconds
[2025-02-03T23:57:38.716+0000] {processor.py:186} INFO - Started process (PID=1218) to work on /home/airflow/.local/lib/python3.12/site-packages/airflow/example_dags/example_setup_teardown.py
[2025-02-03T23:57:38.718+0000] {processor.py:914} INFO - Processing file /home/airflow/.local/lib/python3.12/site-packages/airflow/example_dags/example_setup_teardown.py for tasks to queue
[2025-02-03T23:57:38.720+0000] {logging_mixin.py:190} INFO - [2025-02-03T23:57:38.720+0000] {dagbag.py:588} INFO - Filling up the DagBag from /home/airflow/.local/lib/python3.12/site-packages/airflow/example_dags/example_setup_teardown.py
[2025-02-03T23:57:38.730+0000] {processor.py:925} INFO - DAG(s) 'example_setup_teardown' retrieved from /home/airflow/.local/lib/python3.12/site-packages/airflow/example_dags/example_setup_teardown.py
[2025-02-03T23:57:38.756+0000] {logging_mixin.py:190} INFO - [2025-02-03T23:57:38.756+0000] {dag.py:3239} INFO - Sync 1 DAGs
[2025-02-03T23:57:38.774+0000] {logging_mixin.py:190} INFO - [2025-02-03T23:57:38.774+0000] {dag.py:4180} INFO - Setting next_dagrun for example_setup_teardown to None, run_after=None
[2025-02-03T23:57:38.796+0000] {processor.py:208} INFO - Processing /home/airflow/.local/lib/python3.12/site-packages/airflow/example_dags/example_setup_teardown.py took 0.086 seconds
[2025-02-03T23:58:09.939+0000] {processor.py:186} INFO - Started process (PID=1281) to work on /home/airflow/.local/lib/python3.12/site-packages/airflow/example_dags/example_setup_teardown.py
[2025-02-03T23:58:09.940+0000] {processor.py:914} INFO - Processing file /home/airflow/.local/lib/python3.12/site-packages/airflow/example_dags/example_setup_teardown.py for tasks to queue
[2025-02-03T23:58:09.943+0000] {logging_mixin.py:190} INFO - [2025-02-03T23:58:09.943+0000] {dagbag.py:588} INFO - Filling up the DagBag from /home/airflow/.local/lib/python3.12/site-packages/airflow/example_dags/example_setup_teardown.py
[2025-02-03T23:58:09.956+0000] {processor.py:925} INFO - DAG(s) 'example_setup_teardown' retrieved from /home/airflow/.local/lib/python3.12/site-packages/airflow/example_dags/example_setup_teardown.py
[2025-02-03T23:58:09.987+0000] {logging_mixin.py:190} INFO - [2025-02-03T23:58:09.986+0000] {dag.py:3239} INFO - Sync 1 DAGs
[2025-02-03T23:58:10.005+0000] {logging_mixin.py:190} INFO - [2025-02-03T23:58:10.005+0000] {dag.py:4180} INFO - Setting next_dagrun for example_setup_teardown to None, run_after=None
[2025-02-03T23:58:10.027+0000] {processor.py:208} INFO - Processing /home/airflow/.local/lib/python3.12/site-packages/airflow/example_dags/example_setup_teardown.py took 0.097 seconds
[2025-02-03T23:58:41.048+0000] {processor.py:186} INFO - Started process (PID=1344) to work on /home/airflow/.local/lib/python3.12/site-packages/airflow/example_dags/example_setup_teardown.py
[2025-02-03T23:58:41.049+0000] {processor.py:914} INFO - Processing file /home/airflow/.local/lib/python3.12/site-packages/airflow/example_dags/example_setup_teardown.py for tasks to queue
[2025-02-03T23:58:41.052+0000] {logging_mixin.py:190} INFO - [2025-02-03T23:58:41.052+0000] {dagbag.py:588} INFO - Filling up the DagBag from /home/airflow/.local/lib/python3.12/site-packages/airflow/example_dags/example_setup_teardown.py
[2025-02-03T23:58:41.064+0000] {processor.py:925} INFO - DAG(s) 'example_setup_teardown' retrieved from /home/airflow/.local/lib/python3.12/site-packages/airflow/example_dags/example_setup_teardown.py
[2025-02-03T23:58:41.094+0000] {logging_mixin.py:190} INFO - [2025-02-03T23:58:41.094+0000] {dag.py:3239} INFO - Sync 1 DAGs
[2025-02-03T23:58:41.119+0000] {logging_mixin.py:190} INFO - [2025-02-03T23:58:41.119+0000] {dag.py:4180} INFO - Setting next_dagrun for example_setup_teardown to None, run_after=None
[2025-02-03T23:58:41.146+0000] {processor.py:208} INFO - Processing /home/airflow/.local/lib/python3.12/site-packages/airflow/example_dags/example_setup_teardown.py took 0.104 seconds
[2025-02-03T23:59:11.836+0000] {processor.py:186} INFO - Started process (PID=1407) to work on /home/airflow/.local/lib/python3.12/site-packages/airflow/example_dags/example_setup_teardown.py
[2025-02-03T23:59:11.837+0000] {processor.py:914} INFO - Processing file /home/airflow/.local/lib/python3.12/site-packages/airflow/example_dags/example_setup_teardown.py for tasks to queue
[2025-02-03T23:59:11.840+0000] {logging_mixin.py:190} INFO - [2025-02-03T23:59:11.839+0000] {dagbag.py:588} INFO - Filling up the DagBag from /home/airflow/.local/lib/python3.12/site-packages/airflow/example_dags/example_setup_teardown.py
[2025-02-03T23:59:11.850+0000] {processor.py:925} INFO - DAG(s) 'example_setup_teardown' retrieved from /home/airflow/.local/lib/python3.12/site-packages/airflow/example_dags/example_setup_teardown.py
[2025-02-03T23:59:11.875+0000] {logging_mixin.py:190} INFO - [2025-02-03T23:59:11.875+0000] {dag.py:3239} INFO - Sync 1 DAGs
[2025-02-03T23:59:11.894+0000] {logging_mixin.py:190} INFO - [2025-02-03T23:59:11.893+0000] {dag.py:4180} INFO - Setting next_dagrun for example_setup_teardown to None, run_after=None
[2025-02-03T23:59:11.915+0000] {processor.py:208} INFO - Processing /home/airflow/.local/lib/python3.12/site-packages/airflow/example_dags/example_setup_teardown.py took 0.086 seconds
[2025-02-03T23:59:42.762+0000] {processor.py:186} INFO - Started process (PID=1470) to work on /home/airflow/.local/lib/python3.12/site-packages/airflow/example_dags/example_setup_teardown.py
[2025-02-03T23:59:42.763+0000] {processor.py:914} INFO - Processing file /home/airflow/.local/lib/python3.12/site-packages/airflow/example_dags/example_setup_teardown.py for tasks to queue
[2025-02-03T23:59:42.766+0000] {logging_mixin.py:190} INFO - [2025-02-03T23:59:42.765+0000] {dagbag.py:588} INFO - Filling up the DagBag from /home/airflow/.local/lib/python3.12/site-packages/airflow/example_dags/example_setup_teardown.py
[2025-02-03T23:59:42.775+0000] {processor.py:925} INFO - DAG(s) 'example_setup_teardown' retrieved from /home/airflow/.local/lib/python3.12/site-packages/airflow/example_dags/example_setup_teardown.py
[2025-02-03T23:59:42.804+0000] {logging_mixin.py:190} INFO - [2025-02-03T23:59:42.804+0000] {dag.py:3239} INFO - Sync 1 DAGs
[2025-02-03T23:59:42.823+0000] {logging_mixin.py:190} INFO - [2025-02-03T23:59:42.823+0000] {dag.py:4180} INFO - Setting next_dagrun for example_setup_teardown to None, run_after=None
[2025-02-03T23:59:42.849+0000] {processor.py:208} INFO - Processing /home/airflow/.local/lib/python3.12/site-packages/airflow/example_dags/example_setup_teardown.py took 0.097 seconds
