[2025-02-03T10:52:10.698+0000] {processor.py:186} INFO - Started process (PID=88) to work on /home/airflow/.local/lib/python3.12/site-packages/airflow/example_dags/example_external_task_marker_dag.py
[2025-02-03T10:52:10.700+0000] {processor.py:914} INFO - Processing file /home/airflow/.local/lib/python3.12/site-packages/airflow/example_dags/example_external_task_marker_dag.py for tasks to queue
[2025-02-03T10:52:10.704+0000] {logging_mixin.py:190} INFO - [2025-02-03T10:52:10.704+0000] {dagbag.py:588} INFO - Filling up the DagBag from /home/airflow/.local/lib/python3.12/site-packages/airflow/example_dags/example_external_task_marker_dag.py
[2025-02-03T10:52:10.716+0000] {processor.py:925} INFO - DAG(s) 'example_external_task_marker_child', 'example_external_task_marker_parent' retrieved from /home/airflow/.local/lib/python3.12/site-packages/airflow/example_dags/example_external_task_marker_dag.py
[2025-02-03T10:52:10.862+0000] {logging_mixin.py:190} INFO - [2025-02-03T10:52:10.861+0000] {override.py:1911} INFO - Created Permission View: can read on DAG:example_external_task_marker_child
[2025-02-03T10:52:10.875+0000] {logging_mixin.py:190} INFO - [2025-02-03T10:52:10.874+0000] {override.py:1911} INFO - Created Permission View: can edit on DAG:example_external_task_marker_child
[2025-02-03T10:52:10.885+0000] {logging_mixin.py:190} INFO - [2025-02-03T10:52:10.885+0000] {override.py:1911} INFO - Created Permission View: can delete on DAG:example_external_task_marker_child
[2025-02-03T10:52:10.894+0000] {logging_mixin.py:190} INFO - [2025-02-03T10:52:10.894+0000] {override.py:1911} INFO - Created Permission View: can read on DAG Run:example_external_task_marker_child
[2025-02-03T10:52:10.903+0000] {logging_mixin.py:190} INFO - [2025-02-03T10:52:10.903+0000] {override.py:1911} INFO - Created Permission View: can create on DAG Run:example_external_task_marker_child
[2025-02-03T10:52:10.912+0000] {logging_mixin.py:190} INFO - [2025-02-03T10:52:10.912+0000] {override.py:1911} INFO - Created Permission View: menu access on DAG Run:example_external_task_marker_child
[2025-02-03T10:52:10.920+0000] {logging_mixin.py:190} INFO - [2025-02-03T10:52:10.920+0000] {override.py:1911} INFO - Created Permission View: can delete on DAG Run:example_external_task_marker_child
[2025-02-03T10:52:10.935+0000] {logging_mixin.py:190} INFO - [2025-02-03T10:52:10.934+0000] {override.py:1911} INFO - Created Permission View: can read on DAG:example_external_task_marker_parent
[2025-02-03T10:52:10.945+0000] {logging_mixin.py:190} INFO - [2025-02-03T10:52:10.944+0000] {override.py:1911} INFO - Created Permission View: can edit on DAG:example_external_task_marker_parent
[2025-02-03T10:52:10.956+0000] {logging_mixin.py:190} INFO - [2025-02-03T10:52:10.955+0000] {override.py:1911} INFO - Created Permission View: can delete on DAG:example_external_task_marker_parent
[2025-02-03T10:52:10.968+0000] {logging_mixin.py:190} INFO - [2025-02-03T10:52:10.968+0000] {override.py:1911} INFO - Created Permission View: can read on DAG Run:example_external_task_marker_parent
[2025-02-03T10:52:10.979+0000] {logging_mixin.py:190} INFO - [2025-02-03T10:52:10.979+0000] {override.py:1911} INFO - Created Permission View: can create on DAG Run:example_external_task_marker_parent
[2025-02-03T10:52:10.990+0000] {logging_mixin.py:190} INFO - [2025-02-03T10:52:10.990+0000] {override.py:1911} INFO - Created Permission View: menu access on DAG Run:example_external_task_marker_parent
[2025-02-03T10:52:11.004+0000] {logging_mixin.py:190} INFO - [2025-02-03T10:52:11.004+0000] {override.py:1911} INFO - Created Permission View: can delete on DAG Run:example_external_task_marker_parent
[2025-02-03T10:52:11.005+0000] {logging_mixin.py:190} INFO - [2025-02-03T10:52:11.005+0000] {dag.py:3239} INFO - Sync 2 DAGs
[2025-02-03T10:52:11.023+0000] {logging_mixin.py:190} INFO - [2025-02-03T10:52:11.023+0000] {dag.py:3262} INFO - Creating ORM DAG for example_external_task_marker_child
[2025-02-03T10:52:11.024+0000] {logging_mixin.py:190} INFO - [2025-02-03T10:52:11.024+0000] {dag.py:3262} INFO - Creating ORM DAG for example_external_task_marker_parent
[2025-02-03T10:52:11.026+0000] {logging_mixin.py:190} INFO - [2025-02-03T10:52:11.026+0000] {dag.py:4180} INFO - Setting next_dagrun for example_external_task_marker_child to None, run_after=None
[2025-02-03T10:52:11.028+0000] {logging_mixin.py:190} INFO - [2025-02-03T10:52:11.028+0000] {dag.py:4180} INFO - Setting next_dagrun for example_external_task_marker_parent to None, run_after=None
[2025-02-03T10:52:11.054+0000] {processor.py:208} INFO - Processing /home/airflow/.local/lib/python3.12/site-packages/airflow/example_dags/example_external_task_marker_dag.py took 0.365 seconds
[2025-02-03T10:52:41.638+0000] {processor.py:186} INFO - Started process (PID=151) to work on /home/airflow/.local/lib/python3.12/site-packages/airflow/example_dags/example_external_task_marker_dag.py
[2025-02-03T10:52:41.640+0000] {processor.py:914} INFO - Processing file /home/airflow/.local/lib/python3.12/site-packages/airflow/example_dags/example_external_task_marker_dag.py for tasks to queue
[2025-02-03T10:52:41.644+0000] {logging_mixin.py:190} INFO - [2025-02-03T10:52:41.644+0000] {dagbag.py:588} INFO - Filling up the DagBag from /home/airflow/.local/lib/python3.12/site-packages/airflow/example_dags/example_external_task_marker_dag.py
[2025-02-03T10:52:41.656+0000] {processor.py:925} INFO - DAG(s) 'example_external_task_marker_parent', 'example_external_task_marker_child' retrieved from /home/airflow/.local/lib/python3.12/site-packages/airflow/example_dags/example_external_task_marker_dag.py
[2025-02-03T10:52:41.689+0000] {logging_mixin.py:190} INFO - [2025-02-03T10:52:41.689+0000] {dag.py:3239} INFO - Sync 2 DAGs
[2025-02-03T10:52:41.707+0000] {logging_mixin.py:190} INFO - [2025-02-03T10:52:41.707+0000] {dag.py:4180} INFO - Setting next_dagrun for example_external_task_marker_child to None, run_after=None
[2025-02-03T10:52:41.712+0000] {logging_mixin.py:190} INFO - [2025-02-03T10:52:41.712+0000] {dag.py:4180} INFO - Setting next_dagrun for example_external_task_marker_parent to None, run_after=None
[2025-02-03T10:52:41.733+0000] {processor.py:208} INFO - Processing /home/airflow/.local/lib/python3.12/site-packages/airflow/example_dags/example_external_task_marker_dag.py took 0.104 seconds
[2025-02-03T10:53:12.232+0000] {processor.py:186} INFO - Started process (PID=213) to work on /home/airflow/.local/lib/python3.12/site-packages/airflow/example_dags/example_external_task_marker_dag.py
[2025-02-03T10:53:12.234+0000] {processor.py:914} INFO - Processing file /home/airflow/.local/lib/python3.12/site-packages/airflow/example_dags/example_external_task_marker_dag.py for tasks to queue
[2025-02-03T10:53:12.237+0000] {logging_mixin.py:190} INFO - [2025-02-03T10:53:12.237+0000] {dagbag.py:588} INFO - Filling up the DagBag from /home/airflow/.local/lib/python3.12/site-packages/airflow/example_dags/example_external_task_marker_dag.py
[2025-02-03T10:53:12.250+0000] {processor.py:925} INFO - DAG(s) 'example_external_task_marker_parent', 'example_external_task_marker_child' retrieved from /home/airflow/.local/lib/python3.12/site-packages/airflow/example_dags/example_external_task_marker_dag.py
[2025-02-03T10:53:12.285+0000] {logging_mixin.py:190} INFO - [2025-02-03T10:53:12.285+0000] {dag.py:3239} INFO - Sync 2 DAGs
[2025-02-03T10:53:12.305+0000] {logging_mixin.py:190} INFO - [2025-02-03T10:53:12.305+0000] {dag.py:4180} INFO - Setting next_dagrun for example_external_task_marker_child to None, run_after=None
[2025-02-03T10:53:12.311+0000] {logging_mixin.py:190} INFO - [2025-02-03T10:53:12.311+0000] {dag.py:4180} INFO - Setting next_dagrun for example_external_task_marker_parent to None, run_after=None
[2025-02-03T10:53:12.335+0000] {processor.py:208} INFO - Processing /home/airflow/.local/lib/python3.12/site-packages/airflow/example_dags/example_external_task_marker_dag.py took 0.112 seconds
