[2025-02-03T10:52:10.372+0000] {processor.py:186} INFO - Started process (PID=86) to work on /home/airflow/.local/lib/python3.12/site-packages/airflow/example_dags/example_python_decorator.py
[2025-02-03T10:52:10.374+0000] {processor.py:914} INFO - Processing file /home/airflow/.local/lib/python3.12/site-packages/airflow/example_dags/example_python_decorator.py for tasks to queue
[2025-02-03T10:52:10.378+0000] {logging_mixin.py:190} INFO - [2025-02-03T10:52:10.377+0000] {dagbag.py:588} INFO - Filling up the DagBag from /home/airflow/.local/lib/python3.12/site-packages/airflow/example_dags/example_python_decorator.py
[2025-02-03T10:52:10.402+0000] {processor.py:925} INFO - DAG(s) 'example_python_decorator' retrieved from /home/airflow/.local/lib/python3.12/site-packages/airflow/example_dags/example_python_decorator.py
[2025-02-03T10:52:10.556+0000] {logging_mixin.py:190} INFO - [2025-02-03T10:52:10.555+0000] {override.py:1911} INFO - Created Permission View: can read on DAG:example_python_decorator
[2025-02-03T10:52:10.570+0000] {logging_mixin.py:190} INFO - [2025-02-03T10:52:10.570+0000] {override.py:1911} INFO - Created Permission View: can edit on DAG:example_python_decorator
[2025-02-03T10:52:10.578+0000] {logging_mixin.py:190} INFO - [2025-02-03T10:52:10.578+0000] {override.py:1911} INFO - Created Permission View: can delete on DAG:example_python_decorator
[2025-02-03T10:52:10.588+0000] {logging_mixin.py:190} INFO - [2025-02-03T10:52:10.587+0000] {override.py:1911} INFO - Created Permission View: can read on DAG Run:example_python_decorator
[2025-02-03T10:52:10.596+0000] {logging_mixin.py:190} INFO - [2025-02-03T10:52:10.596+0000] {override.py:1911} INFO - Created Permission View: can create on DAG Run:example_python_decorator
[2025-02-03T10:52:10.604+0000] {logging_mixin.py:190} INFO - [2025-02-03T10:52:10.604+0000] {override.py:1911} INFO - Created Permission View: menu access on DAG Run:example_python_decorator
[2025-02-03T10:52:10.612+0000] {logging_mixin.py:190} INFO - [2025-02-03T10:52:10.612+0000] {override.py:1911} INFO - Created Permission View: can delete on DAG Run:example_python_decorator
[2025-02-03T10:52:10.613+0000] {logging_mixin.py:190} INFO - [2025-02-03T10:52:10.613+0000] {dag.py:3239} INFO - Sync 1 DAGs
[2025-02-03T10:52:10.633+0000] {logging_mixin.py:190} INFO - [2025-02-03T10:52:10.633+0000] {dag.py:3262} INFO - Creating ORM DAG for example_python_decorator
[2025-02-03T10:52:10.634+0000] {logging_mixin.py:190} INFO - [2025-02-03T10:52:10.634+0000] {dag.py:4180} INFO - Setting next_dagrun for example_python_decorator to None, run_after=None
[2025-02-03T10:52:10.659+0000] {processor.py:208} INFO - Processing /home/airflow/.local/lib/python3.12/site-packages/airflow/example_dags/example_python_decorator.py took 0.296 seconds
[2025-02-03T10:52:41.370+0000] {processor.py:186} INFO - Started process (PID=149) to work on /home/airflow/.local/lib/python3.12/site-packages/airflow/example_dags/example_python_decorator.py
[2025-02-03T10:52:41.371+0000] {processor.py:914} INFO - Processing file /home/airflow/.local/lib/python3.12/site-packages/airflow/example_dags/example_python_decorator.py for tasks to queue
[2025-02-03T10:52:41.375+0000] {logging_mixin.py:190} INFO - [2025-02-03T10:52:41.374+0000] {dagbag.py:588} INFO - Filling up the DagBag from /home/airflow/.local/lib/python3.12/site-packages/airflow/example_dags/example_python_decorator.py
[2025-02-03T10:52:41.393+0000] {processor.py:925} INFO - DAG(s) 'example_python_decorator' retrieved from /home/airflow/.local/lib/python3.12/site-packages/airflow/example_dags/example_python_decorator.py
[2025-02-03T10:52:41.422+0000] {logging_mixin.py:190} INFO - [2025-02-03T10:52:41.421+0000] {dag.py:3239} INFO - Sync 1 DAGs
[2025-02-03T10:52:41.438+0000] {logging_mixin.py:190} INFO - [2025-02-03T10:52:41.438+0000] {dag.py:4180} INFO - Setting next_dagrun for example_python_decorator to None, run_after=None
[2025-02-03T10:52:41.461+0000] {processor.py:208} INFO - Processing /home/airflow/.local/lib/python3.12/site-packages/airflow/example_dags/example_python_decorator.py took 0.098 seconds
[2025-02-03T10:53:12.062+0000] {processor.py:186} INFO - Started process (PID=211) to work on /home/airflow/.local/lib/python3.12/site-packages/airflow/example_dags/example_python_decorator.py
[2025-02-03T10:53:12.064+0000] {processor.py:914} INFO - Processing file /home/airflow/.local/lib/python3.12/site-packages/airflow/example_dags/example_python_decorator.py for tasks to queue
[2025-02-03T10:53:12.067+0000] {logging_mixin.py:190} INFO - [2025-02-03T10:53:12.067+0000] {dagbag.py:588} INFO - Filling up the DagBag from /home/airflow/.local/lib/python3.12/site-packages/airflow/example_dags/example_python_decorator.py
[2025-02-03T10:53:12.101+0000] {processor.py:925} INFO - DAG(s) 'example_python_decorator' retrieved from /home/airflow/.local/lib/python3.12/site-packages/airflow/example_dags/example_python_decorator.py
[2025-02-03T10:53:12.148+0000] {logging_mixin.py:190} INFO - [2025-02-03T10:53:12.148+0000] {dag.py:3239} INFO - Sync 1 DAGs
[2025-02-03T10:53:12.168+0000] {logging_mixin.py:190} INFO - [2025-02-03T10:53:12.168+0000] {dag.py:4180} INFO - Setting next_dagrun for example_python_decorator to None, run_after=None
[2025-02-03T10:53:12.196+0000] {processor.py:208} INFO - Processing /home/airflow/.local/lib/python3.12/site-packages/airflow/example_dags/example_python_decorator.py took 0.143 seconds
