[2025-02-03T10:52:11.076+0000] {processor.py:186} INFO - Started process (PID=90) to work on /home/airflow/.local/lib/python3.12/site-packages/airflow/example_dags/example_datasets.py
[2025-02-03T10:52:11.077+0000] {processor.py:914} INFO - Processing file /home/airflow/.local/lib/python3.12/site-packages/airflow/example_dags/example_datasets.py for tasks to queue
[2025-02-03T10:52:11.081+0000] {logging_mixin.py:190} INFO - [2025-02-03T10:52:11.080+0000] {dagbag.py:588} INFO - Filling up the DagBag from /home/airflow/.local/lib/python3.12/site-packages/airflow/example_dags/example_datasets.py
[2025-02-03T10:52:11.828+0000] {processor.py:925} INFO - DAG(s) 'conditional_dataset_and_time_based_timetable', 'dataset_consumes_1', 'consume_1_or_2_with_dataset_expressions', 'dataset_produces_1', 'dataset_consumes_unknown_never_scheduled', 'consume_1_or_both_2_and_3_with_dataset_expressions', 'consume_1_and_2_with_dataset_expressions', 'dataset_consumes_1_never_scheduled', 'dataset_consumes_1_and_2', 'dataset_produces_2' retrieved from /home/airflow/.local/lib/python3.12/site-packages/airflow/example_dags/example_datasets.py
[2025-02-03T10:52:11.957+0000] {logging_mixin.py:190} INFO - [2025-02-03T10:52:11.956+0000] {override.py:1911} INFO - Created Permission View: can read on DAG:conditional_dataset_and_time_based_timetable
[2025-02-03T10:52:11.974+0000] {logging_mixin.py:190} INFO - [2025-02-03T10:52:11.974+0000] {override.py:1911} INFO - Created Permission View: can edit on DAG:conditional_dataset_and_time_based_timetable
[2025-02-03T10:52:11.986+0000] {logging_mixin.py:190} INFO - [2025-02-03T10:52:11.985+0000] {override.py:1911} INFO - Created Permission View: can delete on DAG:conditional_dataset_and_time_based_timetable
[2025-02-03T10:52:12.000+0000] {logging_mixin.py:190} INFO - [2025-02-03T10:52:11.999+0000] {override.py:1911} INFO - Created Permission View: can read on DAG Run:conditional_dataset_and_time_based_timetable
[2025-02-03T10:52:12.011+0000] {logging_mixin.py:190} INFO - [2025-02-03T10:52:12.011+0000] {override.py:1911} INFO - Created Permission View: can create on DAG Run:conditional_dataset_and_time_based_timetable
[2025-02-03T10:52:12.022+0000] {logging_mixin.py:190} INFO - [2025-02-03T10:52:12.022+0000] {override.py:1911} INFO - Created Permission View: menu access on DAG Run:conditional_dataset_and_time_based_timetable
[2025-02-03T10:52:12.034+0000] {logging_mixin.py:190} INFO - [2025-02-03T10:52:12.034+0000] {override.py:1911} INFO - Created Permission View: can delete on DAG Run:conditional_dataset_and_time_based_timetable
[2025-02-03T10:52:12.057+0000] {logging_mixin.py:190} INFO - [2025-02-03T10:52:12.057+0000] {override.py:1911} INFO - Created Permission View: can read on DAG:dataset_consumes_1
[2025-02-03T10:52:12.069+0000] {logging_mixin.py:190} INFO - [2025-02-03T10:52:12.069+0000] {override.py:1911} INFO - Created Permission View: can edit on DAG:dataset_consumes_1
[2025-02-03T10:52:12.079+0000] {logging_mixin.py:190} INFO - [2025-02-03T10:52:12.079+0000] {override.py:1911} INFO - Created Permission View: can delete on DAG:dataset_consumes_1
[2025-02-03T10:52:12.092+0000] {logging_mixin.py:190} INFO - [2025-02-03T10:52:12.092+0000] {override.py:1911} INFO - Created Permission View: can read on DAG Run:dataset_consumes_1
[2025-02-03T10:52:12.107+0000] {logging_mixin.py:190} INFO - [2025-02-03T10:52:12.107+0000] {override.py:1911} INFO - Created Permission View: can create on DAG Run:dataset_consumes_1
[2025-02-03T10:52:12.119+0000] {logging_mixin.py:190} INFO - [2025-02-03T10:52:12.118+0000] {override.py:1911} INFO - Created Permission View: menu access on DAG Run:dataset_consumes_1
[2025-02-03T10:52:12.131+0000] {logging_mixin.py:190} INFO - [2025-02-03T10:52:12.131+0000] {override.py:1911} INFO - Created Permission View: can delete on DAG Run:dataset_consumes_1
[2025-02-03T10:52:12.151+0000] {logging_mixin.py:190} INFO - [2025-02-03T10:52:12.150+0000] {override.py:1911} INFO - Created Permission View: can read on DAG:consume_1_or_2_with_dataset_expressions
[2025-02-03T10:52:12.165+0000] {logging_mixin.py:190} INFO - [2025-02-03T10:52:12.165+0000] {override.py:1911} INFO - Created Permission View: can edit on DAG:consume_1_or_2_with_dataset_expressions
[2025-02-03T10:52:12.175+0000] {logging_mixin.py:190} INFO - [2025-02-03T10:52:12.175+0000] {override.py:1911} INFO - Created Permission View: can delete on DAG:consume_1_or_2_with_dataset_expressions
[2025-02-03T10:52:12.187+0000] {logging_mixin.py:190} INFO - [2025-02-03T10:52:12.187+0000] {override.py:1911} INFO - Created Permission View: can read on DAG Run:consume_1_or_2_with_dataset_expressions
[2025-02-03T10:52:12.196+0000] {logging_mixin.py:190} INFO - [2025-02-03T10:52:12.196+0000] {override.py:1911} INFO - Created Permission View: can create on DAG Run:consume_1_or_2_with_dataset_expressions
[2025-02-03T10:52:12.205+0000] {logging_mixin.py:190} INFO - [2025-02-03T10:52:12.205+0000] {override.py:1911} INFO - Created Permission View: menu access on DAG Run:consume_1_or_2_with_dataset_expressions
[2025-02-03T10:52:12.214+0000] {logging_mixin.py:190} INFO - [2025-02-03T10:52:12.214+0000] {override.py:1911} INFO - Created Permission View: can delete on DAG Run:consume_1_or_2_with_dataset_expressions
[2025-02-03T10:52:12.229+0000] {logging_mixin.py:190} INFO - [2025-02-03T10:52:12.228+0000] {override.py:1911} INFO - Created Permission View: can read on DAG:dataset_produces_1
[2025-02-03T10:52:12.237+0000] {logging_mixin.py:190} INFO - [2025-02-03T10:52:12.237+0000] {override.py:1911} INFO - Created Permission View: can edit on DAG:dataset_produces_1
[2025-02-03T10:52:12.245+0000] {logging_mixin.py:190} INFO - [2025-02-03T10:52:12.245+0000] {override.py:1911} INFO - Created Permission View: can delete on DAG:dataset_produces_1
[2025-02-03T10:52:12.254+0000] {logging_mixin.py:190} INFO - [2025-02-03T10:52:12.254+0000] {override.py:1911} INFO - Created Permission View: can read on DAG Run:dataset_produces_1
[2025-02-03T10:52:12.263+0000] {logging_mixin.py:190} INFO - [2025-02-03T10:52:12.263+0000] {override.py:1911} INFO - Created Permission View: can create on DAG Run:dataset_produces_1
[2025-02-03T10:52:12.272+0000] {logging_mixin.py:190} INFO - [2025-02-03T10:52:12.272+0000] {override.py:1911} INFO - Created Permission View: menu access on DAG Run:dataset_produces_1
[2025-02-03T10:52:12.281+0000] {logging_mixin.py:190} INFO - [2025-02-03T10:52:12.280+0000] {override.py:1911} INFO - Created Permission View: can delete on DAG Run:dataset_produces_1
[2025-02-03T10:52:12.298+0000] {logging_mixin.py:190} INFO - [2025-02-03T10:52:12.298+0000] {override.py:1911} INFO - Created Permission View: can read on DAG:dataset_consumes_unknown_never_scheduled
[2025-02-03T10:52:12.308+0000] {logging_mixin.py:190} INFO - [2025-02-03T10:52:12.308+0000] {override.py:1911} INFO - Created Permission View: can edit on DAG:dataset_consumes_unknown_never_scheduled
[2025-02-03T10:52:12.319+0000] {logging_mixin.py:190} INFO - [2025-02-03T10:52:12.319+0000] {override.py:1911} INFO - Created Permission View: can delete on DAG:dataset_consumes_unknown_never_scheduled
[2025-02-03T10:52:12.330+0000] {logging_mixin.py:190} INFO - [2025-02-03T10:52:12.330+0000] {override.py:1911} INFO - Created Permission View: can read on DAG Run:dataset_consumes_unknown_never_scheduled
[2025-02-03T10:52:12.341+0000] {logging_mixin.py:190} INFO - [2025-02-03T10:52:12.340+0000] {override.py:1911} INFO - Created Permission View: can create on DAG Run:dataset_consumes_unknown_never_scheduled
[2025-02-03T10:52:12.353+0000] {logging_mixin.py:190} INFO - [2025-02-03T10:52:12.352+0000] {override.py:1911} INFO - Created Permission View: menu access on DAG Run:dataset_consumes_unknown_never_scheduled
[2025-02-03T10:52:12.367+0000] {logging_mixin.py:190} INFO - [2025-02-03T10:52:12.366+0000] {override.py:1911} INFO - Created Permission View: can delete on DAG Run:dataset_consumes_unknown_never_scheduled
[2025-02-03T10:52:12.394+0000] {logging_mixin.py:190} INFO - [2025-02-03T10:52:12.393+0000] {override.py:1911} INFO - Created Permission View: can read on DAG:consume_1_or_both_2_and_3_with_dataset_expressions
[2025-02-03T10:52:12.406+0000] {logging_mixin.py:190} INFO - [2025-02-03T10:52:12.406+0000] {override.py:1911} INFO - Created Permission View: can edit on DAG:consume_1_or_both_2_and_3_with_dataset_expressions
[2025-02-03T10:52:12.421+0000] {logging_mixin.py:190} INFO - [2025-02-03T10:52:12.420+0000] {override.py:1911} INFO - Created Permission View: can delete on DAG:consume_1_or_both_2_and_3_with_dataset_expressions
[2025-02-03T10:52:12.432+0000] {logging_mixin.py:190} INFO - [2025-02-03T10:52:12.432+0000] {override.py:1911} INFO - Created Permission View: can read on DAG Run:consume_1_or_both_2_and_3_with_dataset_expressions
[2025-02-03T10:52:12.446+0000] {logging_mixin.py:190} INFO - [2025-02-03T10:52:12.445+0000] {override.py:1911} INFO - Created Permission View: can create on DAG Run:consume_1_or_both_2_and_3_with_dataset_expressions
[2025-02-03T10:52:12.455+0000] {logging_mixin.py:190} INFO - [2025-02-03T10:52:12.454+0000] {override.py:1911} INFO - Created Permission View: menu access on DAG Run:consume_1_or_both_2_and_3_with_dataset_expressions
[2025-02-03T10:52:12.465+0000] {logging_mixin.py:190} INFO - [2025-02-03T10:52:12.465+0000] {override.py:1911} INFO - Created Permission View: can delete on DAG Run:consume_1_or_both_2_and_3_with_dataset_expressions
[2025-02-03T10:52:12.482+0000] {logging_mixin.py:190} INFO - [2025-02-03T10:52:12.482+0000] {override.py:1911} INFO - Created Permission View: can read on DAG:consume_1_and_2_with_dataset_expressions
[2025-02-03T10:52:12.492+0000] {logging_mixin.py:190} INFO - [2025-02-03T10:52:12.492+0000] {override.py:1911} INFO - Created Permission View: can edit on DAG:consume_1_and_2_with_dataset_expressions
[2025-02-03T10:52:12.501+0000] {logging_mixin.py:190} INFO - [2025-02-03T10:52:12.501+0000] {override.py:1911} INFO - Created Permission View: can delete on DAG:consume_1_and_2_with_dataset_expressions
[2025-02-03T10:52:12.511+0000] {logging_mixin.py:190} INFO - [2025-02-03T10:52:12.511+0000] {override.py:1911} INFO - Created Permission View: can read on DAG Run:consume_1_and_2_with_dataset_expressions
[2025-02-03T10:52:12.520+0000] {logging_mixin.py:190} INFO - [2025-02-03T10:52:12.520+0000] {override.py:1911} INFO - Created Permission View: can create on DAG Run:consume_1_and_2_with_dataset_expressions
[2025-02-03T10:52:12.531+0000] {logging_mixin.py:190} INFO - [2025-02-03T10:52:12.531+0000] {override.py:1911} INFO - Created Permission View: menu access on DAG Run:consume_1_and_2_with_dataset_expressions
[2025-02-03T10:52:12.541+0000] {logging_mixin.py:190} INFO - [2025-02-03T10:52:12.541+0000] {override.py:1911} INFO - Created Permission View: can delete on DAG Run:consume_1_and_2_with_dataset_expressions
[2025-02-03T10:52:12.561+0000] {logging_mixin.py:190} INFO - [2025-02-03T10:52:12.561+0000] {override.py:1911} INFO - Created Permission View: can read on DAG:dataset_consumes_1_never_scheduled
[2025-02-03T10:52:12.575+0000] {logging_mixin.py:190} INFO - [2025-02-03T10:52:12.575+0000] {override.py:1911} INFO - Created Permission View: can edit on DAG:dataset_consumes_1_never_scheduled
[2025-02-03T10:52:12.588+0000] {logging_mixin.py:190} INFO - [2025-02-03T10:52:12.588+0000] {override.py:1911} INFO - Created Permission View: can delete on DAG:dataset_consumes_1_never_scheduled
[2025-02-03T10:52:12.599+0000] {logging_mixin.py:190} INFO - [2025-02-03T10:52:12.599+0000] {override.py:1911} INFO - Created Permission View: can read on DAG Run:dataset_consumes_1_never_scheduled
[2025-02-03T10:52:12.610+0000] {logging_mixin.py:190} INFO - [2025-02-03T10:52:12.610+0000] {override.py:1911} INFO - Created Permission View: can create on DAG Run:dataset_consumes_1_never_scheduled
[2025-02-03T10:52:12.622+0000] {logging_mixin.py:190} INFO - [2025-02-03T10:52:12.622+0000] {override.py:1911} INFO - Created Permission View: menu access on DAG Run:dataset_consumes_1_never_scheduled
[2025-02-03T10:52:12.632+0000] {logging_mixin.py:190} INFO - [2025-02-03T10:52:12.632+0000] {override.py:1911} INFO - Created Permission View: can delete on DAG Run:dataset_consumes_1_never_scheduled
[2025-02-03T10:52:12.650+0000] {logging_mixin.py:190} INFO - [2025-02-03T10:52:12.649+0000] {override.py:1911} INFO - Created Permission View: can read on DAG:dataset_consumes_1_and_2
[2025-02-03T10:52:12.663+0000] {logging_mixin.py:190} INFO - [2025-02-03T10:52:12.662+0000] {override.py:1911} INFO - Created Permission View: can edit on DAG:dataset_consumes_1_and_2
[2025-02-03T10:52:12.673+0000] {logging_mixin.py:190} INFO - [2025-02-03T10:52:12.672+0000] {override.py:1911} INFO - Created Permission View: can delete on DAG:dataset_consumes_1_and_2
[2025-02-03T10:52:12.683+0000] {logging_mixin.py:190} INFO - [2025-02-03T10:52:12.683+0000] {override.py:1911} INFO - Created Permission View: can read on DAG Run:dataset_consumes_1_and_2
[2025-02-03T10:52:12.695+0000] {logging_mixin.py:190} INFO - [2025-02-03T10:52:12.694+0000] {override.py:1911} INFO - Created Permission View: can create on DAG Run:dataset_consumes_1_and_2
[2025-02-03T10:52:12.706+0000] {logging_mixin.py:190} INFO - [2025-02-03T10:52:12.705+0000] {override.py:1911} INFO - Created Permission View: menu access on DAG Run:dataset_consumes_1_and_2
[2025-02-03T10:52:12.717+0000] {logging_mixin.py:190} INFO - [2025-02-03T10:52:12.716+0000] {override.py:1911} INFO - Created Permission View: can delete on DAG Run:dataset_consumes_1_and_2
[2025-02-03T10:52:12.738+0000] {logging_mixin.py:190} INFO - [2025-02-03T10:52:12.738+0000] {override.py:1911} INFO - Created Permission View: can read on DAG:dataset_produces_2
[2025-02-03T10:52:12.751+0000] {logging_mixin.py:190} INFO - [2025-02-03T10:52:12.751+0000] {override.py:1911} INFO - Created Permission View: can edit on DAG:dataset_produces_2
[2025-02-03T10:52:12.762+0000] {logging_mixin.py:190} INFO - [2025-02-03T10:52:12.761+0000] {override.py:1911} INFO - Created Permission View: can delete on DAG:dataset_produces_2
[2025-02-03T10:52:12.771+0000] {logging_mixin.py:190} INFO - [2025-02-03T10:52:12.771+0000] {override.py:1911} INFO - Created Permission View: can read on DAG Run:dataset_produces_2
[2025-02-03T10:52:12.780+0000] {logging_mixin.py:190} INFO - [2025-02-03T10:52:12.779+0000] {override.py:1911} INFO - Created Permission View: can create on DAG Run:dataset_produces_2
[2025-02-03T10:52:12.789+0000] {logging_mixin.py:190} INFO - [2025-02-03T10:52:12.789+0000] {override.py:1911} INFO - Created Permission View: menu access on DAG Run:dataset_produces_2
[2025-02-03T10:52:12.802+0000] {logging_mixin.py:190} INFO - [2025-02-03T10:52:12.802+0000] {override.py:1911} INFO - Created Permission View: can delete on DAG Run:dataset_produces_2
[2025-02-03T10:52:12.803+0000] {logging_mixin.py:190} INFO - [2025-02-03T10:52:12.803+0000] {dag.py:3239} INFO - Sync 10 DAGs
[2025-02-03T10:52:12.821+0000] {logging_mixin.py:190} INFO - [2025-02-03T10:52:12.820+0000] {dag.py:3262} INFO - Creating ORM DAG for dataset_consumes_1
[2025-02-03T10:52:12.825+0000] {logging_mixin.py:190} INFO - [2025-02-03T10:52:12.825+0000] {dag.py:3262} INFO - Creating ORM DAG for consume_1_and_2_with_dataset_expressions
[2025-02-03T10:52:12.828+0000] {logging_mixin.py:190} INFO - [2025-02-03T10:52:12.827+0000] {dag.py:3262} INFO - Creating ORM DAG for consume_1_or_2_with_dataset_expressions
[2025-02-03T10:52:12.829+0000] {logging_mixin.py:190} INFO - [2025-02-03T10:52:12.829+0000] {dag.py:3262} INFO - Creating ORM DAG for dataset_produces_2
[2025-02-03T10:52:12.830+0000] {logging_mixin.py:190} INFO - [2025-02-03T10:52:12.830+0000] {dag.py:3262} INFO - Creating ORM DAG for dataset_consumes_unknown_never_scheduled
[2025-02-03T10:52:12.832+0000] {logging_mixin.py:190} INFO - [2025-02-03T10:52:12.831+0000] {dag.py:3262} INFO - Creating ORM DAG for dataset_consumes_1_and_2
[2025-02-03T10:52:12.833+0000] {logging_mixin.py:190} INFO - [2025-02-03T10:52:12.833+0000] {dag.py:3262} INFO - Creating ORM DAG for consume_1_or_both_2_and_3_with_dataset_expressions
[2025-02-03T10:52:12.834+0000] {logging_mixin.py:190} INFO - [2025-02-03T10:52:12.834+0000] {dag.py:3262} INFO - Creating ORM DAG for dataset_consumes_1_never_scheduled
[2025-02-03T10:52:12.835+0000] {logging_mixin.py:190} INFO - [2025-02-03T10:52:12.835+0000] {dag.py:3262} INFO - Creating ORM DAG for conditional_dataset_and_time_based_timetable
[2025-02-03T10:52:12.837+0000] {logging_mixin.py:190} INFO - [2025-02-03T10:52:12.836+0000] {dag.py:3262} INFO - Creating ORM DAG for dataset_produces_1
[2025-02-03T10:52:12.852+0000] {logging_mixin.py:190} INFO - [2025-02-03T10:52:12.852+0000] {dag.py:4180} INFO - Setting next_dagrun for conditional_dataset_and_time_based_timetable to 2025-01-29 01:00:00+00:00, run_after=2025-01-29 01:00:00+00:00
[2025-02-03T10:52:12.853+0000] {logging_mixin.py:190} INFO - [2025-02-03T10:52:12.853+0000] {dag.py:4180} INFO - Setting next_dagrun for consume_1_and_2_with_dataset_expressions to None, run_after=None
[2025-02-03T10:52:12.854+0000] {logging_mixin.py:190} INFO - [2025-02-03T10:52:12.854+0000] {dag.py:4180} INFO - Setting next_dagrun for consume_1_or_2_with_dataset_expressions to None, run_after=None
[2025-02-03T10:52:12.855+0000] {logging_mixin.py:190} INFO - [2025-02-03T10:52:12.855+0000] {dag.py:4180} INFO - Setting next_dagrun for consume_1_or_both_2_and_3_with_dataset_expressions to None, run_after=None
[2025-02-03T10:52:12.856+0000] {logging_mixin.py:190} INFO - [2025-02-03T10:52:12.855+0000] {dag.py:4180} INFO - Setting next_dagrun for dataset_consumes_1 to None, run_after=None
[2025-02-03T10:52:12.857+0000] {logging_mixin.py:190} INFO - [2025-02-03T10:52:12.857+0000] {dag.py:4180} INFO - Setting next_dagrun for dataset_consumes_1_and_2 to None, run_after=None
[2025-02-03T10:52:12.861+0000] {logging_mixin.py:190} INFO - [2025-02-03T10:52:12.860+0000] {dag.py:4180} INFO - Setting next_dagrun for dataset_consumes_1_never_scheduled to None, run_after=None
[2025-02-03T10:52:12.862+0000] {logging_mixin.py:190} INFO - [2025-02-03T10:52:12.861+0000] {dag.py:4180} INFO - Setting next_dagrun for dataset_consumes_unknown_never_scheduled to None, run_after=None
[2025-02-03T10:52:12.864+0000] {logging_mixin.py:190} INFO - [2025-02-03T10:52:12.864+0000] {dag.py:4180} INFO - Setting next_dagrun for dataset_produces_1 to 2025-02-02 00:00:00+00:00, run_after=2025-02-03 00:00:00+00:00
[2025-02-03T10:52:12.867+0000] {logging_mixin.py:190} INFO - [2025-02-03T10:52:12.866+0000] {dag.py:4180} INFO - Setting next_dagrun for dataset_produces_2 to None, run_after=None
[2025-02-03T10:52:12.936+0000] {processor.py:208} INFO - Processing /home/airflow/.local/lib/python3.12/site-packages/airflow/example_dags/example_datasets.py took 1.868 seconds
[2025-02-03T10:52:43.172+0000] {processor.py:186} INFO - Started process (PID=156) to work on /home/airflow/.local/lib/python3.12/site-packages/airflow/example_dags/example_datasets.py
[2025-02-03T10:52:43.174+0000] {processor.py:914} INFO - Processing file /home/airflow/.local/lib/python3.12/site-packages/airflow/example_dags/example_datasets.py for tasks to queue
[2025-02-03T10:52:43.177+0000] {logging_mixin.py:190} INFO - [2025-02-03T10:52:43.177+0000] {dagbag.py:588} INFO - Filling up the DagBag from /home/airflow/.local/lib/python3.12/site-packages/airflow/example_dags/example_datasets.py
[2025-02-03T10:52:43.929+0000] {processor.py:925} INFO - DAG(s) 'consume_1_or_both_2_and_3_with_dataset_expressions', 'consume_1_and_2_with_dataset_expressions', 'dataset_consumes_unknown_never_scheduled', 'dataset_consumes_1_never_scheduled', 'dataset_consumes_1', 'dataset_produces_2', 'dataset_consumes_1_and_2', 'conditional_dataset_and_time_based_timetable', 'consume_1_or_2_with_dataset_expressions', 'dataset_produces_1' retrieved from /home/airflow/.local/lib/python3.12/site-packages/airflow/example_dags/example_datasets.py
[2025-02-03T10:52:44.012+0000] {logging_mixin.py:190} INFO - [2025-02-03T10:52:44.011+0000] {dag.py:3239} INFO - Sync 10 DAGs
[2025-02-03T10:52:44.049+0000] {logging_mixin.py:190} INFO - [2025-02-03T10:52:44.048+0000] {dag.py:4180} INFO - Setting next_dagrun for conditional_dataset_and_time_based_timetable to 2025-01-29 01:00:00+00:00, run_after=2025-01-29 01:00:00+00:00
[2025-02-03T10:52:44.055+0000] {logging_mixin.py:190} INFO - [2025-02-03T10:52:44.055+0000] {dag.py:4180} INFO - Setting next_dagrun for consume_1_and_2_with_dataset_expressions to None, run_after=None
[2025-02-03T10:52:44.059+0000] {logging_mixin.py:190} INFO - [2025-02-03T10:52:44.059+0000] {dag.py:4180} INFO - Setting next_dagrun for consume_1_or_2_with_dataset_expressions to None, run_after=None
[2025-02-03T10:52:44.061+0000] {logging_mixin.py:190} INFO - [2025-02-03T10:52:44.061+0000] {dag.py:4180} INFO - Setting next_dagrun for consume_1_or_both_2_and_3_with_dataset_expressions to None, run_after=None
[2025-02-03T10:52:44.063+0000] {logging_mixin.py:190} INFO - [2025-02-03T10:52:44.063+0000] {dag.py:4180} INFO - Setting next_dagrun for dataset_consumes_1 to None, run_after=None
[2025-02-03T10:52:44.066+0000] {logging_mixin.py:190} INFO - [2025-02-03T10:52:44.065+0000] {dag.py:4180} INFO - Setting next_dagrun for dataset_consumes_1_and_2 to None, run_after=None
[2025-02-03T10:52:44.067+0000] {logging_mixin.py:190} INFO - [2025-02-03T10:52:44.067+0000] {dag.py:4180} INFO - Setting next_dagrun for dataset_consumes_1_never_scheduled to None, run_after=None
[2025-02-03T10:52:44.070+0000] {logging_mixin.py:190} INFO - [2025-02-03T10:52:44.069+0000] {dag.py:4180} INFO - Setting next_dagrun for dataset_consumes_unknown_never_scheduled to None, run_after=None
[2025-02-03T10:52:44.075+0000] {logging_mixin.py:190} INFO - [2025-02-03T10:52:44.075+0000] {dag.py:4180} INFO - Setting next_dagrun for dataset_produces_1 to 2025-02-02 00:00:00+00:00, run_after=2025-02-03 00:00:00+00:00
[2025-02-03T10:52:44.077+0000] {logging_mixin.py:190} INFO - [2025-02-03T10:52:44.077+0000] {dag.py:4180} INFO - Setting next_dagrun for dataset_produces_2 to None, run_after=None
[2025-02-03T10:52:44.132+0000] {processor.py:208} INFO - Processing /home/airflow/.local/lib/python3.12/site-packages/airflow/example_dags/example_datasets.py took 0.968 seconds
[2025-02-03T10:53:14.200+0000] {processor.py:186} INFO - Started process (PID=224) to work on /home/airflow/.local/lib/python3.12/site-packages/airflow/example_dags/example_datasets.py
[2025-02-03T10:53:14.203+0000] {processor.py:914} INFO - Processing file /home/airflow/.local/lib/python3.12/site-packages/airflow/example_dags/example_datasets.py for tasks to queue
[2025-02-03T10:53:14.207+0000] {logging_mixin.py:190} INFO - [2025-02-03T10:53:14.206+0000] {dagbag.py:588} INFO - Filling up the DagBag from /home/airflow/.local/lib/python3.12/site-packages/airflow/example_dags/example_datasets.py
[2025-02-03T10:53:15.623+0000] {processor.py:925} INFO - DAG(s) 'consume_1_and_2_with_dataset_expressions', 'conditional_dataset_and_time_based_timetable', 'dataset_produces_2', 'dataset_consumes_1_never_scheduled', 'dataset_consumes_1_and_2', 'dataset_consumes_1', 'dataset_produces_1', 'dataset_consumes_unknown_never_scheduled', 'consume_1_or_both_2_and_3_with_dataset_expressions', 'consume_1_or_2_with_dataset_expressions' retrieved from /home/airflow/.local/lib/python3.12/site-packages/airflow/example_dags/example_datasets.py
[2025-02-03T10:53:15.718+0000] {logging_mixin.py:190} INFO - [2025-02-03T10:53:15.717+0000] {dag.py:3239} INFO - Sync 10 DAGs
[2025-02-03T10:53:15.776+0000] {logging_mixin.py:190} INFO - [2025-02-03T10:53:15.775+0000] {dag.py:4180} INFO - Setting next_dagrun for conditional_dataset_and_time_based_timetable to 2025-01-29 01:00:00+00:00, run_after=2025-01-29 01:00:00+00:00
[2025-02-03T10:53:15.789+0000] {logging_mixin.py:190} INFO - [2025-02-03T10:53:15.788+0000] {dag.py:4180} INFO - Setting next_dagrun for consume_1_and_2_with_dataset_expressions to None, run_after=None
[2025-02-03T10:53:15.793+0000] {logging_mixin.py:190} INFO - [2025-02-03T10:53:15.792+0000] {dag.py:4180} INFO - Setting next_dagrun for consume_1_or_2_with_dataset_expressions to None, run_after=None
[2025-02-03T10:53:15.806+0000] {logging_mixin.py:190} INFO - [2025-02-03T10:53:15.804+0000] {dag.py:4180} INFO - Setting next_dagrun for consume_1_or_both_2_and_3_with_dataset_expressions to None, run_after=None
[2025-02-03T10:53:15.809+0000] {logging_mixin.py:190} INFO - [2025-02-03T10:53:15.809+0000] {dag.py:4180} INFO - Setting next_dagrun for dataset_consumes_1 to None, run_after=None
[2025-02-03T10:53:15.812+0000] {logging_mixin.py:190} INFO - [2025-02-03T10:53:15.812+0000] {dag.py:4180} INFO - Setting next_dagrun for dataset_consumes_1_and_2 to None, run_after=None
[2025-02-03T10:53:15.816+0000] {logging_mixin.py:190} INFO - [2025-02-03T10:53:15.815+0000] {dag.py:4180} INFO - Setting next_dagrun for dataset_consumes_1_never_scheduled to None, run_after=None
[2025-02-03T10:53:15.819+0000] {logging_mixin.py:190} INFO - [2025-02-03T10:53:15.818+0000] {dag.py:4180} INFO - Setting next_dagrun for dataset_consumes_unknown_never_scheduled to None, run_after=None
[2025-02-03T10:53:15.823+0000] {logging_mixin.py:190} INFO - [2025-02-03T10:53:15.823+0000] {dag.py:4180} INFO - Setting next_dagrun for dataset_produces_1 to 2025-02-02 00:00:00+00:00, run_after=2025-02-03 00:00:00+00:00
[2025-02-03T10:53:15.826+0000] {logging_mixin.py:190} INFO - [2025-02-03T10:53:15.825+0000] {dag.py:4180} INFO - Setting next_dagrun for dataset_produces_2 to None, run_after=None
[2025-02-03T10:53:15.894+0000] {processor.py:208} INFO - Processing /home/airflow/.local/lib/python3.12/site-packages/airflow/example_dags/example_datasets.py took 1.707 seconds
