[2025-02-03T10:52:08.942+0000] {processor.py:186} INFO - Started process (PID=81) to work on /home/airflow/.local/lib/python3.12/site-packages/airflow/example_dags/example_dataset_alias.py
[2025-02-03T10:52:08.944+0000] {processor.py:914} INFO - Processing file /home/airflow/.local/lib/python3.12/site-packages/airflow/example_dags/example_dataset_alias.py for tasks to queue
[2025-02-03T10:52:08.947+0000] {logging_mixin.py:190} INFO - [2025-02-03T10:52:08.947+0000] {dagbag.py:588} INFO - Filling up the DagBag from /home/airflow/.local/lib/python3.12/site-packages/airflow/example_dags/example_dataset_alias.py
[2025-02-03T10:52:09.806+0000] {processor.py:925} INFO - DAG(s) 'dataset_s3_bucket_producer', 'dataset_alias_example_alias_producer', 'dataset_alias_example_alias_consumer', 'dataset_s3_bucket_consumer' retrieved from /home/airflow/.local/lib/python3.12/site-packages/airflow/example_dags/example_dataset_alias.py
[2025-02-03T10:52:09.929+0000] {logging_mixin.py:190} INFO - [2025-02-03T10:52:09.928+0000] {override.py:1911} INFO - Created Permission View: can read on DAG:dataset_s3_bucket_producer
[2025-02-03T10:52:09.942+0000] {logging_mixin.py:190} INFO - [2025-02-03T10:52:09.941+0000] {override.py:1911} INFO - Created Permission View: can edit on DAG:dataset_s3_bucket_producer
[2025-02-03T10:52:09.953+0000] {logging_mixin.py:190} INFO - [2025-02-03T10:52:09.953+0000] {override.py:1911} INFO - Created Permission View: can delete on DAG:dataset_s3_bucket_producer
[2025-02-03T10:52:09.965+0000] {logging_mixin.py:190} INFO - [2025-02-03T10:52:09.965+0000] {override.py:1911} INFO - Created Permission View: can read on DAG Run:dataset_s3_bucket_producer
[2025-02-03T10:52:09.976+0000] {logging_mixin.py:190} INFO - [2025-02-03T10:52:09.975+0000] {override.py:1911} INFO - Created Permission View: can create on DAG Run:dataset_s3_bucket_producer
[2025-02-03T10:52:09.989+0000] {logging_mixin.py:190} INFO - [2025-02-03T10:52:09.989+0000] {override.py:1911} INFO - Created Permission View: menu access on DAG Run:dataset_s3_bucket_producer
[2025-02-03T10:52:09.999+0000] {logging_mixin.py:190} INFO - [2025-02-03T10:52:09.999+0000] {override.py:1911} INFO - Created Permission View: can delete on DAG Run:dataset_s3_bucket_producer
[2025-02-03T10:52:10.023+0000] {logging_mixin.py:190} INFO - [2025-02-03T10:52:10.023+0000] {override.py:1911} INFO - Created Permission View: can read on DAG:dataset_alias_example_alias_producer
[2025-02-03T10:52:10.036+0000] {logging_mixin.py:190} INFO - [2025-02-03T10:52:10.036+0000] {override.py:1911} INFO - Created Permission View: can edit on DAG:dataset_alias_example_alias_producer
[2025-02-03T10:52:10.050+0000] {logging_mixin.py:190} INFO - [2025-02-03T10:52:10.050+0000] {override.py:1911} INFO - Created Permission View: can delete on DAG:dataset_alias_example_alias_producer
[2025-02-03T10:52:10.061+0000] {logging_mixin.py:190} INFO - [2025-02-03T10:52:10.060+0000] {override.py:1911} INFO - Created Permission View: can read on DAG Run:dataset_alias_example_alias_producer
[2025-02-03T10:52:10.071+0000] {logging_mixin.py:190} INFO - [2025-02-03T10:52:10.071+0000] {override.py:1911} INFO - Created Permission View: can create on DAG Run:dataset_alias_example_alias_producer
[2025-02-03T10:52:10.082+0000] {logging_mixin.py:190} INFO - [2025-02-03T10:52:10.081+0000] {override.py:1911} INFO - Created Permission View: menu access on DAG Run:dataset_alias_example_alias_producer
[2025-02-03T10:52:10.092+0000] {logging_mixin.py:190} INFO - [2025-02-03T10:52:10.091+0000] {override.py:1911} INFO - Created Permission View: can delete on DAG Run:dataset_alias_example_alias_producer
[2025-02-03T10:52:10.111+0000] {logging_mixin.py:190} INFO - [2025-02-03T10:52:10.110+0000] {override.py:1911} INFO - Created Permission View: can read on DAG:dataset_alias_example_alias_consumer
[2025-02-03T10:52:10.121+0000] {logging_mixin.py:190} INFO - [2025-02-03T10:52:10.121+0000] {override.py:1911} INFO - Created Permission View: can edit on DAG:dataset_alias_example_alias_consumer
[2025-02-03T10:52:10.133+0000] {logging_mixin.py:190} INFO - [2025-02-03T10:52:10.133+0000] {override.py:1911} INFO - Created Permission View: can delete on DAG:dataset_alias_example_alias_consumer
[2025-02-03T10:52:10.144+0000] {logging_mixin.py:190} INFO - [2025-02-03T10:52:10.143+0000] {override.py:1911} INFO - Created Permission View: can read on DAG Run:dataset_alias_example_alias_consumer
[2025-02-03T10:52:10.153+0000] {logging_mixin.py:190} INFO - [2025-02-03T10:52:10.153+0000] {override.py:1911} INFO - Created Permission View: can create on DAG Run:dataset_alias_example_alias_consumer
[2025-02-03T10:52:10.162+0000] {logging_mixin.py:190} INFO - [2025-02-03T10:52:10.162+0000] {override.py:1911} INFO - Created Permission View: menu access on DAG Run:dataset_alias_example_alias_consumer
[2025-02-03T10:52:10.171+0000] {logging_mixin.py:190} INFO - [2025-02-03T10:52:10.170+0000] {override.py:1911} INFO - Created Permission View: can delete on DAG Run:dataset_alias_example_alias_consumer
[2025-02-03T10:52:10.186+0000] {logging_mixin.py:190} INFO - [2025-02-03T10:52:10.186+0000] {override.py:1911} INFO - Created Permission View: can read on DAG:dataset_s3_bucket_consumer
[2025-02-03T10:52:10.195+0000] {logging_mixin.py:190} INFO - [2025-02-03T10:52:10.194+0000] {override.py:1911} INFO - Created Permission View: can edit on DAG:dataset_s3_bucket_consumer
[2025-02-03T10:52:10.204+0000] {logging_mixin.py:190} INFO - [2025-02-03T10:52:10.204+0000] {override.py:1911} INFO - Created Permission View: can delete on DAG:dataset_s3_bucket_consumer
[2025-02-03T10:52:10.215+0000] {logging_mixin.py:190} INFO - [2025-02-03T10:52:10.214+0000] {override.py:1911} INFO - Created Permission View: can read on DAG Run:dataset_s3_bucket_consumer
[2025-02-03T10:52:10.224+0000] {logging_mixin.py:190} INFO - [2025-02-03T10:52:10.224+0000] {override.py:1911} INFO - Created Permission View: can create on DAG Run:dataset_s3_bucket_consumer
[2025-02-03T10:52:10.232+0000] {logging_mixin.py:190} INFO - [2025-02-03T10:52:10.231+0000] {override.py:1911} INFO - Created Permission View: menu access on DAG Run:dataset_s3_bucket_consumer
[2025-02-03T10:52:10.241+0000] {logging_mixin.py:190} INFO - [2025-02-03T10:52:10.241+0000] {override.py:1911} INFO - Created Permission View: can delete on DAG Run:dataset_s3_bucket_consumer
[2025-02-03T10:52:10.243+0000] {logging_mixin.py:190} INFO - [2025-02-03T10:52:10.242+0000] {dag.py:3239} INFO - Sync 4 DAGs
[2025-02-03T10:52:10.263+0000] {logging_mixin.py:190} INFO - [2025-02-03T10:52:10.262+0000] {dag.py:3262} INFO - Creating ORM DAG for dataset_alias_example_alias_consumer
[2025-02-03T10:52:10.264+0000] {logging_mixin.py:190} INFO - [2025-02-03T10:52:10.264+0000] {dag.py:3262} INFO - Creating ORM DAG for dataset_s3_bucket_consumer
[2025-02-03T10:52:10.265+0000] {logging_mixin.py:190} INFO - [2025-02-03T10:52:10.265+0000] {dag.py:3262} INFO - Creating ORM DAG for dataset_alias_example_alias_producer
[2025-02-03T10:52:10.266+0000] {logging_mixin.py:190} INFO - [2025-02-03T10:52:10.266+0000] {dag.py:3262} INFO - Creating ORM DAG for dataset_s3_bucket_producer
[2025-02-03T10:52:10.277+0000] {logging_mixin.py:190} INFO - [2025-02-03T10:52:10.277+0000] {dag.py:4180} INFO - Setting next_dagrun for dataset_alias_example_alias_consumer to None, run_after=None
[2025-02-03T10:52:10.279+0000] {logging_mixin.py:190} INFO - [2025-02-03T10:52:10.278+0000] {dag.py:4180} INFO - Setting next_dagrun for dataset_alias_example_alias_producer to None, run_after=None
[2025-02-03T10:52:10.280+0000] {logging_mixin.py:190} INFO - [2025-02-03T10:52:10.279+0000] {dag.py:4180} INFO - Setting next_dagrun for dataset_s3_bucket_consumer to None, run_after=None
[2025-02-03T10:52:10.280+0000] {logging_mixin.py:190} INFO - [2025-02-03T10:52:10.280+0000] {dag.py:4180} INFO - Setting next_dagrun for dataset_s3_bucket_producer to None, run_after=None
[2025-02-03T10:52:10.324+0000] {processor.py:208} INFO - Processing /home/airflow/.local/lib/python3.12/site-packages/airflow/example_dags/example_dataset_alias.py took 1.392 seconds
[2025-02-03T10:52:41.189+0000] {processor.py:186} INFO - Started process (PID=147) to work on /home/airflow/.local/lib/python3.12/site-packages/airflow/example_dags/example_dataset_alias.py
[2025-02-03T10:52:41.190+0000] {processor.py:914} INFO - Processing file /home/airflow/.local/lib/python3.12/site-packages/airflow/example_dags/example_dataset_alias.py for tasks to queue
[2025-02-03T10:52:41.193+0000] {logging_mixin.py:190} INFO - [2025-02-03T10:52:41.193+0000] {dagbag.py:588} INFO - Filling up the DagBag from /home/airflow/.local/lib/python3.12/site-packages/airflow/example_dags/example_dataset_alias.py
[2025-02-03T10:52:41.951+0000] {processor.py:925} INFO - DAG(s) 'dataset_alias_example_alias_consumer', 'dataset_alias_example_alias_producer', 'dataset_s3_bucket_producer', 'dataset_s3_bucket_consumer' retrieved from /home/airflow/.local/lib/python3.12/site-packages/airflow/example_dags/example_dataset_alias.py
[2025-02-03T10:52:41.981+0000] {logging_mixin.py:190} INFO - [2025-02-03T10:52:41.980+0000] {dag.py:3239} INFO - Sync 4 DAGs
[2025-02-03T10:52:42.010+0000] {logging_mixin.py:190} INFO - [2025-02-03T10:52:42.009+0000] {dag.py:4180} INFO - Setting next_dagrun for dataset_alias_example_alias_consumer to None, run_after=None
[2025-02-03T10:52:42.014+0000] {logging_mixin.py:190} INFO - [2025-02-03T10:52:42.014+0000] {dag.py:4180} INFO - Setting next_dagrun for dataset_alias_example_alias_producer to None, run_after=None
[2025-02-03T10:52:42.016+0000] {logging_mixin.py:190} INFO - [2025-02-03T10:52:42.016+0000] {dag.py:4180} INFO - Setting next_dagrun for dataset_s3_bucket_consumer to None, run_after=None
[2025-02-03T10:52:42.019+0000] {logging_mixin.py:190} INFO - [2025-02-03T10:52:42.018+0000] {dag.py:4180} INFO - Setting next_dagrun for dataset_s3_bucket_producer to None, run_after=None
[2025-02-03T10:52:42.046+0000] {processor.py:208} INFO - Processing /home/airflow/.local/lib/python3.12/site-packages/airflow/example_dags/example_dataset_alias.py took 0.866 seconds
[2025-02-03T10:53:12.517+0000] {processor.py:186} INFO - Started process (PID=215) to work on /home/airflow/.local/lib/python3.12/site-packages/airflow/example_dags/example_dataset_alias.py
[2025-02-03T10:53:12.518+0000] {processor.py:914} INFO - Processing file /home/airflow/.local/lib/python3.12/site-packages/airflow/example_dags/example_dataset_alias.py for tasks to queue
[2025-02-03T10:53:12.528+0000] {logging_mixin.py:190} INFO - [2025-02-03T10:53:12.527+0000] {dagbag.py:588} INFO - Filling up the DagBag from /home/airflow/.local/lib/python3.12/site-packages/airflow/example_dags/example_dataset_alias.py
[2025-02-03T10:53:13.537+0000] {processor.py:925} INFO - DAG(s) 'dataset_alias_example_alias_producer', 'dataset_s3_bucket_producer', 'dataset_alias_example_alias_consumer', 'dataset_s3_bucket_consumer' retrieved from /home/airflow/.local/lib/python3.12/site-packages/airflow/example_dags/example_dataset_alias.py
[2025-02-03T10:53:13.576+0000] {logging_mixin.py:190} INFO - [2025-02-03T10:53:13.575+0000] {dag.py:3239} INFO - Sync 4 DAGs
[2025-02-03T10:53:13.612+0000] {logging_mixin.py:190} INFO - [2025-02-03T10:53:13.612+0000] {dag.py:4180} INFO - Setting next_dagrun for dataset_alias_example_alias_consumer to None, run_after=None
[2025-02-03T10:53:13.617+0000] {logging_mixin.py:190} INFO - [2025-02-03T10:53:13.617+0000] {dag.py:4180} INFO - Setting next_dagrun for dataset_alias_example_alias_producer to None, run_after=None
[2025-02-03T10:53:13.620+0000] {logging_mixin.py:190} INFO - [2025-02-03T10:53:13.619+0000] {dag.py:4180} INFO - Setting next_dagrun for dataset_s3_bucket_consumer to None, run_after=None
[2025-02-03T10:53:13.622+0000] {logging_mixin.py:190} INFO - [2025-02-03T10:53:13.622+0000] {dag.py:4180} INFO - Setting next_dagrun for dataset_s3_bucket_producer to None, run_after=None
[2025-02-03T10:53:13.663+0000] {processor.py:208} INFO - Processing /home/airflow/.local/lib/python3.12/site-packages/airflow/example_dags/example_dataset_alias.py took 1.155 seconds
[2025-02-03T23:48:12.152+0000] {processor.py:186} INFO - Started process (PID=73) to work on /home/airflow/.local/lib/python3.12/site-packages/airflow/example_dags/example_dataset_alias.py
[2025-02-03T23:48:12.154+0000] {processor.py:914} INFO - Processing file /home/airflow/.local/lib/python3.12/site-packages/airflow/example_dags/example_dataset_alias.py for tasks to queue
[2025-02-03T23:48:12.158+0000] {logging_mixin.py:190} INFO - [2025-02-03T23:48:12.157+0000] {dagbag.py:588} INFO - Filling up the DagBag from /home/airflow/.local/lib/python3.12/site-packages/airflow/example_dags/example_dataset_alias.py
[2025-02-03T23:48:12.930+0000] {processor.py:925} INFO - DAG(s) 'dataset_s3_bucket_consumer', 'dataset_s3_bucket_producer', 'dataset_alias_example_alias_producer', 'dataset_alias_example_alias_consumer' retrieved from /home/airflow/.local/lib/python3.12/site-packages/airflow/example_dags/example_dataset_alias.py
[2025-02-03T23:48:12.960+0000] {logging_mixin.py:190} INFO - [2025-02-03T23:48:12.959+0000] {dag.py:3239} INFO - Sync 4 DAGs
[2025-02-03T23:48:12.988+0000] {logging_mixin.py:190} INFO - [2025-02-03T23:48:12.988+0000] {dag.py:4180} INFO - Setting next_dagrun for dataset_alias_example_alias_consumer to None, run_after=None
[2025-02-03T23:48:12.991+0000] {logging_mixin.py:190} INFO - [2025-02-03T23:48:12.991+0000] {dag.py:4180} INFO - Setting next_dagrun for dataset_alias_example_alias_producer to None, run_after=None
[2025-02-03T23:48:12.993+0000] {logging_mixin.py:190} INFO - [2025-02-03T23:48:12.993+0000] {dag.py:4180} INFO - Setting next_dagrun for dataset_s3_bucket_consumer to None, run_after=None
[2025-02-03T23:48:12.995+0000] {logging_mixin.py:190} INFO - [2025-02-03T23:48:12.995+0000] {dag.py:4180} INFO - Setting next_dagrun for dataset_s3_bucket_producer to None, run_after=None
[2025-02-03T23:48:13.022+0000] {processor.py:208} INFO - Processing /home/airflow/.local/lib/python3.12/site-packages/airflow/example_dags/example_dataset_alias.py took 0.877 seconds
[2025-02-03T23:48:43.266+0000] {processor.py:186} INFO - Started process (PID=137) to work on /home/airflow/.local/lib/python3.12/site-packages/airflow/example_dags/example_dataset_alias.py
[2025-02-03T23:48:43.268+0000] {processor.py:914} INFO - Processing file /home/airflow/.local/lib/python3.12/site-packages/airflow/example_dags/example_dataset_alias.py for tasks to queue
[2025-02-03T23:48:43.271+0000] {logging_mixin.py:190} INFO - [2025-02-03T23:48:43.271+0000] {dagbag.py:588} INFO - Filling up the DagBag from /home/airflow/.local/lib/python3.12/site-packages/airflow/example_dags/example_dataset_alias.py
[2025-02-03T23:48:44.108+0000] {processor.py:925} INFO - DAG(s) 'dataset_s3_bucket_producer', 'dataset_alias_example_alias_producer', 'dataset_s3_bucket_consumer', 'dataset_alias_example_alias_consumer' retrieved from /home/airflow/.local/lib/python3.12/site-packages/airflow/example_dags/example_dataset_alias.py
[2025-02-03T23:48:44.154+0000] {logging_mixin.py:190} INFO - [2025-02-03T23:48:44.153+0000] {dag.py:3239} INFO - Sync 4 DAGs
[2025-02-03T23:48:44.195+0000] {logging_mixin.py:190} INFO - [2025-02-03T23:48:44.195+0000] {dag.py:4180} INFO - Setting next_dagrun for dataset_alias_example_alias_consumer to None, run_after=None
[2025-02-03T23:48:44.201+0000] {logging_mixin.py:190} INFO - [2025-02-03T23:48:44.201+0000] {dag.py:4180} INFO - Setting next_dagrun for dataset_alias_example_alias_producer to None, run_after=None
[2025-02-03T23:48:44.208+0000] {logging_mixin.py:190} INFO - [2025-02-03T23:48:44.207+0000] {dag.py:4180} INFO - Setting next_dagrun for dataset_s3_bucket_consumer to None, run_after=None
[2025-02-03T23:48:44.211+0000] {logging_mixin.py:190} INFO - [2025-02-03T23:48:44.210+0000] {dag.py:4180} INFO - Setting next_dagrun for dataset_s3_bucket_producer to None, run_after=None
[2025-02-03T23:48:44.247+0000] {processor.py:208} INFO - Processing /home/airflow/.local/lib/python3.12/site-packages/airflow/example_dags/example_dataset_alias.py took 0.990 seconds
[2025-02-03T23:49:14.555+0000] {processor.py:186} INFO - Started process (PID=201) to work on /home/airflow/.local/lib/python3.12/site-packages/airflow/example_dags/example_dataset_alias.py
[2025-02-03T23:49:14.556+0000] {processor.py:914} INFO - Processing file /home/airflow/.local/lib/python3.12/site-packages/airflow/example_dags/example_dataset_alias.py for tasks to queue
[2025-02-03T23:49:14.559+0000] {logging_mixin.py:190} INFO - [2025-02-03T23:49:14.558+0000] {dagbag.py:588} INFO - Filling up the DagBag from /home/airflow/.local/lib/python3.12/site-packages/airflow/example_dags/example_dataset_alias.py
[2025-02-03T23:49:15.299+0000] {processor.py:925} INFO - DAG(s) 'dataset_s3_bucket_consumer', 'dataset_alias_example_alias_producer', 'dataset_s3_bucket_producer', 'dataset_alias_example_alias_consumer' retrieved from /home/airflow/.local/lib/python3.12/site-packages/airflow/example_dags/example_dataset_alias.py
[2025-02-03T23:49:15.331+0000] {logging_mixin.py:190} INFO - [2025-02-03T23:49:15.330+0000] {dag.py:3239} INFO - Sync 4 DAGs
[2025-02-03T23:49:15.358+0000] {logging_mixin.py:190} INFO - [2025-02-03T23:49:15.358+0000] {dag.py:4180} INFO - Setting next_dagrun for dataset_alias_example_alias_consumer to None, run_after=None
[2025-02-03T23:49:15.361+0000] {logging_mixin.py:190} INFO - [2025-02-03T23:49:15.361+0000] {dag.py:4180} INFO - Setting next_dagrun for dataset_alias_example_alias_producer to None, run_after=None
[2025-02-03T23:49:15.363+0000] {logging_mixin.py:190} INFO - [2025-02-03T23:49:15.363+0000] {dag.py:4180} INFO - Setting next_dagrun for dataset_s3_bucket_consumer to None, run_after=None
[2025-02-03T23:49:15.365+0000] {logging_mixin.py:190} INFO - [2025-02-03T23:49:15.365+0000] {dag.py:4180} INFO - Setting next_dagrun for dataset_s3_bucket_producer to None, run_after=None
[2025-02-03T23:49:15.389+0000] {processor.py:208} INFO - Processing /home/airflow/.local/lib/python3.12/site-packages/airflow/example_dags/example_dataset_alias.py took 0.841 seconds
[2025-02-03T23:49:46.166+0000] {processor.py:186} INFO - Started process (PID=271) to work on /home/airflow/.local/lib/python3.12/site-packages/airflow/example_dags/example_dataset_alias.py
[2025-02-03T23:49:46.167+0000] {processor.py:914} INFO - Processing file /home/airflow/.local/lib/python3.12/site-packages/airflow/example_dags/example_dataset_alias.py for tasks to queue
[2025-02-03T23:49:46.171+0000] {logging_mixin.py:190} INFO - [2025-02-03T23:49:46.171+0000] {dagbag.py:588} INFO - Filling up the DagBag from /home/airflow/.local/lib/python3.12/site-packages/airflow/example_dags/example_dataset_alias.py
[2025-02-03T23:49:47.449+0000] {processor.py:925} INFO - DAG(s) 'dataset_s3_bucket_producer', 'dataset_alias_example_alias_consumer', 'dataset_alias_example_alias_producer', 'dataset_s3_bucket_consumer' retrieved from /home/airflow/.local/lib/python3.12/site-packages/airflow/example_dags/example_dataset_alias.py
[2025-02-03T23:49:47.498+0000] {logging_mixin.py:190} INFO - [2025-02-03T23:49:47.495+0000] {dag.py:3239} INFO - Sync 4 DAGs
[2025-02-03T23:49:47.536+0000] {logging_mixin.py:190} INFO - [2025-02-03T23:49:47.536+0000] {dag.py:4180} INFO - Setting next_dagrun for dataset_alias_example_alias_consumer to None, run_after=None
[2025-02-03T23:49:47.541+0000] {logging_mixin.py:190} INFO - [2025-02-03T23:49:47.541+0000] {dag.py:4180} INFO - Setting next_dagrun for dataset_alias_example_alias_producer to None, run_after=None
[2025-02-03T23:49:47.543+0000] {logging_mixin.py:190} INFO - [2025-02-03T23:49:47.543+0000] {dag.py:4180} INFO - Setting next_dagrun for dataset_s3_bucket_consumer to None, run_after=None
[2025-02-03T23:49:47.545+0000] {logging_mixin.py:190} INFO - [2025-02-03T23:49:47.545+0000] {dag.py:4180} INFO - Setting next_dagrun for dataset_s3_bucket_producer to None, run_after=None
[2025-02-03T23:49:47.573+0000] {processor.py:208} INFO - Processing /home/airflow/.local/lib/python3.12/site-packages/airflow/example_dags/example_dataset_alias.py took 1.413 seconds
[2025-02-03T23:50:19.251+0000] {processor.py:186} INFO - Started process (PID=334) to work on /home/airflow/.local/lib/python3.12/site-packages/airflow/example_dags/example_dataset_alias.py
[2025-02-03T23:50:19.253+0000] {processor.py:914} INFO - Processing file /home/airflow/.local/lib/python3.12/site-packages/airflow/example_dags/example_dataset_alias.py for tasks to queue
[2025-02-03T23:50:19.258+0000] {logging_mixin.py:190} INFO - [2025-02-03T23:50:19.258+0000] {dagbag.py:588} INFO - Filling up the DagBag from /home/airflow/.local/lib/python3.12/site-packages/airflow/example_dags/example_dataset_alias.py
[2025-02-03T23:50:21.553+0000] {processor.py:925} INFO - DAG(s) 'dataset_s3_bucket_consumer', 'dataset_s3_bucket_producer', 'dataset_alias_example_alias_consumer', 'dataset_alias_example_alias_producer' retrieved from /home/airflow/.local/lib/python3.12/site-packages/airflow/example_dags/example_dataset_alias.py
[2025-02-03T23:50:21.597+0000] {logging_mixin.py:190} INFO - [2025-02-03T23:50:21.595+0000] {dag.py:3239} INFO - Sync 4 DAGs
[2025-02-03T23:50:21.640+0000] {logging_mixin.py:190} INFO - [2025-02-03T23:50:21.639+0000] {dag.py:4180} INFO - Setting next_dagrun for dataset_alias_example_alias_consumer to None, run_after=None
[2025-02-03T23:50:21.647+0000] {logging_mixin.py:190} INFO - [2025-02-03T23:50:21.646+0000] {dag.py:4180} INFO - Setting next_dagrun for dataset_alias_example_alias_producer to None, run_after=None
[2025-02-03T23:50:21.650+0000] {logging_mixin.py:190} INFO - [2025-02-03T23:50:21.650+0000] {dag.py:4180} INFO - Setting next_dagrun for dataset_s3_bucket_consumer to None, run_after=None
[2025-02-03T23:50:21.653+0000] {logging_mixin.py:190} INFO - [2025-02-03T23:50:21.653+0000] {dag.py:4180} INFO - Setting next_dagrun for dataset_s3_bucket_producer to None, run_after=None
[2025-02-03T23:50:21.726+0000] {processor.py:208} INFO - Processing /home/airflow/.local/lib/python3.12/site-packages/airflow/example_dags/example_dataset_alias.py took 2.485 seconds
[2025-02-03T23:50:51.842+0000] {processor.py:186} INFO - Started process (PID=402) to work on /home/airflow/.local/lib/python3.12/site-packages/airflow/example_dags/example_dataset_alias.py
[2025-02-03T23:50:51.843+0000] {processor.py:914} INFO - Processing file /home/airflow/.local/lib/python3.12/site-packages/airflow/example_dags/example_dataset_alias.py for tasks to queue
[2025-02-03T23:50:51.846+0000] {logging_mixin.py:190} INFO - [2025-02-03T23:50:51.846+0000] {dagbag.py:588} INFO - Filling up the DagBag from /home/airflow/.local/lib/python3.12/site-packages/airflow/example_dags/example_dataset_alias.py
[2025-02-03T23:50:52.565+0000] {processor.py:925} INFO - DAG(s) 'dataset_s3_bucket_producer', 'dataset_alias_example_alias_consumer', 'dataset_s3_bucket_consumer', 'dataset_alias_example_alias_producer' retrieved from /home/airflow/.local/lib/python3.12/site-packages/airflow/example_dags/example_dataset_alias.py
[2025-02-03T23:50:52.591+0000] {logging_mixin.py:190} INFO - [2025-02-03T23:50:52.590+0000] {dag.py:3239} INFO - Sync 4 DAGs
[2025-02-03T23:50:52.621+0000] {logging_mixin.py:190} INFO - [2025-02-03T23:50:52.621+0000] {dag.py:4180} INFO - Setting next_dagrun for dataset_alias_example_alias_consumer to None, run_after=None
[2025-02-03T23:50:52.625+0000] {logging_mixin.py:190} INFO - [2025-02-03T23:50:52.625+0000] {dag.py:4180} INFO - Setting next_dagrun for dataset_alias_example_alias_producer to None, run_after=None
[2025-02-03T23:50:52.629+0000] {logging_mixin.py:190} INFO - [2025-02-03T23:50:52.629+0000] {dag.py:4180} INFO - Setting next_dagrun for dataset_s3_bucket_consumer to None, run_after=None
[2025-02-03T23:50:52.632+0000] {logging_mixin.py:190} INFO - [2025-02-03T23:50:52.632+0000] {dag.py:4180} INFO - Setting next_dagrun for dataset_s3_bucket_producer to None, run_after=None
[2025-02-03T23:50:52.665+0000] {processor.py:208} INFO - Processing /home/airflow/.local/lib/python3.12/site-packages/airflow/example_dags/example_dataset_alias.py took 0.830 seconds
[2025-02-03T23:51:23.582+0000] {processor.py:186} INFO - Started process (PID=465) to work on /home/airflow/.local/lib/python3.12/site-packages/airflow/example_dags/example_dataset_alias.py
[2025-02-03T23:51:23.583+0000] {processor.py:914} INFO - Processing file /home/airflow/.local/lib/python3.12/site-packages/airflow/example_dags/example_dataset_alias.py for tasks to queue
[2025-02-03T23:51:23.587+0000] {logging_mixin.py:190} INFO - [2025-02-03T23:51:23.586+0000] {dagbag.py:588} INFO - Filling up the DagBag from /home/airflow/.local/lib/python3.12/site-packages/airflow/example_dags/example_dataset_alias.py
[2025-02-03T23:51:24.278+0000] {processor.py:925} INFO - DAG(s) 'dataset_s3_bucket_consumer', 'dataset_alias_example_alias_producer', 'dataset_s3_bucket_producer', 'dataset_alias_example_alias_consumer' retrieved from /home/airflow/.local/lib/python3.12/site-packages/airflow/example_dags/example_dataset_alias.py
[2025-02-03T23:51:24.310+0000] {logging_mixin.py:190} INFO - [2025-02-03T23:51:24.309+0000] {dag.py:3239} INFO - Sync 4 DAGs
[2025-02-03T23:51:24.345+0000] {logging_mixin.py:190} INFO - [2025-02-03T23:51:24.344+0000] {dag.py:4180} INFO - Setting next_dagrun for dataset_alias_example_alias_consumer to None, run_after=None
[2025-02-03T23:51:24.348+0000] {logging_mixin.py:190} INFO - [2025-02-03T23:51:24.348+0000] {dag.py:4180} INFO - Setting next_dagrun for dataset_alias_example_alias_producer to None, run_after=None
[2025-02-03T23:51:24.350+0000] {logging_mixin.py:190} INFO - [2025-02-03T23:51:24.350+0000] {dag.py:4180} INFO - Setting next_dagrun for dataset_s3_bucket_consumer to None, run_after=None
[2025-02-03T23:51:24.352+0000] {logging_mixin.py:190} INFO - [2025-02-03T23:51:24.352+0000] {dag.py:4180} INFO - Setting next_dagrun for dataset_s3_bucket_producer to None, run_after=None
[2025-02-03T23:51:24.387+0000] {processor.py:208} INFO - Processing /home/airflow/.local/lib/python3.12/site-packages/airflow/example_dags/example_dataset_alias.py took 0.812 seconds
[2025-02-03T23:51:54.458+0000] {processor.py:186} INFO - Started process (PID=533) to work on /home/airflow/.local/lib/python3.12/site-packages/airflow/example_dags/example_dataset_alias.py
[2025-02-03T23:51:54.460+0000] {processor.py:914} INFO - Processing file /home/airflow/.local/lib/python3.12/site-packages/airflow/example_dags/example_dataset_alias.py for tasks to queue
[2025-02-03T23:51:54.463+0000] {logging_mixin.py:190} INFO - [2025-02-03T23:51:54.462+0000] {dagbag.py:588} INFO - Filling up the DagBag from /home/airflow/.local/lib/python3.12/site-packages/airflow/example_dags/example_dataset_alias.py
[2025-02-03T23:51:55.156+0000] {processor.py:925} INFO - DAG(s) 'dataset_s3_bucket_consumer', 'dataset_alias_example_alias_producer', 'dataset_s3_bucket_producer', 'dataset_alias_example_alias_consumer' retrieved from /home/airflow/.local/lib/python3.12/site-packages/airflow/example_dags/example_dataset_alias.py
[2025-02-03T23:51:55.182+0000] {logging_mixin.py:190} INFO - [2025-02-03T23:51:55.182+0000] {dag.py:3239} INFO - Sync 4 DAGs
[2025-02-03T23:51:55.213+0000] {logging_mixin.py:190} INFO - [2025-02-03T23:51:55.213+0000] {dag.py:4180} INFO - Setting next_dagrun for dataset_alias_example_alias_consumer to None, run_after=None
[2025-02-03T23:51:55.217+0000] {logging_mixin.py:190} INFO - [2025-02-03T23:51:55.217+0000] {dag.py:4180} INFO - Setting next_dagrun for dataset_alias_example_alias_producer to None, run_after=None
[2025-02-03T23:51:55.219+0000] {logging_mixin.py:190} INFO - [2025-02-03T23:51:55.219+0000] {dag.py:4180} INFO - Setting next_dagrun for dataset_s3_bucket_consumer to None, run_after=None
[2025-02-03T23:51:55.221+0000] {logging_mixin.py:190} INFO - [2025-02-03T23:51:55.220+0000] {dag.py:4180} INFO - Setting next_dagrun for dataset_s3_bucket_producer to None, run_after=None
[2025-02-03T23:51:55.253+0000] {processor.py:208} INFO - Processing /home/airflow/.local/lib/python3.12/site-packages/airflow/example_dags/example_dataset_alias.py took 0.802 seconds
[2025-02-03T23:52:25.609+0000] {processor.py:186} INFO - Started process (PID=593) to work on /home/airflow/.local/lib/python3.12/site-packages/airflow/example_dags/example_dataset_alias.py
[2025-02-03T23:52:25.611+0000] {processor.py:914} INFO - Processing file /home/airflow/.local/lib/python3.12/site-packages/airflow/example_dags/example_dataset_alias.py for tasks to queue
[2025-02-03T23:52:25.614+0000] {logging_mixin.py:190} INFO - [2025-02-03T23:52:25.614+0000] {dagbag.py:588} INFO - Filling up the DagBag from /home/airflow/.local/lib/python3.12/site-packages/airflow/example_dags/example_dataset_alias.py
[2025-02-03T23:52:26.327+0000] {processor.py:925} INFO - DAG(s) 'dataset_alias_example_alias_producer', 'dataset_alias_example_alias_consumer', 'dataset_s3_bucket_producer', 'dataset_s3_bucket_consumer' retrieved from /home/airflow/.local/lib/python3.12/site-packages/airflow/example_dags/example_dataset_alias.py
[2025-02-03T23:52:26.362+0000] {logging_mixin.py:190} INFO - [2025-02-03T23:52:26.360+0000] {dag.py:3239} INFO - Sync 4 DAGs
[2025-02-03T23:52:26.388+0000] {logging_mixin.py:190} INFO - [2025-02-03T23:52:26.388+0000] {dag.py:4180} INFO - Setting next_dagrun for dataset_alias_example_alias_consumer to None, run_after=None
[2025-02-03T23:52:26.391+0000] {logging_mixin.py:190} INFO - [2025-02-03T23:52:26.391+0000] {dag.py:4180} INFO - Setting next_dagrun for dataset_alias_example_alias_producer to None, run_after=None
[2025-02-03T23:52:26.394+0000] {logging_mixin.py:190} INFO - [2025-02-03T23:52:26.394+0000] {dag.py:4180} INFO - Setting next_dagrun for dataset_s3_bucket_consumer to None, run_after=None
[2025-02-03T23:52:26.396+0000] {logging_mixin.py:190} INFO - [2025-02-03T23:52:26.396+0000] {dag.py:4180} INFO - Setting next_dagrun for dataset_s3_bucket_producer to None, run_after=None
[2025-02-03T23:52:26.421+0000] {processor.py:208} INFO - Processing /home/airflow/.local/lib/python3.12/site-packages/airflow/example_dags/example_dataset_alias.py took 0.821 seconds
[2025-02-03T23:52:56.756+0000] {processor.py:186} INFO - Started process (PID=654) to work on /home/airflow/.local/lib/python3.12/site-packages/airflow/example_dags/example_dataset_alias.py
[2025-02-03T23:52:56.757+0000] {processor.py:914} INFO - Processing file /home/airflow/.local/lib/python3.12/site-packages/airflow/example_dags/example_dataset_alias.py for tasks to queue
[2025-02-03T23:52:56.760+0000] {logging_mixin.py:190} INFO - [2025-02-03T23:52:56.760+0000] {dagbag.py:588} INFO - Filling up the DagBag from /home/airflow/.local/lib/python3.12/site-packages/airflow/example_dags/example_dataset_alias.py
[2025-02-03T23:52:57.421+0000] {processor.py:925} INFO - DAG(s) 'dataset_alias_example_alias_consumer', 'dataset_s3_bucket_producer', 'dataset_alias_example_alias_producer', 'dataset_s3_bucket_consumer' retrieved from /home/airflow/.local/lib/python3.12/site-packages/airflow/example_dags/example_dataset_alias.py
[2025-02-03T23:52:57.448+0000] {logging_mixin.py:190} INFO - [2025-02-03T23:52:57.447+0000] {dag.py:3239} INFO - Sync 4 DAGs
[2025-02-03T23:52:57.472+0000] {logging_mixin.py:190} INFO - [2025-02-03T23:52:57.472+0000] {dag.py:4180} INFO - Setting next_dagrun for dataset_alias_example_alias_consumer to None, run_after=None
[2025-02-03T23:52:57.476+0000] {logging_mixin.py:190} INFO - [2025-02-03T23:52:57.476+0000] {dag.py:4180} INFO - Setting next_dagrun for dataset_alias_example_alias_producer to None, run_after=None
[2025-02-03T23:52:57.478+0000] {logging_mixin.py:190} INFO - [2025-02-03T23:52:57.478+0000] {dag.py:4180} INFO - Setting next_dagrun for dataset_s3_bucket_consumer to None, run_after=None
[2025-02-03T23:52:57.480+0000] {logging_mixin.py:190} INFO - [2025-02-03T23:52:57.480+0000] {dag.py:4180} INFO - Setting next_dagrun for dataset_s3_bucket_producer to None, run_after=None
[2025-02-03T23:52:57.543+0000] {processor.py:208} INFO - Processing /home/airflow/.local/lib/python3.12/site-packages/airflow/example_dags/example_dataset_alias.py took 0.794 seconds
[2025-02-03T23:53:28.306+0000] {processor.py:186} INFO - Started process (PID=717) to work on /home/airflow/.local/lib/python3.12/site-packages/airflow/example_dags/example_dataset_alias.py
[2025-02-03T23:53:28.307+0000] {processor.py:914} INFO - Processing file /home/airflow/.local/lib/python3.12/site-packages/airflow/example_dags/example_dataset_alias.py for tasks to queue
[2025-02-03T23:53:28.310+0000] {logging_mixin.py:190} INFO - [2025-02-03T23:53:28.310+0000] {dagbag.py:588} INFO - Filling up the DagBag from /home/airflow/.local/lib/python3.12/site-packages/airflow/example_dags/example_dataset_alias.py
[2025-02-03T23:53:29.053+0000] {processor.py:925} INFO - DAG(s) 'dataset_alias_example_alias_consumer', 'dataset_s3_bucket_consumer', 'dataset_alias_example_alias_producer', 'dataset_s3_bucket_producer' retrieved from /home/airflow/.local/lib/python3.12/site-packages/airflow/example_dags/example_dataset_alias.py
[2025-02-03T23:53:29.084+0000] {logging_mixin.py:190} INFO - [2025-02-03T23:53:29.083+0000] {dag.py:3239} INFO - Sync 4 DAGs
[2025-02-03T23:53:29.119+0000] {logging_mixin.py:190} INFO - [2025-02-03T23:53:29.119+0000] {dag.py:4180} INFO - Setting next_dagrun for dataset_alias_example_alias_consumer to None, run_after=None
[2025-02-03T23:53:29.122+0000] {logging_mixin.py:190} INFO - [2025-02-03T23:53:29.122+0000] {dag.py:4180} INFO - Setting next_dagrun for dataset_alias_example_alias_producer to None, run_after=None
[2025-02-03T23:53:29.124+0000] {logging_mixin.py:190} INFO - [2025-02-03T23:53:29.124+0000] {dag.py:4180} INFO - Setting next_dagrun for dataset_s3_bucket_consumer to None, run_after=None
[2025-02-03T23:53:29.126+0000] {logging_mixin.py:190} INFO - [2025-02-03T23:53:29.126+0000] {dag.py:4180} INFO - Setting next_dagrun for dataset_s3_bucket_producer to None, run_after=None
[2025-02-03T23:53:29.158+0000] {processor.py:208} INFO - Processing /home/airflow/.local/lib/python3.12/site-packages/airflow/example_dags/example_dataset_alias.py took 0.859 seconds
[2025-02-03T23:53:59.769+0000] {processor.py:186} INFO - Started process (PID=785) to work on /home/airflow/.local/lib/python3.12/site-packages/airflow/example_dags/example_dataset_alias.py
[2025-02-03T23:53:59.770+0000] {processor.py:914} INFO - Processing file /home/airflow/.local/lib/python3.12/site-packages/airflow/example_dags/example_dataset_alias.py for tasks to queue
[2025-02-03T23:53:59.772+0000] {logging_mixin.py:190} INFO - [2025-02-03T23:53:59.772+0000] {dagbag.py:588} INFO - Filling up the DagBag from /home/airflow/.local/lib/python3.12/site-packages/airflow/example_dags/example_dataset_alias.py
[2025-02-03T23:54:00.519+0000] {processor.py:925} INFO - DAG(s) 'dataset_alias_example_alias_producer', 'dataset_s3_bucket_producer', 'dataset_alias_example_alias_consumer', 'dataset_s3_bucket_consumer' retrieved from /home/airflow/.local/lib/python3.12/site-packages/airflow/example_dags/example_dataset_alias.py
[2025-02-03T23:54:00.545+0000] {logging_mixin.py:190} INFO - [2025-02-03T23:54:00.544+0000] {dag.py:3239} INFO - Sync 4 DAGs
[2025-02-03T23:54:00.571+0000] {logging_mixin.py:190} INFO - [2025-02-03T23:54:00.571+0000] {dag.py:4180} INFO - Setting next_dagrun for dataset_alias_example_alias_consumer to None, run_after=None
[2025-02-03T23:54:00.575+0000] {logging_mixin.py:190} INFO - [2025-02-03T23:54:00.575+0000] {dag.py:4180} INFO - Setting next_dagrun for dataset_alias_example_alias_producer to None, run_after=None
[2025-02-03T23:54:00.577+0000] {logging_mixin.py:190} INFO - [2025-02-03T23:54:00.576+0000] {dag.py:4180} INFO - Setting next_dagrun for dataset_s3_bucket_consumer to None, run_after=None
[2025-02-03T23:54:00.579+0000] {logging_mixin.py:190} INFO - [2025-02-03T23:54:00.578+0000] {dag.py:4180} INFO - Setting next_dagrun for dataset_s3_bucket_producer to None, run_after=None
[2025-02-03T23:54:00.608+0000] {processor.py:208} INFO - Processing /home/airflow/.local/lib/python3.12/site-packages/airflow/example_dags/example_dataset_alias.py took 0.846 seconds
[2025-02-03T23:54:30.681+0000] {processor.py:186} INFO - Started process (PID=842) to work on /home/airflow/.local/lib/python3.12/site-packages/airflow/example_dags/example_dataset_alias.py
[2025-02-03T23:54:30.682+0000] {processor.py:914} INFO - Processing file /home/airflow/.local/lib/python3.12/site-packages/airflow/example_dags/example_dataset_alias.py for tasks to queue
[2025-02-03T23:54:30.685+0000] {logging_mixin.py:190} INFO - [2025-02-03T23:54:30.685+0000] {dagbag.py:588} INFO - Filling up the DagBag from /home/airflow/.local/lib/python3.12/site-packages/airflow/example_dags/example_dataset_alias.py
[2025-02-03T23:54:31.443+0000] {processor.py:925} INFO - DAG(s) 'dataset_alias_example_alias_producer', 'dataset_alias_example_alias_consumer', 'dataset_s3_bucket_consumer', 'dataset_s3_bucket_producer' retrieved from /home/airflow/.local/lib/python3.12/site-packages/airflow/example_dags/example_dataset_alias.py
[2025-02-03T23:54:31.479+0000] {logging_mixin.py:190} INFO - [2025-02-03T23:54:31.479+0000] {dag.py:3239} INFO - Sync 4 DAGs
[2025-02-03T23:54:31.531+0000] {logging_mixin.py:190} INFO - [2025-02-03T23:54:31.531+0000] {dag.py:4180} INFO - Setting next_dagrun for dataset_alias_example_alias_consumer to None, run_after=None
[2025-02-03T23:54:31.534+0000] {logging_mixin.py:190} INFO - [2025-02-03T23:54:31.534+0000] {dag.py:4180} INFO - Setting next_dagrun for dataset_alias_example_alias_producer to None, run_after=None
[2025-02-03T23:54:31.536+0000] {logging_mixin.py:190} INFO - [2025-02-03T23:54:31.536+0000] {dag.py:4180} INFO - Setting next_dagrun for dataset_s3_bucket_consumer to None, run_after=None
[2025-02-03T23:54:31.539+0000] {logging_mixin.py:190} INFO - [2025-02-03T23:54:31.539+0000] {dag.py:4180} INFO - Setting next_dagrun for dataset_s3_bucket_producer to None, run_after=None
[2025-02-03T23:54:31.571+0000] {processor.py:208} INFO - Processing /home/airflow/.local/lib/python3.12/site-packages/airflow/example_dags/example_dataset_alias.py took 0.897 seconds
[2025-02-03T23:55:02.857+0000] {processor.py:186} INFO - Started process (PID=907) to work on /home/airflow/.local/lib/python3.12/site-packages/airflow/example_dags/example_dataset_alias.py
[2025-02-03T23:55:02.858+0000] {processor.py:914} INFO - Processing file /home/airflow/.local/lib/python3.12/site-packages/airflow/example_dags/example_dataset_alias.py for tasks to queue
[2025-02-03T23:55:02.862+0000] {logging_mixin.py:190} INFO - [2025-02-03T23:55:02.862+0000] {dagbag.py:588} INFO - Filling up the DagBag from /home/airflow/.local/lib/python3.12/site-packages/airflow/example_dags/example_dataset_alias.py
[2025-02-03T23:55:03.602+0000] {processor.py:925} INFO - DAG(s) 'dataset_alias_example_alias_producer', 'dataset_s3_bucket_producer', 'dataset_alias_example_alias_consumer', 'dataset_s3_bucket_consumer' retrieved from /home/airflow/.local/lib/python3.12/site-packages/airflow/example_dags/example_dataset_alias.py
[2025-02-03T23:55:03.641+0000] {logging_mixin.py:190} INFO - [2025-02-03T23:55:03.640+0000] {dag.py:3239} INFO - Sync 4 DAGs
[2025-02-03T23:55:03.672+0000] {logging_mixin.py:190} INFO - [2025-02-03T23:55:03.671+0000] {dag.py:4180} INFO - Setting next_dagrun for dataset_alias_example_alias_consumer to None, run_after=None
[2025-02-03T23:55:03.675+0000] {logging_mixin.py:190} INFO - [2025-02-03T23:55:03.675+0000] {dag.py:4180} INFO - Setting next_dagrun for dataset_alias_example_alias_producer to None, run_after=None
[2025-02-03T23:55:03.679+0000] {logging_mixin.py:190} INFO - [2025-02-03T23:55:03.679+0000] {dag.py:4180} INFO - Setting next_dagrun for dataset_s3_bucket_consumer to None, run_after=None
[2025-02-03T23:55:03.681+0000] {logging_mixin.py:190} INFO - [2025-02-03T23:55:03.681+0000] {dag.py:4180} INFO - Setting next_dagrun for dataset_s3_bucket_producer to None, run_after=None
[2025-02-03T23:55:03.708+0000] {processor.py:208} INFO - Processing /home/airflow/.local/lib/python3.12/site-packages/airflow/example_dags/example_dataset_alias.py took 0.859 seconds
[2025-02-03T23:55:34.389+0000] {processor.py:186} INFO - Started process (PID=975) to work on /home/airflow/.local/lib/python3.12/site-packages/airflow/example_dags/example_dataset_alias.py
[2025-02-03T23:55:34.391+0000] {processor.py:914} INFO - Processing file /home/airflow/.local/lib/python3.12/site-packages/airflow/example_dags/example_dataset_alias.py for tasks to queue
[2025-02-03T23:55:34.394+0000] {logging_mixin.py:190} INFO - [2025-02-03T23:55:34.393+0000] {dagbag.py:588} INFO - Filling up the DagBag from /home/airflow/.local/lib/python3.12/site-packages/airflow/example_dags/example_dataset_alias.py
[2025-02-03T23:55:35.223+0000] {processor.py:925} INFO - DAG(s) 'dataset_s3_bucket_consumer', 'dataset_s3_bucket_producer', 'dataset_alias_example_alias_consumer', 'dataset_alias_example_alias_producer' retrieved from /home/airflow/.local/lib/python3.12/site-packages/airflow/example_dags/example_dataset_alias.py
[2025-02-03T23:55:35.255+0000] {logging_mixin.py:190} INFO - [2025-02-03T23:55:35.254+0000] {dag.py:3239} INFO - Sync 4 DAGs
[2025-02-03T23:55:35.288+0000] {logging_mixin.py:190} INFO - [2025-02-03T23:55:35.287+0000] {dag.py:4180} INFO - Setting next_dagrun for dataset_alias_example_alias_consumer to None, run_after=None
[2025-02-03T23:55:35.292+0000] {logging_mixin.py:190} INFO - [2025-02-03T23:55:35.292+0000] {dag.py:4180} INFO - Setting next_dagrun for dataset_alias_example_alias_producer to None, run_after=None
[2025-02-03T23:55:35.295+0000] {logging_mixin.py:190} INFO - [2025-02-03T23:55:35.295+0000] {dag.py:4180} INFO - Setting next_dagrun for dataset_s3_bucket_consumer to None, run_after=None
[2025-02-03T23:55:35.297+0000] {logging_mixin.py:190} INFO - [2025-02-03T23:55:35.297+0000] {dag.py:4180} INFO - Setting next_dagrun for dataset_s3_bucket_producer to None, run_after=None
[2025-02-03T23:55:35.326+0000] {processor.py:208} INFO - Processing /home/airflow/.local/lib/python3.12/site-packages/airflow/example_dags/example_dataset_alias.py took 0.944 seconds
[2025-02-03T23:56:05.795+0000] {processor.py:186} INFO - Started process (PID=1040) to work on /home/airflow/.local/lib/python3.12/site-packages/airflow/example_dags/example_dataset_alias.py
[2025-02-03T23:56:05.799+0000] {processor.py:914} INFO - Processing file /home/airflow/.local/lib/python3.12/site-packages/airflow/example_dags/example_dataset_alias.py for tasks to queue
[2025-02-03T23:56:05.804+0000] {logging_mixin.py:190} INFO - [2025-02-03T23:56:05.803+0000] {dagbag.py:588} INFO - Filling up the DagBag from /home/airflow/.local/lib/python3.12/site-packages/airflow/example_dags/example_dataset_alias.py
[2025-02-03T23:56:06.600+0000] {processor.py:925} INFO - DAG(s) 'dataset_alias_example_alias_producer', 'dataset_s3_bucket_consumer', 'dataset_alias_example_alias_consumer', 'dataset_s3_bucket_producer' retrieved from /home/airflow/.local/lib/python3.12/site-packages/airflow/example_dags/example_dataset_alias.py
[2025-02-03T23:56:06.633+0000] {logging_mixin.py:190} INFO - [2025-02-03T23:56:06.632+0000] {dag.py:3239} INFO - Sync 4 DAGs
[2025-02-03T23:56:06.672+0000] {logging_mixin.py:190} INFO - [2025-02-03T23:56:06.672+0000] {dag.py:4180} INFO - Setting next_dagrun for dataset_alias_example_alias_consumer to None, run_after=None
[2025-02-03T23:56:06.677+0000] {logging_mixin.py:190} INFO - [2025-02-03T23:56:06.676+0000] {dag.py:4180} INFO - Setting next_dagrun for dataset_alias_example_alias_producer to None, run_after=None
[2025-02-03T23:56:06.680+0000] {logging_mixin.py:190} INFO - [2025-02-03T23:56:06.679+0000] {dag.py:4180} INFO - Setting next_dagrun for dataset_s3_bucket_consumer to None, run_after=None
[2025-02-03T23:56:06.683+0000] {logging_mixin.py:190} INFO - [2025-02-03T23:56:06.682+0000] {dag.py:4180} INFO - Setting next_dagrun for dataset_s3_bucket_producer to None, run_after=None
[2025-02-03T23:56:06.719+0000] {processor.py:208} INFO - Processing /home/airflow/.local/lib/python3.12/site-packages/airflow/example_dags/example_dataset_alias.py took 0.934 seconds
[2025-02-03T23:56:37.497+0000] {processor.py:186} INFO - Started process (PID=1106) to work on /home/airflow/.local/lib/python3.12/site-packages/airflow/example_dags/example_dataset_alias.py
[2025-02-03T23:56:37.498+0000] {processor.py:914} INFO - Processing file /home/airflow/.local/lib/python3.12/site-packages/airflow/example_dags/example_dataset_alias.py for tasks to queue
[2025-02-03T23:56:37.501+0000] {logging_mixin.py:190} INFO - [2025-02-03T23:56:37.501+0000] {dagbag.py:588} INFO - Filling up the DagBag from /home/airflow/.local/lib/python3.12/site-packages/airflow/example_dags/example_dataset_alias.py
[2025-02-03T23:56:38.305+0000] {processor.py:925} INFO - DAG(s) 'dataset_s3_bucket_producer', 'dataset_alias_example_alias_producer', 'dataset_alias_example_alias_consumer', 'dataset_s3_bucket_consumer' retrieved from /home/airflow/.local/lib/python3.12/site-packages/airflow/example_dags/example_dataset_alias.py
[2025-02-03T23:56:38.337+0000] {logging_mixin.py:190} INFO - [2025-02-03T23:56:38.336+0000] {dag.py:3239} INFO - Sync 4 DAGs
[2025-02-03T23:56:38.364+0000] {logging_mixin.py:190} INFO - [2025-02-03T23:56:38.364+0000] {dag.py:4180} INFO - Setting next_dagrun for dataset_alias_example_alias_consumer to None, run_after=None
[2025-02-03T23:56:38.368+0000] {logging_mixin.py:190} INFO - [2025-02-03T23:56:38.367+0000] {dag.py:4180} INFO - Setting next_dagrun for dataset_alias_example_alias_producer to None, run_after=None
[2025-02-03T23:56:38.370+0000] {logging_mixin.py:190} INFO - [2025-02-03T23:56:38.370+0000] {dag.py:4180} INFO - Setting next_dagrun for dataset_s3_bucket_consumer to None, run_after=None
[2025-02-03T23:56:38.372+0000] {logging_mixin.py:190} INFO - [2025-02-03T23:56:38.372+0000] {dag.py:4180} INFO - Setting next_dagrun for dataset_s3_bucket_producer to None, run_after=None
[2025-02-03T23:56:38.401+0000] {processor.py:208} INFO - Processing /home/airflow/.local/lib/python3.12/site-packages/airflow/example_dags/example_dataset_alias.py took 0.913 seconds
[2025-02-03T23:57:09.084+0000] {processor.py:186} INFO - Started process (PID=1172) to work on /home/airflow/.local/lib/python3.12/site-packages/airflow/example_dags/example_dataset_alias.py
[2025-02-03T23:57:09.085+0000] {processor.py:914} INFO - Processing file /home/airflow/.local/lib/python3.12/site-packages/airflow/example_dags/example_dataset_alias.py for tasks to queue
[2025-02-03T23:57:09.088+0000] {logging_mixin.py:190} INFO - [2025-02-03T23:57:09.087+0000] {dagbag.py:588} INFO - Filling up the DagBag from /home/airflow/.local/lib/python3.12/site-packages/airflow/example_dags/example_dataset_alias.py
[2025-02-03T23:57:09.776+0000] {processor.py:925} INFO - DAG(s) 'dataset_s3_bucket_producer', 'dataset_alias_example_alias_consumer', 'dataset_s3_bucket_consumer', 'dataset_alias_example_alias_producer' retrieved from /home/airflow/.local/lib/python3.12/site-packages/airflow/example_dags/example_dataset_alias.py
[2025-02-03T23:57:09.802+0000] {logging_mixin.py:190} INFO - [2025-02-03T23:57:09.802+0000] {dag.py:3239} INFO - Sync 4 DAGs
[2025-02-03T23:57:09.831+0000] {logging_mixin.py:190} INFO - [2025-02-03T23:57:09.831+0000] {dag.py:4180} INFO - Setting next_dagrun for dataset_alias_example_alias_consumer to None, run_after=None
[2025-02-03T23:57:09.835+0000] {logging_mixin.py:190} INFO - [2025-02-03T23:57:09.835+0000] {dag.py:4180} INFO - Setting next_dagrun for dataset_alias_example_alias_producer to None, run_after=None
[2025-02-03T23:57:09.837+0000] {logging_mixin.py:190} INFO - [2025-02-03T23:57:09.837+0000] {dag.py:4180} INFO - Setting next_dagrun for dataset_s3_bucket_consumer to None, run_after=None
[2025-02-03T23:57:09.840+0000] {logging_mixin.py:190} INFO - [2025-02-03T23:57:09.839+0000] {dag.py:4180} INFO - Setting next_dagrun for dataset_s3_bucket_producer to None, run_after=None
[2025-02-03T23:57:09.869+0000] {processor.py:208} INFO - Processing /home/airflow/.local/lib/python3.12/site-packages/airflow/example_dags/example_dataset_alias.py took 0.793 seconds
[2025-02-03T23:57:39.964+0000] {processor.py:186} INFO - Started process (PID=1235) to work on /home/airflow/.local/lib/python3.12/site-packages/airflow/example_dags/example_dataset_alias.py
[2025-02-03T23:57:39.965+0000] {processor.py:914} INFO - Processing file /home/airflow/.local/lib/python3.12/site-packages/airflow/example_dags/example_dataset_alias.py for tasks to queue
[2025-02-03T23:57:39.968+0000] {logging_mixin.py:190} INFO - [2025-02-03T23:57:39.968+0000] {dagbag.py:588} INFO - Filling up the DagBag from /home/airflow/.local/lib/python3.12/site-packages/airflow/example_dags/example_dataset_alias.py
[2025-02-03T23:57:40.615+0000] {processor.py:925} INFO - DAG(s) 'dataset_s3_bucket_producer', 'dataset_s3_bucket_consumer', 'dataset_alias_example_alias_producer', 'dataset_alias_example_alias_consumer' retrieved from /home/airflow/.local/lib/python3.12/site-packages/airflow/example_dags/example_dataset_alias.py
[2025-02-03T23:57:40.639+0000] {logging_mixin.py:190} INFO - [2025-02-03T23:57:40.639+0000] {dag.py:3239} INFO - Sync 4 DAGs
[2025-02-03T23:57:40.668+0000] {logging_mixin.py:190} INFO - [2025-02-03T23:57:40.667+0000] {dag.py:4180} INFO - Setting next_dagrun for dataset_alias_example_alias_consumer to None, run_after=None
[2025-02-03T23:57:40.671+0000] {logging_mixin.py:190} INFO - [2025-02-03T23:57:40.671+0000] {dag.py:4180} INFO - Setting next_dagrun for dataset_alias_example_alias_producer to None, run_after=None
[2025-02-03T23:57:40.673+0000] {logging_mixin.py:190} INFO - [2025-02-03T23:57:40.672+0000] {dag.py:4180} INFO - Setting next_dagrun for dataset_s3_bucket_consumer to None, run_after=None
[2025-02-03T23:57:40.674+0000] {logging_mixin.py:190} INFO - [2025-02-03T23:57:40.674+0000] {dag.py:4180} INFO - Setting next_dagrun for dataset_s3_bucket_producer to None, run_after=None
[2025-02-03T23:57:40.698+0000] {processor.py:208} INFO - Processing /home/airflow/.local/lib/python3.12/site-packages/airflow/example_dags/example_dataset_alias.py took 0.742 seconds
[2025-02-03T23:58:11.172+0000] {processor.py:186} INFO - Started process (PID=1298) to work on /home/airflow/.local/lib/python3.12/site-packages/airflow/example_dags/example_dataset_alias.py
[2025-02-03T23:58:11.173+0000] {processor.py:914} INFO - Processing file /home/airflow/.local/lib/python3.12/site-packages/airflow/example_dags/example_dataset_alias.py for tasks to queue
[2025-02-03T23:58:11.176+0000] {logging_mixin.py:190} INFO - [2025-02-03T23:58:11.176+0000] {dagbag.py:588} INFO - Filling up the DagBag from /home/airflow/.local/lib/python3.12/site-packages/airflow/example_dags/example_dataset_alias.py
[2025-02-03T23:58:11.915+0000] {processor.py:925} INFO - DAG(s) 'dataset_s3_bucket_producer', 'dataset_alias_example_alias_consumer', 'dataset_s3_bucket_consumer', 'dataset_alias_example_alias_producer' retrieved from /home/airflow/.local/lib/python3.12/site-packages/airflow/example_dags/example_dataset_alias.py
[2025-02-03T23:58:11.945+0000] {logging_mixin.py:190} INFO - [2025-02-03T23:58:11.945+0000] {dag.py:3239} INFO - Sync 4 DAGs
[2025-02-03T23:58:11.977+0000] {logging_mixin.py:190} INFO - [2025-02-03T23:58:11.977+0000] {dag.py:4180} INFO - Setting next_dagrun for dataset_alias_example_alias_consumer to None, run_after=None
[2025-02-03T23:58:11.983+0000] {logging_mixin.py:190} INFO - [2025-02-03T23:58:11.983+0000] {dag.py:4180} INFO - Setting next_dagrun for dataset_alias_example_alias_producer to None, run_after=None
[2025-02-03T23:58:11.985+0000] {logging_mixin.py:190} INFO - [2025-02-03T23:58:11.985+0000] {dag.py:4180} INFO - Setting next_dagrun for dataset_s3_bucket_consumer to None, run_after=None
[2025-02-03T23:58:11.990+0000] {logging_mixin.py:190} INFO - [2025-02-03T23:58:11.990+0000] {dag.py:4180} INFO - Setting next_dagrun for dataset_s3_bucket_producer to None, run_after=None
[2025-02-03T23:58:12.020+0000] {processor.py:208} INFO - Processing /home/airflow/.local/lib/python3.12/site-packages/airflow/example_dags/example_dataset_alias.py took 0.855 seconds
[2025-02-03T23:58:42.565+0000] {processor.py:186} INFO - Started process (PID=1365) to work on /home/airflow/.local/lib/python3.12/site-packages/airflow/example_dags/example_dataset_alias.py
[2025-02-03T23:58:42.566+0000] {processor.py:914} INFO - Processing file /home/airflow/.local/lib/python3.12/site-packages/airflow/example_dags/example_dataset_alias.py for tasks to queue
[2025-02-03T23:58:42.569+0000] {logging_mixin.py:190} INFO - [2025-02-03T23:58:42.568+0000] {dagbag.py:588} INFO - Filling up the DagBag from /home/airflow/.local/lib/python3.12/site-packages/airflow/example_dags/example_dataset_alias.py
[2025-02-03T23:58:43.296+0000] {processor.py:925} INFO - DAG(s) 'dataset_alias_example_alias_consumer', 'dataset_s3_bucket_consumer', 'dataset_s3_bucket_producer', 'dataset_alias_example_alias_producer' retrieved from /home/airflow/.local/lib/python3.12/site-packages/airflow/example_dags/example_dataset_alias.py
[2025-02-03T23:58:43.323+0000] {logging_mixin.py:190} INFO - [2025-02-03T23:58:43.322+0000] {dag.py:3239} INFO - Sync 4 DAGs
[2025-02-03T23:58:43.352+0000] {logging_mixin.py:190} INFO - [2025-02-03T23:58:43.352+0000] {dag.py:4180} INFO - Setting next_dagrun for dataset_alias_example_alias_consumer to None, run_after=None
[2025-02-03T23:58:43.357+0000] {logging_mixin.py:190} INFO - [2025-02-03T23:58:43.356+0000] {dag.py:4180} INFO - Setting next_dagrun for dataset_alias_example_alias_producer to None, run_after=None
[2025-02-03T23:58:43.359+0000] {logging_mixin.py:190} INFO - [2025-02-03T23:58:43.358+0000] {dag.py:4180} INFO - Setting next_dagrun for dataset_s3_bucket_consumer to None, run_after=None
[2025-02-03T23:58:43.360+0000] {logging_mixin.py:190} INFO - [2025-02-03T23:58:43.360+0000] {dag.py:4180} INFO - Setting next_dagrun for dataset_s3_bucket_producer to None, run_after=None
[2025-02-03T23:58:43.386+0000] {processor.py:208} INFO - Processing /home/airflow/.local/lib/python3.12/site-packages/airflow/example_dags/example_dataset_alias.py took 0.828 seconds
[2025-02-03T23:59:13.445+0000] {processor.py:186} INFO - Started process (PID=1430) to work on /home/airflow/.local/lib/python3.12/site-packages/airflow/example_dags/example_dataset_alias.py
[2025-02-03T23:59:13.446+0000] {processor.py:914} INFO - Processing file /home/airflow/.local/lib/python3.12/site-packages/airflow/example_dags/example_dataset_alias.py for tasks to queue
[2025-02-03T23:59:13.449+0000] {logging_mixin.py:190} INFO - [2025-02-03T23:59:13.448+0000] {dagbag.py:588} INFO - Filling up the DagBag from /home/airflow/.local/lib/python3.12/site-packages/airflow/example_dags/example_dataset_alias.py
[2025-02-03T23:59:14.151+0000] {processor.py:925} INFO - DAG(s) 'dataset_alias_example_alias_consumer', 'dataset_alias_example_alias_producer', 'dataset_s3_bucket_producer', 'dataset_s3_bucket_consumer' retrieved from /home/airflow/.local/lib/python3.12/site-packages/airflow/example_dags/example_dataset_alias.py
[2025-02-03T23:59:14.178+0000] {logging_mixin.py:190} INFO - [2025-02-03T23:59:14.178+0000] {dag.py:3239} INFO - Sync 4 DAGs
[2025-02-03T23:59:14.206+0000] {logging_mixin.py:190} INFO - [2025-02-03T23:59:14.206+0000] {dag.py:4180} INFO - Setting next_dagrun for dataset_alias_example_alias_consumer to None, run_after=None
[2025-02-03T23:59:14.209+0000] {logging_mixin.py:190} INFO - [2025-02-03T23:59:14.209+0000] {dag.py:4180} INFO - Setting next_dagrun for dataset_alias_example_alias_producer to None, run_after=None
[2025-02-03T23:59:14.212+0000] {logging_mixin.py:190} INFO - [2025-02-03T23:59:14.212+0000] {dag.py:4180} INFO - Setting next_dagrun for dataset_s3_bucket_consumer to None, run_after=None
[2025-02-03T23:59:14.214+0000] {logging_mixin.py:190} INFO - [2025-02-03T23:59:14.214+0000] {dag.py:4180} INFO - Setting next_dagrun for dataset_s3_bucket_producer to None, run_after=None
[2025-02-03T23:59:14.239+0000] {processor.py:208} INFO - Processing /home/airflow/.local/lib/python3.12/site-packages/airflow/example_dags/example_dataset_alias.py took 0.803 seconds
[2025-02-03T23:59:44.989+0000] {processor.py:186} INFO - Started process (PID=1498) to work on /home/airflow/.local/lib/python3.12/site-packages/airflow/example_dags/example_dataset_alias.py
[2025-02-03T23:59:44.990+0000] {processor.py:914} INFO - Processing file /home/airflow/.local/lib/python3.12/site-packages/airflow/example_dags/example_dataset_alias.py for tasks to queue
[2025-02-03T23:59:44.993+0000] {logging_mixin.py:190} INFO - [2025-02-03T23:59:44.992+0000] {dagbag.py:588} INFO - Filling up the DagBag from /home/airflow/.local/lib/python3.12/site-packages/airflow/example_dags/example_dataset_alias.py
[2025-02-03T23:59:45.663+0000] {processor.py:925} INFO - DAG(s) 'dataset_alias_example_alias_consumer', 'dataset_alias_example_alias_producer', 'dataset_s3_bucket_consumer', 'dataset_s3_bucket_producer' retrieved from /home/airflow/.local/lib/python3.12/site-packages/airflow/example_dags/example_dataset_alias.py
[2025-02-03T23:59:45.688+0000] {logging_mixin.py:190} INFO - [2025-02-03T23:59:45.687+0000] {dag.py:3239} INFO - Sync 4 DAGs
[2025-02-03T23:59:45.714+0000] {logging_mixin.py:190} INFO - [2025-02-03T23:59:45.714+0000] {dag.py:4180} INFO - Setting next_dagrun for dataset_alias_example_alias_consumer to None, run_after=None
[2025-02-03T23:59:45.718+0000] {logging_mixin.py:190} INFO - [2025-02-03T23:59:45.717+0000] {dag.py:4180} INFO - Setting next_dagrun for dataset_alias_example_alias_producer to None, run_after=None
[2025-02-03T23:59:45.720+0000] {logging_mixin.py:190} INFO - [2025-02-03T23:59:45.720+0000] {dag.py:4180} INFO - Setting next_dagrun for dataset_s3_bucket_consumer to None, run_after=None
[2025-02-03T23:59:45.722+0000] {logging_mixin.py:190} INFO - [2025-02-03T23:59:45.722+0000] {dag.py:4180} INFO - Setting next_dagrun for dataset_s3_bucket_producer to None, run_after=None
[2025-02-03T23:59:45.746+0000] {processor.py:208} INFO - Processing /home/airflow/.local/lib/python3.12/site-packages/airflow/example_dags/example_dataset_alias.py took 0.765 seconds
