[2025-02-03T10:52:11.773+0000] {processor.py:186} INFO - Started process (PID=93) to work on /home/airflow/.local/lib/python3.12/site-packages/airflow/example_dags/example_branch_operator_decorator.py
[2025-02-03T10:52:11.775+0000] {processor.py:914} INFO - Processing file /home/airflow/.local/lib/python3.12/site-packages/airflow/example_dags/example_branch_operator_decorator.py for tasks to queue
[2025-02-03T10:52:11.778+0000] {logging_mixin.py:190} INFO - [2025-02-03T10:52:11.777+0000] {dagbag.py:588} INFO - Filling up the DagBag from /home/airflow/.local/lib/python3.12/site-packages/airflow/example_dags/example_branch_operator_decorator.py
[2025-02-03T10:52:11.809+0000] {processor.py:925} INFO - DAG(s) 'example_branch_python_operator_decorator' retrieved from /home/airflow/.local/lib/python3.12/site-packages/airflow/example_dags/example_branch_operator_decorator.py
[2025-02-03T10:52:11.959+0000] {logging_mixin.py:190} INFO - [2025-02-03T10:52:11.958+0000] {override.py:1911} INFO - Created Permission View: can read on DAG:example_branch_python_operator_decorator
[2025-02-03T10:52:11.975+0000] {logging_mixin.py:190} INFO - [2025-02-03T10:52:11.974+0000] {override.py:1911} INFO - Created Permission View: can edit on DAG:example_branch_python_operator_decorator
[2025-02-03T10:52:11.986+0000] {logging_mixin.py:190} INFO - [2025-02-03T10:52:11.986+0000] {override.py:1911} INFO - Created Permission View: can delete on DAG:example_branch_python_operator_decorator
[2025-02-03T10:52:11.998+0000] {logging_mixin.py:190} INFO - [2025-02-03T10:52:11.998+0000] {override.py:1911} INFO - Created Permission View: can read on DAG Run:example_branch_python_operator_decorator
[2025-02-03T10:52:12.010+0000] {logging_mixin.py:190} INFO - [2025-02-03T10:52:12.009+0000] {override.py:1911} INFO - Created Permission View: can create on DAG Run:example_branch_python_operator_decorator
[2025-02-03T10:52:12.020+0000] {logging_mixin.py:190} INFO - [2025-02-03T10:52:12.019+0000] {override.py:1911} INFO - Created Permission View: menu access on DAG Run:example_branch_python_operator_decorator
[2025-02-03T10:52:12.030+0000] {logging_mixin.py:190} INFO - [2025-02-03T10:52:12.029+0000] {override.py:1911} INFO - Created Permission View: can delete on DAG Run:example_branch_python_operator_decorator
[2025-02-03T10:52:12.031+0000] {logging_mixin.py:190} INFO - [2025-02-03T10:52:12.030+0000] {dag.py:3239} INFO - Sync 1 DAGs
[2025-02-03T10:52:12.051+0000] {logging_mixin.py:190} INFO - [2025-02-03T10:52:12.050+0000] {dag.py:3262} INFO - Creating ORM DAG for example_branch_python_operator_decorator
[2025-02-03T10:52:12.067+0000] {logging_mixin.py:190} INFO - [2025-02-03T10:52:12.066+0000] {dag.py:4180} INFO - Setting next_dagrun for example_branch_python_operator_decorator to 2025-02-02 00:00:00+00:00, run_after=2025-02-03 00:00:00+00:00
[2025-02-03T10:52:12.093+0000] {processor.py:208} INFO - Processing /home/airflow/.local/lib/python3.12/site-packages/airflow/example_dags/example_branch_operator_decorator.py took 0.328 seconds
[2025-02-03T10:52:42.158+0000] {processor.py:186} INFO - Started process (PID=155) to work on /home/airflow/.local/lib/python3.12/site-packages/airflow/example_dags/example_branch_operator_decorator.py
[2025-02-03T10:52:42.159+0000] {processor.py:914} INFO - Processing file /home/airflow/.local/lib/python3.12/site-packages/airflow/example_dags/example_branch_operator_decorator.py for tasks to queue
[2025-02-03T10:52:42.163+0000] {logging_mixin.py:190} INFO - [2025-02-03T10:52:42.163+0000] {dagbag.py:588} INFO - Filling up the DagBag from /home/airflow/.local/lib/python3.12/site-packages/airflow/example_dags/example_branch_operator_decorator.py
[2025-02-03T10:52:42.192+0000] {processor.py:925} INFO - DAG(s) 'example_branch_python_operator_decorator' retrieved from /home/airflow/.local/lib/python3.12/site-packages/airflow/example_dags/example_branch_operator_decorator.py
[2025-02-03T10:52:42.235+0000] {logging_mixin.py:190} INFO - [2025-02-03T10:52:42.234+0000] {dag.py:3239} INFO - Sync 1 DAGs
[2025-02-03T10:52:42.263+0000] {logging_mixin.py:190} INFO - [2025-02-03T10:52:42.262+0000] {dag.py:4180} INFO - Setting next_dagrun for example_branch_python_operator_decorator to 2025-02-02 00:00:00+00:00, run_after=2025-02-03 00:00:00+00:00
[2025-02-03T10:52:42.285+0000] {processor.py:208} INFO - Processing /home/airflow/.local/lib/python3.12/site-packages/airflow/example_dags/example_branch_operator_decorator.py took 0.137 seconds
[2025-02-03T10:53:12.836+0000] {processor.py:186} INFO - Started process (PID=218) to work on /home/airflow/.local/lib/python3.12/site-packages/airflow/example_dags/example_branch_operator_decorator.py
[2025-02-03T10:53:12.839+0000] {processor.py:914} INFO - Processing file /home/airflow/.local/lib/python3.12/site-packages/airflow/example_dags/example_branch_operator_decorator.py for tasks to queue
[2025-02-03T10:53:12.844+0000] {logging_mixin.py:190} INFO - [2025-02-03T10:53:12.844+0000] {dagbag.py:588} INFO - Filling up the DagBag from /home/airflow/.local/lib/python3.12/site-packages/airflow/example_dags/example_branch_operator_decorator.py
[2025-02-03T10:53:12.879+0000] {processor.py:925} INFO - DAG(s) 'example_branch_python_operator_decorator' retrieved from /home/airflow/.local/lib/python3.12/site-packages/airflow/example_dags/example_branch_operator_decorator.py
[2025-02-03T10:53:12.922+0000] {logging_mixin.py:190} INFO - [2025-02-03T10:53:12.922+0000] {dag.py:3239} INFO - Sync 1 DAGs
[2025-02-03T10:53:12.958+0000] {logging_mixin.py:190} INFO - [2025-02-03T10:53:12.958+0000] {dag.py:4180} INFO - Setting next_dagrun for example_branch_python_operator_decorator to 2025-02-02 00:00:00+00:00, run_after=2025-02-03 00:00:00+00:00
[2025-02-03T10:53:12.985+0000] {processor.py:208} INFO - Processing /home/airflow/.local/lib/python3.12/site-packages/airflow/example_dags/example_branch_operator_decorator.py took 0.158 seconds
