[2025-02-03T10:52:16.443+0000] {processor.py:186} INFO - Started process (PID=114) to work on /home/airflow/.local/lib/python3.12/site-packages/airflow/example_dags/example_latest_only.py
[2025-02-03T10:52:16.445+0000] {processor.py:914} INFO - Processing file /home/airflow/.local/lib/python3.12/site-packages/airflow/example_dags/example_latest_only.py for tasks to queue
[2025-02-03T10:52:16.449+0000] {logging_mixin.py:190} INFO - [2025-02-03T10:52:16.448+0000] {dagbag.py:588} INFO - Filling up the DagBag from /home/airflow/.local/lib/python3.12/site-packages/airflow/example_dags/example_latest_only.py
[2025-02-03T10:52:16.462+0000] {processor.py:925} INFO - DAG(s) 'latest_only' retrieved from /home/airflow/.local/lib/python3.12/site-packages/airflow/example_dags/example_latest_only.py
[2025-02-03T10:52:16.615+0000] {logging_mixin.py:190} INFO - [2025-02-03T10:52:16.614+0000] {override.py:1911} INFO - Created Permission View: can read on DAG:latest_only
[2025-02-03T10:52:16.628+0000] {logging_mixin.py:190} INFO - [2025-02-03T10:52:16.628+0000] {override.py:1911} INFO - Created Permission View: can edit on DAG:latest_only
[2025-02-03T10:52:16.641+0000] {logging_mixin.py:190} INFO - [2025-02-03T10:52:16.641+0000] {override.py:1911} INFO - Created Permission View: can delete on DAG:latest_only
[2025-02-03T10:52:16.651+0000] {logging_mixin.py:190} INFO - [2025-02-03T10:52:16.651+0000] {override.py:1911} INFO - Created Permission View: can read on DAG Run:latest_only
[2025-02-03T10:52:16.664+0000] {logging_mixin.py:190} INFO - [2025-02-03T10:52:16.663+0000] {override.py:1911} INFO - Created Permission View: can create on DAG Run:latest_only
[2025-02-03T10:52:16.673+0000] {logging_mixin.py:190} INFO - [2025-02-03T10:52:16.672+0000] {override.py:1911} INFO - Created Permission View: menu access on DAG Run:latest_only
[2025-02-03T10:52:16.683+0000] {logging_mixin.py:190} INFO - [2025-02-03T10:52:16.683+0000] {override.py:1911} INFO - Created Permission View: can delete on DAG Run:latest_only
[2025-02-03T10:52:16.684+0000] {logging_mixin.py:190} INFO - [2025-02-03T10:52:16.684+0000] {dag.py:3239} INFO - Sync 1 DAGs
[2025-02-03T10:52:16.703+0000] {logging_mixin.py:190} INFO - [2025-02-03T10:52:16.703+0000] {dag.py:3262} INFO - Creating ORM DAG for latest_only
[2025-02-03T10:52:16.716+0000] {logging_mixin.py:190} INFO - [2025-02-03T10:52:16.716+0000] {dag.py:4180} INFO - Setting next_dagrun for latest_only to 2025-02-03 04:00:00+00:00, run_after=2025-02-03 08:00:00+00:00
[2025-02-03T10:52:16.741+0000] {processor.py:208} INFO - Processing /home/airflow/.local/lib/python3.12/site-packages/airflow/example_dags/example_latest_only.py took 0.309 seconds
[2025-02-03T10:52:47.167+0000] {processor.py:186} INFO - Started process (PID=176) to work on /home/airflow/.local/lib/python3.12/site-packages/airflow/example_dags/example_latest_only.py
[2025-02-03T10:52:47.169+0000] {processor.py:914} INFO - Processing file /home/airflow/.local/lib/python3.12/site-packages/airflow/example_dags/example_latest_only.py for tasks to queue
[2025-02-03T10:52:47.172+0000] {logging_mixin.py:190} INFO - [2025-02-03T10:52:47.172+0000] {dagbag.py:588} INFO - Filling up the DagBag from /home/airflow/.local/lib/python3.12/site-packages/airflow/example_dags/example_latest_only.py
[2025-02-03T10:52:47.181+0000] {processor.py:925} INFO - DAG(s) 'latest_only' retrieved from /home/airflow/.local/lib/python3.12/site-packages/airflow/example_dags/example_latest_only.py
[2025-02-03T10:52:47.208+0000] {logging_mixin.py:190} INFO - [2025-02-03T10:52:47.208+0000] {dag.py:3239} INFO - Sync 1 DAGs
[2025-02-03T10:52:47.235+0000] {logging_mixin.py:190} INFO - [2025-02-03T10:52:47.235+0000] {dag.py:4180} INFO - Setting next_dagrun for latest_only to 2025-02-03 04:00:00+00:00, run_after=2025-02-03 08:00:00+00:00
[2025-02-03T10:52:47.265+0000] {processor.py:208} INFO - Processing /home/airflow/.local/lib/python3.12/site-packages/airflow/example_dags/example_latest_only.py took 0.107 seconds
[2025-02-03T10:53:17.389+0000] {processor.py:186} INFO - Started process (PID=239) to work on /home/airflow/.local/lib/python3.12/site-packages/airflow/example_dags/example_latest_only.py
[2025-02-03T10:53:17.391+0000] {processor.py:914} INFO - Processing file /home/airflow/.local/lib/python3.12/site-packages/airflow/example_dags/example_latest_only.py for tasks to queue
[2025-02-03T10:53:17.395+0000] {logging_mixin.py:190} INFO - [2025-02-03T10:53:17.395+0000] {dagbag.py:588} INFO - Filling up the DagBag from /home/airflow/.local/lib/python3.12/site-packages/airflow/example_dags/example_latest_only.py
[2025-02-03T10:53:17.409+0000] {processor.py:925} INFO - DAG(s) 'latest_only' retrieved from /home/airflow/.local/lib/python3.12/site-packages/airflow/example_dags/example_latest_only.py
[2025-02-03T10:53:17.451+0000] {logging_mixin.py:190} INFO - [2025-02-03T10:53:17.450+0000] {dag.py:3239} INFO - Sync 1 DAGs
[2025-02-03T10:53:17.492+0000] {logging_mixin.py:190} INFO - [2025-02-03T10:53:17.491+0000] {dag.py:4180} INFO - Setting next_dagrun for latest_only to 2025-02-03 04:00:00+00:00, run_after=2025-02-03 08:00:00+00:00
[2025-02-03T10:53:17.526+0000] {processor.py:208} INFO - Processing /home/airflow/.local/lib/python3.12/site-packages/airflow/example_dags/example_latest_only.py took 0.150 seconds
