[2025-02-03T10:52:11.095+0000] {processor.py:186} INFO - Started process (PID=91) to work on /home/airflow/.local/lib/python3.12/site-packages/airflow/example_dags/example_skip_dag.py
[2025-02-03T10:52:11.096+0000] {processor.py:914} INFO - Processing file /home/airflow/.local/lib/python3.12/site-packages/airflow/example_dags/example_skip_dag.py for tasks to queue
[2025-02-03T10:52:11.099+0000] {logging_mixin.py:190} INFO - [2025-02-03T10:52:11.099+0000] {dagbag.py:588} INFO - Filling up the DagBag from /home/airflow/.local/lib/python3.12/site-packages/airflow/example_dags/example_skip_dag.py
[2025-02-03T10:52:11.111+0000] {processor.py:925} INFO - DAG(s) 'example_skip_dag' retrieved from /home/airflow/.local/lib/python3.12/site-packages/airflow/example_dags/example_skip_dag.py
[2025-02-03T10:52:11.246+0000] {logging_mixin.py:190} INFO - [2025-02-03T10:52:11.246+0000] {override.py:1911} INFO - Created Permission View: can read on DAG:example_skip_dag
[2025-02-03T10:52:11.259+0000] {logging_mixin.py:190} INFO - [2025-02-03T10:52:11.259+0000] {override.py:1911} INFO - Created Permission View: can edit on DAG:example_skip_dag
[2025-02-03T10:52:11.267+0000] {logging_mixin.py:190} INFO - [2025-02-03T10:52:11.267+0000] {override.py:1911} INFO - Created Permission View: can delete on DAG:example_skip_dag
[2025-02-03T10:52:11.275+0000] {logging_mixin.py:190} INFO - [2025-02-03T10:52:11.275+0000] {override.py:1911} INFO - Created Permission View: can read on DAG Run:example_skip_dag
[2025-02-03T10:52:11.282+0000] {logging_mixin.py:190} INFO - [2025-02-03T10:52:11.282+0000] {override.py:1911} INFO - Created Permission View: can create on DAG Run:example_skip_dag
[2025-02-03T10:52:11.291+0000] {logging_mixin.py:190} INFO - [2025-02-03T10:52:11.290+0000] {override.py:1911} INFO - Created Permission View: menu access on DAG Run:example_skip_dag
[2025-02-03T10:52:11.299+0000] {logging_mixin.py:190} INFO - [2025-02-03T10:52:11.299+0000] {override.py:1911} INFO - Created Permission View: can delete on DAG Run:example_skip_dag
[2025-02-03T10:52:11.300+0000] {logging_mixin.py:190} INFO - [2025-02-03T10:52:11.299+0000] {dag.py:3239} INFO - Sync 1 DAGs
[2025-02-03T10:52:11.316+0000] {logging_mixin.py:190} INFO - [2025-02-03T10:52:11.316+0000] {dag.py:3262} INFO - Creating ORM DAG for example_skip_dag
[2025-02-03T10:52:11.329+0000] {logging_mixin.py:190} INFO - [2025-02-03T10:52:11.328+0000] {dag.py:4180} INFO - Setting next_dagrun for example_skip_dag to 2025-02-02 00:00:00+00:00, run_after=2025-02-03 00:00:00+00:00
[2025-02-03T10:52:11.353+0000] {processor.py:208} INFO - Processing /home/airflow/.local/lib/python3.12/site-packages/airflow/example_dags/example_skip_dag.py took 0.267 seconds
[2025-02-03T10:52:41.892+0000] {processor.py:186} INFO - Started process (PID=153) to work on /home/airflow/.local/lib/python3.12/site-packages/airflow/example_dags/example_skip_dag.py
[2025-02-03T10:52:41.893+0000] {processor.py:914} INFO - Processing file /home/airflow/.local/lib/python3.12/site-packages/airflow/example_dags/example_skip_dag.py for tasks to queue
[2025-02-03T10:52:41.896+0000] {logging_mixin.py:190} INFO - [2025-02-03T10:52:41.895+0000] {dagbag.py:588} INFO - Filling up the DagBag from /home/airflow/.local/lib/python3.12/site-packages/airflow/example_dags/example_skip_dag.py
[2025-02-03T10:52:41.906+0000] {processor.py:925} INFO - DAG(s) 'example_skip_dag' retrieved from /home/airflow/.local/lib/python3.12/site-packages/airflow/example_dags/example_skip_dag.py
[2025-02-03T10:52:41.935+0000] {logging_mixin.py:190} INFO - [2025-02-03T10:52:41.935+0000] {dag.py:3239} INFO - Sync 1 DAGs
[2025-02-03T10:52:41.963+0000] {logging_mixin.py:190} INFO - [2025-02-03T10:52:41.963+0000] {dag.py:4180} INFO - Setting next_dagrun for example_skip_dag to 2025-02-02 00:00:00+00:00, run_after=2025-02-03 00:00:00+00:00
[2025-02-03T10:52:41.988+0000] {processor.py:208} INFO - Processing /home/airflow/.local/lib/python3.12/site-packages/airflow/example_dags/example_skip_dag.py took 0.104 seconds
[2025-02-03T10:53:12.534+0000] {processor.py:186} INFO - Started process (PID=216) to work on /home/airflow/.local/lib/python3.12/site-packages/airflow/example_dags/example_skip_dag.py
[2025-02-03T10:53:12.536+0000] {processor.py:914} INFO - Processing file /home/airflow/.local/lib/python3.12/site-packages/airflow/example_dags/example_skip_dag.py for tasks to queue
[2025-02-03T10:53:12.540+0000] {logging_mixin.py:190} INFO - [2025-02-03T10:53:12.539+0000] {dagbag.py:588} INFO - Filling up the DagBag from /home/airflow/.local/lib/python3.12/site-packages/airflow/example_dags/example_skip_dag.py
[2025-02-03T10:53:12.560+0000] {processor.py:925} INFO - DAG(s) 'example_skip_dag' retrieved from /home/airflow/.local/lib/python3.12/site-packages/airflow/example_dags/example_skip_dag.py
[2025-02-03T10:53:12.590+0000] {logging_mixin.py:190} INFO - [2025-02-03T10:53:12.590+0000] {dag.py:3239} INFO - Sync 1 DAGs
[2025-02-03T10:53:12.622+0000] {logging_mixin.py:190} INFO - [2025-02-03T10:53:12.622+0000] {dag.py:4180} INFO - Setting next_dagrun for example_skip_dag to 2025-02-02 00:00:00+00:00, run_after=2025-02-03 00:00:00+00:00
[2025-02-03T10:53:12.654+0000] {processor.py:208} INFO - Processing /home/airflow/.local/lib/python3.12/site-packages/airflow/example_dags/example_skip_dag.py took 0.138 seconds
[2025-02-03T23:48:13.421+0000] {processor.py:186} INFO - Started process (PID=83) to work on /home/airflow/.local/lib/python3.12/site-packages/airflow/example_dags/example_skip_dag.py
[2025-02-03T23:48:13.422+0000] {processor.py:914} INFO - Processing file /home/airflow/.local/lib/python3.12/site-packages/airflow/example_dags/example_skip_dag.py for tasks to queue
[2025-02-03T23:48:13.425+0000] {logging_mixin.py:190} INFO - [2025-02-03T23:48:13.425+0000] {dagbag.py:588} INFO - Filling up the DagBag from /home/airflow/.local/lib/python3.12/site-packages/airflow/example_dags/example_skip_dag.py
[2025-02-03T23:48:13.436+0000] {processor.py:925} INFO - DAG(s) 'example_skip_dag' retrieved from /home/airflow/.local/lib/python3.12/site-packages/airflow/example_dags/example_skip_dag.py
[2025-02-03T23:48:13.464+0000] {logging_mixin.py:190} INFO - [2025-02-03T23:48:13.464+0000] {dag.py:3239} INFO - Sync 1 DAGs
[2025-02-03T23:48:13.492+0000] {logging_mixin.py:190} INFO - [2025-02-03T23:48:13.491+0000] {dag.py:4180} INFO - Setting next_dagrun for example_skip_dag to 2025-02-02 00:00:00+00:00, run_after=2025-02-03 00:00:00+00:00
[2025-02-03T23:48:13.515+0000] {processor.py:208} INFO - Processing /home/airflow/.local/lib/python3.12/site-packages/airflow/example_dags/example_skip_dag.py took 0.106 seconds
[2025-02-03T23:48:44.656+0000] {processor.py:186} INFO - Started process (PID=146) to work on /home/airflow/.local/lib/python3.12/site-packages/airflow/example_dags/example_skip_dag.py
[2025-02-03T23:48:44.657+0000] {processor.py:914} INFO - Processing file /home/airflow/.local/lib/python3.12/site-packages/airflow/example_dags/example_skip_dag.py for tasks to queue
[2025-02-03T23:48:44.661+0000] {logging_mixin.py:190} INFO - [2025-02-03T23:48:44.660+0000] {dagbag.py:588} INFO - Filling up the DagBag from /home/airflow/.local/lib/python3.12/site-packages/airflow/example_dags/example_skip_dag.py
[2025-02-03T23:48:44.671+0000] {processor.py:925} INFO - DAG(s) 'example_skip_dag' retrieved from /home/airflow/.local/lib/python3.12/site-packages/airflow/example_dags/example_skip_dag.py
[2025-02-03T23:48:44.700+0000] {logging_mixin.py:190} INFO - [2025-02-03T23:48:44.700+0000] {dag.py:3239} INFO - Sync 1 DAGs
[2025-02-03T23:48:44.748+0000] {logging_mixin.py:190} INFO - [2025-02-03T23:48:44.748+0000] {dag.py:4180} INFO - Setting next_dagrun for example_skip_dag to 2025-02-02 00:00:00+00:00, run_after=2025-02-03 00:00:00+00:00
[2025-02-03T23:48:44.781+0000] {processor.py:208} INFO - Processing /home/airflow/.local/lib/python3.12/site-packages/airflow/example_dags/example_skip_dag.py took 0.134 seconds
[2025-02-03T23:49:15.429+0000] {processor.py:186} INFO - Started process (PID=214) to work on /home/airflow/.local/lib/python3.12/site-packages/airflow/example_dags/example_skip_dag.py
[2025-02-03T23:49:15.430+0000] {processor.py:914} INFO - Processing file /home/airflow/.local/lib/python3.12/site-packages/airflow/example_dags/example_skip_dag.py for tasks to queue
[2025-02-03T23:49:15.433+0000] {logging_mixin.py:190} INFO - [2025-02-03T23:49:15.433+0000] {dagbag.py:588} INFO - Filling up the DagBag from /home/airflow/.local/lib/python3.12/site-packages/airflow/example_dags/example_skip_dag.py
[2025-02-03T23:49:15.443+0000] {processor.py:925} INFO - DAG(s) 'example_skip_dag' retrieved from /home/airflow/.local/lib/python3.12/site-packages/airflow/example_dags/example_skip_dag.py
[2025-02-03T23:49:15.473+0000] {logging_mixin.py:190} INFO - [2025-02-03T23:49:15.473+0000] {dag.py:3239} INFO - Sync 1 DAGs
[2025-02-03T23:49:15.501+0000] {logging_mixin.py:190} INFO - [2025-02-03T23:49:15.500+0000] {dag.py:4180} INFO - Setting next_dagrun for example_skip_dag to 2025-02-02 00:00:00+00:00, run_after=2025-02-03 00:00:00+00:00
[2025-02-03T23:49:15.523+0000] {processor.py:208} INFO - Processing /home/airflow/.local/lib/python3.12/site-packages/airflow/example_dags/example_skip_dag.py took 0.100 seconds
[2025-02-03T23:49:47.366+0000] {processor.py:186} INFO - Started process (PID=277) to work on /home/airflow/.local/lib/python3.12/site-packages/airflow/example_dags/example_skip_dag.py
[2025-02-03T23:49:47.370+0000] {processor.py:914} INFO - Processing file /home/airflow/.local/lib/python3.12/site-packages/airflow/example_dags/example_skip_dag.py for tasks to queue
[2025-02-03T23:49:47.376+0000] {logging_mixin.py:190} INFO - [2025-02-03T23:49:47.375+0000] {dagbag.py:588} INFO - Filling up the DagBag from /home/airflow/.local/lib/python3.12/site-packages/airflow/example_dags/example_skip_dag.py
[2025-02-03T23:49:47.393+0000] {processor.py:925} INFO - DAG(s) 'example_skip_dag' retrieved from /home/airflow/.local/lib/python3.12/site-packages/airflow/example_dags/example_skip_dag.py
[2025-02-03T23:49:47.433+0000] {logging_mixin.py:190} INFO - [2025-02-03T23:49:47.433+0000] {dag.py:3239} INFO - Sync 1 DAGs
[2025-02-03T23:49:47.475+0000] {logging_mixin.py:190} INFO - [2025-02-03T23:49:47.475+0000] {dag.py:4180} INFO - Setting next_dagrun for example_skip_dag to 2025-02-02 00:00:00+00:00, run_after=2025-02-03 00:00:00+00:00
[2025-02-03T23:49:47.507+0000] {processor.py:208} INFO - Processing /home/airflow/.local/lib/python3.12/site-packages/airflow/example_dags/example_skip_dag.py took 0.154 seconds
[2025-02-03T23:50:21.734+0000] {processor.py:186} INFO - Started process (PID=340) to work on /home/airflow/.local/lib/python3.12/site-packages/airflow/example_dags/example_skip_dag.py
[2025-02-03T23:50:21.735+0000] {processor.py:914} INFO - Processing file /home/airflow/.local/lib/python3.12/site-packages/airflow/example_dags/example_skip_dag.py for tasks to queue
[2025-02-03T23:50:21.740+0000] {logging_mixin.py:190} INFO - [2025-02-03T23:50:21.739+0000] {dagbag.py:588} INFO - Filling up the DagBag from /home/airflow/.local/lib/python3.12/site-packages/airflow/example_dags/example_skip_dag.py
[2025-02-03T23:50:21.758+0000] {processor.py:925} INFO - DAG(s) 'example_skip_dag' retrieved from /home/airflow/.local/lib/python3.12/site-packages/airflow/example_dags/example_skip_dag.py
[2025-02-03T23:50:21.854+0000] {logging_mixin.py:190} INFO - [2025-02-03T23:50:21.852+0000] {dag.py:3239} INFO - Sync 1 DAGs
[2025-02-03T23:50:22.024+0000] {logging_mixin.py:190} INFO - [2025-02-03T23:50:22.024+0000] {dag.py:4180} INFO - Setting next_dagrun for example_skip_dag to 2025-02-02 00:00:00+00:00, run_after=2025-02-03 00:00:00+00:00
[2025-02-03T23:50:22.135+0000] {processor.py:208} INFO - Processing /home/airflow/.local/lib/python3.12/site-packages/airflow/example_dags/example_skip_dag.py took 0.412 seconds
[2025-02-03T23:50:52.705+0000] {processor.py:186} INFO - Started process (PID=403) to work on /home/airflow/.local/lib/python3.12/site-packages/airflow/example_dags/example_skip_dag.py
[2025-02-03T23:50:52.706+0000] {processor.py:914} INFO - Processing file /home/airflow/.local/lib/python3.12/site-packages/airflow/example_dags/example_skip_dag.py for tasks to queue
[2025-02-03T23:50:52.709+0000] {logging_mixin.py:190} INFO - [2025-02-03T23:50:52.708+0000] {dagbag.py:588} INFO - Filling up the DagBag from /home/airflow/.local/lib/python3.12/site-packages/airflow/example_dags/example_skip_dag.py
[2025-02-03T23:50:52.723+0000] {processor.py:925} INFO - DAG(s) 'example_skip_dag' retrieved from /home/airflow/.local/lib/python3.12/site-packages/airflow/example_dags/example_skip_dag.py
[2025-02-03T23:50:52.754+0000] {logging_mixin.py:190} INFO - [2025-02-03T23:50:52.753+0000] {dag.py:3239} INFO - Sync 1 DAGs
[2025-02-03T23:50:52.783+0000] {logging_mixin.py:190} INFO - [2025-02-03T23:50:52.782+0000] {dag.py:4180} INFO - Setting next_dagrun for example_skip_dag to 2025-02-02 00:00:00+00:00, run_after=2025-02-03 00:00:00+00:00
[2025-02-03T23:50:52.808+0000] {processor.py:208} INFO - Processing /home/airflow/.local/lib/python3.12/site-packages/airflow/example_dags/example_skip_dag.py took 0.111 seconds
[2025-02-03T23:51:23.588+0000] {processor.py:186} INFO - Started process (PID=466) to work on /home/airflow/.local/lib/python3.12/site-packages/airflow/example_dags/example_skip_dag.py
[2025-02-03T23:51:23.589+0000] {processor.py:914} INFO - Processing file /home/airflow/.local/lib/python3.12/site-packages/airflow/example_dags/example_skip_dag.py for tasks to queue
[2025-02-03T23:51:23.591+0000] {logging_mixin.py:190} INFO - [2025-02-03T23:51:23.591+0000] {dagbag.py:588} INFO - Filling up the DagBag from /home/airflow/.local/lib/python3.12/site-packages/airflow/example_dags/example_skip_dag.py
[2025-02-03T23:51:23.602+0000] {processor.py:925} INFO - DAG(s) 'example_skip_dag' retrieved from /home/airflow/.local/lib/python3.12/site-packages/airflow/example_dags/example_skip_dag.py
[2025-02-03T23:51:23.631+0000] {logging_mixin.py:190} INFO - [2025-02-03T23:51:23.631+0000] {dag.py:3239} INFO - Sync 1 DAGs
[2025-02-03T23:51:23.658+0000] {logging_mixin.py:190} INFO - [2025-02-03T23:51:23.658+0000] {dag.py:4180} INFO - Setting next_dagrun for example_skip_dag to 2025-02-02 00:00:00+00:00, run_after=2025-02-03 00:00:00+00:00
[2025-02-03T23:51:23.680+0000] {processor.py:208} INFO - Processing /home/airflow/.local/lib/python3.12/site-packages/airflow/example_dags/example_skip_dag.py took 0.100 seconds
[2025-02-03T23:51:53.794+0000] {processor.py:186} INFO - Started process (PID=528) to work on /home/airflow/.local/lib/python3.12/site-packages/airflow/example_dags/example_skip_dag.py
[2025-02-03T23:51:53.795+0000] {processor.py:914} INFO - Processing file /home/airflow/.local/lib/python3.12/site-packages/airflow/example_dags/example_skip_dag.py for tasks to queue
[2025-02-03T23:51:53.798+0000] {logging_mixin.py:190} INFO - [2025-02-03T23:51:53.797+0000] {dagbag.py:588} INFO - Filling up the DagBag from /home/airflow/.local/lib/python3.12/site-packages/airflow/example_dags/example_skip_dag.py
[2025-02-03T23:51:53.808+0000] {processor.py:925} INFO - DAG(s) 'example_skip_dag' retrieved from /home/airflow/.local/lib/python3.12/site-packages/airflow/example_dags/example_skip_dag.py
[2025-02-03T23:51:53.833+0000] {logging_mixin.py:190} INFO - [2025-02-03T23:51:53.833+0000] {dag.py:3239} INFO - Sync 1 DAGs
[2025-02-03T23:51:53.862+0000] {logging_mixin.py:190} INFO - [2025-02-03T23:51:53.862+0000] {dag.py:4180} INFO - Setting next_dagrun for example_skip_dag to 2025-02-02 00:00:00+00:00, run_after=2025-02-03 00:00:00+00:00
[2025-02-03T23:51:53.882+0000] {processor.py:208} INFO - Processing /home/airflow/.local/lib/python3.12/site-packages/airflow/example_dags/example_skip_dag.py took 0.096 seconds
[2025-02-03T23:52:25.363+0000] {processor.py:186} INFO - Started process (PID=591) to work on /home/airflow/.local/lib/python3.12/site-packages/airflow/example_dags/example_skip_dag.py
[2025-02-03T23:52:25.364+0000] {processor.py:914} INFO - Processing file /home/airflow/.local/lib/python3.12/site-packages/airflow/example_dags/example_skip_dag.py for tasks to queue
[2025-02-03T23:52:25.367+0000] {logging_mixin.py:190} INFO - [2025-02-03T23:52:25.367+0000] {dagbag.py:588} INFO - Filling up the DagBag from /home/airflow/.local/lib/python3.12/site-packages/airflow/example_dags/example_skip_dag.py
[2025-02-03T23:52:25.377+0000] {processor.py:925} INFO - DAG(s) 'example_skip_dag' retrieved from /home/airflow/.local/lib/python3.12/site-packages/airflow/example_dags/example_skip_dag.py
[2025-02-03T23:52:25.405+0000] {logging_mixin.py:190} INFO - [2025-02-03T23:52:25.404+0000] {dag.py:3239} INFO - Sync 1 DAGs
[2025-02-03T23:52:25.433+0000] {logging_mixin.py:190} INFO - [2025-02-03T23:52:25.433+0000] {dag.py:4180} INFO - Setting next_dagrun for example_skip_dag to 2025-02-02 00:00:00+00:00, run_after=2025-02-03 00:00:00+00:00
[2025-02-03T23:52:25.457+0000] {processor.py:208} INFO - Processing /home/airflow/.local/lib/python3.12/site-packages/airflow/example_dags/example_skip_dag.py took 0.101 seconds
[2025-02-03T23:52:57.580+0000] {processor.py:186} INFO - Started process (PID=655) to work on /home/airflow/.local/lib/python3.12/site-packages/airflow/example_dags/example_skip_dag.py
[2025-02-03T23:52:57.581+0000] {processor.py:914} INFO - Processing file /home/airflow/.local/lib/python3.12/site-packages/airflow/example_dags/example_skip_dag.py for tasks to queue
[2025-02-03T23:52:57.584+0000] {logging_mixin.py:190} INFO - [2025-02-03T23:52:57.583+0000] {dagbag.py:588} INFO - Filling up the DagBag from /home/airflow/.local/lib/python3.12/site-packages/airflow/example_dags/example_skip_dag.py
[2025-02-03T23:52:57.595+0000] {processor.py:925} INFO - DAG(s) 'example_skip_dag' retrieved from /home/airflow/.local/lib/python3.12/site-packages/airflow/example_dags/example_skip_dag.py
[2025-02-03T23:52:57.621+0000] {logging_mixin.py:190} INFO - [2025-02-03T23:52:57.621+0000] {dag.py:3239} INFO - Sync 1 DAGs
[2025-02-03T23:52:57.649+0000] {logging_mixin.py:190} INFO - [2025-02-03T23:52:57.649+0000] {dag.py:4180} INFO - Setting next_dagrun for example_skip_dag to 2025-02-02 00:00:00+00:00, run_after=2025-02-03 00:00:00+00:00
[2025-02-03T23:52:57.676+0000] {processor.py:208} INFO - Processing /home/airflow/.local/lib/python3.12/site-packages/airflow/example_dags/example_skip_dag.py took 0.104 seconds
[2025-02-03T23:53:28.321+0000] {processor.py:186} INFO - Started process (PID=718) to work on /home/airflow/.local/lib/python3.12/site-packages/airflow/example_dags/example_skip_dag.py
[2025-02-03T23:53:28.322+0000] {processor.py:914} INFO - Processing file /home/airflow/.local/lib/python3.12/site-packages/airflow/example_dags/example_skip_dag.py for tasks to queue
[2025-02-03T23:53:28.325+0000] {logging_mixin.py:190} INFO - [2025-02-03T23:53:28.325+0000] {dagbag.py:588} INFO - Filling up the DagBag from /home/airflow/.local/lib/python3.12/site-packages/airflow/example_dags/example_skip_dag.py
[2025-02-03T23:53:28.335+0000] {processor.py:925} INFO - DAG(s) 'example_skip_dag' retrieved from /home/airflow/.local/lib/python3.12/site-packages/airflow/example_dags/example_skip_dag.py
[2025-02-03T23:53:28.375+0000] {logging_mixin.py:190} INFO - [2025-02-03T23:53:28.374+0000] {dag.py:3239} INFO - Sync 1 DAGs
[2025-02-03T23:53:28.402+0000] {logging_mixin.py:190} INFO - [2025-02-03T23:53:28.402+0000] {dag.py:4180} INFO - Setting next_dagrun for example_skip_dag to 2025-02-02 00:00:00+00:00, run_after=2025-02-03 00:00:00+00:00
[2025-02-03T23:53:28.425+0000] {processor.py:208} INFO - Processing /home/airflow/.local/lib/python3.12/site-packages/airflow/example_dags/example_skip_dag.py took 0.111 seconds
[2025-02-03T23:53:59.438+0000] {processor.py:186} INFO - Started process (PID=780) to work on /home/airflow/.local/lib/python3.12/site-packages/airflow/example_dags/example_skip_dag.py
[2025-02-03T23:53:59.439+0000] {processor.py:914} INFO - Processing file /home/airflow/.local/lib/python3.12/site-packages/airflow/example_dags/example_skip_dag.py for tasks to queue
[2025-02-03T23:53:59.442+0000] {logging_mixin.py:190} INFO - [2025-02-03T23:53:59.441+0000] {dagbag.py:588} INFO - Filling up the DagBag from /home/airflow/.local/lib/python3.12/site-packages/airflow/example_dags/example_skip_dag.py
[2025-02-03T23:53:59.452+0000] {processor.py:925} INFO - DAG(s) 'example_skip_dag' retrieved from /home/airflow/.local/lib/python3.12/site-packages/airflow/example_dags/example_skip_dag.py
[2025-02-03T23:53:59.485+0000] {logging_mixin.py:190} INFO - [2025-02-03T23:53:59.485+0000] {dag.py:3239} INFO - Sync 1 DAGs
[2025-02-03T23:53:59.513+0000] {logging_mixin.py:190} INFO - [2025-02-03T23:53:59.513+0000] {dag.py:4180} INFO - Setting next_dagrun for example_skip_dag to 2025-02-02 00:00:00+00:00, run_after=2025-02-03 00:00:00+00:00
[2025-02-03T23:53:59.536+0000] {processor.py:208} INFO - Processing /home/airflow/.local/lib/python3.12/site-packages/airflow/example_dags/example_skip_dag.py took 0.106 seconds
[2025-02-03T23:54:30.902+0000] {processor.py:186} INFO - Started process (PID=844) to work on /home/airflow/.local/lib/python3.12/site-packages/airflow/example_dags/example_skip_dag.py
[2025-02-03T23:54:30.903+0000] {processor.py:914} INFO - Processing file /home/airflow/.local/lib/python3.12/site-packages/airflow/example_dags/example_skip_dag.py for tasks to queue
[2025-02-03T23:54:30.906+0000] {logging_mixin.py:190} INFO - [2025-02-03T23:54:30.906+0000] {dagbag.py:588} INFO - Filling up the DagBag from /home/airflow/.local/lib/python3.12/site-packages/airflow/example_dags/example_skip_dag.py
[2025-02-03T23:54:30.916+0000] {processor.py:925} INFO - DAG(s) 'example_skip_dag' retrieved from /home/airflow/.local/lib/python3.12/site-packages/airflow/example_dags/example_skip_dag.py
[2025-02-03T23:54:30.943+0000] {logging_mixin.py:190} INFO - [2025-02-03T23:54:30.943+0000] {dag.py:3239} INFO - Sync 1 DAGs
[2025-02-03T23:54:30.973+0000] {logging_mixin.py:190} INFO - [2025-02-03T23:54:30.973+0000] {dag.py:4180} INFO - Setting next_dagrun for example_skip_dag to 2025-02-02 00:00:00+00:00, run_after=2025-02-03 00:00:00+00:00
[2025-02-03T23:54:30.995+0000] {processor.py:208} INFO - Processing /home/airflow/.local/lib/python3.12/site-packages/airflow/example_dags/example_skip_dag.py took 0.100 seconds
[2025-02-03T23:55:02.743+0000] {processor.py:186} INFO - Started process (PID=906) to work on /home/airflow/.local/lib/python3.12/site-packages/airflow/example_dags/example_skip_dag.py
[2025-02-03T23:55:02.746+0000] {processor.py:914} INFO - Processing file /home/airflow/.local/lib/python3.12/site-packages/airflow/example_dags/example_skip_dag.py for tasks to queue
[2025-02-03T23:55:02.748+0000] {logging_mixin.py:190} INFO - [2025-02-03T23:55:02.748+0000] {dagbag.py:588} INFO - Filling up the DagBag from /home/airflow/.local/lib/python3.12/site-packages/airflow/example_dags/example_skip_dag.py
[2025-02-03T23:55:02.759+0000] {processor.py:925} INFO - DAG(s) 'example_skip_dag' retrieved from /home/airflow/.local/lib/python3.12/site-packages/airflow/example_dags/example_skip_dag.py
[2025-02-03T23:55:02.790+0000] {logging_mixin.py:190} INFO - [2025-02-03T23:55:02.790+0000] {dag.py:3239} INFO - Sync 1 DAGs
[2025-02-03T23:55:02.822+0000] {logging_mixin.py:190} INFO - [2025-02-03T23:55:02.821+0000] {dag.py:4180} INFO - Setting next_dagrun for example_skip_dag to 2025-02-02 00:00:00+00:00, run_after=2025-02-03 00:00:00+00:00
[2025-02-03T23:55:02.846+0000] {processor.py:208} INFO - Processing /home/airflow/.local/lib/python3.12/site-packages/airflow/example_dags/example_skip_dag.py took 0.114 seconds
[2025-02-03T23:55:33.921+0000] {processor.py:186} INFO - Started process (PID=969) to work on /home/airflow/.local/lib/python3.12/site-packages/airflow/example_dags/example_skip_dag.py
[2025-02-03T23:55:33.922+0000] {processor.py:914} INFO - Processing file /home/airflow/.local/lib/python3.12/site-packages/airflow/example_dags/example_skip_dag.py for tasks to queue
[2025-02-03T23:55:33.926+0000] {logging_mixin.py:190} INFO - [2025-02-03T23:55:33.925+0000] {dagbag.py:588} INFO - Filling up the DagBag from /home/airflow/.local/lib/python3.12/site-packages/airflow/example_dags/example_skip_dag.py
[2025-02-03T23:55:33.936+0000] {processor.py:925} INFO - DAG(s) 'example_skip_dag' retrieved from /home/airflow/.local/lib/python3.12/site-packages/airflow/example_dags/example_skip_dag.py
[2025-02-03T23:55:33.964+0000] {logging_mixin.py:190} INFO - [2025-02-03T23:55:33.964+0000] {dag.py:3239} INFO - Sync 1 DAGs
[2025-02-03T23:55:33.992+0000] {logging_mixin.py:190} INFO - [2025-02-03T23:55:33.992+0000] {dag.py:4180} INFO - Setting next_dagrun for example_skip_dag to 2025-02-02 00:00:00+00:00, run_after=2025-02-03 00:00:00+00:00
[2025-02-03T23:55:34.016+0000] {processor.py:208} INFO - Processing /home/airflow/.local/lib/python3.12/site-packages/airflow/example_dags/example_skip_dag.py took 0.101 seconds
[2025-02-03T23:56:05.157+0000] {processor.py:186} INFO - Started process (PID=1032) to work on /home/airflow/.local/lib/python3.12/site-packages/airflow/example_dags/example_skip_dag.py
[2025-02-03T23:56:05.158+0000] {processor.py:914} INFO - Processing file /home/airflow/.local/lib/python3.12/site-packages/airflow/example_dags/example_skip_dag.py for tasks to queue
[2025-02-03T23:56:05.161+0000] {logging_mixin.py:190} INFO - [2025-02-03T23:56:05.160+0000] {dagbag.py:588} INFO - Filling up the DagBag from /home/airflow/.local/lib/python3.12/site-packages/airflow/example_dags/example_skip_dag.py
[2025-02-03T23:56:05.171+0000] {processor.py:925} INFO - DAG(s) 'example_skip_dag' retrieved from /home/airflow/.local/lib/python3.12/site-packages/airflow/example_dags/example_skip_dag.py
[2025-02-03T23:56:05.202+0000] {logging_mixin.py:190} INFO - [2025-02-03T23:56:05.202+0000] {dag.py:3239} INFO - Sync 1 DAGs
[2025-02-03T23:56:05.230+0000] {logging_mixin.py:190} INFO - [2025-02-03T23:56:05.230+0000] {dag.py:4180} INFO - Setting next_dagrun for example_skip_dag to 2025-02-02 00:00:00+00:00, run_after=2025-02-03 00:00:00+00:00
[2025-02-03T23:56:05.251+0000] {processor.py:208} INFO - Processing /home/airflow/.local/lib/python3.12/site-packages/airflow/example_dags/example_skip_dag.py took 0.104 seconds
[2025-02-03T23:56:36.522+0000] {processor.py:186} INFO - Started process (PID=1095) to work on /home/airflow/.local/lib/python3.12/site-packages/airflow/example_dags/example_skip_dag.py
[2025-02-03T23:56:36.523+0000] {processor.py:914} INFO - Processing file /home/airflow/.local/lib/python3.12/site-packages/airflow/example_dags/example_skip_dag.py for tasks to queue
[2025-02-03T23:56:36.527+0000] {logging_mixin.py:190} INFO - [2025-02-03T23:56:36.526+0000] {dagbag.py:588} INFO - Filling up the DagBag from /home/airflow/.local/lib/python3.12/site-packages/airflow/example_dags/example_skip_dag.py
[2025-02-03T23:56:36.538+0000] {processor.py:925} INFO - DAG(s) 'example_skip_dag' retrieved from /home/airflow/.local/lib/python3.12/site-packages/airflow/example_dags/example_skip_dag.py
[2025-02-03T23:56:36.567+0000] {logging_mixin.py:190} INFO - [2025-02-03T23:56:36.567+0000] {dag.py:3239} INFO - Sync 1 DAGs
[2025-02-03T23:56:36.602+0000] {logging_mixin.py:190} INFO - [2025-02-03T23:56:36.602+0000] {dag.py:4180} INFO - Setting next_dagrun for example_skip_dag to 2025-02-02 00:00:00+00:00, run_after=2025-02-03 00:00:00+00:00
[2025-02-03T23:56:36.624+0000] {processor.py:208} INFO - Processing /home/airflow/.local/lib/python3.12/site-packages/airflow/example_dags/example_skip_dag.py took 0.112 seconds
[2025-02-03T23:57:08.039+0000] {processor.py:186} INFO - Started process (PID=1158) to work on /home/airflow/.local/lib/python3.12/site-packages/airflow/example_dags/example_skip_dag.py
[2025-02-03T23:57:08.040+0000] {processor.py:914} INFO - Processing file /home/airflow/.local/lib/python3.12/site-packages/airflow/example_dags/example_skip_dag.py for tasks to queue
[2025-02-03T23:57:08.043+0000] {logging_mixin.py:190} INFO - [2025-02-03T23:57:08.042+0000] {dagbag.py:588} INFO - Filling up the DagBag from /home/airflow/.local/lib/python3.12/site-packages/airflow/example_dags/example_skip_dag.py
[2025-02-03T23:57:08.053+0000] {processor.py:925} INFO - DAG(s) 'example_skip_dag' retrieved from /home/airflow/.local/lib/python3.12/site-packages/airflow/example_dags/example_skip_dag.py
[2025-02-03T23:57:08.078+0000] {logging_mixin.py:190} INFO - [2025-02-03T23:57:08.078+0000] {dag.py:3239} INFO - Sync 1 DAGs
[2025-02-03T23:57:08.111+0000] {logging_mixin.py:190} INFO - [2025-02-03T23:57:08.111+0000] {dag.py:4180} INFO - Setting next_dagrun for example_skip_dag to 2025-02-02 00:00:00+00:00, run_after=2025-02-03 00:00:00+00:00
[2025-02-03T23:57:08.147+0000] {processor.py:208} INFO - Processing /home/airflow/.local/lib/python3.12/site-packages/airflow/example_dags/example_skip_dag.py took 0.116 seconds
[2025-02-03T23:57:38.948+0000] {processor.py:186} INFO - Started process (PID=1221) to work on /home/airflow/.local/lib/python3.12/site-packages/airflow/example_dags/example_skip_dag.py
[2025-02-03T23:57:38.949+0000] {processor.py:914} INFO - Processing file /home/airflow/.local/lib/python3.12/site-packages/airflow/example_dags/example_skip_dag.py for tasks to queue
[2025-02-03T23:57:38.951+0000] {logging_mixin.py:190} INFO - [2025-02-03T23:57:38.951+0000] {dagbag.py:588} INFO - Filling up the DagBag from /home/airflow/.local/lib/python3.12/site-packages/airflow/example_dags/example_skip_dag.py
[2025-02-03T23:57:38.961+0000] {processor.py:925} INFO - DAG(s) 'example_skip_dag' retrieved from /home/airflow/.local/lib/python3.12/site-packages/airflow/example_dags/example_skip_dag.py
[2025-02-03T23:57:38.986+0000] {logging_mixin.py:190} INFO - [2025-02-03T23:57:38.986+0000] {dag.py:3239} INFO - Sync 1 DAGs
[2025-02-03T23:57:39.016+0000] {logging_mixin.py:190} INFO - [2025-02-03T23:57:39.016+0000] {dag.py:4180} INFO - Setting next_dagrun for example_skip_dag to 2025-02-02 00:00:00+00:00, run_after=2025-02-03 00:00:00+00:00
[2025-02-03T23:57:39.037+0000] {processor.py:208} INFO - Processing /home/airflow/.local/lib/python3.12/site-packages/airflow/example_dags/example_skip_dag.py took 0.097 seconds
[2025-02-03T23:58:10.177+0000] {processor.py:186} INFO - Started process (PID=1284) to work on /home/airflow/.local/lib/python3.12/site-packages/airflow/example_dags/example_skip_dag.py
[2025-02-03T23:58:10.178+0000] {processor.py:914} INFO - Processing file /home/airflow/.local/lib/python3.12/site-packages/airflow/example_dags/example_skip_dag.py for tasks to queue
[2025-02-03T23:58:10.180+0000] {logging_mixin.py:190} INFO - [2025-02-03T23:58:10.180+0000] {dagbag.py:588} INFO - Filling up the DagBag from /home/airflow/.local/lib/python3.12/site-packages/airflow/example_dags/example_skip_dag.py
[2025-02-03T23:58:10.190+0000] {processor.py:925} INFO - DAG(s) 'example_skip_dag' retrieved from /home/airflow/.local/lib/python3.12/site-packages/airflow/example_dags/example_skip_dag.py
[2025-02-03T23:58:10.216+0000] {logging_mixin.py:190} INFO - [2025-02-03T23:58:10.215+0000] {dag.py:3239} INFO - Sync 1 DAGs
[2025-02-03T23:58:10.245+0000] {logging_mixin.py:190} INFO - [2025-02-03T23:58:10.245+0000] {dag.py:4180} INFO - Setting next_dagrun for example_skip_dag to 2025-02-02 00:00:00+00:00, run_after=2025-02-03 00:00:00+00:00
[2025-02-03T23:58:10.268+0000] {processor.py:208} INFO - Processing /home/airflow/.local/lib/python3.12/site-packages/airflow/example_dags/example_skip_dag.py took 0.098 seconds
[2025-02-03T23:58:41.201+0000] {processor.py:186} INFO - Started process (PID=1347) to work on /home/airflow/.local/lib/python3.12/site-packages/airflow/example_dags/example_skip_dag.py
[2025-02-03T23:58:41.202+0000] {processor.py:914} INFO - Processing file /home/airflow/.local/lib/python3.12/site-packages/airflow/example_dags/example_skip_dag.py for tasks to queue
[2025-02-03T23:58:41.205+0000] {logging_mixin.py:190} INFO - [2025-02-03T23:58:41.205+0000] {dagbag.py:588} INFO - Filling up the DagBag from /home/airflow/.local/lib/python3.12/site-packages/airflow/example_dags/example_skip_dag.py
[2025-02-03T23:58:41.219+0000] {processor.py:925} INFO - DAG(s) 'example_skip_dag' retrieved from /home/airflow/.local/lib/python3.12/site-packages/airflow/example_dags/example_skip_dag.py
[2025-02-03T23:58:41.255+0000] {logging_mixin.py:190} INFO - [2025-02-03T23:58:41.255+0000] {dag.py:3239} INFO - Sync 1 DAGs
[2025-02-03T23:58:41.284+0000] {logging_mixin.py:190} INFO - [2025-02-03T23:58:41.284+0000] {dag.py:4180} INFO - Setting next_dagrun for example_skip_dag to 2025-02-02 00:00:00+00:00, run_after=2025-02-03 00:00:00+00:00
[2025-02-03T23:58:41.309+0000] {processor.py:208} INFO - Processing /home/airflow/.local/lib/python3.12/site-packages/airflow/example_dags/example_skip_dag.py took 0.115 seconds
[2025-02-03T23:59:12.053+0000] {processor.py:186} INFO - Started process (PID=1410) to work on /home/airflow/.local/lib/python3.12/site-packages/airflow/example_dags/example_skip_dag.py
[2025-02-03T23:59:12.054+0000] {processor.py:914} INFO - Processing file /home/airflow/.local/lib/python3.12/site-packages/airflow/example_dags/example_skip_dag.py for tasks to queue
[2025-02-03T23:59:12.057+0000] {logging_mixin.py:190} INFO - [2025-02-03T23:59:12.057+0000] {dagbag.py:588} INFO - Filling up the DagBag from /home/airflow/.local/lib/python3.12/site-packages/airflow/example_dags/example_skip_dag.py
[2025-02-03T23:59:12.067+0000] {processor.py:925} INFO - DAG(s) 'example_skip_dag' retrieved from /home/airflow/.local/lib/python3.12/site-packages/airflow/example_dags/example_skip_dag.py
[2025-02-03T23:59:12.092+0000] {logging_mixin.py:190} INFO - [2025-02-03T23:59:12.092+0000] {dag.py:3239} INFO - Sync 1 DAGs
[2025-02-03T23:59:12.120+0000] {logging_mixin.py:190} INFO - [2025-02-03T23:59:12.119+0000] {dag.py:4180} INFO - Setting next_dagrun for example_skip_dag to 2025-02-02 00:00:00+00:00, run_after=2025-02-03 00:00:00+00:00
[2025-02-03T23:59:12.141+0000] {processor.py:208} INFO - Processing /home/airflow/.local/lib/python3.12/site-packages/airflow/example_dags/example_skip_dag.py took 0.095 seconds
[2025-02-03T23:59:43.004+0000] {processor.py:186} INFO - Started process (PID=1473) to work on /home/airflow/.local/lib/python3.12/site-packages/airflow/example_dags/example_skip_dag.py
[2025-02-03T23:59:43.007+0000] {processor.py:914} INFO - Processing file /home/airflow/.local/lib/python3.12/site-packages/airflow/example_dags/example_skip_dag.py for tasks to queue
[2025-02-03T23:59:43.009+0000] {logging_mixin.py:190} INFO - [2025-02-03T23:59:43.009+0000] {dagbag.py:588} INFO - Filling up the DagBag from /home/airflow/.local/lib/python3.12/site-packages/airflow/example_dags/example_skip_dag.py
[2025-02-03T23:59:43.020+0000] {processor.py:925} INFO - DAG(s) 'example_skip_dag' retrieved from /home/airflow/.local/lib/python3.12/site-packages/airflow/example_dags/example_skip_dag.py
[2025-02-03T23:59:43.051+0000] {logging_mixin.py:190} INFO - [2025-02-03T23:59:43.050+0000] {dag.py:3239} INFO - Sync 1 DAGs
[2025-02-03T23:59:43.080+0000] {logging_mixin.py:190} INFO - [2025-02-03T23:59:43.080+0000] {dag.py:4180} INFO - Setting next_dagrun for example_skip_dag to 2025-02-02 00:00:00+00:00, run_after=2025-02-03 00:00:00+00:00
[2025-02-03T23:59:43.103+0000] {processor.py:208} INFO - Processing /home/airflow/.local/lib/python3.12/site-packages/airflow/example_dags/example_skip_dag.py took 0.106 seconds
