[2025-02-03T10:52:15.562+0000] {processor.py:186} INFO - Started process (PID=110) to work on /home/airflow/.local/lib/python3.12/site-packages/airflow/example_dags/example_short_circuit_operator.py
[2025-02-03T10:52:15.564+0000] {processor.py:914} INFO - Processing file /home/airflow/.local/lib/python3.12/site-packages/airflow/example_dags/example_short_circuit_operator.py for tasks to queue
[2025-02-03T10:52:15.568+0000] {logging_mixin.py:190} INFO - [2025-02-03T10:52:15.567+0000] {dagbag.py:588} INFO - Filling up the DagBag from /home/airflow/.local/lib/python3.12/site-packages/airflow/example_dags/example_short_circuit_operator.py
[2025-02-03T10:52:15.587+0000] {processor.py:925} INFO - DAG(s) 'example_short_circuit_operator' retrieved from /home/airflow/.local/lib/python3.12/site-packages/airflow/example_dags/example_short_circuit_operator.py
[2025-02-03T10:52:15.774+0000] {logging_mixin.py:190} INFO - [2025-02-03T10:52:15.773+0000] {override.py:1911} INFO - Created Permission View: can read on DAG:example_short_circuit_operator
[2025-02-03T10:52:15.792+0000] {logging_mixin.py:190} INFO - [2025-02-03T10:52:15.791+0000] {override.py:1911} INFO - Created Permission View: can edit on DAG:example_short_circuit_operator
[2025-02-03T10:52:15.803+0000] {logging_mixin.py:190} INFO - [2025-02-03T10:52:15.803+0000] {override.py:1911} INFO - Created Permission View: can delete on DAG:example_short_circuit_operator
[2025-02-03T10:52:15.819+0000] {logging_mixin.py:190} INFO - [2025-02-03T10:52:15.819+0000] {override.py:1911} INFO - Created Permission View: can read on DAG Run:example_short_circuit_operator
[2025-02-03T10:52:15.831+0000] {logging_mixin.py:190} INFO - [2025-02-03T10:52:15.831+0000] {override.py:1911} INFO - Created Permission View: can create on DAG Run:example_short_circuit_operator
[2025-02-03T10:52:15.842+0000] {logging_mixin.py:190} INFO - [2025-02-03T10:52:15.842+0000] {override.py:1911} INFO - Created Permission View: menu access on DAG Run:example_short_circuit_operator
[2025-02-03T10:52:15.852+0000] {logging_mixin.py:190} INFO - [2025-02-03T10:52:15.852+0000] {override.py:1911} INFO - Created Permission View: can delete on DAG Run:example_short_circuit_operator
[2025-02-03T10:52:15.853+0000] {logging_mixin.py:190} INFO - [2025-02-03T10:52:15.853+0000] {dag.py:3239} INFO - Sync 1 DAGs
[2025-02-03T10:52:15.873+0000] {logging_mixin.py:190} INFO - [2025-02-03T10:52:15.873+0000] {dag.py:3262} INFO - Creating ORM DAG for example_short_circuit_operator
[2025-02-03T10:52:15.875+0000] {logging_mixin.py:190} INFO - [2025-02-03T10:52:15.874+0000] {dag.py:4180} INFO - Setting next_dagrun for example_short_circuit_operator to None, run_after=None
[2025-02-03T10:52:15.898+0000] {processor.py:208} INFO - Processing /home/airflow/.local/lib/python3.12/site-packages/airflow/example_dags/example_short_circuit_operator.py took 0.346 seconds
[2025-02-03T10:52:45.983+0000] {processor.py:186} INFO - Started process (PID=173) to work on /home/airflow/.local/lib/python3.12/site-packages/airflow/example_dags/example_short_circuit_operator.py
[2025-02-03T10:52:45.985+0000] {processor.py:914} INFO - Processing file /home/airflow/.local/lib/python3.12/site-packages/airflow/example_dags/example_short_circuit_operator.py for tasks to queue
[2025-02-03T10:52:45.991+0000] {logging_mixin.py:190} INFO - [2025-02-03T10:52:45.990+0000] {dagbag.py:588} INFO - Filling up the DagBag from /home/airflow/.local/lib/python3.12/site-packages/airflow/example_dags/example_short_circuit_operator.py
[2025-02-03T10:52:46.007+0000] {processor.py:925} INFO - DAG(s) 'example_short_circuit_operator' retrieved from /home/airflow/.local/lib/python3.12/site-packages/airflow/example_dags/example_short_circuit_operator.py
[2025-02-03T10:52:46.052+0000] {logging_mixin.py:190} INFO - [2025-02-03T10:52:46.051+0000] {dag.py:3239} INFO - Sync 1 DAGs
[2025-02-03T10:52:46.072+0000] {logging_mixin.py:190} INFO - [2025-02-03T10:52:46.072+0000] {dag.py:4180} INFO - Setting next_dagrun for example_short_circuit_operator to None, run_after=None
[2025-02-03T10:52:46.104+0000] {processor.py:208} INFO - Processing /home/airflow/.local/lib/python3.12/site-packages/airflow/example_dags/example_short_circuit_operator.py took 0.131 seconds
[2025-02-03T10:53:16.987+0000] {processor.py:186} INFO - Started process (PID=236) to work on /home/airflow/.local/lib/python3.12/site-packages/airflow/example_dags/example_short_circuit_operator.py
[2025-02-03T10:53:16.989+0000] {processor.py:914} INFO - Processing file /home/airflow/.local/lib/python3.12/site-packages/airflow/example_dags/example_short_circuit_operator.py for tasks to queue
[2025-02-03T10:53:16.994+0000] {logging_mixin.py:190} INFO - [2025-02-03T10:53:16.993+0000] {dagbag.py:588} INFO - Filling up the DagBag from /home/airflow/.local/lib/python3.12/site-packages/airflow/example_dags/example_short_circuit_operator.py
[2025-02-03T10:53:17.015+0000] {processor.py:925} INFO - DAG(s) 'example_short_circuit_operator' retrieved from /home/airflow/.local/lib/python3.12/site-packages/airflow/example_dags/example_short_circuit_operator.py
[2025-02-03T10:53:17.060+0000] {logging_mixin.py:190} INFO - [2025-02-03T10:53:17.060+0000] {dag.py:3239} INFO - Sync 1 DAGs
[2025-02-03T10:53:17.091+0000] {logging_mixin.py:190} INFO - [2025-02-03T10:53:17.090+0000] {dag.py:4180} INFO - Setting next_dagrun for example_short_circuit_operator to None, run_after=None
[2025-02-03T10:53:17.120+0000] {processor.py:208} INFO - Processing /home/airflow/.local/lib/python3.12/site-packages/airflow/example_dags/example_short_circuit_operator.py took 0.144 seconds
