[2025-02-03T10:52:10.765+0000] {processor.py:186} INFO - Started process (PID=89) to work on /home/airflow/.local/lib/python3.12/site-packages/airflow/example_dags/example_display_name.py
[2025-02-03T10:52:10.767+0000] {processor.py:914} INFO - Processing file /home/airflow/.local/lib/python3.12/site-packages/airflow/example_dags/example_display_name.py for tasks to queue
[2025-02-03T10:52:10.771+0000] {logging_mixin.py:190} INFO - [2025-02-03T10:52:10.771+0000] {dagbag.py:588} INFO - Filling up the DagBag from /home/airflow/.local/lib/python3.12/site-packages/airflow/example_dags/example_display_name.py
[2025-02-03T10:52:10.784+0000] {processor.py:925} INFO - DAG(s) 'example_display_name' retrieved from /home/airflow/.local/lib/python3.12/site-packages/airflow/example_dags/example_display_name.py
[2025-02-03T10:52:10.926+0000] {logging_mixin.py:190} INFO - [2025-02-03T10:52:10.925+0000] {override.py:1911} INFO - Created Permission View: can read on DAG:example_display_name
[2025-02-03T10:52:10.939+0000] {logging_mixin.py:190} INFO - [2025-02-03T10:52:10.938+0000] {override.py:1911} INFO - Created Permission View: can edit on DAG:example_display_name
[2025-02-03T10:52:10.948+0000] {logging_mixin.py:190} INFO - [2025-02-03T10:52:10.948+0000] {override.py:1911} INFO - Created Permission View: can delete on DAG:example_display_name
[2025-02-03T10:52:10.960+0000] {logging_mixin.py:190} INFO - [2025-02-03T10:52:10.958+0000] {override.py:1911} INFO - Created Permission View: can read on DAG Run:example_display_name
[2025-02-03T10:52:10.969+0000] {logging_mixin.py:190} INFO - [2025-02-03T10:52:10.968+0000] {override.py:1911} INFO - Created Permission View: can create on DAG Run:example_display_name
[2025-02-03T10:52:10.978+0000] {logging_mixin.py:190} INFO - [2025-02-03T10:52:10.978+0000] {override.py:1911} INFO - Created Permission View: menu access on DAG Run:example_display_name
[2025-02-03T10:52:10.989+0000] {logging_mixin.py:190} INFO - [2025-02-03T10:52:10.988+0000] {override.py:1911} INFO - Created Permission View: can delete on DAG Run:example_display_name
[2025-02-03T10:52:10.989+0000] {logging_mixin.py:190} INFO - [2025-02-03T10:52:10.989+0000] {dag.py:3239} INFO - Sync 1 DAGs
[2025-02-03T10:52:11.008+0000] {logging_mixin.py:190} INFO - [2025-02-03T10:52:11.008+0000] {dag.py:3262} INFO - Creating ORM DAG for example_display_name
[2025-02-03T10:52:11.009+0000] {logging_mixin.py:190} INFO - [2025-02-03T10:52:11.009+0000] {dag.py:4180} INFO - Setting next_dagrun for example_display_name to None, run_after=None
[2025-02-03T10:52:11.033+0000] {processor.py:208} INFO - Processing /home/airflow/.local/lib/python3.12/site-packages/airflow/example_dags/example_display_name.py took 0.278 seconds
[2025-02-03T10:52:41.769+0000] {processor.py:186} INFO - Started process (PID=152) to work on /home/airflow/.local/lib/python3.12/site-packages/airflow/example_dags/example_display_name.py
[2025-02-03T10:52:41.770+0000] {processor.py:914} INFO - Processing file /home/airflow/.local/lib/python3.12/site-packages/airflow/example_dags/example_display_name.py for tasks to queue
[2025-02-03T10:52:41.774+0000] {logging_mixin.py:190} INFO - [2025-02-03T10:52:41.773+0000] {dagbag.py:588} INFO - Filling up the DagBag from /home/airflow/.local/lib/python3.12/site-packages/airflow/example_dags/example_display_name.py
[2025-02-03T10:52:41.785+0000] {processor.py:925} INFO - DAG(s) 'example_display_name' retrieved from /home/airflow/.local/lib/python3.12/site-packages/airflow/example_dags/example_display_name.py
[2025-02-03T10:52:41.812+0000] {logging_mixin.py:190} INFO - [2025-02-03T10:52:41.812+0000] {dag.py:3239} INFO - Sync 1 DAGs
[2025-02-03T10:52:41.833+0000] {logging_mixin.py:190} INFO - [2025-02-03T10:52:41.832+0000] {dag.py:4180} INFO - Setting next_dagrun for example_display_name to None, run_after=None
[2025-02-03T10:52:41.858+0000] {processor.py:208} INFO - Processing /home/airflow/.local/lib/python3.12/site-packages/airflow/example_dags/example_display_name.py took 0.097 seconds
[2025-02-03T10:53:12.377+0000] {processor.py:186} INFO - Started process (PID=214) to work on /home/airflow/.local/lib/python3.12/site-packages/airflow/example_dags/example_display_name.py
[2025-02-03T10:53:12.379+0000] {processor.py:914} INFO - Processing file /home/airflow/.local/lib/python3.12/site-packages/airflow/example_dags/example_display_name.py for tasks to queue
[2025-02-03T10:53:12.385+0000] {logging_mixin.py:190} INFO - [2025-02-03T10:53:12.384+0000] {dagbag.py:588} INFO - Filling up the DagBag from /home/airflow/.local/lib/python3.12/site-packages/airflow/example_dags/example_display_name.py
[2025-02-03T10:53:12.398+0000] {processor.py:925} INFO - DAG(s) 'example_display_name' retrieved from /home/airflow/.local/lib/python3.12/site-packages/airflow/example_dags/example_display_name.py
[2025-02-03T10:53:12.435+0000] {logging_mixin.py:190} INFO - [2025-02-03T10:53:12.434+0000] {dag.py:3239} INFO - Sync 1 DAGs
[2025-02-03T10:53:12.455+0000] {logging_mixin.py:190} INFO - [2025-02-03T10:53:12.454+0000] {dag.py:4180} INFO - Setting next_dagrun for example_display_name to None, run_after=None
[2025-02-03T10:53:12.480+0000] {processor.py:208} INFO - Processing /home/airflow/.local/lib/python3.12/site-packages/airflow/example_dags/example_display_name.py took 0.114 seconds
[2025-02-03T23:48:13.299+0000] {processor.py:186} INFO - Started process (PID=81) to work on /home/airflow/.local/lib/python3.12/site-packages/airflow/example_dags/example_display_name.py
[2025-02-03T23:48:13.300+0000] {processor.py:914} INFO - Processing file /home/airflow/.local/lib/python3.12/site-packages/airflow/example_dags/example_display_name.py for tasks to queue
[2025-02-03T23:48:13.304+0000] {logging_mixin.py:190} INFO - [2025-02-03T23:48:13.304+0000] {dagbag.py:588} INFO - Filling up the DagBag from /home/airflow/.local/lib/python3.12/site-packages/airflow/example_dags/example_display_name.py
[2025-02-03T23:48:13.315+0000] {processor.py:925} INFO - DAG(s) 'example_display_name' retrieved from /home/airflow/.local/lib/python3.12/site-packages/airflow/example_dags/example_display_name.py
[2025-02-03T23:48:13.340+0000] {logging_mixin.py:190} INFO - [2025-02-03T23:48:13.340+0000] {dag.py:3239} INFO - Sync 1 DAGs
[2025-02-03T23:48:13.358+0000] {logging_mixin.py:190} INFO - [2025-02-03T23:48:13.358+0000] {dag.py:4180} INFO - Setting next_dagrun for example_display_name to None, run_after=None
[2025-02-03T23:48:13.383+0000] {processor.py:208} INFO - Processing /home/airflow/.local/lib/python3.12/site-packages/airflow/example_dags/example_display_name.py took 0.092 seconds
[2025-02-03T23:48:44.509+0000] {processor.py:186} INFO - Started process (PID=144) to work on /home/airflow/.local/lib/python3.12/site-packages/airflow/example_dags/example_display_name.py
[2025-02-03T23:48:44.510+0000] {processor.py:914} INFO - Processing file /home/airflow/.local/lib/python3.12/site-packages/airflow/example_dags/example_display_name.py for tasks to queue
[2025-02-03T23:48:44.513+0000] {logging_mixin.py:190} INFO - [2025-02-03T23:48:44.513+0000] {dagbag.py:588} INFO - Filling up the DagBag from /home/airflow/.local/lib/python3.12/site-packages/airflow/example_dags/example_display_name.py
[2025-02-03T23:48:44.529+0000] {processor.py:925} INFO - DAG(s) 'example_display_name' retrieved from /home/airflow/.local/lib/python3.12/site-packages/airflow/example_dags/example_display_name.py
[2025-02-03T23:48:44.561+0000] {logging_mixin.py:190} INFO - [2025-02-03T23:48:44.560+0000] {dag.py:3239} INFO - Sync 1 DAGs
[2025-02-03T23:48:44.584+0000] {logging_mixin.py:190} INFO - [2025-02-03T23:48:44.584+0000] {dag.py:4180} INFO - Setting next_dagrun for example_display_name to None, run_after=None
[2025-02-03T23:48:44.612+0000] {processor.py:208} INFO - Processing /home/airflow/.local/lib/python3.12/site-packages/airflow/example_dags/example_display_name.py took 0.113 seconds
[2025-02-03T23:49:15.406+0000] {processor.py:186} INFO - Started process (PID=213) to work on /home/airflow/.local/lib/python3.12/site-packages/airflow/example_dags/example_display_name.py
[2025-02-03T23:49:15.408+0000] {processor.py:914} INFO - Processing file /home/airflow/.local/lib/python3.12/site-packages/airflow/example_dags/example_display_name.py for tasks to queue
[2025-02-03T23:49:15.411+0000] {logging_mixin.py:190} INFO - [2025-02-03T23:49:15.411+0000] {dagbag.py:588} INFO - Filling up the DagBag from /home/airflow/.local/lib/python3.12/site-packages/airflow/example_dags/example_display_name.py
[2025-02-03T23:49:15.422+0000] {processor.py:925} INFO - DAG(s) 'example_display_name' retrieved from /home/airflow/.local/lib/python3.12/site-packages/airflow/example_dags/example_display_name.py
[2025-02-03T23:49:15.443+0000] {logging_mixin.py:190} INFO - [2025-02-03T23:49:15.443+0000] {dag.py:3239} INFO - Sync 1 DAGs
[2025-02-03T23:49:15.462+0000] {logging_mixin.py:190} INFO - [2025-02-03T23:49:15.462+0000] {dag.py:4180} INFO - Setting next_dagrun for example_display_name to None, run_after=None
[2025-02-03T23:49:15.487+0000] {processor.py:208} INFO - Processing /home/airflow/.local/lib/python3.12/site-packages/airflow/example_dags/example_display_name.py took 0.089 seconds
[2025-02-03T23:49:47.225+0000] {processor.py:186} INFO - Started process (PID=276) to work on /home/airflow/.local/lib/python3.12/site-packages/airflow/example_dags/example_display_name.py
[2025-02-03T23:49:47.226+0000] {processor.py:914} INFO - Processing file /home/airflow/.local/lib/python3.12/site-packages/airflow/example_dags/example_display_name.py for tasks to queue
[2025-02-03T23:49:47.229+0000] {logging_mixin.py:190} INFO - [2025-02-03T23:49:47.229+0000] {dagbag.py:588} INFO - Filling up the DagBag from /home/airflow/.local/lib/python3.12/site-packages/airflow/example_dags/example_display_name.py
[2025-02-03T23:49:47.242+0000] {processor.py:925} INFO - DAG(s) 'example_display_name' retrieved from /home/airflow/.local/lib/python3.12/site-packages/airflow/example_dags/example_display_name.py
[2025-02-03T23:49:47.274+0000] {logging_mixin.py:190} INFO - [2025-02-03T23:49:47.274+0000] {dag.py:3239} INFO - Sync 1 DAGs
[2025-02-03T23:49:47.297+0000] {logging_mixin.py:190} INFO - [2025-02-03T23:49:47.297+0000] {dag.py:4180} INFO - Setting next_dagrun for example_display_name to None, run_after=None
[2025-02-03T23:49:47.326+0000] {processor.py:208} INFO - Processing /home/airflow/.local/lib/python3.12/site-packages/airflow/example_dags/example_display_name.py took 0.111 seconds
[2025-02-03T23:50:21.529+0000] {processor.py:186} INFO - Started process (PID=339) to work on /home/airflow/.local/lib/python3.12/site-packages/airflow/example_dags/example_display_name.py
[2025-02-03T23:50:21.532+0000] {processor.py:914} INFO - Processing file /home/airflow/.local/lib/python3.12/site-packages/airflow/example_dags/example_display_name.py for tasks to queue
[2025-02-03T23:50:21.541+0000] {logging_mixin.py:190} INFO - [2025-02-03T23:50:21.539+0000] {dagbag.py:588} INFO - Filling up the DagBag from /home/airflow/.local/lib/python3.12/site-packages/airflow/example_dags/example_display_name.py
[2025-02-03T23:50:21.557+0000] {processor.py:925} INFO - DAG(s) 'example_display_name' retrieved from /home/airflow/.local/lib/python3.12/site-packages/airflow/example_dags/example_display_name.py
[2025-02-03T23:50:21.597+0000] {logging_mixin.py:190} INFO - [2025-02-03T23:50:21.596+0000] {dag.py:3239} INFO - Sync 1 DAGs
[2025-02-03T23:50:21.627+0000] {logging_mixin.py:190} INFO - [2025-02-03T23:50:21.626+0000] {dag.py:4180} INFO - Setting next_dagrun for example_display_name to None, run_after=None
[2025-02-03T23:50:21.676+0000] {processor.py:208} INFO - Processing /home/airflow/.local/lib/python3.12/site-packages/airflow/example_dags/example_display_name.py took 0.158 seconds
[2025-02-03T23:50:51.728+0000] {processor.py:186} INFO - Started process (PID=401) to work on /home/airflow/.local/lib/python3.12/site-packages/airflow/example_dags/example_display_name.py
[2025-02-03T23:50:51.729+0000] {processor.py:914} INFO - Processing file /home/airflow/.local/lib/python3.12/site-packages/airflow/example_dags/example_display_name.py for tasks to queue
[2025-02-03T23:50:51.732+0000] {logging_mixin.py:190} INFO - [2025-02-03T23:50:51.731+0000] {dagbag.py:588} INFO - Filling up the DagBag from /home/airflow/.local/lib/python3.12/site-packages/airflow/example_dags/example_display_name.py
[2025-02-03T23:50:51.741+0000] {processor.py:925} INFO - DAG(s) 'example_display_name' retrieved from /home/airflow/.local/lib/python3.12/site-packages/airflow/example_dags/example_display_name.py
[2025-02-03T23:50:51.766+0000] {logging_mixin.py:190} INFO - [2025-02-03T23:50:51.765+0000] {dag.py:3239} INFO - Sync 1 DAGs
[2025-02-03T23:50:51.783+0000] {logging_mixin.py:190} INFO - [2025-02-03T23:50:51.783+0000] {dag.py:4180} INFO - Setting next_dagrun for example_display_name to None, run_after=None
[2025-02-03T23:50:51.811+0000] {processor.py:208} INFO - Processing /home/airflow/.local/lib/python3.12/site-packages/airflow/example_dags/example_display_name.py took 0.090 seconds
[2025-02-03T23:51:22.455+0000] {processor.py:186} INFO - Started process (PID=464) to work on /home/airflow/.local/lib/python3.12/site-packages/airflow/example_dags/example_display_name.py
[2025-02-03T23:51:22.456+0000] {processor.py:914} INFO - Processing file /home/airflow/.local/lib/python3.12/site-packages/airflow/example_dags/example_display_name.py for tasks to queue
[2025-02-03T23:51:22.459+0000] {logging_mixin.py:190} INFO - [2025-02-03T23:51:22.459+0000] {dagbag.py:588} INFO - Filling up the DagBag from /home/airflow/.local/lib/python3.12/site-packages/airflow/example_dags/example_display_name.py
[2025-02-03T23:51:22.469+0000] {processor.py:925} INFO - DAG(s) 'example_display_name' retrieved from /home/airflow/.local/lib/python3.12/site-packages/airflow/example_dags/example_display_name.py
[2025-02-03T23:51:22.495+0000] {logging_mixin.py:190} INFO - [2025-02-03T23:51:22.495+0000] {dag.py:3239} INFO - Sync 1 DAGs
[2025-02-03T23:51:22.513+0000] {logging_mixin.py:190} INFO - [2025-02-03T23:51:22.513+0000] {dag.py:4180} INFO - Setting next_dagrun for example_display_name to None, run_after=None
[2025-02-03T23:51:22.540+0000] {processor.py:208} INFO - Processing /home/airflow/.local/lib/python3.12/site-packages/airflow/example_dags/example_display_name.py took 0.095 seconds
[2025-02-03T23:51:53.685+0000] {processor.py:186} INFO - Started process (PID=527) to work on /home/airflow/.local/lib/python3.12/site-packages/airflow/example_dags/example_display_name.py
[2025-02-03T23:51:53.686+0000] {processor.py:914} INFO - Processing file /home/airflow/.local/lib/python3.12/site-packages/airflow/example_dags/example_display_name.py for tasks to queue
[2025-02-03T23:51:53.689+0000] {logging_mixin.py:190} INFO - [2025-02-03T23:51:53.689+0000] {dagbag.py:588} INFO - Filling up the DagBag from /home/airflow/.local/lib/python3.12/site-packages/airflow/example_dags/example_display_name.py
[2025-02-03T23:51:53.699+0000] {processor.py:925} INFO - DAG(s) 'example_display_name' retrieved from /home/airflow/.local/lib/python3.12/site-packages/airflow/example_dags/example_display_name.py
[2025-02-03T23:51:53.721+0000] {logging_mixin.py:190} INFO - [2025-02-03T23:51:53.721+0000] {dag.py:3239} INFO - Sync 1 DAGs
[2025-02-03T23:51:53.739+0000] {logging_mixin.py:190} INFO - [2025-02-03T23:51:53.739+0000] {dag.py:4180} INFO - Setting next_dagrun for example_display_name to None, run_after=None
[2025-02-03T23:51:53.766+0000] {processor.py:208} INFO - Processing /home/airflow/.local/lib/python3.12/site-packages/airflow/example_dags/example_display_name.py took 0.087 seconds
[2025-02-03T23:52:25.258+0000] {processor.py:186} INFO - Started process (PID=590) to work on /home/airflow/.local/lib/python3.12/site-packages/airflow/example_dags/example_display_name.py
[2025-02-03T23:52:25.259+0000] {processor.py:914} INFO - Processing file /home/airflow/.local/lib/python3.12/site-packages/airflow/example_dags/example_display_name.py for tasks to queue
[2025-02-03T23:52:25.262+0000] {logging_mixin.py:190} INFO - [2025-02-03T23:52:25.262+0000] {dagbag.py:588} INFO - Filling up the DagBag from /home/airflow/.local/lib/python3.12/site-packages/airflow/example_dags/example_display_name.py
[2025-02-03T23:52:25.275+0000] {processor.py:925} INFO - DAG(s) 'example_display_name' retrieved from /home/airflow/.local/lib/python3.12/site-packages/airflow/example_dags/example_display_name.py
[2025-02-03T23:52:25.305+0000] {logging_mixin.py:190} INFO - [2025-02-03T23:52:25.305+0000] {dag.py:3239} INFO - Sync 1 DAGs
[2025-02-03T23:52:25.322+0000] {logging_mixin.py:190} INFO - [2025-02-03T23:52:25.321+0000] {dag.py:4180} INFO - Setting next_dagrun for example_display_name to None, run_after=None
[2025-02-03T23:52:25.345+0000] {processor.py:208} INFO - Processing /home/airflow/.local/lib/python3.12/site-packages/airflow/example_dags/example_display_name.py took 0.094 seconds
[2025-02-03T23:52:56.656+0000] {processor.py:186} INFO - Started process (PID=653) to work on /home/airflow/.local/lib/python3.12/site-packages/airflow/example_dags/example_display_name.py
[2025-02-03T23:52:56.658+0000] {processor.py:914} INFO - Processing file /home/airflow/.local/lib/python3.12/site-packages/airflow/example_dags/example_display_name.py for tasks to queue
[2025-02-03T23:52:56.660+0000] {logging_mixin.py:190} INFO - [2025-02-03T23:52:56.660+0000] {dagbag.py:588} INFO - Filling up the DagBag from /home/airflow/.local/lib/python3.12/site-packages/airflow/example_dags/example_display_name.py
[2025-02-03T23:52:56.671+0000] {processor.py:925} INFO - DAG(s) 'example_display_name' retrieved from /home/airflow/.local/lib/python3.12/site-packages/airflow/example_dags/example_display_name.py
[2025-02-03T23:52:56.696+0000] {logging_mixin.py:190} INFO - [2025-02-03T23:52:56.696+0000] {dag.py:3239} INFO - Sync 1 DAGs
[2025-02-03T23:52:56.715+0000] {logging_mixin.py:190} INFO - [2025-02-03T23:52:56.715+0000] {dag.py:4180} INFO - Setting next_dagrun for example_display_name to None, run_after=None
[2025-02-03T23:52:56.736+0000] {processor.py:208} INFO - Processing /home/airflow/.local/lib/python3.12/site-packages/airflow/example_dags/example_display_name.py took 0.088 seconds
[2025-02-03T23:53:28.196+0000] {processor.py:186} INFO - Started process (PID=716) to work on /home/airflow/.local/lib/python3.12/site-packages/airflow/example_dags/example_display_name.py
[2025-02-03T23:53:28.198+0000] {processor.py:914} INFO - Processing file /home/airflow/.local/lib/python3.12/site-packages/airflow/example_dags/example_display_name.py for tasks to queue
[2025-02-03T23:53:28.201+0000] {logging_mixin.py:190} INFO - [2025-02-03T23:53:28.201+0000] {dagbag.py:588} INFO - Filling up the DagBag from /home/airflow/.local/lib/python3.12/site-packages/airflow/example_dags/example_display_name.py
[2025-02-03T23:53:28.213+0000] {processor.py:925} INFO - DAG(s) 'example_display_name' retrieved from /home/airflow/.local/lib/python3.12/site-packages/airflow/example_dags/example_display_name.py
[2025-02-03T23:53:28.241+0000] {logging_mixin.py:190} INFO - [2025-02-03T23:53:28.241+0000] {dag.py:3239} INFO - Sync 1 DAGs
[2025-02-03T23:53:28.264+0000] {logging_mixin.py:190} INFO - [2025-02-03T23:53:28.264+0000] {dag.py:4180} INFO - Setting next_dagrun for example_display_name to None, run_after=None
[2025-02-03T23:53:28.289+0000] {processor.py:208} INFO - Processing /home/airflow/.local/lib/python3.12/site-packages/airflow/example_dags/example_display_name.py took 0.102 seconds
[2025-02-03T23:53:59.431+0000] {processor.py:186} INFO - Started process (PID=779) to work on /home/airflow/.local/lib/python3.12/site-packages/airflow/example_dags/example_display_name.py
[2025-02-03T23:53:59.433+0000] {processor.py:914} INFO - Processing file /home/airflow/.local/lib/python3.12/site-packages/airflow/example_dags/example_display_name.py for tasks to queue
[2025-02-03T23:53:59.435+0000] {logging_mixin.py:190} INFO - [2025-02-03T23:53:59.435+0000] {dagbag.py:588} INFO - Filling up the DagBag from /home/airflow/.local/lib/python3.12/site-packages/airflow/example_dags/example_display_name.py
[2025-02-03T23:53:59.446+0000] {processor.py:925} INFO - DAG(s) 'example_display_name' retrieved from /home/airflow/.local/lib/python3.12/site-packages/airflow/example_dags/example_display_name.py
[2025-02-03T23:53:59.471+0000] {logging_mixin.py:190} INFO - [2025-02-03T23:53:59.471+0000] {dag.py:3239} INFO - Sync 1 DAGs
[2025-02-03T23:53:59.489+0000] {logging_mixin.py:190} INFO - [2025-02-03T23:53:59.488+0000] {dag.py:4180} INFO - Setting next_dagrun for example_display_name to None, run_after=None
[2025-02-03T23:53:59.511+0000] {processor.py:208} INFO - Processing /home/airflow/.local/lib/python3.12/site-packages/airflow/example_dags/example_display_name.py took 0.087 seconds
[2025-02-03T23:54:30.773+0000] {processor.py:186} INFO - Started process (PID=843) to work on /home/airflow/.local/lib/python3.12/site-packages/airflow/example_dags/example_display_name.py
[2025-02-03T23:54:30.774+0000] {processor.py:914} INFO - Processing file /home/airflow/.local/lib/python3.12/site-packages/airflow/example_dags/example_display_name.py for tasks to queue
[2025-02-03T23:54:30.777+0000] {logging_mixin.py:190} INFO - [2025-02-03T23:54:30.777+0000] {dagbag.py:588} INFO - Filling up the DagBag from /home/airflow/.local/lib/python3.12/site-packages/airflow/example_dags/example_display_name.py
[2025-02-03T23:54:30.791+0000] {processor.py:925} INFO - DAG(s) 'example_display_name' retrieved from /home/airflow/.local/lib/python3.12/site-packages/airflow/example_dags/example_display_name.py
[2025-02-03T23:54:30.813+0000] {logging_mixin.py:190} INFO - [2025-02-03T23:54:30.813+0000] {dag.py:3239} INFO - Sync 1 DAGs
[2025-02-03T23:54:30.833+0000] {logging_mixin.py:190} INFO - [2025-02-03T23:54:30.833+0000] {dag.py:4180} INFO - Setting next_dagrun for example_display_name to None, run_after=None
[2025-02-03T23:54:30.865+0000] {processor.py:208} INFO - Processing /home/airflow/.local/lib/python3.12/site-packages/airflow/example_dags/example_display_name.py took 0.100 seconds
[2025-02-03T23:55:02.732+0000] {processor.py:186} INFO - Started process (PID=905) to work on /home/airflow/.local/lib/python3.12/site-packages/airflow/example_dags/example_display_name.py
[2025-02-03T23:55:02.734+0000] {processor.py:914} INFO - Processing file /home/airflow/.local/lib/python3.12/site-packages/airflow/example_dags/example_display_name.py for tasks to queue
[2025-02-03T23:55:02.739+0000] {logging_mixin.py:190} INFO - [2025-02-03T23:55:02.738+0000] {dagbag.py:588} INFO - Filling up the DagBag from /home/airflow/.local/lib/python3.12/site-packages/airflow/example_dags/example_display_name.py
[2025-02-03T23:55:02.751+0000] {processor.py:925} INFO - DAG(s) 'example_display_name' retrieved from /home/airflow/.local/lib/python3.12/site-packages/airflow/example_dags/example_display_name.py
[2025-02-03T23:55:02.776+0000] {logging_mixin.py:190} INFO - [2025-02-03T23:55:02.776+0000] {dag.py:3239} INFO - Sync 1 DAGs
[2025-02-03T23:55:02.795+0000] {logging_mixin.py:190} INFO - [2025-02-03T23:55:02.795+0000] {dag.py:4180} INFO - Setting next_dagrun for example_display_name to None, run_after=None
[2025-02-03T23:55:02.821+0000] {processor.py:208} INFO - Processing /home/airflow/.local/lib/python3.12/site-packages/airflow/example_dags/example_display_name.py took 0.104 seconds
[2025-02-03T23:55:33.915+0000] {processor.py:186} INFO - Started process (PID=968) to work on /home/airflow/.local/lib/python3.12/site-packages/airflow/example_dags/example_display_name.py
[2025-02-03T23:55:33.916+0000] {processor.py:914} INFO - Processing file /home/airflow/.local/lib/python3.12/site-packages/airflow/example_dags/example_display_name.py for tasks to queue
[2025-02-03T23:55:33.919+0000] {logging_mixin.py:190} INFO - [2025-02-03T23:55:33.919+0000] {dagbag.py:588} INFO - Filling up the DagBag from /home/airflow/.local/lib/python3.12/site-packages/airflow/example_dags/example_display_name.py
[2025-02-03T23:55:33.928+0000] {processor.py:925} INFO - DAG(s) 'example_display_name' retrieved from /home/airflow/.local/lib/python3.12/site-packages/airflow/example_dags/example_display_name.py
[2025-02-03T23:55:33.954+0000] {logging_mixin.py:190} INFO - [2025-02-03T23:55:33.953+0000] {dag.py:3239} INFO - Sync 1 DAGs
[2025-02-03T23:55:33.972+0000] {logging_mixin.py:190} INFO - [2025-02-03T23:55:33.971+0000] {dag.py:4180} INFO - Setting next_dagrun for example_display_name to None, run_after=None
[2025-02-03T23:55:33.997+0000] {processor.py:208} INFO - Processing /home/airflow/.local/lib/python3.12/site-packages/airflow/example_dags/example_display_name.py took 0.089 seconds
[2025-02-03T23:56:05.148+0000] {processor.py:186} INFO - Started process (PID=1031) to work on /home/airflow/.local/lib/python3.12/site-packages/airflow/example_dags/example_display_name.py
[2025-02-03T23:56:05.149+0000] {processor.py:914} INFO - Processing file /home/airflow/.local/lib/python3.12/site-packages/airflow/example_dags/example_display_name.py for tasks to queue
[2025-02-03T23:56:05.154+0000] {logging_mixin.py:190} INFO - [2025-02-03T23:56:05.153+0000] {dagbag.py:588} INFO - Filling up the DagBag from /home/airflow/.local/lib/python3.12/site-packages/airflow/example_dags/example_display_name.py
[2025-02-03T23:56:05.164+0000] {processor.py:925} INFO - DAG(s) 'example_display_name' retrieved from /home/airflow/.local/lib/python3.12/site-packages/airflow/example_dags/example_display_name.py
[2025-02-03T23:56:05.192+0000] {logging_mixin.py:190} INFO - [2025-02-03T23:56:05.192+0000] {dag.py:3239} INFO - Sync 1 DAGs
[2025-02-03T23:56:05.213+0000] {logging_mixin.py:190} INFO - [2025-02-03T23:56:05.213+0000] {dag.py:4180} INFO - Setting next_dagrun for example_display_name to None, run_after=None
[2025-02-03T23:56:05.236+0000] {processor.py:208} INFO - Processing /home/airflow/.local/lib/python3.12/site-packages/airflow/example_dags/example_display_name.py took 0.097 seconds
[2025-02-03T23:56:36.514+0000] {processor.py:186} INFO - Started process (PID=1094) to work on /home/airflow/.local/lib/python3.12/site-packages/airflow/example_dags/example_display_name.py
[2025-02-03T23:56:36.518+0000] {processor.py:914} INFO - Processing file /home/airflow/.local/lib/python3.12/site-packages/airflow/example_dags/example_display_name.py for tasks to queue
[2025-02-03T23:56:36.521+0000] {logging_mixin.py:190} INFO - [2025-02-03T23:56:36.521+0000] {dagbag.py:588} INFO - Filling up the DagBag from /home/airflow/.local/lib/python3.12/site-packages/airflow/example_dags/example_display_name.py
[2025-02-03T23:56:36.534+0000] {processor.py:925} INFO - DAG(s) 'example_display_name' retrieved from /home/airflow/.local/lib/python3.12/site-packages/airflow/example_dags/example_display_name.py
[2025-02-03T23:56:36.559+0000] {logging_mixin.py:190} INFO - [2025-02-03T23:56:36.559+0000] {dag.py:3239} INFO - Sync 1 DAGs
[2025-02-03T23:56:36.582+0000] {logging_mixin.py:190} INFO - [2025-02-03T23:56:36.581+0000] {dag.py:4180} INFO - Setting next_dagrun for example_display_name to None, run_after=None
[2025-02-03T23:56:36.605+0000] {processor.py:208} INFO - Processing /home/airflow/.local/lib/python3.12/site-packages/airflow/example_dags/example_display_name.py took 0.100 seconds
[2025-02-03T23:57:08.031+0000] {processor.py:186} INFO - Started process (PID=1157) to work on /home/airflow/.local/lib/python3.12/site-packages/airflow/example_dags/example_display_name.py
[2025-02-03T23:57:08.032+0000] {processor.py:914} INFO - Processing file /home/airflow/.local/lib/python3.12/site-packages/airflow/example_dags/example_display_name.py for tasks to queue
[2025-02-03T23:57:08.036+0000] {logging_mixin.py:190} INFO - [2025-02-03T23:57:08.035+0000] {dagbag.py:588} INFO - Filling up the DagBag from /home/airflow/.local/lib/python3.12/site-packages/airflow/example_dags/example_display_name.py
[2025-02-03T23:57:08.046+0000] {processor.py:925} INFO - DAG(s) 'example_display_name' retrieved from /home/airflow/.local/lib/python3.12/site-packages/airflow/example_dags/example_display_name.py
[2025-02-03T23:57:08.069+0000] {logging_mixin.py:190} INFO - [2025-02-03T23:57:08.069+0000] {dag.py:3239} INFO - Sync 1 DAGs
[2025-02-03T23:57:08.088+0000] {logging_mixin.py:190} INFO - [2025-02-03T23:57:08.088+0000] {dag.py:4180} INFO - Setting next_dagrun for example_display_name to None, run_after=None
[2025-02-03T23:57:08.118+0000] {processor.py:208} INFO - Processing /home/airflow/.local/lib/python3.12/site-packages/airflow/example_dags/example_display_name.py took 0.093 seconds
[2025-02-03T23:57:38.941+0000] {processor.py:186} INFO - Started process (PID=1220) to work on /home/airflow/.local/lib/python3.12/site-packages/airflow/example_dags/example_display_name.py
[2025-02-03T23:57:38.942+0000] {processor.py:914} INFO - Processing file /home/airflow/.local/lib/python3.12/site-packages/airflow/example_dags/example_display_name.py for tasks to queue
[2025-02-03T23:57:38.945+0000] {logging_mixin.py:190} INFO - [2025-02-03T23:57:38.944+0000] {dagbag.py:588} INFO - Filling up the DagBag from /home/airflow/.local/lib/python3.12/site-packages/airflow/example_dags/example_display_name.py
[2025-02-03T23:57:38.956+0000] {processor.py:925} INFO - DAG(s) 'example_display_name' retrieved from /home/airflow/.local/lib/python3.12/site-packages/airflow/example_dags/example_display_name.py
[2025-02-03T23:57:38.979+0000] {logging_mixin.py:190} INFO - [2025-02-03T23:57:38.979+0000] {dag.py:3239} INFO - Sync 1 DAGs
[2025-02-03T23:57:38.996+0000] {logging_mixin.py:190} INFO - [2025-02-03T23:57:38.996+0000] {dag.py:4180} INFO - Setting next_dagrun for example_display_name to None, run_after=None
[2025-02-03T23:57:39.019+0000] {processor.py:208} INFO - Processing /home/airflow/.local/lib/python3.12/site-packages/airflow/example_dags/example_display_name.py took 0.086 seconds
[2025-02-03T23:58:10.170+0000] {processor.py:186} INFO - Started process (PID=1283) to work on /home/airflow/.local/lib/python3.12/site-packages/airflow/example_dags/example_display_name.py
[2025-02-03T23:58:10.171+0000] {processor.py:914} INFO - Processing file /home/airflow/.local/lib/python3.12/site-packages/airflow/example_dags/example_display_name.py for tasks to queue
[2025-02-03T23:58:10.174+0000] {logging_mixin.py:190} INFO - [2025-02-03T23:58:10.174+0000] {dagbag.py:588} INFO - Filling up the DagBag from /home/airflow/.local/lib/python3.12/site-packages/airflow/example_dags/example_display_name.py
[2025-02-03T23:58:10.185+0000] {processor.py:925} INFO - DAG(s) 'example_display_name' retrieved from /home/airflow/.local/lib/python3.12/site-packages/airflow/example_dags/example_display_name.py
[2025-02-03T23:58:10.208+0000] {logging_mixin.py:190} INFO - [2025-02-03T23:58:10.208+0000] {dag.py:3239} INFO - Sync 1 DAGs
[2025-02-03T23:58:10.225+0000] {logging_mixin.py:190} INFO - [2025-02-03T23:58:10.225+0000] {dag.py:4180} INFO - Setting next_dagrun for example_display_name to None, run_after=None
[2025-02-03T23:58:10.249+0000] {processor.py:208} INFO - Processing /home/airflow/.local/lib/python3.12/site-packages/airflow/example_dags/example_display_name.py took 0.086 seconds
[2025-02-03T23:58:41.183+0000] {processor.py:186} INFO - Started process (PID=1346) to work on /home/airflow/.local/lib/python3.12/site-packages/airflow/example_dags/example_display_name.py
[2025-02-03T23:58:41.184+0000] {processor.py:914} INFO - Processing file /home/airflow/.local/lib/python3.12/site-packages/airflow/example_dags/example_display_name.py for tasks to queue
[2025-02-03T23:58:41.187+0000] {logging_mixin.py:190} INFO - [2025-02-03T23:58:41.187+0000] {dagbag.py:588} INFO - Filling up the DagBag from /home/airflow/.local/lib/python3.12/site-packages/airflow/example_dags/example_display_name.py
[2025-02-03T23:58:41.197+0000] {processor.py:925} INFO - DAG(s) 'example_display_name' retrieved from /home/airflow/.local/lib/python3.12/site-packages/airflow/example_dags/example_display_name.py
[2025-02-03T23:58:41.228+0000] {logging_mixin.py:190} INFO - [2025-02-03T23:58:41.227+0000] {dag.py:3239} INFO - Sync 1 DAGs
[2025-02-03T23:58:41.252+0000] {logging_mixin.py:190} INFO - [2025-02-03T23:58:41.252+0000] {dag.py:4180} INFO - Setting next_dagrun for example_display_name to None, run_after=None
[2025-02-03T23:58:41.275+0000] {processor.py:208} INFO - Processing /home/airflow/.local/lib/python3.12/site-packages/airflow/example_dags/example_display_name.py took 0.099 seconds
[2025-02-03T23:59:11.948+0000] {processor.py:186} INFO - Started process (PID=1409) to work on /home/airflow/.local/lib/python3.12/site-packages/airflow/example_dags/example_display_name.py
[2025-02-03T23:59:11.949+0000] {processor.py:914} INFO - Processing file /home/airflow/.local/lib/python3.12/site-packages/airflow/example_dags/example_display_name.py for tasks to queue
[2025-02-03T23:59:11.953+0000] {logging_mixin.py:190} INFO - [2025-02-03T23:59:11.952+0000] {dagbag.py:588} INFO - Filling up the DagBag from /home/airflow/.local/lib/python3.12/site-packages/airflow/example_dags/example_display_name.py
[2025-02-03T23:59:11.964+0000] {processor.py:925} INFO - DAG(s) 'example_display_name' retrieved from /home/airflow/.local/lib/python3.12/site-packages/airflow/example_dags/example_display_name.py
[2025-02-03T23:59:11.987+0000] {logging_mixin.py:190} INFO - [2025-02-03T23:59:11.987+0000] {dag.py:3239} INFO - Sync 1 DAGs
[2025-02-03T23:59:12.005+0000] {logging_mixin.py:190} INFO - [2025-02-03T23:59:12.005+0000] {dag.py:4180} INFO - Setting next_dagrun for example_display_name to None, run_after=None
[2025-02-03T23:59:12.029+0000] {processor.py:208} INFO - Processing /home/airflow/.local/lib/python3.12/site-packages/airflow/example_dags/example_display_name.py took 0.089 seconds
[2025-02-03T23:59:42.998+0000] {processor.py:186} INFO - Started process (PID=1472) to work on /home/airflow/.local/lib/python3.12/site-packages/airflow/example_dags/example_display_name.py
[2025-02-03T23:59:42.999+0000] {processor.py:914} INFO - Processing file /home/airflow/.local/lib/python3.12/site-packages/airflow/example_dags/example_display_name.py for tasks to queue
[2025-02-03T23:59:43.003+0000] {logging_mixin.py:190} INFO - [2025-02-03T23:59:43.002+0000] {dagbag.py:588} INFO - Filling up the DagBag from /home/airflow/.local/lib/python3.12/site-packages/airflow/example_dags/example_display_name.py
[2025-02-03T23:59:43.014+0000] {processor.py:925} INFO - DAG(s) 'example_display_name' retrieved from /home/airflow/.local/lib/python3.12/site-packages/airflow/example_dags/example_display_name.py
[2025-02-03T23:59:43.037+0000] {logging_mixin.py:190} INFO - [2025-02-03T23:59:43.037+0000] {dag.py:3239} INFO - Sync 1 DAGs
[2025-02-03T23:59:43.054+0000] {logging_mixin.py:190} INFO - [2025-02-03T23:59:43.054+0000] {dag.py:4180} INFO - Setting next_dagrun for example_display_name to None, run_after=None
[2025-02-03T23:59:43.077+0000] {processor.py:208} INFO - Processing /home/airflow/.local/lib/python3.12/site-packages/airflow/example_dags/example_display_name.py took 0.086 seconds
