[2025-02-03T10:52:06.268+0000] {processor.py:186} INFO - Started process (PID=75) to work on /home/airflow/.local/lib/python3.12/site-packages/airflow/example_dags/example_bash_decorator.py
[2025-02-03T10:52:06.269+0000] {processor.py:914} INFO - Processing file /home/airflow/.local/lib/python3.12/site-packages/airflow/example_dags/example_bash_decorator.py for tasks to queue
[2025-02-03T10:52:06.273+0000] {logging_mixin.py:190} INFO - [2025-02-03T10:52:06.273+0000] {dagbag.py:588} INFO - Filling up the DagBag from /home/airflow/.local/lib/python3.12/site-packages/airflow/example_dags/example_bash_decorator.py
[2025-02-03T10:52:06.311+0000] {processor.py:925} INFO - DAG(s) 'example_bash_decorator' retrieved from /home/airflow/.local/lib/python3.12/site-packages/airflow/example_dags/example_bash_decorator.py
[2025-02-03T10:52:06.497+0000] {logging_mixin.py:190} INFO - [2025-02-03T10:52:06.496+0000] {override.py:1911} INFO - Created Permission View: can read on DAG:example_bash_decorator
[2025-02-03T10:52:06.510+0000] {logging_mixin.py:190} INFO - [2025-02-03T10:52:06.510+0000] {override.py:1911} INFO - Created Permission View: can edit on DAG:example_bash_decorator
[2025-02-03T10:52:06.521+0000] {logging_mixin.py:190} INFO - [2025-02-03T10:52:06.520+0000] {override.py:1911} INFO - Created Permission View: can delete on DAG:example_bash_decorator
[2025-02-03T10:52:06.535+0000] {logging_mixin.py:190} INFO - [2025-02-03T10:52:06.535+0000] {override.py:1911} INFO - Created Permission View: can read on DAG Run:example_bash_decorator
[2025-02-03T10:52:06.544+0000] {logging_mixin.py:190} INFO - [2025-02-03T10:52:06.543+0000] {override.py:1911} INFO - Created Permission View: can create on DAG Run:example_bash_decorator
[2025-02-03T10:52:06.554+0000] {logging_mixin.py:190} INFO - [2025-02-03T10:52:06.553+0000] {override.py:1911} INFO - Created Permission View: menu access on DAG Run:example_bash_decorator
[2025-02-03T10:52:06.564+0000] {logging_mixin.py:190} INFO - [2025-02-03T10:52:06.564+0000] {override.py:1911} INFO - Created Permission View: can delete on DAG Run:example_bash_decorator
[2025-02-03T10:52:06.565+0000] {logging_mixin.py:190} INFO - [2025-02-03T10:52:06.565+0000] {dag.py:3239} INFO - Sync 1 DAGs
[2025-02-03T10:52:06.586+0000] {logging_mixin.py:190} INFO - [2025-02-03T10:52:06.586+0000] {dag.py:3262} INFO - Creating ORM DAG for example_bash_decorator
[2025-02-03T10:52:06.587+0000] {logging_mixin.py:190} INFO - [2025-02-03T10:52:06.587+0000] {dag.py:4180} INFO - Setting next_dagrun for example_bash_decorator to None, run_after=None
[2025-02-03T10:52:06.609+0000] {processor.py:208} INFO - Processing /home/airflow/.local/lib/python3.12/site-packages/airflow/example_dags/example_bash_decorator.py took 0.350 seconds
[2025-02-03T10:52:36.705+0000] {processor.py:186} INFO - Started process (PID=137) to work on /home/airflow/.local/lib/python3.12/site-packages/airflow/example_dags/example_bash_decorator.py
[2025-02-03T10:52:36.706+0000] {processor.py:914} INFO - Processing file /home/airflow/.local/lib/python3.12/site-packages/airflow/example_dags/example_bash_decorator.py for tasks to queue
[2025-02-03T10:52:36.710+0000] {logging_mixin.py:190} INFO - [2025-02-03T10:52:36.710+0000] {dagbag.py:588} INFO - Filling up the DagBag from /home/airflow/.local/lib/python3.12/site-packages/airflow/example_dags/example_bash_decorator.py
[2025-02-03T10:52:36.730+0000] {processor.py:925} INFO - DAG(s) 'example_bash_decorator' retrieved from /home/airflow/.local/lib/python3.12/site-packages/airflow/example_dags/example_bash_decorator.py
[2025-02-03T10:52:36.762+0000] {logging_mixin.py:190} INFO - [2025-02-03T10:52:36.762+0000] {dag.py:3239} INFO - Sync 1 DAGs
[2025-02-03T10:52:36.787+0000] {logging_mixin.py:190} INFO - [2025-02-03T10:52:36.787+0000] {dag.py:4180} INFO - Setting next_dagrun for example_bash_decorator to None, run_after=None
[2025-02-03T10:52:36.815+0000] {processor.py:208} INFO - Processing /home/airflow/.local/lib/python3.12/site-packages/airflow/example_dags/example_bash_decorator.py took 0.121 seconds
[2025-02-03T10:53:07.384+0000] {processor.py:186} INFO - Started process (PID=200) to work on /home/airflow/.local/lib/python3.12/site-packages/airflow/example_dags/example_bash_decorator.py
[2025-02-03T10:53:07.385+0000] {processor.py:914} INFO - Processing file /home/airflow/.local/lib/python3.12/site-packages/airflow/example_dags/example_bash_decorator.py for tasks to queue
[2025-02-03T10:53:07.388+0000] {logging_mixin.py:190} INFO - [2025-02-03T10:53:07.388+0000] {dagbag.py:588} INFO - Filling up the DagBag from /home/airflow/.local/lib/python3.12/site-packages/airflow/example_dags/example_bash_decorator.py
[2025-02-03T10:53:07.407+0000] {processor.py:925} INFO - DAG(s) 'example_bash_decorator' retrieved from /home/airflow/.local/lib/python3.12/site-packages/airflow/example_dags/example_bash_decorator.py
[2025-02-03T10:53:07.447+0000] {logging_mixin.py:190} INFO - [2025-02-03T10:53:07.447+0000] {dag.py:3239} INFO - Sync 1 DAGs
[2025-02-03T10:53:07.467+0000] {logging_mixin.py:190} INFO - [2025-02-03T10:53:07.466+0000] {dag.py:4180} INFO - Setting next_dagrun for example_bash_decorator to None, run_after=None
[2025-02-03T10:53:07.492+0000] {processor.py:208} INFO - Processing /home/airflow/.local/lib/python3.12/site-packages/airflow/example_dags/example_bash_decorator.py took 0.116 seconds
