[2025-02-03T10:52:15.939+0000] {processor.py:186} INFO - Started process (PID=112) to work on /home/airflow/.local/lib/python3.12/site-packages/airflow/example_dags/example_inlet_event_extra.py
[2025-02-03T10:52:15.941+0000] {processor.py:914} INFO - Processing file /home/airflow/.local/lib/python3.12/site-packages/airflow/example_dags/example_inlet_event_extra.py for tasks to queue
[2025-02-03T10:52:15.947+0000] {logging_mixin.py:190} INFO - [2025-02-03T10:52:15.946+0000] {dagbag.py:588} INFO - Filling up the DagBag from /home/airflow/.local/lib/python3.12/site-packages/airflow/example_dags/example_inlet_event_extra.py
[2025-02-03T10:52:16.750+0000] {processor.py:925} INFO - DAG(s) 'read_dataset_event_from_classic', 'read_dataset_event' retrieved from /home/airflow/.local/lib/python3.12/site-packages/airflow/example_dags/example_inlet_event_extra.py
[2025-02-03T10:52:16.892+0000] {logging_mixin.py:190} INFO - [2025-02-03T10:52:16.891+0000] {override.py:1911} INFO - Created Permission View: can read on DAG:read_dataset_event_from_classic
[2025-02-03T10:52:16.909+0000] {logging_mixin.py:190} INFO - [2025-02-03T10:52:16.908+0000] {override.py:1911} INFO - Created Permission View: can edit on DAG:read_dataset_event_from_classic
[2025-02-03T10:52:16.918+0000] {logging_mixin.py:190} INFO - [2025-02-03T10:52:16.918+0000] {override.py:1911} INFO - Created Permission View: can delete on DAG:read_dataset_event_from_classic
[2025-02-03T10:52:16.929+0000] {logging_mixin.py:190} INFO - [2025-02-03T10:52:16.929+0000] {override.py:1911} INFO - Created Permission View: can read on DAG Run:read_dataset_event_from_classic
[2025-02-03T10:52:16.938+0000] {logging_mixin.py:190} INFO - [2025-02-03T10:52:16.938+0000] {override.py:1911} INFO - Created Permission View: can create on DAG Run:read_dataset_event_from_classic
[2025-02-03T10:52:16.947+0000] {logging_mixin.py:190} INFO - [2025-02-03T10:52:16.947+0000] {override.py:1911} INFO - Created Permission View: menu access on DAG Run:read_dataset_event_from_classic
[2025-02-03T10:52:16.957+0000] {logging_mixin.py:190} INFO - [2025-02-03T10:52:16.956+0000] {override.py:1911} INFO - Created Permission View: can delete on DAG Run:read_dataset_event_from_classic
[2025-02-03T10:52:16.974+0000] {logging_mixin.py:190} INFO - [2025-02-03T10:52:16.974+0000] {override.py:1911} INFO - Created Permission View: can read on DAG:read_dataset_event
[2025-02-03T10:52:16.987+0000] {logging_mixin.py:190} INFO - [2025-02-03T10:52:16.987+0000] {override.py:1911} INFO - Created Permission View: can edit on DAG:read_dataset_event
[2025-02-03T10:52:17.001+0000] {logging_mixin.py:190} INFO - [2025-02-03T10:52:17.001+0000] {override.py:1911} INFO - Created Permission View: can delete on DAG:read_dataset_event
[2025-02-03T10:52:17.014+0000] {logging_mixin.py:190} INFO - [2025-02-03T10:52:17.013+0000] {override.py:1911} INFO - Created Permission View: can read on DAG Run:read_dataset_event
[2025-02-03T10:52:17.025+0000] {logging_mixin.py:190} INFO - [2025-02-03T10:52:17.025+0000] {override.py:1911} INFO - Created Permission View: can create on DAG Run:read_dataset_event
[2025-02-03T10:52:17.037+0000] {logging_mixin.py:190} INFO - [2025-02-03T10:52:17.036+0000] {override.py:1911} INFO - Created Permission View: menu access on DAG Run:read_dataset_event
[2025-02-03T10:52:17.048+0000] {logging_mixin.py:190} INFO - [2025-02-03T10:52:17.048+0000] {override.py:1911} INFO - Created Permission View: can delete on DAG Run:read_dataset_event
[2025-02-03T10:52:17.052+0000] {logging_mixin.py:190} INFO - [2025-02-03T10:52:17.052+0000] {dag.py:3239} INFO - Sync 2 DAGs
[2025-02-03T10:52:17.072+0000] {logging_mixin.py:190} INFO - [2025-02-03T10:52:17.071+0000] {dag.py:3262} INFO - Creating ORM DAG for read_dataset_event_from_classic
[2025-02-03T10:52:17.073+0000] {logging_mixin.py:190} INFO - [2025-02-03T10:52:17.073+0000] {dag.py:3262} INFO - Creating ORM DAG for read_dataset_event
[2025-02-03T10:52:17.087+0000] {logging_mixin.py:190} INFO - [2025-02-03T10:52:17.087+0000] {dag.py:4180} INFO - Setting next_dagrun for read_dataset_event to 2025-02-02 00:00:00+00:00, run_after=2025-02-03 00:00:00+00:00
[2025-02-03T10:52:17.090+0000] {logging_mixin.py:190} INFO - [2025-02-03T10:52:17.090+0000] {dag.py:4180} INFO - Setting next_dagrun for read_dataset_event_from_classic to 2025-02-02 00:00:00+00:00, run_after=2025-02-03 00:00:00+00:00
[2025-02-03T10:52:17.117+0000] {processor.py:208} INFO - Processing /home/airflow/.local/lib/python3.12/site-packages/airflow/example_dags/example_inlet_event_extra.py took 1.188 seconds
[2025-02-03T10:52:47.415+0000] {processor.py:186} INFO - Started process (PID=178) to work on /home/airflow/.local/lib/python3.12/site-packages/airflow/example_dags/example_inlet_event_extra.py
[2025-02-03T10:52:47.416+0000] {processor.py:914} INFO - Processing file /home/airflow/.local/lib/python3.12/site-packages/airflow/example_dags/example_inlet_event_extra.py for tasks to queue
[2025-02-03T10:52:47.419+0000] {logging_mixin.py:190} INFO - [2025-02-03T10:52:47.419+0000] {dagbag.py:588} INFO - Filling up the DagBag from /home/airflow/.local/lib/python3.12/site-packages/airflow/example_dags/example_inlet_event_extra.py
[2025-02-03T10:52:48.130+0000] {processor.py:925} INFO - DAG(s) 'read_dataset_event', 'read_dataset_event_from_classic' retrieved from /home/airflow/.local/lib/python3.12/site-packages/airflow/example_dags/example_inlet_event_extra.py
[2025-02-03T10:52:48.160+0000] {logging_mixin.py:190} INFO - [2025-02-03T10:52:48.160+0000] {dag.py:3239} INFO - Sync 2 DAGs
[2025-02-03T10:52:48.194+0000] {logging_mixin.py:190} INFO - [2025-02-03T10:52:48.193+0000] {dag.py:4180} INFO - Setting next_dagrun for read_dataset_event to 2025-02-02 00:00:00+00:00, run_after=2025-02-03 00:00:00+00:00
[2025-02-03T10:52:48.201+0000] {logging_mixin.py:190} INFO - [2025-02-03T10:52:48.201+0000] {dag.py:4180} INFO - Setting next_dagrun for read_dataset_event_from_classic to 2025-02-02 00:00:00+00:00, run_after=2025-02-03 00:00:00+00:00
[2025-02-03T10:52:48.222+0000] {processor.py:208} INFO - Processing /home/airflow/.local/lib/python3.12/site-packages/airflow/example_dags/example_inlet_event_extra.py took 0.815 seconds
[2025-02-03T10:53:18.591+0000] {processor.py:186} INFO - Started process (PID=241) to work on /home/airflow/.local/lib/python3.12/site-packages/airflow/example_dags/example_inlet_event_extra.py
[2025-02-03T10:53:18.592+0000] {processor.py:914} INFO - Processing file /home/airflow/.local/lib/python3.12/site-packages/airflow/example_dags/example_inlet_event_extra.py for tasks to queue
[2025-02-03T10:53:18.595+0000] {logging_mixin.py:190} INFO - [2025-02-03T10:53:18.595+0000] {dagbag.py:588} INFO - Filling up the DagBag from /home/airflow/.local/lib/python3.12/site-packages/airflow/example_dags/example_inlet_event_extra.py
[2025-02-03T10:53:19.376+0000] {processor.py:925} INFO - DAG(s) 'read_dataset_event_from_classic', 'read_dataset_event' retrieved from /home/airflow/.local/lib/python3.12/site-packages/airflow/example_dags/example_inlet_event_extra.py
[2025-02-03T10:53:19.420+0000] {logging_mixin.py:190} INFO - [2025-02-03T10:53:19.420+0000] {dag.py:3239} INFO - Sync 2 DAGs
[2025-02-03T10:53:19.464+0000] {logging_mixin.py:190} INFO - [2025-02-03T10:53:19.464+0000] {dag.py:4180} INFO - Setting next_dagrun for read_dataset_event to 2025-02-02 00:00:00+00:00, run_after=2025-02-03 00:00:00+00:00
[2025-02-03T10:53:19.471+0000] {logging_mixin.py:190} INFO - [2025-02-03T10:53:19.471+0000] {dag.py:4180} INFO - Setting next_dagrun for read_dataset_event_from_classic to 2025-02-02 00:00:00+00:00, run_after=2025-02-03 00:00:00+00:00
[2025-02-03T10:53:19.492+0000] {processor.py:208} INFO - Processing /home/airflow/.local/lib/python3.12/site-packages/airflow/example_dags/example_inlet_event_extra.py took 0.909 seconds
