[2025-02-03T10:52:05.809+0000] {processor.py:186} INFO - Started process (PID=74) to work on /home/airflow/.local/lib/python3.12/site-packages/airflow/example_dags/example_dataset_alias_with_no_taskflow.py
[2025-02-03T10:52:05.810+0000] {processor.py:914} INFO - Processing file /home/airflow/.local/lib/python3.12/site-packages/airflow/example_dags/example_dataset_alias_with_no_taskflow.py for tasks to queue
[2025-02-03T10:52:05.813+0000] {logging_mixin.py:190} INFO - [2025-02-03T10:52:05.813+0000] {dagbag.py:588} INFO - Filling up the DagBag from /home/airflow/.local/lib/python3.12/site-packages/airflow/example_dags/example_dataset_alias_with_no_taskflow.py
[2025-02-03T10:52:07.978+0000] {processor.py:925} INFO - DAG(s) 'dataset_s3_bucket_consumer_with_no_taskflow', 'dataset_alias_example_alias_producer_with_no_taskflow', 'dataset_s3_bucket_producer_with_no_taskflow', 'dataset_alias_example_alias_consumer_with_no_taskflow' retrieved from /home/airflow/.local/lib/python3.12/site-packages/airflow/example_dags/example_dataset_alias_with_no_taskflow.py
[2025-02-03T10:52:08.107+0000] {logging_mixin.py:190} INFO - [2025-02-03T10:52:08.106+0000] {override.py:1911} INFO - Created Permission View: can read on DAG:dataset_s3_bucket_consumer_with_no_taskflow
[2025-02-03T10:52:08.122+0000] {logging_mixin.py:190} INFO - [2025-02-03T10:52:08.121+0000] {override.py:1911} INFO - Created Permission View: can edit on DAG:dataset_s3_bucket_consumer_with_no_taskflow
[2025-02-03T10:52:08.134+0000] {logging_mixin.py:190} INFO - [2025-02-03T10:52:08.134+0000] {override.py:1911} INFO - Created Permission View: can delete on DAG:dataset_s3_bucket_consumer_with_no_taskflow
[2025-02-03T10:52:08.144+0000] {logging_mixin.py:190} INFO - [2025-02-03T10:52:08.144+0000] {override.py:1911} INFO - Created Permission View: can read on DAG Run:dataset_s3_bucket_consumer_with_no_taskflow
[2025-02-03T10:52:08.154+0000] {logging_mixin.py:190} INFO - [2025-02-03T10:52:08.153+0000] {override.py:1911} INFO - Created Permission View: can create on DAG Run:dataset_s3_bucket_consumer_with_no_taskflow
[2025-02-03T10:52:08.164+0000] {logging_mixin.py:190} INFO - [2025-02-03T10:52:08.163+0000] {override.py:1911} INFO - Created Permission View: menu access on DAG Run:dataset_s3_bucket_consumer_with_no_taskflow
[2025-02-03T10:52:08.173+0000] {logging_mixin.py:190} INFO - [2025-02-03T10:52:08.173+0000] {override.py:1911} INFO - Created Permission View: can delete on DAG Run:dataset_s3_bucket_consumer_with_no_taskflow
[2025-02-03T10:52:08.194+0000] {logging_mixin.py:190} INFO - [2025-02-03T10:52:08.194+0000] {override.py:1911} INFO - Created Permission View: can read on DAG:dataset_alias_example_alias_producer_with_no_taskflow
[2025-02-03T10:52:08.204+0000] {logging_mixin.py:190} INFO - [2025-02-03T10:52:08.203+0000] {override.py:1911} INFO - Created Permission View: can edit on DAG:dataset_alias_example_alias_producer_with_no_taskflow
[2025-02-03T10:52:08.213+0000] {logging_mixin.py:190} INFO - [2025-02-03T10:52:08.213+0000] {override.py:1911} INFO - Created Permission View: can delete on DAG:dataset_alias_example_alias_producer_with_no_taskflow
[2025-02-03T10:52:08.222+0000] {logging_mixin.py:190} INFO - [2025-02-03T10:52:08.222+0000] {override.py:1911} INFO - Created Permission View: can read on DAG Run:dataset_alias_example_alias_producer_with_no_taskflow
[2025-02-03T10:52:08.231+0000] {logging_mixin.py:190} INFO - [2025-02-03T10:52:08.230+0000] {override.py:1911} INFO - Created Permission View: can create on DAG Run:dataset_alias_example_alias_producer_with_no_taskflow
[2025-02-03T10:52:08.239+0000] {logging_mixin.py:190} INFO - [2025-02-03T10:52:08.239+0000] {override.py:1911} INFO - Created Permission View: menu access on DAG Run:dataset_alias_example_alias_producer_with_no_taskflow
[2025-02-03T10:52:08.249+0000] {logging_mixin.py:190} INFO - [2025-02-03T10:52:08.248+0000] {override.py:1911} INFO - Created Permission View: can delete on DAG Run:dataset_alias_example_alias_producer_with_no_taskflow
[2025-02-03T10:52:08.273+0000] {logging_mixin.py:190} INFO - [2025-02-03T10:52:08.272+0000] {override.py:1911} INFO - Created Permission View: can read on DAG:dataset_s3_bucket_producer_with_no_taskflow
[2025-02-03T10:52:08.285+0000] {logging_mixin.py:190} INFO - [2025-02-03T10:52:08.285+0000] {override.py:1911} INFO - Created Permission View: can edit on DAG:dataset_s3_bucket_producer_with_no_taskflow
[2025-02-03T10:52:08.300+0000] {logging_mixin.py:190} INFO - [2025-02-03T10:52:08.300+0000] {override.py:1911} INFO - Created Permission View: can delete on DAG:dataset_s3_bucket_producer_with_no_taskflow
[2025-02-03T10:52:08.313+0000] {logging_mixin.py:190} INFO - [2025-02-03T10:52:08.313+0000] {override.py:1911} INFO - Created Permission View: can read on DAG Run:dataset_s3_bucket_producer_with_no_taskflow
[2025-02-03T10:52:08.323+0000] {logging_mixin.py:190} INFO - [2025-02-03T10:52:08.323+0000] {override.py:1911} INFO - Created Permission View: can create on DAG Run:dataset_s3_bucket_producer_with_no_taskflow
[2025-02-03T10:52:08.334+0000] {logging_mixin.py:190} INFO - [2025-02-03T10:52:08.334+0000] {override.py:1911} INFO - Created Permission View: menu access on DAG Run:dataset_s3_bucket_producer_with_no_taskflow
[2025-02-03T10:52:08.346+0000] {logging_mixin.py:190} INFO - [2025-02-03T10:52:08.346+0000] {override.py:1911} INFO - Created Permission View: can delete on DAG Run:dataset_s3_bucket_producer_with_no_taskflow
[2025-02-03T10:52:08.368+0000] {logging_mixin.py:190} INFO - [2025-02-03T10:52:08.367+0000] {override.py:1911} INFO - Created Permission View: can read on DAG:dataset_alias_example_alias_consumer_with_no_taskflow
[2025-02-03T10:52:08.379+0000] {logging_mixin.py:190} INFO - [2025-02-03T10:52:08.379+0000] {override.py:1911} INFO - Created Permission View: can edit on DAG:dataset_alias_example_alias_consumer_with_no_taskflow
[2025-02-03T10:52:08.390+0000] {logging_mixin.py:190} INFO - [2025-02-03T10:52:08.390+0000] {override.py:1911} INFO - Created Permission View: can delete on DAG:dataset_alias_example_alias_consumer_with_no_taskflow
[2025-02-03T10:52:08.411+0000] {logging_mixin.py:190} INFO - [2025-02-03T10:52:08.411+0000] {override.py:1911} INFO - Created Permission View: can read on DAG Run:dataset_alias_example_alias_consumer_with_no_taskflow
[2025-02-03T10:52:08.423+0000] {logging_mixin.py:190} INFO - [2025-02-03T10:52:08.422+0000] {override.py:1911} INFO - Created Permission View: can create on DAG Run:dataset_alias_example_alias_consumer_with_no_taskflow
[2025-02-03T10:52:08.434+0000] {logging_mixin.py:190} INFO - [2025-02-03T10:52:08.433+0000] {override.py:1911} INFO - Created Permission View: menu access on DAG Run:dataset_alias_example_alias_consumer_with_no_taskflow
[2025-02-03T10:52:08.444+0000] {logging_mixin.py:190} INFO - [2025-02-03T10:52:08.443+0000] {override.py:1911} INFO - Created Permission View: can delete on DAG Run:dataset_alias_example_alias_consumer_with_no_taskflow
[2025-02-03T10:52:08.445+0000] {logging_mixin.py:190} INFO - [2025-02-03T10:52:08.445+0000] {dag.py:3239} INFO - Sync 4 DAGs
[2025-02-03T10:52:08.465+0000] {logging_mixin.py:190} INFO - [2025-02-03T10:52:08.464+0000] {dag.py:3262} INFO - Creating ORM DAG for dataset_s3_bucket_producer_with_no_taskflow
[2025-02-03T10:52:08.466+0000] {logging_mixin.py:190} INFO - [2025-02-03T10:52:08.466+0000] {dag.py:3262} INFO - Creating ORM DAG for dataset_alias_example_alias_producer_with_no_taskflow
[2025-02-03T10:52:08.467+0000] {logging_mixin.py:190} INFO - [2025-02-03T10:52:08.467+0000] {dag.py:3262} INFO - Creating ORM DAG for dataset_alias_example_alias_consumer_with_no_taskflow
[2025-02-03T10:52:08.468+0000] {logging_mixin.py:190} INFO - [2025-02-03T10:52:08.468+0000] {dag.py:3262} INFO - Creating ORM DAG for dataset_s3_bucket_consumer_with_no_taskflow
[2025-02-03T10:52:08.481+0000] {logging_mixin.py:190} INFO - [2025-02-03T10:52:08.481+0000] {dag.py:4180} INFO - Setting next_dagrun for dataset_alias_example_alias_consumer_with_no_taskflow to None, run_after=None
[2025-02-03T10:52:08.483+0000] {logging_mixin.py:190} INFO - [2025-02-03T10:52:08.482+0000] {dag.py:4180} INFO - Setting next_dagrun for dataset_alias_example_alias_producer_with_no_taskflow to None, run_after=None
[2025-02-03T10:52:08.484+0000] {logging_mixin.py:190} INFO - [2025-02-03T10:52:08.484+0000] {dag.py:4180} INFO - Setting next_dagrun for dataset_s3_bucket_consumer_with_no_taskflow to None, run_after=None
[2025-02-03T10:52:08.486+0000] {logging_mixin.py:190} INFO - [2025-02-03T10:52:08.485+0000] {dag.py:4180} INFO - Setting next_dagrun for dataset_s3_bucket_producer_with_no_taskflow to None, run_after=None
[2025-02-03T10:52:08.537+0000] {processor.py:208} INFO - Processing /home/airflow/.local/lib/python3.12/site-packages/airflow/example_dags/example_dataset_alias_with_no_taskflow.py took 2.737 seconds
[2025-02-03T10:52:38.848+0000] {processor.py:186} INFO - Started process (PID=140) to work on /home/airflow/.local/lib/python3.12/site-packages/airflow/example_dags/example_dataset_alias_with_no_taskflow.py
[2025-02-03T10:52:38.849+0000] {processor.py:914} INFO - Processing file /home/airflow/.local/lib/python3.12/site-packages/airflow/example_dags/example_dataset_alias_with_no_taskflow.py for tasks to queue
[2025-02-03T10:52:38.852+0000] {logging_mixin.py:190} INFO - [2025-02-03T10:52:38.852+0000] {dagbag.py:588} INFO - Filling up the DagBag from /home/airflow/.local/lib/python3.12/site-packages/airflow/example_dags/example_dataset_alias_with_no_taskflow.py
[2025-02-03T10:52:39.612+0000] {processor.py:925} INFO - DAG(s) 'dataset_alias_example_alias_producer_with_no_taskflow', 'dataset_s3_bucket_producer_with_no_taskflow', 'dataset_s3_bucket_consumer_with_no_taskflow', 'dataset_alias_example_alias_consumer_with_no_taskflow' retrieved from /home/airflow/.local/lib/python3.12/site-packages/airflow/example_dags/example_dataset_alias_with_no_taskflow.py
[2025-02-03T10:52:39.638+0000] {logging_mixin.py:190} INFO - [2025-02-03T10:52:39.638+0000] {dag.py:3239} INFO - Sync 4 DAGs
[2025-02-03T10:52:39.669+0000] {logging_mixin.py:190} INFO - [2025-02-03T10:52:39.668+0000] {dag.py:4180} INFO - Setting next_dagrun for dataset_alias_example_alias_consumer_with_no_taskflow to None, run_after=None
[2025-02-03T10:52:39.672+0000] {logging_mixin.py:190} INFO - [2025-02-03T10:52:39.672+0000] {dag.py:4180} INFO - Setting next_dagrun for dataset_alias_example_alias_producer_with_no_taskflow to None, run_after=None
[2025-02-03T10:52:39.676+0000] {logging_mixin.py:190} INFO - [2025-02-03T10:52:39.675+0000] {dag.py:4180} INFO - Setting next_dagrun for dataset_s3_bucket_consumer_with_no_taskflow to None, run_after=None
[2025-02-03T10:52:39.680+0000] {logging_mixin.py:190} INFO - [2025-02-03T10:52:39.679+0000] {dag.py:4180} INFO - Setting next_dagrun for dataset_s3_bucket_producer_with_no_taskflow to None, run_after=None
[2025-02-03T10:52:39.707+0000] {processor.py:208} INFO - Processing /home/airflow/.local/lib/python3.12/site-packages/airflow/example_dags/example_dataset_alias_with_no_taskflow.py took 0.868 seconds
[2025-02-03T10:53:10.554+0000] {processor.py:186} INFO - Started process (PID=203) to work on /home/airflow/.local/lib/python3.12/site-packages/airflow/example_dags/example_dataset_alias_with_no_taskflow.py
[2025-02-03T10:53:10.555+0000] {processor.py:914} INFO - Processing file /home/airflow/.local/lib/python3.12/site-packages/airflow/example_dags/example_dataset_alias_with_no_taskflow.py for tasks to queue
[2025-02-03T10:53:10.559+0000] {logging_mixin.py:190} INFO - [2025-02-03T10:53:10.558+0000] {dagbag.py:588} INFO - Filling up the DagBag from /home/airflow/.local/lib/python3.12/site-packages/airflow/example_dags/example_dataset_alias_with_no_taskflow.py
[2025-02-03T10:53:11.275+0000] {processor.py:925} INFO - DAG(s) 'dataset_alias_example_alias_consumer_with_no_taskflow', 'dataset_s3_bucket_consumer_with_no_taskflow', 'dataset_alias_example_alias_producer_with_no_taskflow', 'dataset_s3_bucket_producer_with_no_taskflow' retrieved from /home/airflow/.local/lib/python3.12/site-packages/airflow/example_dags/example_dataset_alias_with_no_taskflow.py
[2025-02-03T10:53:11.311+0000] {logging_mixin.py:190} INFO - [2025-02-03T10:53:11.311+0000] {dag.py:3239} INFO - Sync 4 DAGs
[2025-02-03T10:53:11.345+0000] {logging_mixin.py:190} INFO - [2025-02-03T10:53:11.344+0000] {dag.py:4180} INFO - Setting next_dagrun for dataset_alias_example_alias_consumer_with_no_taskflow to None, run_after=None
[2025-02-03T10:53:11.349+0000] {logging_mixin.py:190} INFO - [2025-02-03T10:53:11.348+0000] {dag.py:4180} INFO - Setting next_dagrun for dataset_alias_example_alias_producer_with_no_taskflow to None, run_after=None
[2025-02-03T10:53:11.352+0000] {logging_mixin.py:190} INFO - [2025-02-03T10:53:11.351+0000] {dag.py:4180} INFO - Setting next_dagrun for dataset_s3_bucket_consumer_with_no_taskflow to None, run_after=None
[2025-02-03T10:53:11.353+0000] {logging_mixin.py:190} INFO - [2025-02-03T10:53:11.353+0000] {dag.py:4180} INFO - Setting next_dagrun for dataset_s3_bucket_producer_with_no_taskflow to None, run_after=None
[2025-02-03T10:53:11.389+0000] {processor.py:208} INFO - Processing /home/airflow/.local/lib/python3.12/site-packages/airflow/example_dags/example_dataset_alias_with_no_taskflow.py took 0.843 seconds
[2025-02-03T23:48:10.684+0000] {processor.py:186} INFO - Started process (PID=66) to work on /home/airflow/.local/lib/python3.12/site-packages/airflow/example_dags/example_dataset_alias_with_no_taskflow.py
[2025-02-03T23:48:10.686+0000] {processor.py:914} INFO - Processing file /home/airflow/.local/lib/python3.12/site-packages/airflow/example_dags/example_dataset_alias_with_no_taskflow.py for tasks to queue
[2025-02-03T23:48:10.691+0000] {logging_mixin.py:190} INFO - [2025-02-03T23:48:10.690+0000] {dagbag.py:588} INFO - Filling up the DagBag from /home/airflow/.local/lib/python3.12/site-packages/airflow/example_dags/example_dataset_alias_with_no_taskflow.py
[2025-02-03T23:48:11.646+0000] {processor.py:925} INFO - DAG(s) 'dataset_alias_example_alias_consumer_with_no_taskflow', 'dataset_s3_bucket_producer_with_no_taskflow', 'dataset_alias_example_alias_producer_with_no_taskflow', 'dataset_s3_bucket_consumer_with_no_taskflow' retrieved from /home/airflow/.local/lib/python3.12/site-packages/airflow/example_dags/example_dataset_alias_with_no_taskflow.py
[2025-02-03T23:48:11.697+0000] {logging_mixin.py:190} INFO - [2025-02-03T23:48:11.696+0000] {dag.py:3239} INFO - Sync 4 DAGs
[2025-02-03T23:48:11.742+0000] {logging_mixin.py:190} INFO - [2025-02-03T23:48:11.741+0000] {dag.py:4180} INFO - Setting next_dagrun for dataset_alias_example_alias_consumer_with_no_taskflow to None, run_after=None
[2025-02-03T23:48:11.747+0000] {logging_mixin.py:190} INFO - [2025-02-03T23:48:11.747+0000] {dag.py:4180} INFO - Setting next_dagrun for dataset_alias_example_alias_producer_with_no_taskflow to None, run_after=None
[2025-02-03T23:48:11.750+0000] {logging_mixin.py:190} INFO - [2025-02-03T23:48:11.749+0000] {dag.py:4180} INFO - Setting next_dagrun for dataset_s3_bucket_consumer_with_no_taskflow to None, run_after=None
[2025-02-03T23:48:11.752+0000] {logging_mixin.py:190} INFO - [2025-02-03T23:48:11.752+0000] {dag.py:4180} INFO - Setting next_dagrun for dataset_s3_bucket_producer_with_no_taskflow to None, run_after=None
[2025-02-03T23:48:11.787+0000] {processor.py:208} INFO - Processing /home/airflow/.local/lib/python3.12/site-packages/airflow/example_dags/example_dataset_alias_with_no_taskflow.py took 1.112 seconds
[2025-02-03T23:48:41.957+0000] {processor.py:186} INFO - Started process (PID=132) to work on /home/airflow/.local/lib/python3.12/site-packages/airflow/example_dags/example_dataset_alias_with_no_taskflow.py
[2025-02-03T23:48:41.958+0000] {processor.py:914} INFO - Processing file /home/airflow/.local/lib/python3.12/site-packages/airflow/example_dags/example_dataset_alias_with_no_taskflow.py for tasks to queue
[2025-02-03T23:48:41.961+0000] {logging_mixin.py:190} INFO - [2025-02-03T23:48:41.961+0000] {dagbag.py:588} INFO - Filling up the DagBag from /home/airflow/.local/lib/python3.12/site-packages/airflow/example_dags/example_dataset_alias_with_no_taskflow.py
[2025-02-03T23:48:42.694+0000] {processor.py:925} INFO - DAG(s) 'dataset_alias_example_alias_producer_with_no_taskflow', 'dataset_alias_example_alias_consumer_with_no_taskflow', 'dataset_s3_bucket_producer_with_no_taskflow', 'dataset_s3_bucket_consumer_with_no_taskflow' retrieved from /home/airflow/.local/lib/python3.12/site-packages/airflow/example_dags/example_dataset_alias_with_no_taskflow.py
[2025-02-03T23:48:42.727+0000] {logging_mixin.py:190} INFO - [2025-02-03T23:48:42.727+0000] {dag.py:3239} INFO - Sync 4 DAGs
[2025-02-03T23:48:42.762+0000] {logging_mixin.py:190} INFO - [2025-02-03T23:48:42.761+0000] {dag.py:4180} INFO - Setting next_dagrun for dataset_alias_example_alias_consumer_with_no_taskflow to None, run_after=None
[2025-02-03T23:48:42.765+0000] {logging_mixin.py:190} INFO - [2025-02-03T23:48:42.765+0000] {dag.py:4180} INFO - Setting next_dagrun for dataset_alias_example_alias_producer_with_no_taskflow to None, run_after=None
[2025-02-03T23:48:42.768+0000] {logging_mixin.py:190} INFO - [2025-02-03T23:48:42.768+0000] {dag.py:4180} INFO - Setting next_dagrun for dataset_s3_bucket_consumer_with_no_taskflow to None, run_after=None
[2025-02-03T23:48:42.770+0000] {logging_mixin.py:190} INFO - [2025-02-03T23:48:42.770+0000] {dag.py:4180} INFO - Setting next_dagrun for dataset_s3_bucket_producer_with_no_taskflow to None, run_after=None
[2025-02-03T23:48:42.807+0000] {processor.py:208} INFO - Processing /home/airflow/.local/lib/python3.12/site-packages/airflow/example_dags/example_dataset_alias_with_no_taskflow.py took 0.857 seconds
[2025-02-03T23:49:13.482+0000] {processor.py:186} INFO - Started process (PID=195) to work on /home/airflow/.local/lib/python3.12/site-packages/airflow/example_dags/example_dataset_alias_with_no_taskflow.py
[2025-02-03T23:49:13.483+0000] {processor.py:914} INFO - Processing file /home/airflow/.local/lib/python3.12/site-packages/airflow/example_dags/example_dataset_alias_with_no_taskflow.py for tasks to queue
[2025-02-03T23:49:13.486+0000] {logging_mixin.py:190} INFO - [2025-02-03T23:49:13.486+0000] {dagbag.py:588} INFO - Filling up the DagBag from /home/airflow/.local/lib/python3.12/site-packages/airflow/example_dags/example_dataset_alias_with_no_taskflow.py
[2025-02-03T23:49:14.277+0000] {processor.py:925} INFO - DAG(s) 'dataset_s3_bucket_consumer_with_no_taskflow', 'dataset_alias_example_alias_producer_with_no_taskflow', 'dataset_alias_example_alias_consumer_with_no_taskflow', 'dataset_s3_bucket_producer_with_no_taskflow' retrieved from /home/airflow/.local/lib/python3.12/site-packages/airflow/example_dags/example_dataset_alias_with_no_taskflow.py
[2025-02-03T23:49:14.306+0000] {logging_mixin.py:190} INFO - [2025-02-03T23:49:14.305+0000] {dag.py:3239} INFO - Sync 4 DAGs
[2025-02-03T23:49:14.336+0000] {logging_mixin.py:190} INFO - [2025-02-03T23:49:14.335+0000] {dag.py:4180} INFO - Setting next_dagrun for dataset_alias_example_alias_consumer_with_no_taskflow to None, run_after=None
[2025-02-03T23:49:14.339+0000] {logging_mixin.py:190} INFO - [2025-02-03T23:49:14.338+0000] {dag.py:4180} INFO - Setting next_dagrun for dataset_alias_example_alias_producer_with_no_taskflow to None, run_after=None
[2025-02-03T23:49:14.341+0000] {logging_mixin.py:190} INFO - [2025-02-03T23:49:14.340+0000] {dag.py:4180} INFO - Setting next_dagrun for dataset_s3_bucket_consumer_with_no_taskflow to None, run_after=None
[2025-02-03T23:49:14.342+0000] {logging_mixin.py:190} INFO - [2025-02-03T23:49:14.342+0000] {dag.py:4180} INFO - Setting next_dagrun for dataset_s3_bucket_producer_with_no_taskflow to None, run_after=None
[2025-02-03T23:49:14.367+0000] {processor.py:208} INFO - Processing /home/airflow/.local/lib/python3.12/site-packages/airflow/example_dags/example_dataset_alias_with_no_taskflow.py took 0.892 seconds
[2025-02-03T23:49:44.963+0000] {processor.py:186} INFO - Started process (PID=267) to work on /home/airflow/.local/lib/python3.12/site-packages/airflow/example_dags/example_dataset_alias_with_no_taskflow.py
[2025-02-03T23:49:44.964+0000] {processor.py:914} INFO - Processing file /home/airflow/.local/lib/python3.12/site-packages/airflow/example_dags/example_dataset_alias_with_no_taskflow.py for tasks to queue
[2025-02-03T23:49:44.971+0000] {logging_mixin.py:190} INFO - [2025-02-03T23:49:44.971+0000] {dagbag.py:588} INFO - Filling up the DagBag from /home/airflow/.local/lib/python3.12/site-packages/airflow/example_dags/example_dataset_alias_with_no_taskflow.py
[2025-02-03T23:49:45.752+0000] {processor.py:925} INFO - DAG(s) 'dataset_s3_bucket_consumer_with_no_taskflow', 'dataset_alias_example_alias_producer_with_no_taskflow', 'dataset_alias_example_alias_consumer_with_no_taskflow', 'dataset_s3_bucket_producer_with_no_taskflow' retrieved from /home/airflow/.local/lib/python3.12/site-packages/airflow/example_dags/example_dataset_alias_with_no_taskflow.py
[2025-02-03T23:49:45.781+0000] {logging_mixin.py:190} INFO - [2025-02-03T23:49:45.780+0000] {dag.py:3239} INFO - Sync 4 DAGs
[2025-02-03T23:49:45.815+0000] {logging_mixin.py:190} INFO - [2025-02-03T23:49:45.815+0000] {dag.py:4180} INFO - Setting next_dagrun for dataset_alias_example_alias_consumer_with_no_taskflow to None, run_after=None
[2025-02-03T23:49:45.820+0000] {logging_mixin.py:190} INFO - [2025-02-03T23:49:45.819+0000] {dag.py:4180} INFO - Setting next_dagrun for dataset_alias_example_alias_producer_with_no_taskflow to None, run_after=None
[2025-02-03T23:49:45.823+0000] {logging_mixin.py:190} INFO - [2025-02-03T23:49:45.823+0000] {dag.py:4180} INFO - Setting next_dagrun for dataset_s3_bucket_consumer_with_no_taskflow to None, run_after=None
[2025-02-03T23:49:45.825+0000] {logging_mixin.py:190} INFO - [2025-02-03T23:49:45.825+0000] {dag.py:4180} INFO - Setting next_dagrun for dataset_s3_bucket_producer_with_no_taskflow to None, run_after=None
[2025-02-03T23:49:45.858+0000] {processor.py:208} INFO - Processing /home/airflow/.local/lib/python3.12/site-packages/airflow/example_dags/example_dataset_alias_with_no_taskflow.py took 0.905 seconds
[2025-02-03T23:50:16.329+0000] {processor.py:186} INFO - Started process (PID=330) to work on /home/airflow/.local/lib/python3.12/site-packages/airflow/example_dags/example_dataset_alias_with_no_taskflow.py
[2025-02-03T23:50:16.331+0000] {processor.py:914} INFO - Processing file /home/airflow/.local/lib/python3.12/site-packages/airflow/example_dags/example_dataset_alias_with_no_taskflow.py for tasks to queue
[2025-02-03T23:50:16.336+0000] {logging_mixin.py:190} INFO - [2025-02-03T23:50:16.336+0000] {dagbag.py:588} INFO - Filling up the DagBag from /home/airflow/.local/lib/python3.12/site-packages/airflow/example_dags/example_dataset_alias_with_no_taskflow.py
[2025-02-03T23:50:18.434+0000] {processor.py:925} INFO - DAG(s) 'dataset_s3_bucket_consumer_with_no_taskflow', 'dataset_alias_example_alias_producer_with_no_taskflow', 'dataset_s3_bucket_producer_with_no_taskflow', 'dataset_alias_example_alias_consumer_with_no_taskflow' retrieved from /home/airflow/.local/lib/python3.12/site-packages/airflow/example_dags/example_dataset_alias_with_no_taskflow.py
[2025-02-03T23:50:18.479+0000] {logging_mixin.py:190} INFO - [2025-02-03T23:50:18.478+0000] {dag.py:3239} INFO - Sync 4 DAGs
[2025-02-03T23:50:18.579+0000] {logging_mixin.py:190} INFO - [2025-02-03T23:50:18.579+0000] {dag.py:4180} INFO - Setting next_dagrun for dataset_alias_example_alias_consumer_with_no_taskflow to None, run_after=None
[2025-02-03T23:50:18.587+0000] {logging_mixin.py:190} INFO - [2025-02-03T23:50:18.586+0000] {dag.py:4180} INFO - Setting next_dagrun for dataset_alias_example_alias_producer_with_no_taskflow to None, run_after=None
[2025-02-03T23:50:18.589+0000] {logging_mixin.py:190} INFO - [2025-02-03T23:50:18.589+0000] {dag.py:4180} INFO - Setting next_dagrun for dataset_s3_bucket_consumer_with_no_taskflow to None, run_after=None
[2025-02-03T23:50:18.592+0000] {logging_mixin.py:190} INFO - [2025-02-03T23:50:18.591+0000] {dag.py:4180} INFO - Setting next_dagrun for dataset_s3_bucket_producer_with_no_taskflow to None, run_after=None
[2025-02-03T23:50:18.633+0000] {processor.py:208} INFO - Processing /home/airflow/.local/lib/python3.12/site-packages/airflow/example_dags/example_dataset_alias_with_no_taskflow.py took 2.315 seconds
[2025-02-03T23:50:49.487+0000] {processor.py:186} INFO - Started process (PID=393) to work on /home/airflow/.local/lib/python3.12/site-packages/airflow/example_dags/example_dataset_alias_with_no_taskflow.py
[2025-02-03T23:50:49.488+0000] {processor.py:914} INFO - Processing file /home/airflow/.local/lib/python3.12/site-packages/airflow/example_dags/example_dataset_alias_with_no_taskflow.py for tasks to queue
[2025-02-03T23:50:49.491+0000] {logging_mixin.py:190} INFO - [2025-02-03T23:50:49.491+0000] {dagbag.py:588} INFO - Filling up the DagBag from /home/airflow/.local/lib/python3.12/site-packages/airflow/example_dags/example_dataset_alias_with_no_taskflow.py
[2025-02-03T23:50:50.182+0000] {processor.py:925} INFO - DAG(s) 'dataset_s3_bucket_producer_with_no_taskflow', 'dataset_alias_example_alias_consumer_with_no_taskflow', 'dataset_alias_example_alias_producer_with_no_taskflow', 'dataset_s3_bucket_consumer_with_no_taskflow' retrieved from /home/airflow/.local/lib/python3.12/site-packages/airflow/example_dags/example_dataset_alias_with_no_taskflow.py
[2025-02-03T23:50:50.207+0000] {logging_mixin.py:190} INFO - [2025-02-03T23:50:50.207+0000] {dag.py:3239} INFO - Sync 4 DAGs
[2025-02-03T23:50:50.235+0000] {logging_mixin.py:190} INFO - [2025-02-03T23:50:50.234+0000] {dag.py:4180} INFO - Setting next_dagrun for dataset_alias_example_alias_consumer_with_no_taskflow to None, run_after=None
[2025-02-03T23:50:50.238+0000] {logging_mixin.py:190} INFO - [2025-02-03T23:50:50.237+0000] {dag.py:4180} INFO - Setting next_dagrun for dataset_alias_example_alias_producer_with_no_taskflow to None, run_after=None
[2025-02-03T23:50:50.239+0000] {logging_mixin.py:190} INFO - [2025-02-03T23:50:50.239+0000] {dag.py:4180} INFO - Setting next_dagrun for dataset_s3_bucket_consumer_with_no_taskflow to None, run_after=None
[2025-02-03T23:50:50.241+0000] {logging_mixin.py:190} INFO - [2025-02-03T23:50:50.241+0000] {dag.py:4180} INFO - Setting next_dagrun for dataset_s3_bucket_producer_with_no_taskflow to None, run_after=None
[2025-02-03T23:50:50.266+0000] {processor.py:208} INFO - Processing /home/airflow/.local/lib/python3.12/site-packages/airflow/example_dags/example_dataset_alias_with_no_taskflow.py took 0.787 seconds
[2025-02-03T23:51:21.066+0000] {processor.py:186} INFO - Started process (PID=456) to work on /home/airflow/.local/lib/python3.12/site-packages/airflow/example_dags/example_dataset_alias_with_no_taskflow.py
[2025-02-03T23:51:21.067+0000] {processor.py:914} INFO - Processing file /home/airflow/.local/lib/python3.12/site-packages/airflow/example_dags/example_dataset_alias_with_no_taskflow.py for tasks to queue
[2025-02-03T23:51:21.071+0000] {logging_mixin.py:190} INFO - [2025-02-03T23:51:21.071+0000] {dagbag.py:588} INFO - Filling up the DagBag from /home/airflow/.local/lib/python3.12/site-packages/airflow/example_dags/example_dataset_alias_with_no_taskflow.py
[2025-02-03T23:51:21.778+0000] {processor.py:925} INFO - DAG(s) 'dataset_alias_example_alias_consumer_with_no_taskflow', 'dataset_s3_bucket_consumer_with_no_taskflow', 'dataset_alias_example_alias_producer_with_no_taskflow', 'dataset_s3_bucket_producer_with_no_taskflow' retrieved from /home/airflow/.local/lib/python3.12/site-packages/airflow/example_dags/example_dataset_alias_with_no_taskflow.py
[2025-02-03T23:51:21.803+0000] {logging_mixin.py:190} INFO - [2025-02-03T23:51:21.803+0000] {dag.py:3239} INFO - Sync 4 DAGs
[2025-02-03T23:51:21.841+0000] {logging_mixin.py:190} INFO - [2025-02-03T23:51:21.841+0000] {dag.py:4180} INFO - Setting next_dagrun for dataset_alias_example_alias_consumer_with_no_taskflow to None, run_after=None
[2025-02-03T23:51:21.844+0000] {logging_mixin.py:190} INFO - [2025-02-03T23:51:21.844+0000] {dag.py:4180} INFO - Setting next_dagrun for dataset_alias_example_alias_producer_with_no_taskflow to None, run_after=None
[2025-02-03T23:51:21.847+0000] {logging_mixin.py:190} INFO - [2025-02-03T23:51:21.847+0000] {dag.py:4180} INFO - Setting next_dagrun for dataset_s3_bucket_consumer_with_no_taskflow to None, run_after=None
[2025-02-03T23:51:21.849+0000] {logging_mixin.py:190} INFO - [2025-02-03T23:51:21.849+0000] {dag.py:4180} INFO - Setting next_dagrun for dataset_s3_bucket_producer_with_no_taskflow to None, run_after=None
[2025-02-03T23:51:21.876+0000] {processor.py:208} INFO - Processing /home/airflow/.local/lib/python3.12/site-packages/airflow/example_dags/example_dataset_alias_with_no_taskflow.py took 0.818 seconds
[2025-02-03T23:51:52.353+0000] {processor.py:186} INFO - Started process (PID=519) to work on /home/airflow/.local/lib/python3.12/site-packages/airflow/example_dags/example_dataset_alias_with_no_taskflow.py
[2025-02-03T23:51:52.354+0000] {processor.py:914} INFO - Processing file /home/airflow/.local/lib/python3.12/site-packages/airflow/example_dags/example_dataset_alias_with_no_taskflow.py for tasks to queue
[2025-02-03T23:51:52.357+0000] {logging_mixin.py:190} INFO - [2025-02-03T23:51:52.357+0000] {dagbag.py:588} INFO - Filling up the DagBag from /home/airflow/.local/lib/python3.12/site-packages/airflow/example_dags/example_dataset_alias_with_no_taskflow.py
[2025-02-03T23:51:53.135+0000] {processor.py:925} INFO - DAG(s) 'dataset_alias_example_alias_producer_with_no_taskflow', 'dataset_s3_bucket_producer_with_no_taskflow', 'dataset_alias_example_alias_consumer_with_no_taskflow', 'dataset_s3_bucket_consumer_with_no_taskflow' retrieved from /home/airflow/.local/lib/python3.12/site-packages/airflow/example_dags/example_dataset_alias_with_no_taskflow.py
[2025-02-03T23:51:53.169+0000] {logging_mixin.py:190} INFO - [2025-02-03T23:51:53.169+0000] {dag.py:3239} INFO - Sync 4 DAGs
[2025-02-03T23:51:53.194+0000] {logging_mixin.py:190} INFO - [2025-02-03T23:51:53.193+0000] {dag.py:4180} INFO - Setting next_dagrun for dataset_alias_example_alias_consumer_with_no_taskflow to None, run_after=None
[2025-02-03T23:51:53.198+0000] {logging_mixin.py:190} INFO - [2025-02-03T23:51:53.197+0000] {dag.py:4180} INFO - Setting next_dagrun for dataset_alias_example_alias_producer_with_no_taskflow to None, run_after=None
[2025-02-03T23:51:53.202+0000] {logging_mixin.py:190} INFO - [2025-02-03T23:51:53.201+0000] {dag.py:4180} INFO - Setting next_dagrun for dataset_s3_bucket_consumer_with_no_taskflow to None, run_after=None
[2025-02-03T23:51:53.203+0000] {logging_mixin.py:190} INFO - [2025-02-03T23:51:53.203+0000] {dag.py:4180} INFO - Setting next_dagrun for dataset_s3_bucket_producer_with_no_taskflow to None, run_after=None
[2025-02-03T23:51:53.230+0000] {processor.py:208} INFO - Processing /home/airflow/.local/lib/python3.12/site-packages/airflow/example_dags/example_dataset_alias_with_no_taskflow.py took 0.885 seconds
[2025-02-03T23:52:24.049+0000] {processor.py:186} INFO - Started process (PID=582) to work on /home/airflow/.local/lib/python3.12/site-packages/airflow/example_dags/example_dataset_alias_with_no_taskflow.py
[2025-02-03T23:52:24.050+0000] {processor.py:914} INFO - Processing file /home/airflow/.local/lib/python3.12/site-packages/airflow/example_dags/example_dataset_alias_with_no_taskflow.py for tasks to queue
[2025-02-03T23:52:24.053+0000] {logging_mixin.py:190} INFO - [2025-02-03T23:52:24.053+0000] {dagbag.py:588} INFO - Filling up the DagBag from /home/airflow/.local/lib/python3.12/site-packages/airflow/example_dags/example_dataset_alias_with_no_taskflow.py
[2025-02-03T23:52:24.726+0000] {processor.py:925} INFO - DAG(s) 'dataset_s3_bucket_consumer_with_no_taskflow', 'dataset_s3_bucket_producer_with_no_taskflow', 'dataset_alias_example_alias_consumer_with_no_taskflow', 'dataset_alias_example_alias_producer_with_no_taskflow' retrieved from /home/airflow/.local/lib/python3.12/site-packages/airflow/example_dags/example_dataset_alias_with_no_taskflow.py
[2025-02-03T23:52:24.755+0000] {logging_mixin.py:190} INFO - [2025-02-03T23:52:24.755+0000] {dag.py:3239} INFO - Sync 4 DAGs
[2025-02-03T23:52:24.781+0000] {logging_mixin.py:190} INFO - [2025-02-03T23:52:24.781+0000] {dag.py:4180} INFO - Setting next_dagrun for dataset_alias_example_alias_consumer_with_no_taskflow to None, run_after=None
[2025-02-03T23:52:24.784+0000] {logging_mixin.py:190} INFO - [2025-02-03T23:52:24.783+0000] {dag.py:4180} INFO - Setting next_dagrun for dataset_alias_example_alias_producer_with_no_taskflow to None, run_after=None
[2025-02-03T23:52:24.787+0000] {logging_mixin.py:190} INFO - [2025-02-03T23:52:24.787+0000] {dag.py:4180} INFO - Setting next_dagrun for dataset_s3_bucket_consumer_with_no_taskflow to None, run_after=None
[2025-02-03T23:52:24.790+0000] {logging_mixin.py:190} INFO - [2025-02-03T23:52:24.789+0000] {dag.py:4180} INFO - Setting next_dagrun for dataset_s3_bucket_producer_with_no_taskflow to None, run_after=None
[2025-02-03T23:52:24.828+0000] {processor.py:208} INFO - Processing /home/airflow/.local/lib/python3.12/site-packages/airflow/example_dags/example_dataset_alias_with_no_taskflow.py took 0.787 seconds
[2025-02-03T23:52:55.428+0000] {processor.py:186} INFO - Started process (PID=645) to work on /home/airflow/.local/lib/python3.12/site-packages/airflow/example_dags/example_dataset_alias_with_no_taskflow.py
[2025-02-03T23:52:55.429+0000] {processor.py:914} INFO - Processing file /home/airflow/.local/lib/python3.12/site-packages/airflow/example_dags/example_dataset_alias_with_no_taskflow.py for tasks to queue
[2025-02-03T23:52:55.432+0000] {logging_mixin.py:190} INFO - [2025-02-03T23:52:55.432+0000] {dagbag.py:588} INFO - Filling up the DagBag from /home/airflow/.local/lib/python3.12/site-packages/airflow/example_dags/example_dataset_alias_with_no_taskflow.py
[2025-02-03T23:52:56.138+0000] {processor.py:925} INFO - DAG(s) 'dataset_s3_bucket_producer_with_no_taskflow', 'dataset_alias_example_alias_producer_with_no_taskflow', 'dataset_s3_bucket_consumer_with_no_taskflow', 'dataset_alias_example_alias_consumer_with_no_taskflow' retrieved from /home/airflow/.local/lib/python3.12/site-packages/airflow/example_dags/example_dataset_alias_with_no_taskflow.py
[2025-02-03T23:52:56.168+0000] {logging_mixin.py:190} INFO - [2025-02-03T23:52:56.167+0000] {dag.py:3239} INFO - Sync 4 DAGs
[2025-02-03T23:52:56.196+0000] {logging_mixin.py:190} INFO - [2025-02-03T23:52:56.195+0000] {dag.py:4180} INFO - Setting next_dagrun for dataset_alias_example_alias_consumer_with_no_taskflow to None, run_after=None
[2025-02-03T23:52:56.199+0000] {logging_mixin.py:190} INFO - [2025-02-03T23:52:56.198+0000] {dag.py:4180} INFO - Setting next_dagrun for dataset_alias_example_alias_producer_with_no_taskflow to None, run_after=None
[2025-02-03T23:52:56.201+0000] {logging_mixin.py:190} INFO - [2025-02-03T23:52:56.200+0000] {dag.py:4180} INFO - Setting next_dagrun for dataset_s3_bucket_consumer_with_no_taskflow to None, run_after=None
[2025-02-03T23:52:56.202+0000] {logging_mixin.py:190} INFO - [2025-02-03T23:52:56.202+0000] {dag.py:4180} INFO - Setting next_dagrun for dataset_s3_bucket_producer_with_no_taskflow to None, run_after=None
[2025-02-03T23:52:56.226+0000] {processor.py:208} INFO - Processing /home/airflow/.local/lib/python3.12/site-packages/airflow/example_dags/example_dataset_alias_with_no_taskflow.py took 0.806 seconds
[2025-02-03T23:53:26.837+0000] {processor.py:186} INFO - Started process (PID=708) to work on /home/airflow/.local/lib/python3.12/site-packages/airflow/example_dags/example_dataset_alias_with_no_taskflow.py
[2025-02-03T23:53:26.838+0000] {processor.py:914} INFO - Processing file /home/airflow/.local/lib/python3.12/site-packages/airflow/example_dags/example_dataset_alias_with_no_taskflow.py for tasks to queue
[2025-02-03T23:53:26.841+0000] {logging_mixin.py:190} INFO - [2025-02-03T23:53:26.841+0000] {dagbag.py:588} INFO - Filling up the DagBag from /home/airflow/.local/lib/python3.12/site-packages/airflow/example_dags/example_dataset_alias_with_no_taskflow.py
[2025-02-03T23:53:27.621+0000] {processor.py:925} INFO - DAG(s) 'dataset_s3_bucket_producer_with_no_taskflow', 'dataset_alias_example_alias_consumer_with_no_taskflow', 'dataset_s3_bucket_consumer_with_no_taskflow', 'dataset_alias_example_alias_producer_with_no_taskflow' retrieved from /home/airflow/.local/lib/python3.12/site-packages/airflow/example_dags/example_dataset_alias_with_no_taskflow.py
[2025-02-03T23:53:27.648+0000] {logging_mixin.py:190} INFO - [2025-02-03T23:53:27.648+0000] {dag.py:3239} INFO - Sync 4 DAGs
[2025-02-03T23:53:27.679+0000] {logging_mixin.py:190} INFO - [2025-02-03T23:53:27.679+0000] {dag.py:4180} INFO - Setting next_dagrun for dataset_alias_example_alias_consumer_with_no_taskflow to None, run_after=None
[2025-02-03T23:53:27.684+0000] {logging_mixin.py:190} INFO - [2025-02-03T23:53:27.683+0000] {dag.py:4180} INFO - Setting next_dagrun for dataset_alias_example_alias_producer_with_no_taskflow to None, run_after=None
[2025-02-03T23:53:27.686+0000] {logging_mixin.py:190} INFO - [2025-02-03T23:53:27.686+0000] {dag.py:4180} INFO - Setting next_dagrun for dataset_s3_bucket_consumer_with_no_taskflow to None, run_after=None
[2025-02-03T23:53:27.689+0000] {logging_mixin.py:190} INFO - [2025-02-03T23:53:27.689+0000] {dag.py:4180} INFO - Setting next_dagrun for dataset_s3_bucket_producer_with_no_taskflow to None, run_after=None
[2025-02-03T23:53:27.719+0000] {processor.py:208} INFO - Processing /home/airflow/.local/lib/python3.12/site-packages/airflow/example_dags/example_dataset_alias_with_no_taskflow.py took 0.888 seconds
[2025-02-03T23:53:58.091+0000] {processor.py:186} INFO - Started process (PID=771) to work on /home/airflow/.local/lib/python3.12/site-packages/airflow/example_dags/example_dataset_alias_with_no_taskflow.py
[2025-02-03T23:53:58.092+0000] {processor.py:914} INFO - Processing file /home/airflow/.local/lib/python3.12/site-packages/airflow/example_dags/example_dataset_alias_with_no_taskflow.py for tasks to queue
[2025-02-03T23:53:58.095+0000] {logging_mixin.py:190} INFO - [2025-02-03T23:53:58.095+0000] {dagbag.py:588} INFO - Filling up the DagBag from /home/airflow/.local/lib/python3.12/site-packages/airflow/example_dags/example_dataset_alias_with_no_taskflow.py
[2025-02-03T23:53:58.784+0000] {processor.py:925} INFO - DAG(s) 'dataset_alias_example_alias_producer_with_no_taskflow', 'dataset_s3_bucket_consumer_with_no_taskflow', 'dataset_s3_bucket_producer_with_no_taskflow', 'dataset_alias_example_alias_consumer_with_no_taskflow' retrieved from /home/airflow/.local/lib/python3.12/site-packages/airflow/example_dags/example_dataset_alias_with_no_taskflow.py
[2025-02-03T23:53:58.816+0000] {logging_mixin.py:190} INFO - [2025-02-03T23:53:58.816+0000] {dag.py:3239} INFO - Sync 4 DAGs
[2025-02-03T23:53:58.841+0000] {logging_mixin.py:190} INFO - [2025-02-03T23:53:58.841+0000] {dag.py:4180} INFO - Setting next_dagrun for dataset_alias_example_alias_consumer_with_no_taskflow to None, run_after=None
[2025-02-03T23:53:58.845+0000] {logging_mixin.py:190} INFO - [2025-02-03T23:53:58.845+0000] {dag.py:4180} INFO - Setting next_dagrun for dataset_alias_example_alias_producer_with_no_taskflow to None, run_after=None
[2025-02-03T23:53:58.848+0000] {logging_mixin.py:190} INFO - [2025-02-03T23:53:58.848+0000] {dag.py:4180} INFO - Setting next_dagrun for dataset_s3_bucket_consumer_with_no_taskflow to None, run_after=None
[2025-02-03T23:53:58.850+0000] {logging_mixin.py:190} INFO - [2025-02-03T23:53:58.850+0000] {dag.py:4180} INFO - Setting next_dagrun for dataset_s3_bucket_producer_with_no_taskflow to None, run_after=None
[2025-02-03T23:53:58.879+0000] {processor.py:208} INFO - Processing /home/airflow/.local/lib/python3.12/site-packages/airflow/example_dags/example_dataset_alias_with_no_taskflow.py took 0.795 seconds
[2025-02-03T23:54:29.462+0000] {processor.py:186} INFO - Started process (PID=834) to work on /home/airflow/.local/lib/python3.12/site-packages/airflow/example_dags/example_dataset_alias_with_no_taskflow.py
[2025-02-03T23:54:29.463+0000] {processor.py:914} INFO - Processing file /home/airflow/.local/lib/python3.12/site-packages/airflow/example_dags/example_dataset_alias_with_no_taskflow.py for tasks to queue
[2025-02-03T23:54:29.466+0000] {logging_mixin.py:190} INFO - [2025-02-03T23:54:29.465+0000] {dagbag.py:588} INFO - Filling up the DagBag from /home/airflow/.local/lib/python3.12/site-packages/airflow/example_dags/example_dataset_alias_with_no_taskflow.py
[2025-02-03T23:54:30.140+0000] {processor.py:925} INFO - DAG(s) 'dataset_alias_example_alias_consumer_with_no_taskflow', 'dataset_s3_bucket_producer_with_no_taskflow', 'dataset_s3_bucket_consumer_with_no_taskflow', 'dataset_alias_example_alias_producer_with_no_taskflow' retrieved from /home/airflow/.local/lib/python3.12/site-packages/airflow/example_dags/example_dataset_alias_with_no_taskflow.py
[2025-02-03T23:54:30.166+0000] {logging_mixin.py:190} INFO - [2025-02-03T23:54:30.165+0000] {dag.py:3239} INFO - Sync 4 DAGs
[2025-02-03T23:54:30.191+0000] {logging_mixin.py:190} INFO - [2025-02-03T23:54:30.190+0000] {dag.py:4180} INFO - Setting next_dagrun for dataset_alias_example_alias_consumer_with_no_taskflow to None, run_after=None
[2025-02-03T23:54:30.194+0000] {logging_mixin.py:190} INFO - [2025-02-03T23:54:30.194+0000] {dag.py:4180} INFO - Setting next_dagrun for dataset_alias_example_alias_producer_with_no_taskflow to None, run_after=None
[2025-02-03T23:54:30.196+0000] {logging_mixin.py:190} INFO - [2025-02-03T23:54:30.196+0000] {dag.py:4180} INFO - Setting next_dagrun for dataset_s3_bucket_consumer_with_no_taskflow to None, run_after=None
[2025-02-03T23:54:30.198+0000] {logging_mixin.py:190} INFO - [2025-02-03T23:54:30.197+0000] {dag.py:4180} INFO - Setting next_dagrun for dataset_s3_bucket_producer_with_no_taskflow to None, run_after=None
[2025-02-03T23:54:30.225+0000] {processor.py:208} INFO - Processing /home/airflow/.local/lib/python3.12/site-packages/airflow/example_dags/example_dataset_alias_with_no_taskflow.py took 0.771 seconds
[2025-02-03T23:55:01.115+0000] {processor.py:186} INFO - Started process (PID=897) to work on /home/airflow/.local/lib/python3.12/site-packages/airflow/example_dags/example_dataset_alias_with_no_taskflow.py
[2025-02-03T23:55:01.117+0000] {processor.py:914} INFO - Processing file /home/airflow/.local/lib/python3.12/site-packages/airflow/example_dags/example_dataset_alias_with_no_taskflow.py for tasks to queue
[2025-02-03T23:55:01.122+0000] {logging_mixin.py:190} INFO - [2025-02-03T23:55:01.121+0000] {dagbag.py:588} INFO - Filling up the DagBag from /home/airflow/.local/lib/python3.12/site-packages/airflow/example_dags/example_dataset_alias_with_no_taskflow.py
[2025-02-03T23:55:01.959+0000] {processor.py:925} INFO - DAG(s) 'dataset_s3_bucket_consumer_with_no_taskflow', 'dataset_alias_example_alias_producer_with_no_taskflow', 'dataset_s3_bucket_producer_with_no_taskflow', 'dataset_alias_example_alias_consumer_with_no_taskflow' retrieved from /home/airflow/.local/lib/python3.12/site-packages/airflow/example_dags/example_dataset_alias_with_no_taskflow.py
[2025-02-03T23:55:01.987+0000] {logging_mixin.py:190} INFO - [2025-02-03T23:55:01.987+0000] {dag.py:3239} INFO - Sync 4 DAGs
[2025-02-03T23:55:02.020+0000] {logging_mixin.py:190} INFO - [2025-02-03T23:55:02.019+0000] {dag.py:4180} INFO - Setting next_dagrun for dataset_alias_example_alias_consumer_with_no_taskflow to None, run_after=None
[2025-02-03T23:55:02.023+0000] {logging_mixin.py:190} INFO - [2025-02-03T23:55:02.023+0000] {dag.py:4180} INFO - Setting next_dagrun for dataset_alias_example_alias_producer_with_no_taskflow to None, run_after=None
[2025-02-03T23:55:02.025+0000] {logging_mixin.py:190} INFO - [2025-02-03T23:55:02.025+0000] {dag.py:4180} INFO - Setting next_dagrun for dataset_s3_bucket_consumer_with_no_taskflow to None, run_after=None
[2025-02-03T23:55:02.027+0000] {logging_mixin.py:190} INFO - [2025-02-03T23:55:02.026+0000] {dag.py:4180} INFO - Setting next_dagrun for dataset_s3_bucket_producer_with_no_taskflow to None, run_after=None
[2025-02-03T23:55:02.063+0000] {processor.py:208} INFO - Processing /home/airflow/.local/lib/python3.12/site-packages/airflow/example_dags/example_dataset_alias_with_no_taskflow.py took 0.959 seconds
[2025-02-03T23:55:32.524+0000] {processor.py:186} INFO - Started process (PID=960) to work on /home/airflow/.local/lib/python3.12/site-packages/airflow/example_dags/example_dataset_alias_with_no_taskflow.py
[2025-02-03T23:55:32.525+0000] {processor.py:914} INFO - Processing file /home/airflow/.local/lib/python3.12/site-packages/airflow/example_dags/example_dataset_alias_with_no_taskflow.py for tasks to queue
[2025-02-03T23:55:32.528+0000] {logging_mixin.py:190} INFO - [2025-02-03T23:55:32.527+0000] {dagbag.py:588} INFO - Filling up the DagBag from /home/airflow/.local/lib/python3.12/site-packages/airflow/example_dags/example_dataset_alias_with_no_taskflow.py
[2025-02-03T23:55:33.229+0000] {processor.py:925} INFO - DAG(s) 'dataset_alias_example_alias_consumer_with_no_taskflow', 'dataset_s3_bucket_consumer_with_no_taskflow', 'dataset_alias_example_alias_producer_with_no_taskflow', 'dataset_s3_bucket_producer_with_no_taskflow' retrieved from /home/airflow/.local/lib/python3.12/site-packages/airflow/example_dags/example_dataset_alias_with_no_taskflow.py
[2025-02-03T23:55:33.258+0000] {logging_mixin.py:190} INFO - [2025-02-03T23:55:33.257+0000] {dag.py:3239} INFO - Sync 4 DAGs
[2025-02-03T23:55:33.286+0000] {logging_mixin.py:190} INFO - [2025-02-03T23:55:33.286+0000] {dag.py:4180} INFO - Setting next_dagrun for dataset_alias_example_alias_consumer_with_no_taskflow to None, run_after=None
[2025-02-03T23:55:33.290+0000] {logging_mixin.py:190} INFO - [2025-02-03T23:55:33.289+0000] {dag.py:4180} INFO - Setting next_dagrun for dataset_alias_example_alias_producer_with_no_taskflow to None, run_after=None
[2025-02-03T23:55:33.291+0000] {logging_mixin.py:190} INFO - [2025-02-03T23:55:33.291+0000] {dag.py:4180} INFO - Setting next_dagrun for dataset_s3_bucket_consumer_with_no_taskflow to None, run_after=None
[2025-02-03T23:55:33.293+0000] {logging_mixin.py:190} INFO - [2025-02-03T23:55:33.293+0000] {dag.py:4180} INFO - Setting next_dagrun for dataset_s3_bucket_producer_with_no_taskflow to None, run_after=None
[2025-02-03T23:55:33.320+0000] {processor.py:208} INFO - Processing /home/airflow/.local/lib/python3.12/site-packages/airflow/example_dags/example_dataset_alias_with_no_taskflow.py took 0.803 seconds
[2025-02-03T23:56:03.656+0000] {processor.py:186} INFO - Started process (PID=1023) to work on /home/airflow/.local/lib/python3.12/site-packages/airflow/example_dags/example_dataset_alias_with_no_taskflow.py
[2025-02-03T23:56:03.657+0000] {processor.py:914} INFO - Processing file /home/airflow/.local/lib/python3.12/site-packages/airflow/example_dags/example_dataset_alias_with_no_taskflow.py for tasks to queue
[2025-02-03T23:56:03.661+0000] {logging_mixin.py:190} INFO - [2025-02-03T23:56:03.660+0000] {dagbag.py:588} INFO - Filling up the DagBag from /home/airflow/.local/lib/python3.12/site-packages/airflow/example_dags/example_dataset_alias_with_no_taskflow.py
[2025-02-03T23:56:04.371+0000] {processor.py:925} INFO - DAG(s) 'dataset_s3_bucket_producer_with_no_taskflow', 'dataset_alias_example_alias_producer_with_no_taskflow', 'dataset_alias_example_alias_consumer_with_no_taskflow', 'dataset_s3_bucket_consumer_with_no_taskflow' retrieved from /home/airflow/.local/lib/python3.12/site-packages/airflow/example_dags/example_dataset_alias_with_no_taskflow.py
[2025-02-03T23:56:04.400+0000] {logging_mixin.py:190} INFO - [2025-02-03T23:56:04.399+0000] {dag.py:3239} INFO - Sync 4 DAGs
[2025-02-03T23:56:04.439+0000] {logging_mixin.py:190} INFO - [2025-02-03T23:56:04.439+0000] {dag.py:4180} INFO - Setting next_dagrun for dataset_alias_example_alias_consumer_with_no_taskflow to None, run_after=None
[2025-02-03T23:56:04.446+0000] {logging_mixin.py:190} INFO - [2025-02-03T23:56:04.445+0000] {dag.py:4180} INFO - Setting next_dagrun for dataset_alias_example_alias_producer_with_no_taskflow to None, run_after=None
[2025-02-03T23:56:04.448+0000] {logging_mixin.py:190} INFO - [2025-02-03T23:56:04.448+0000] {dag.py:4180} INFO - Setting next_dagrun for dataset_s3_bucket_consumer_with_no_taskflow to None, run_after=None
[2025-02-03T23:56:04.449+0000] {logging_mixin.py:190} INFO - [2025-02-03T23:56:04.449+0000] {dag.py:4180} INFO - Setting next_dagrun for dataset_s3_bucket_producer_with_no_taskflow to None, run_after=None
[2025-02-03T23:56:04.477+0000] {processor.py:208} INFO - Processing /home/airflow/.local/lib/python3.12/site-packages/airflow/example_dags/example_dataset_alias_with_no_taskflow.py took 0.829 seconds
[2025-02-03T23:56:35.138+0000] {processor.py:186} INFO - Started process (PID=1086) to work on /home/airflow/.local/lib/python3.12/site-packages/airflow/example_dags/example_dataset_alias_with_no_taskflow.py
[2025-02-03T23:56:35.140+0000] {processor.py:914} INFO - Processing file /home/airflow/.local/lib/python3.12/site-packages/airflow/example_dags/example_dataset_alias_with_no_taskflow.py for tasks to queue
[2025-02-03T23:56:35.145+0000] {logging_mixin.py:190} INFO - [2025-02-03T23:56:35.144+0000] {dagbag.py:588} INFO - Filling up the DagBag from /home/airflow/.local/lib/python3.12/site-packages/airflow/example_dags/example_dataset_alias_with_no_taskflow.py
[2025-02-03T23:56:35.857+0000] {processor.py:925} INFO - DAG(s) 'dataset_s3_bucket_producer_with_no_taskflow', 'dataset_alias_example_alias_consumer_with_no_taskflow', 'dataset_s3_bucket_consumer_with_no_taskflow', 'dataset_alias_example_alias_producer_with_no_taskflow' retrieved from /home/airflow/.local/lib/python3.12/site-packages/airflow/example_dags/example_dataset_alias_with_no_taskflow.py
[2025-02-03T23:56:35.886+0000] {logging_mixin.py:190} INFO - [2025-02-03T23:56:35.885+0000] {dag.py:3239} INFO - Sync 4 DAGs
[2025-02-03T23:56:35.919+0000] {logging_mixin.py:190} INFO - [2025-02-03T23:56:35.919+0000] {dag.py:4180} INFO - Setting next_dagrun for dataset_alias_example_alias_consumer_with_no_taskflow to None, run_after=None
[2025-02-03T23:56:35.925+0000] {logging_mixin.py:190} INFO - [2025-02-03T23:56:35.924+0000] {dag.py:4180} INFO - Setting next_dagrun for dataset_alias_example_alias_producer_with_no_taskflow to None, run_after=None
[2025-02-03T23:56:35.928+0000] {logging_mixin.py:190} INFO - [2025-02-03T23:56:35.927+0000] {dag.py:4180} INFO - Setting next_dagrun for dataset_s3_bucket_consumer_with_no_taskflow to None, run_after=None
[2025-02-03T23:56:35.929+0000] {logging_mixin.py:190} INFO - [2025-02-03T23:56:35.929+0000] {dag.py:4180} INFO - Setting next_dagrun for dataset_s3_bucket_producer_with_no_taskflow to None, run_after=None
[2025-02-03T23:56:35.959+0000] {processor.py:208} INFO - Processing /home/airflow/.local/lib/python3.12/site-packages/airflow/example_dags/example_dataset_alias_with_no_taskflow.py took 0.832 seconds
[2025-02-03T23:57:06.545+0000] {processor.py:186} INFO - Started process (PID=1149) to work on /home/airflow/.local/lib/python3.12/site-packages/airflow/example_dags/example_dataset_alias_with_no_taskflow.py
[2025-02-03T23:57:06.546+0000] {processor.py:914} INFO - Processing file /home/airflow/.local/lib/python3.12/site-packages/airflow/example_dags/example_dataset_alias_with_no_taskflow.py for tasks to queue
[2025-02-03T23:57:06.550+0000] {logging_mixin.py:190} INFO - [2025-02-03T23:57:06.549+0000] {dagbag.py:588} INFO - Filling up the DagBag from /home/airflow/.local/lib/python3.12/site-packages/airflow/example_dags/example_dataset_alias_with_no_taskflow.py
[2025-02-03T23:57:07.304+0000] {processor.py:925} INFO - DAG(s) 'dataset_s3_bucket_producer_with_no_taskflow', 'dataset_alias_example_alias_consumer_with_no_taskflow', 'dataset_alias_example_alias_producer_with_no_taskflow', 'dataset_s3_bucket_consumer_with_no_taskflow' retrieved from /home/airflow/.local/lib/python3.12/site-packages/airflow/example_dags/example_dataset_alias_with_no_taskflow.py
[2025-02-03T23:57:07.333+0000] {logging_mixin.py:190} INFO - [2025-02-03T23:57:07.333+0000] {dag.py:3239} INFO - Sync 4 DAGs
[2025-02-03T23:57:07.371+0000] {logging_mixin.py:190} INFO - [2025-02-03T23:57:07.371+0000] {dag.py:4180} INFO - Setting next_dagrun for dataset_alias_example_alias_consumer_with_no_taskflow to None, run_after=None
[2025-02-03T23:57:07.374+0000] {logging_mixin.py:190} INFO - [2025-02-03T23:57:07.374+0000] {dag.py:4180} INFO - Setting next_dagrun for dataset_alias_example_alias_producer_with_no_taskflow to None, run_after=None
[2025-02-03T23:57:07.378+0000] {logging_mixin.py:190} INFO - [2025-02-03T23:57:07.378+0000] {dag.py:4180} INFO - Setting next_dagrun for dataset_s3_bucket_consumer_with_no_taskflow to None, run_after=None
[2025-02-03T23:57:07.380+0000] {logging_mixin.py:190} INFO - [2025-02-03T23:57:07.379+0000] {dag.py:4180} INFO - Setting next_dagrun for dataset_s3_bucket_producer_with_no_taskflow to None, run_after=None
[2025-02-03T23:57:07.409+0000] {processor.py:208} INFO - Processing /home/airflow/.local/lib/python3.12/site-packages/airflow/example_dags/example_dataset_alias_with_no_taskflow.py took 0.872 seconds
[2025-02-03T23:57:37.606+0000] {processor.py:186} INFO - Started process (PID=1212) to work on /home/airflow/.local/lib/python3.12/site-packages/airflow/example_dags/example_dataset_alias_with_no_taskflow.py
[2025-02-03T23:57:37.607+0000] {processor.py:914} INFO - Processing file /home/airflow/.local/lib/python3.12/site-packages/airflow/example_dags/example_dataset_alias_with_no_taskflow.py for tasks to queue
[2025-02-03T23:57:37.610+0000] {logging_mixin.py:190} INFO - [2025-02-03T23:57:37.610+0000] {dagbag.py:588} INFO - Filling up the DagBag from /home/airflow/.local/lib/python3.12/site-packages/airflow/example_dags/example_dataset_alias_with_no_taskflow.py
[2025-02-03T23:57:38.315+0000] {processor.py:925} INFO - DAG(s) 'dataset_s3_bucket_producer_with_no_taskflow', 'dataset_alias_example_alias_consumer_with_no_taskflow', 'dataset_s3_bucket_consumer_with_no_taskflow', 'dataset_alias_example_alias_producer_with_no_taskflow' retrieved from /home/airflow/.local/lib/python3.12/site-packages/airflow/example_dags/example_dataset_alias_with_no_taskflow.py
[2025-02-03T23:57:38.340+0000] {logging_mixin.py:190} INFO - [2025-02-03T23:57:38.339+0000] {dag.py:3239} INFO - Sync 4 DAGs
[2025-02-03T23:57:38.365+0000] {logging_mixin.py:190} INFO - [2025-02-03T23:57:38.365+0000] {dag.py:4180} INFO - Setting next_dagrun for dataset_alias_example_alias_consumer_with_no_taskflow to None, run_after=None
[2025-02-03T23:57:38.368+0000] {logging_mixin.py:190} INFO - [2025-02-03T23:57:38.368+0000] {dag.py:4180} INFO - Setting next_dagrun for dataset_alias_example_alias_producer_with_no_taskflow to None, run_after=None
[2025-02-03T23:57:38.373+0000] {logging_mixin.py:190} INFO - [2025-02-03T23:57:38.372+0000] {dag.py:4180} INFO - Setting next_dagrun for dataset_s3_bucket_consumer_with_no_taskflow to None, run_after=None
[2025-02-03T23:57:38.375+0000] {logging_mixin.py:190} INFO - [2025-02-03T23:57:38.375+0000] {dag.py:4180} INFO - Setting next_dagrun for dataset_s3_bucket_producer_with_no_taskflow to None, run_after=None
[2025-02-03T23:57:38.400+0000] {processor.py:208} INFO - Processing /home/airflow/.local/lib/python3.12/site-packages/airflow/example_dags/example_dataset_alias_with_no_taskflow.py took 0.802 seconds
[2025-02-03T23:58:08.846+0000] {processor.py:186} INFO - Started process (PID=1275) to work on /home/airflow/.local/lib/python3.12/site-packages/airflow/example_dags/example_dataset_alias_with_no_taskflow.py
[2025-02-03T23:58:08.847+0000] {processor.py:914} INFO - Processing file /home/airflow/.local/lib/python3.12/site-packages/airflow/example_dags/example_dataset_alias_with_no_taskflow.py for tasks to queue
[2025-02-03T23:58:08.850+0000] {logging_mixin.py:190} INFO - [2025-02-03T23:58:08.850+0000] {dagbag.py:588} INFO - Filling up the DagBag from /home/airflow/.local/lib/python3.12/site-packages/airflow/example_dags/example_dataset_alias_with_no_taskflow.py
[2025-02-03T23:58:09.524+0000] {processor.py:925} INFO - DAG(s) 'dataset_alias_example_alias_producer_with_no_taskflow', 'dataset_s3_bucket_producer_with_no_taskflow', 'dataset_alias_example_alias_consumer_with_no_taskflow', 'dataset_s3_bucket_consumer_with_no_taskflow' retrieved from /home/airflow/.local/lib/python3.12/site-packages/airflow/example_dags/example_dataset_alias_with_no_taskflow.py
[2025-02-03T23:58:09.548+0000] {logging_mixin.py:190} INFO - [2025-02-03T23:58:09.548+0000] {dag.py:3239} INFO - Sync 4 DAGs
[2025-02-03T23:58:09.572+0000] {logging_mixin.py:190} INFO - [2025-02-03T23:58:09.572+0000] {dag.py:4180} INFO - Setting next_dagrun for dataset_alias_example_alias_consumer_with_no_taskflow to None, run_after=None
[2025-02-03T23:58:09.576+0000] {logging_mixin.py:190} INFO - [2025-02-03T23:58:09.576+0000] {dag.py:4180} INFO - Setting next_dagrun for dataset_alias_example_alias_producer_with_no_taskflow to None, run_after=None
[2025-02-03T23:58:09.580+0000] {logging_mixin.py:190} INFO - [2025-02-03T23:58:09.579+0000] {dag.py:4180} INFO - Setting next_dagrun for dataset_s3_bucket_consumer_with_no_taskflow to None, run_after=None
[2025-02-03T23:58:09.583+0000] {logging_mixin.py:190} INFO - [2025-02-03T23:58:09.583+0000] {dag.py:4180} INFO - Setting next_dagrun for dataset_s3_bucket_producer_with_no_taskflow to None, run_after=None
[2025-02-03T23:58:09.617+0000] {processor.py:208} INFO - Processing /home/airflow/.local/lib/python3.12/site-packages/airflow/example_dags/example_dataset_alias_with_no_taskflow.py took 0.778 seconds
[2025-02-03T23:58:39.708+0000] {processor.py:186} INFO - Started process (PID=1338) to work on /home/airflow/.local/lib/python3.12/site-packages/airflow/example_dags/example_dataset_alias_with_no_taskflow.py
[2025-02-03T23:58:39.710+0000] {processor.py:914} INFO - Processing file /home/airflow/.local/lib/python3.12/site-packages/airflow/example_dags/example_dataset_alias_with_no_taskflow.py for tasks to queue
[2025-02-03T23:58:39.713+0000] {logging_mixin.py:190} INFO - [2025-02-03T23:58:39.713+0000] {dagbag.py:588} INFO - Filling up the DagBag from /home/airflow/.local/lib/python3.12/site-packages/airflow/example_dags/example_dataset_alias_with_no_taskflow.py
[2025-02-03T23:58:40.502+0000] {processor.py:925} INFO - DAG(s) 'dataset_s3_bucket_producer_with_no_taskflow', 'dataset_alias_example_alias_consumer_with_no_taskflow', 'dataset_alias_example_alias_producer_with_no_taskflow', 'dataset_s3_bucket_consumer_with_no_taskflow' retrieved from /home/airflow/.local/lib/python3.12/site-packages/airflow/example_dags/example_dataset_alias_with_no_taskflow.py
[2025-02-03T23:58:40.529+0000] {logging_mixin.py:190} INFO - [2025-02-03T23:58:40.529+0000] {dag.py:3239} INFO - Sync 4 DAGs
[2025-02-03T23:58:40.559+0000] {logging_mixin.py:190} INFO - [2025-02-03T23:58:40.559+0000] {dag.py:4180} INFO - Setting next_dagrun for dataset_alias_example_alias_consumer_with_no_taskflow to None, run_after=None
[2025-02-03T23:58:40.563+0000] {logging_mixin.py:190} INFO - [2025-02-03T23:58:40.562+0000] {dag.py:4180} INFO - Setting next_dagrun for dataset_alias_example_alias_producer_with_no_taskflow to None, run_after=None
[2025-02-03T23:58:40.566+0000] {logging_mixin.py:190} INFO - [2025-02-03T23:58:40.566+0000] {dag.py:4180} INFO - Setting next_dagrun for dataset_s3_bucket_consumer_with_no_taskflow to None, run_after=None
[2025-02-03T23:58:40.569+0000] {logging_mixin.py:190} INFO - [2025-02-03T23:58:40.568+0000] {dag.py:4180} INFO - Setting next_dagrun for dataset_s3_bucket_producer_with_no_taskflow to None, run_after=None
[2025-02-03T23:58:40.599+0000] {processor.py:208} INFO - Processing /home/airflow/.local/lib/python3.12/site-packages/airflow/example_dags/example_dataset_alias_with_no_taskflow.py took 0.898 seconds
[2025-02-03T23:59:10.691+0000] {processor.py:186} INFO - Started process (PID=1401) to work on /home/airflow/.local/lib/python3.12/site-packages/airflow/example_dags/example_dataset_alias_with_no_taskflow.py
[2025-02-03T23:59:10.692+0000] {processor.py:914} INFO - Processing file /home/airflow/.local/lib/python3.12/site-packages/airflow/example_dags/example_dataset_alias_with_no_taskflow.py for tasks to queue
[2025-02-03T23:59:10.698+0000] {logging_mixin.py:190} INFO - [2025-02-03T23:59:10.698+0000] {dagbag.py:588} INFO - Filling up the DagBag from /home/airflow/.local/lib/python3.12/site-packages/airflow/example_dags/example_dataset_alias_with_no_taskflow.py
[2025-02-03T23:59:11.439+0000] {processor.py:925} INFO - DAG(s) 'dataset_alias_example_alias_consumer_with_no_taskflow', 'dataset_s3_bucket_producer_with_no_taskflow', 'dataset_s3_bucket_consumer_with_no_taskflow', 'dataset_alias_example_alias_producer_with_no_taskflow' retrieved from /home/airflow/.local/lib/python3.12/site-packages/airflow/example_dags/example_dataset_alias_with_no_taskflow.py
[2025-02-03T23:59:11.465+0000] {logging_mixin.py:190} INFO - [2025-02-03T23:59:11.464+0000] {dag.py:3239} INFO - Sync 4 DAGs
[2025-02-03T23:59:11.491+0000] {logging_mixin.py:190} INFO - [2025-02-03T23:59:11.490+0000] {dag.py:4180} INFO - Setting next_dagrun for dataset_alias_example_alias_consumer_with_no_taskflow to None, run_after=None
[2025-02-03T23:59:11.494+0000] {logging_mixin.py:190} INFO - [2025-02-03T23:59:11.494+0000] {dag.py:4180} INFO - Setting next_dagrun for dataset_alias_example_alias_producer_with_no_taskflow to None, run_after=None
[2025-02-03T23:59:11.496+0000] {logging_mixin.py:190} INFO - [2025-02-03T23:59:11.496+0000] {dag.py:4180} INFO - Setting next_dagrun for dataset_s3_bucket_consumer_with_no_taskflow to None, run_after=None
[2025-02-03T23:59:11.498+0000] {logging_mixin.py:190} INFO - [2025-02-03T23:59:11.497+0000] {dag.py:4180} INFO - Setting next_dagrun for dataset_s3_bucket_producer_with_no_taskflow to None, run_after=None
[2025-02-03T23:59:11.526+0000] {processor.py:208} INFO - Processing /home/airflow/.local/lib/python3.12/site-packages/airflow/example_dags/example_dataset_alias_with_no_taskflow.py took 0.843 seconds
[2025-02-03T23:59:41.643+0000] {processor.py:186} INFO - Started process (PID=1464) to work on /home/airflow/.local/lib/python3.12/site-packages/airflow/example_dags/example_dataset_alias_with_no_taskflow.py
[2025-02-03T23:59:41.644+0000] {processor.py:914} INFO - Processing file /home/airflow/.local/lib/python3.12/site-packages/airflow/example_dags/example_dataset_alias_with_no_taskflow.py for tasks to queue
[2025-02-03T23:59:41.648+0000] {logging_mixin.py:190} INFO - [2025-02-03T23:59:41.647+0000] {dagbag.py:588} INFO - Filling up the DagBag from /home/airflow/.local/lib/python3.12/site-packages/airflow/example_dags/example_dataset_alias_with_no_taskflow.py
[2025-02-03T23:59:42.333+0000] {processor.py:925} INFO - DAG(s) 'dataset_s3_bucket_producer_with_no_taskflow', 'dataset_s3_bucket_consumer_with_no_taskflow', 'dataset_alias_example_alias_consumer_with_no_taskflow', 'dataset_alias_example_alias_producer_with_no_taskflow' retrieved from /home/airflow/.local/lib/python3.12/site-packages/airflow/example_dags/example_dataset_alias_with_no_taskflow.py
[2025-02-03T23:59:42.359+0000] {logging_mixin.py:190} INFO - [2025-02-03T23:59:42.358+0000] {dag.py:3239} INFO - Sync 4 DAGs
[2025-02-03T23:59:42.390+0000] {logging_mixin.py:190} INFO - [2025-02-03T23:59:42.390+0000] {dag.py:4180} INFO - Setting next_dagrun for dataset_alias_example_alias_consumer_with_no_taskflow to None, run_after=None
[2025-02-03T23:59:42.394+0000] {logging_mixin.py:190} INFO - [2025-02-03T23:59:42.394+0000] {dag.py:4180} INFO - Setting next_dagrun for dataset_alias_example_alias_producer_with_no_taskflow to None, run_after=None
[2025-02-03T23:59:42.398+0000] {logging_mixin.py:190} INFO - [2025-02-03T23:59:42.398+0000] {dag.py:4180} INFO - Setting next_dagrun for dataset_s3_bucket_consumer_with_no_taskflow to None, run_after=None
[2025-02-03T23:59:42.400+0000] {logging_mixin.py:190} INFO - [2025-02-03T23:59:42.399+0000] {dag.py:4180} INFO - Setting next_dagrun for dataset_s3_bucket_producer_with_no_taskflow to None, run_after=None
[2025-02-03T23:59:42.426+0000] {processor.py:208} INFO - Processing /home/airflow/.local/lib/python3.12/site-packages/airflow/example_dags/example_dataset_alias_with_no_taskflow.py took 0.791 seconds
