[2025-02-03T10:52:09.331+0000] {processor.py:186} INFO - Started process (PID=83) to work on /home/airflow/.local/lib/python3.12/site-packages/airflow/example_dags/example_bash_operator.py
[2025-02-03T10:52:09.332+0000] {processor.py:914} INFO - Processing file /home/airflow/.local/lib/python3.12/site-packages/airflow/example_dags/example_bash_operator.py for tasks to queue
[2025-02-03T10:52:09.335+0000] {logging_mixin.py:190} INFO - [2025-02-03T10:52:09.335+0000] {dagbag.py:588} INFO - Filling up the DagBag from /home/airflow/.local/lib/python3.12/site-packages/airflow/example_dags/example_bash_operator.py
[2025-02-03T10:52:09.354+0000] {processor.py:925} INFO - DAG(s) 'example_bash_operator' retrieved from /home/airflow/.local/lib/python3.12/site-packages/airflow/example_dags/example_bash_operator.py
[2025-02-03T10:52:09.531+0000] {logging_mixin.py:190} INFO - [2025-02-03T10:52:09.530+0000] {override.py:1911} INFO - Created Permission View: can read on DAG:example_bash_operator
[2025-02-03T10:52:09.546+0000] {logging_mixin.py:190} INFO - [2025-02-03T10:52:09.546+0000] {override.py:1911} INFO - Created Permission View: can edit on DAG:example_bash_operator
[2025-02-03T10:52:09.556+0000] {logging_mixin.py:190} INFO - [2025-02-03T10:52:09.556+0000] {override.py:1911} INFO - Created Permission View: can delete on DAG:example_bash_operator
[2025-02-03T10:52:09.567+0000] {logging_mixin.py:190} INFO - [2025-02-03T10:52:09.567+0000] {override.py:1911} INFO - Created Permission View: can read on DAG Run:example_bash_operator
[2025-02-03T10:52:09.578+0000] {logging_mixin.py:190} INFO - [2025-02-03T10:52:09.577+0000] {override.py:1911} INFO - Created Permission View: can create on DAG Run:example_bash_operator
[2025-02-03T10:52:09.589+0000] {logging_mixin.py:190} INFO - [2025-02-03T10:52:09.588+0000] {override.py:1911} INFO - Created Permission View: menu access on DAG Run:example_bash_operator
[2025-02-03T10:52:09.600+0000] {logging_mixin.py:190} INFO - [2025-02-03T10:52:09.599+0000] {override.py:1911} INFO - Created Permission View: can delete on DAG Run:example_bash_operator
[2025-02-03T10:52:09.601+0000] {logging_mixin.py:190} INFO - [2025-02-03T10:52:09.600+0000] {dag.py:3239} INFO - Sync 1 DAGs
[2025-02-03T10:52:09.665+0000] {logging_mixin.py:190} INFO - [2025-02-03T10:52:09.665+0000] {dag.py:3262} INFO - Creating ORM DAG for example_bash_operator
[2025-02-03T10:52:09.687+0000] {logging_mixin.py:190} INFO - [2025-02-03T10:52:09.687+0000] {dag.py:4180} INFO - Setting next_dagrun for example_bash_operator to 2025-02-02 00:00:00+00:00, run_after=2025-02-03 00:00:00+00:00
[2025-02-03T10:52:09.711+0000] {processor.py:208} INFO - Processing /home/airflow/.local/lib/python3.12/site-packages/airflow/example_dags/example_bash_operator.py took 0.388 seconds
[2025-02-03T10:52:40.036+0000] {processor.py:186} INFO - Started process (PID=145) to work on /home/airflow/.local/lib/python3.12/site-packages/airflow/example_dags/example_bash_operator.py
[2025-02-03T10:52:40.037+0000] {processor.py:914} INFO - Processing file /home/airflow/.local/lib/python3.12/site-packages/airflow/example_dags/example_bash_operator.py for tasks to queue
[2025-02-03T10:52:40.040+0000] {logging_mixin.py:190} INFO - [2025-02-03T10:52:40.040+0000] {dagbag.py:588} INFO - Filling up the DagBag from /home/airflow/.local/lib/python3.12/site-packages/airflow/example_dags/example_bash_operator.py
[2025-02-03T10:52:40.058+0000] {processor.py:925} INFO - DAG(s) 'example_bash_operator' retrieved from /home/airflow/.local/lib/python3.12/site-packages/airflow/example_dags/example_bash_operator.py
[2025-02-03T10:52:40.091+0000] {logging_mixin.py:190} INFO - [2025-02-03T10:52:40.091+0000] {dag.py:3239} INFO - Sync 1 DAGs
[2025-02-03T10:52:40.118+0000] {logging_mixin.py:190} INFO - [2025-02-03T10:52:40.118+0000] {dag.py:4180} INFO - Setting next_dagrun for example_bash_operator to 2025-02-02 00:00:00+00:00, run_after=2025-02-03 00:00:00+00:00
[2025-02-03T10:52:40.138+0000] {processor.py:208} INFO - Processing /home/airflow/.local/lib/python3.12/site-packages/airflow/example_dags/example_bash_operator.py took 0.110 seconds
[2025-02-03T10:53:11.717+0000] {processor.py:186} INFO - Started process (PID=208) to work on /home/airflow/.local/lib/python3.12/site-packages/airflow/example_dags/example_bash_operator.py
[2025-02-03T10:53:11.719+0000] {processor.py:914} INFO - Processing file /home/airflow/.local/lib/python3.12/site-packages/airflow/example_dags/example_bash_operator.py for tasks to queue
[2025-02-03T10:53:11.723+0000] {logging_mixin.py:190} INFO - [2025-02-03T10:53:11.723+0000] {dagbag.py:588} INFO - Filling up the DagBag from /home/airflow/.local/lib/python3.12/site-packages/airflow/example_dags/example_bash_operator.py
[2025-02-03T10:53:11.744+0000] {processor.py:925} INFO - DAG(s) 'example_bash_operator' retrieved from /home/airflow/.local/lib/python3.12/site-packages/airflow/example_dags/example_bash_operator.py
[2025-02-03T10:53:11.793+0000] {logging_mixin.py:190} INFO - [2025-02-03T10:53:11.792+0000] {dag.py:3239} INFO - Sync 1 DAGs
[2025-02-03T10:53:11.829+0000] {logging_mixin.py:190} INFO - [2025-02-03T10:53:11.829+0000] {dag.py:4180} INFO - Setting next_dagrun for example_bash_operator to 2025-02-02 00:00:00+00:00, run_after=2025-02-03 00:00:00+00:00
[2025-02-03T10:53:11.858+0000] {processor.py:208} INFO - Processing /home/airflow/.local/lib/python3.12/site-packages/airflow/example_dags/example_bash_operator.py took 0.149 seconds
[2025-02-03T23:48:12.688+0000] {processor.py:186} INFO - Started process (PID=75) to work on /home/airflow/.local/lib/python3.12/site-packages/airflow/example_dags/example_bash_operator.py
[2025-02-03T23:48:12.689+0000] {processor.py:914} INFO - Processing file /home/airflow/.local/lib/python3.12/site-packages/airflow/example_dags/example_bash_operator.py for tasks to queue
[2025-02-03T23:48:12.696+0000] {logging_mixin.py:190} INFO - [2025-02-03T23:48:12.696+0000] {dagbag.py:588} INFO - Filling up the DagBag from /home/airflow/.local/lib/python3.12/site-packages/airflow/example_dags/example_bash_operator.py
[2025-02-03T23:48:12.712+0000] {processor.py:925} INFO - DAG(s) 'example_bash_operator' retrieved from /home/airflow/.local/lib/python3.12/site-packages/airflow/example_dags/example_bash_operator.py
[2025-02-03T23:48:12.756+0000] {logging_mixin.py:190} INFO - [2025-02-03T23:48:12.756+0000] {dag.py:3239} INFO - Sync 1 DAGs
[2025-02-03T23:48:12.788+0000] {logging_mixin.py:190} INFO - [2025-02-03T23:48:12.788+0000] {dag.py:4180} INFO - Setting next_dagrun for example_bash_operator to 2025-02-02 00:00:00+00:00, run_after=2025-02-03 00:00:00+00:00
[2025-02-03T23:48:12.814+0000] {processor.py:208} INFO - Processing /home/airflow/.local/lib/python3.12/site-packages/airflow/example_dags/example_bash_operator.py took 0.133 seconds
[2025-02-03T23:48:43.672+0000] {processor.py:186} INFO - Started process (PID=138) to work on /home/airflow/.local/lib/python3.12/site-packages/airflow/example_dags/example_bash_operator.py
[2025-02-03T23:48:43.674+0000] {processor.py:914} INFO - Processing file /home/airflow/.local/lib/python3.12/site-packages/airflow/example_dags/example_bash_operator.py for tasks to queue
[2025-02-03T23:48:43.679+0000] {logging_mixin.py:190} INFO - [2025-02-03T23:48:43.678+0000] {dagbag.py:588} INFO - Filling up the DagBag from /home/airflow/.local/lib/python3.12/site-packages/airflow/example_dags/example_bash_operator.py
[2025-02-03T23:48:43.712+0000] {processor.py:925} INFO - DAG(s) 'example_bash_operator' retrieved from /home/airflow/.local/lib/python3.12/site-packages/airflow/example_dags/example_bash_operator.py
[2025-02-03T23:48:43.756+0000] {logging_mixin.py:190} INFO - [2025-02-03T23:48:43.755+0000] {dag.py:3239} INFO - Sync 1 DAGs
[2025-02-03T23:48:43.798+0000] {logging_mixin.py:190} INFO - [2025-02-03T23:48:43.798+0000] {dag.py:4180} INFO - Setting next_dagrun for example_bash_operator to 2025-02-02 00:00:00+00:00, run_after=2025-02-03 00:00:00+00:00
[2025-02-03T23:48:43.822+0000] {processor.py:208} INFO - Processing /home/airflow/.local/lib/python3.12/site-packages/airflow/example_dags/example_bash_operator.py took 0.161 seconds
[2025-02-03T23:49:14.407+0000] {processor.py:186} INFO - Started process (PID=200) to work on /home/airflow/.local/lib/python3.12/site-packages/airflow/example_dags/example_bash_operator.py
[2025-02-03T23:49:14.409+0000] {processor.py:914} INFO - Processing file /home/airflow/.local/lib/python3.12/site-packages/airflow/example_dags/example_bash_operator.py for tasks to queue
[2025-02-03T23:49:14.412+0000] {logging_mixin.py:190} INFO - [2025-02-03T23:49:14.412+0000] {dagbag.py:588} INFO - Filling up the DagBag from /home/airflow/.local/lib/python3.12/site-packages/airflow/example_dags/example_bash_operator.py
[2025-02-03T23:49:14.430+0000] {processor.py:925} INFO - DAG(s) 'example_bash_operator' retrieved from /home/airflow/.local/lib/python3.12/site-packages/airflow/example_dags/example_bash_operator.py
[2025-02-03T23:49:14.469+0000] {logging_mixin.py:190} INFO - [2025-02-03T23:49:14.468+0000] {dag.py:3239} INFO - Sync 1 DAGs
[2025-02-03T23:49:14.503+0000] {logging_mixin.py:190} INFO - [2025-02-03T23:49:14.503+0000] {dag.py:4180} INFO - Setting next_dagrun for example_bash_operator to 2025-02-02 00:00:00+00:00, run_after=2025-02-03 00:00:00+00:00
[2025-02-03T23:49:14.524+0000] {processor.py:208} INFO - Processing /home/airflow/.local/lib/python3.12/site-packages/airflow/example_dags/example_bash_operator.py took 0.126 seconds
[2025-02-03T23:49:45.887+0000] {processor.py:186} INFO - Started process (PID=269) to work on /home/airflow/.local/lib/python3.12/site-packages/airflow/example_dags/example_bash_operator.py
[2025-02-03T23:49:45.888+0000] {processor.py:914} INFO - Processing file /home/airflow/.local/lib/python3.12/site-packages/airflow/example_dags/example_bash_operator.py for tasks to queue
[2025-02-03T23:49:45.892+0000] {logging_mixin.py:190} INFO - [2025-02-03T23:49:45.891+0000] {dagbag.py:588} INFO - Filling up the DagBag from /home/airflow/.local/lib/python3.12/site-packages/airflow/example_dags/example_bash_operator.py
[2025-02-03T23:49:45.914+0000] {processor.py:925} INFO - DAG(s) 'example_bash_operator' retrieved from /home/airflow/.local/lib/python3.12/site-packages/airflow/example_dags/example_bash_operator.py
[2025-02-03T23:49:45.951+0000] {logging_mixin.py:190} INFO - [2025-02-03T23:49:45.951+0000] {dag.py:3239} INFO - Sync 1 DAGs
[2025-02-03T23:49:45.982+0000] {logging_mixin.py:190} INFO - [2025-02-03T23:49:45.982+0000] {dag.py:4180} INFO - Setting next_dagrun for example_bash_operator to 2025-02-02 00:00:00+00:00, run_after=2025-02-03 00:00:00+00:00
[2025-02-03T23:49:46.006+0000] {processor.py:208} INFO - Processing /home/airflow/.local/lib/python3.12/site-packages/airflow/example_dags/example_bash_operator.py took 0.128 seconds
[2025-02-03T23:50:18.696+0000] {processor.py:186} INFO - Started process (PID=332) to work on /home/airflow/.local/lib/python3.12/site-packages/airflow/example_dags/example_bash_operator.py
[2025-02-03T23:50:18.697+0000] {processor.py:914} INFO - Processing file /home/airflow/.local/lib/python3.12/site-packages/airflow/example_dags/example_bash_operator.py for tasks to queue
[2025-02-03T23:50:18.702+0000] {logging_mixin.py:190} INFO - [2025-02-03T23:50:18.702+0000] {dagbag.py:588} INFO - Filling up the DagBag from /home/airflow/.local/lib/python3.12/site-packages/airflow/example_dags/example_bash_operator.py
[2025-02-03T23:50:18.739+0000] {processor.py:925} INFO - DAG(s) 'example_bash_operator' retrieved from /home/airflow/.local/lib/python3.12/site-packages/airflow/example_dags/example_bash_operator.py
[2025-02-03T23:50:18.975+0000] {logging_mixin.py:190} INFO - [2025-02-03T23:50:18.974+0000] {dag.py:3239} INFO - Sync 1 DAGs
[2025-02-03T23:50:19.152+0000] {logging_mixin.py:190} INFO - [2025-02-03T23:50:19.151+0000] {dag.py:4180} INFO - Setting next_dagrun for example_bash_operator to 2025-02-02 00:00:00+00:00, run_after=2025-02-03 00:00:00+00:00
[2025-02-03T23:50:19.195+0000] {processor.py:208} INFO - Processing /home/airflow/.local/lib/python3.12/site-packages/airflow/example_dags/example_bash_operator.py took 0.509 seconds
[2025-02-03T23:50:50.297+0000] {processor.py:186} INFO - Started process (PID=395) to work on /home/airflow/.local/lib/python3.12/site-packages/airflow/example_dags/example_bash_operator.py
[2025-02-03T23:50:50.298+0000] {processor.py:914} INFO - Processing file /home/airflow/.local/lib/python3.12/site-packages/airflow/example_dags/example_bash_operator.py for tasks to queue
[2025-02-03T23:50:50.302+0000] {logging_mixin.py:190} INFO - [2025-02-03T23:50:50.302+0000] {dagbag.py:588} INFO - Filling up the DagBag from /home/airflow/.local/lib/python3.12/site-packages/airflow/example_dags/example_bash_operator.py
[2025-02-03T23:50:50.319+0000] {processor.py:925} INFO - DAG(s) 'example_bash_operator' retrieved from /home/airflow/.local/lib/python3.12/site-packages/airflow/example_dags/example_bash_operator.py
[2025-02-03T23:50:50.353+0000] {logging_mixin.py:190} INFO - [2025-02-03T23:50:50.353+0000] {dag.py:3239} INFO - Sync 1 DAGs
[2025-02-03T23:50:50.384+0000] {logging_mixin.py:190} INFO - [2025-02-03T23:50:50.384+0000] {dag.py:4180} INFO - Setting next_dagrun for example_bash_operator to 2025-02-02 00:00:00+00:00, run_after=2025-02-03 00:00:00+00:00
[2025-02-03T23:50:50.406+0000] {processor.py:208} INFO - Processing /home/airflow/.local/lib/python3.12/site-packages/airflow/example_dags/example_bash_operator.py took 0.117 seconds
[2025-02-03T23:51:21.906+0000] {processor.py:186} INFO - Started process (PID=458) to work on /home/airflow/.local/lib/python3.12/site-packages/airflow/example_dags/example_bash_operator.py
[2025-02-03T23:51:21.907+0000] {processor.py:914} INFO - Processing file /home/airflow/.local/lib/python3.12/site-packages/airflow/example_dags/example_bash_operator.py for tasks to queue
[2025-02-03T23:51:21.910+0000] {logging_mixin.py:190} INFO - [2025-02-03T23:51:21.910+0000] {dagbag.py:588} INFO - Filling up the DagBag from /home/airflow/.local/lib/python3.12/site-packages/airflow/example_dags/example_bash_operator.py
[2025-02-03T23:51:21.928+0000] {processor.py:925} INFO - DAG(s) 'example_bash_operator' retrieved from /home/airflow/.local/lib/python3.12/site-packages/airflow/example_dags/example_bash_operator.py
[2025-02-03T23:51:21.974+0000] {logging_mixin.py:190} INFO - [2025-02-03T23:51:21.974+0000] {dag.py:3239} INFO - Sync 1 DAGs
[2025-02-03T23:51:22.009+0000] {logging_mixin.py:190} INFO - [2025-02-03T23:51:22.009+0000] {dag.py:4180} INFO - Setting next_dagrun for example_bash_operator to 2025-02-02 00:00:00+00:00, run_after=2025-02-03 00:00:00+00:00
[2025-02-03T23:51:22.030+0000] {processor.py:208} INFO - Processing /home/airflow/.local/lib/python3.12/site-packages/airflow/example_dags/example_bash_operator.py took 0.132 seconds
[2025-02-03T23:51:53.255+0000] {processor.py:186} INFO - Started process (PID=521) to work on /home/airflow/.local/lib/python3.12/site-packages/airflow/example_dags/example_bash_operator.py
[2025-02-03T23:51:53.256+0000] {processor.py:914} INFO - Processing file /home/airflow/.local/lib/python3.12/site-packages/airflow/example_dags/example_bash_operator.py for tasks to queue
[2025-02-03T23:51:53.259+0000] {logging_mixin.py:190} INFO - [2025-02-03T23:51:53.259+0000] {dagbag.py:588} INFO - Filling up the DagBag from /home/airflow/.local/lib/python3.12/site-packages/airflow/example_dags/example_bash_operator.py
[2025-02-03T23:51:53.274+0000] {processor.py:925} INFO - DAG(s) 'example_bash_operator' retrieved from /home/airflow/.local/lib/python3.12/site-packages/airflow/example_dags/example_bash_operator.py
[2025-02-03T23:51:53.310+0000] {logging_mixin.py:190} INFO - [2025-02-03T23:51:53.310+0000] {dag.py:3239} INFO - Sync 1 DAGs
[2025-02-03T23:51:53.343+0000] {logging_mixin.py:190} INFO - [2025-02-03T23:51:53.342+0000] {dag.py:4180} INFO - Setting next_dagrun for example_bash_operator to 2025-02-02 00:00:00+00:00, run_after=2025-02-03 00:00:00+00:00
[2025-02-03T23:51:53.367+0000] {processor.py:208} INFO - Processing /home/airflow/.local/lib/python3.12/site-packages/airflow/example_dags/example_bash_operator.py took 0.119 seconds
[2025-02-03T23:52:24.860+0000] {processor.py:186} INFO - Started process (PID=584) to work on /home/airflow/.local/lib/python3.12/site-packages/airflow/example_dags/example_bash_operator.py
[2025-02-03T23:52:24.862+0000] {processor.py:914} INFO - Processing file /home/airflow/.local/lib/python3.12/site-packages/airflow/example_dags/example_bash_operator.py for tasks to queue
[2025-02-03T23:52:24.865+0000] {logging_mixin.py:190} INFO - [2025-02-03T23:52:24.865+0000] {dagbag.py:588} INFO - Filling up the DagBag from /home/airflow/.local/lib/python3.12/site-packages/airflow/example_dags/example_bash_operator.py
[2025-02-03T23:52:24.882+0000] {processor.py:925} INFO - DAG(s) 'example_bash_operator' retrieved from /home/airflow/.local/lib/python3.12/site-packages/airflow/example_dags/example_bash_operator.py
[2025-02-03T23:52:24.914+0000] {logging_mixin.py:190} INFO - [2025-02-03T23:52:24.913+0000] {dag.py:3239} INFO - Sync 1 DAGs
[2025-02-03T23:52:24.942+0000] {logging_mixin.py:190} INFO - [2025-02-03T23:52:24.942+0000] {dag.py:4180} INFO - Setting next_dagrun for example_bash_operator to 2025-02-02 00:00:00+00:00, run_after=2025-02-03 00:00:00+00:00
[2025-02-03T23:52:24.965+0000] {processor.py:208} INFO - Processing /home/airflow/.local/lib/python3.12/site-packages/airflow/example_dags/example_bash_operator.py took 0.112 seconds
[2025-02-03T23:52:56.257+0000] {processor.py:186} INFO - Started process (PID=647) to work on /home/airflow/.local/lib/python3.12/site-packages/airflow/example_dags/example_bash_operator.py
[2025-02-03T23:52:56.258+0000] {processor.py:914} INFO - Processing file /home/airflow/.local/lib/python3.12/site-packages/airflow/example_dags/example_bash_operator.py for tasks to queue
[2025-02-03T23:52:56.262+0000] {logging_mixin.py:190} INFO - [2025-02-03T23:52:56.261+0000] {dagbag.py:588} INFO - Filling up the DagBag from /home/airflow/.local/lib/python3.12/site-packages/airflow/example_dags/example_bash_operator.py
[2025-02-03T23:52:56.277+0000] {processor.py:925} INFO - DAG(s) 'example_bash_operator' retrieved from /home/airflow/.local/lib/python3.12/site-packages/airflow/example_dags/example_bash_operator.py
[2025-02-03T23:52:56.309+0000] {logging_mixin.py:190} INFO - [2025-02-03T23:52:56.309+0000] {dag.py:3239} INFO - Sync 1 DAGs
[2025-02-03T23:52:56.337+0000] {logging_mixin.py:190} INFO - [2025-02-03T23:52:56.337+0000] {dag.py:4180} INFO - Setting next_dagrun for example_bash_operator to 2025-02-02 00:00:00+00:00, run_after=2025-02-03 00:00:00+00:00
[2025-02-03T23:52:56.363+0000] {processor.py:208} INFO - Processing /home/airflow/.local/lib/python3.12/site-packages/airflow/example_dags/example_bash_operator.py took 0.113 seconds
[2025-02-03T23:53:27.749+0000] {processor.py:186} INFO - Started process (PID=710) to work on /home/airflow/.local/lib/python3.12/site-packages/airflow/example_dags/example_bash_operator.py
[2025-02-03T23:53:27.750+0000] {processor.py:914} INFO - Processing file /home/airflow/.local/lib/python3.12/site-packages/airflow/example_dags/example_bash_operator.py for tasks to queue
[2025-02-03T23:53:27.753+0000] {logging_mixin.py:190} INFO - [2025-02-03T23:53:27.753+0000] {dagbag.py:588} INFO - Filling up the DagBag from /home/airflow/.local/lib/python3.12/site-packages/airflow/example_dags/example_bash_operator.py
[2025-02-03T23:53:27.769+0000] {processor.py:925} INFO - DAG(s) 'example_bash_operator' retrieved from /home/airflow/.local/lib/python3.12/site-packages/airflow/example_dags/example_bash_operator.py
[2025-02-03T23:53:27.804+0000] {logging_mixin.py:190} INFO - [2025-02-03T23:53:27.804+0000] {dag.py:3239} INFO - Sync 1 DAGs
[2025-02-03T23:53:27.834+0000] {logging_mixin.py:190} INFO - [2025-02-03T23:53:27.834+0000] {dag.py:4180} INFO - Setting next_dagrun for example_bash_operator to 2025-02-02 00:00:00+00:00, run_after=2025-02-03 00:00:00+00:00
[2025-02-03T23:53:27.856+0000] {processor.py:208} INFO - Processing /home/airflow/.local/lib/python3.12/site-packages/airflow/example_dags/example_bash_operator.py took 0.116 seconds
[2025-02-03T23:53:58.912+0000] {processor.py:186} INFO - Started process (PID=773) to work on /home/airflow/.local/lib/python3.12/site-packages/airflow/example_dags/example_bash_operator.py
[2025-02-03T23:53:58.914+0000] {processor.py:914} INFO - Processing file /home/airflow/.local/lib/python3.12/site-packages/airflow/example_dags/example_bash_operator.py for tasks to queue
[2025-02-03T23:53:58.917+0000] {logging_mixin.py:190} INFO - [2025-02-03T23:53:58.916+0000] {dagbag.py:588} INFO - Filling up the DagBag from /home/airflow/.local/lib/python3.12/site-packages/airflow/example_dags/example_bash_operator.py
[2025-02-03T23:53:58.933+0000] {processor.py:925} INFO - DAG(s) 'example_bash_operator' retrieved from /home/airflow/.local/lib/python3.12/site-packages/airflow/example_dags/example_bash_operator.py
[2025-02-03T23:53:58.966+0000] {logging_mixin.py:190} INFO - [2025-02-03T23:53:58.966+0000] {dag.py:3239} INFO - Sync 1 DAGs
[2025-02-03T23:53:58.994+0000] {logging_mixin.py:190} INFO - [2025-02-03T23:53:58.994+0000] {dag.py:4180} INFO - Setting next_dagrun for example_bash_operator to 2025-02-02 00:00:00+00:00, run_after=2025-02-03 00:00:00+00:00
[2025-02-03T23:53:59.016+0000] {processor.py:208} INFO - Processing /home/airflow/.local/lib/python3.12/site-packages/airflow/example_dags/example_bash_operator.py took 0.111 seconds
[2025-02-03T23:54:30.256+0000] {processor.py:186} INFO - Started process (PID=836) to work on /home/airflow/.local/lib/python3.12/site-packages/airflow/example_dags/example_bash_operator.py
[2025-02-03T23:54:30.258+0000] {processor.py:914} INFO - Processing file /home/airflow/.local/lib/python3.12/site-packages/airflow/example_dags/example_bash_operator.py for tasks to queue
[2025-02-03T23:54:30.261+0000] {logging_mixin.py:190} INFO - [2025-02-03T23:54:30.260+0000] {dagbag.py:588} INFO - Filling up the DagBag from /home/airflow/.local/lib/python3.12/site-packages/airflow/example_dags/example_bash_operator.py
[2025-02-03T23:54:30.276+0000] {processor.py:925} INFO - DAG(s) 'example_bash_operator' retrieved from /home/airflow/.local/lib/python3.12/site-packages/airflow/example_dags/example_bash_operator.py
[2025-02-03T23:54:30.310+0000] {logging_mixin.py:190} INFO - [2025-02-03T23:54:30.309+0000] {dag.py:3239} INFO - Sync 1 DAGs
[2025-02-03T23:54:30.341+0000] {logging_mixin.py:190} INFO - [2025-02-03T23:54:30.340+0000] {dag.py:4180} INFO - Setting next_dagrun for example_bash_operator to 2025-02-02 00:00:00+00:00, run_after=2025-02-03 00:00:00+00:00
[2025-02-03T23:54:30.362+0000] {processor.py:208} INFO - Processing /home/airflow/.local/lib/python3.12/site-packages/airflow/example_dags/example_bash_operator.py took 0.113 seconds
[2025-02-03T23:55:02.168+0000] {processor.py:186} INFO - Started process (PID=899) to work on /home/airflow/.local/lib/python3.12/site-packages/airflow/example_dags/example_bash_operator.py
[2025-02-03T23:55:02.169+0000] {processor.py:914} INFO - Processing file /home/airflow/.local/lib/python3.12/site-packages/airflow/example_dags/example_bash_operator.py for tasks to queue
[2025-02-03T23:55:02.173+0000] {logging_mixin.py:190} INFO - [2025-02-03T23:55:02.172+0000] {dagbag.py:588} INFO - Filling up the DagBag from /home/airflow/.local/lib/python3.12/site-packages/airflow/example_dags/example_bash_operator.py
[2025-02-03T23:55:02.190+0000] {processor.py:925} INFO - DAG(s) 'example_bash_operator' retrieved from /home/airflow/.local/lib/python3.12/site-packages/airflow/example_dags/example_bash_operator.py
[2025-02-03T23:55:02.228+0000] {logging_mixin.py:190} INFO - [2025-02-03T23:55:02.227+0000] {dag.py:3239} INFO - Sync 1 DAGs
[2025-02-03T23:55:02.271+0000] {logging_mixin.py:190} INFO - [2025-02-03T23:55:02.271+0000] {dag.py:4180} INFO - Setting next_dagrun for example_bash_operator to 2025-02-02 00:00:00+00:00, run_after=2025-02-03 00:00:00+00:00
[2025-02-03T23:55:02.306+0000] {processor.py:208} INFO - Processing /home/airflow/.local/lib/python3.12/site-packages/airflow/example_dags/example_bash_operator.py took 0.147 seconds
[2025-02-03T23:55:33.347+0000] {processor.py:186} INFO - Started process (PID=962) to work on /home/airflow/.local/lib/python3.12/site-packages/airflow/example_dags/example_bash_operator.py
[2025-02-03T23:55:33.348+0000] {processor.py:914} INFO - Processing file /home/airflow/.local/lib/python3.12/site-packages/airflow/example_dags/example_bash_operator.py for tasks to queue
[2025-02-03T23:55:33.351+0000] {logging_mixin.py:190} INFO - [2025-02-03T23:55:33.351+0000] {dagbag.py:588} INFO - Filling up the DagBag from /home/airflow/.local/lib/python3.12/site-packages/airflow/example_dags/example_bash_operator.py
[2025-02-03T23:55:33.368+0000] {processor.py:925} INFO - DAG(s) 'example_bash_operator' retrieved from /home/airflow/.local/lib/python3.12/site-packages/airflow/example_dags/example_bash_operator.py
[2025-02-03T23:55:33.400+0000] {logging_mixin.py:190} INFO - [2025-02-03T23:55:33.400+0000] {dag.py:3239} INFO - Sync 1 DAGs
[2025-02-03T23:55:33.431+0000] {logging_mixin.py:190} INFO - [2025-02-03T23:55:33.430+0000] {dag.py:4180} INFO - Setting next_dagrun for example_bash_operator to 2025-02-02 00:00:00+00:00, run_after=2025-02-03 00:00:00+00:00
[2025-02-03T23:55:33.455+0000] {processor.py:208} INFO - Processing /home/airflow/.local/lib/python3.12/site-packages/airflow/example_dags/example_bash_operator.py took 0.116 seconds
[2025-02-03T23:56:04.543+0000] {processor.py:186} INFO - Started process (PID=1025) to work on /home/airflow/.local/lib/python3.12/site-packages/airflow/example_dags/example_bash_operator.py
[2025-02-03T23:56:04.544+0000] {processor.py:914} INFO - Processing file /home/airflow/.local/lib/python3.12/site-packages/airflow/example_dags/example_bash_operator.py for tasks to queue
[2025-02-03T23:56:04.547+0000] {logging_mixin.py:190} INFO - [2025-02-03T23:56:04.547+0000] {dagbag.py:588} INFO - Filling up the DagBag from /home/airflow/.local/lib/python3.12/site-packages/airflow/example_dags/example_bash_operator.py
[2025-02-03T23:56:04.565+0000] {processor.py:925} INFO - DAG(s) 'example_bash_operator' retrieved from /home/airflow/.local/lib/python3.12/site-packages/airflow/example_dags/example_bash_operator.py
[2025-02-03T23:56:04.629+0000] {logging_mixin.py:190} INFO - [2025-02-03T23:56:04.629+0000] {dag.py:3239} INFO - Sync 1 DAGs
[2025-02-03T23:56:04.660+0000] {logging_mixin.py:190} INFO - [2025-02-03T23:56:04.659+0000] {dag.py:4180} INFO - Setting next_dagrun for example_bash_operator to 2025-02-02 00:00:00+00:00, run_after=2025-02-03 00:00:00+00:00
[2025-02-03T23:56:04.685+0000] {processor.py:208} INFO - Processing /home/airflow/.local/lib/python3.12/site-packages/airflow/example_dags/example_bash_operator.py took 0.152 seconds
[2025-02-03T23:56:35.994+0000] {processor.py:186} INFO - Started process (PID=1088) to work on /home/airflow/.local/lib/python3.12/site-packages/airflow/example_dags/example_bash_operator.py
[2025-02-03T23:56:35.995+0000] {processor.py:914} INFO - Processing file /home/airflow/.local/lib/python3.12/site-packages/airflow/example_dags/example_bash_operator.py for tasks to queue
[2025-02-03T23:56:35.998+0000] {logging_mixin.py:190} INFO - [2025-02-03T23:56:35.998+0000] {dagbag.py:588} INFO - Filling up the DagBag from /home/airflow/.local/lib/python3.12/site-packages/airflow/example_dags/example_bash_operator.py
[2025-02-03T23:56:36.015+0000] {processor.py:925} INFO - DAG(s) 'example_bash_operator' retrieved from /home/airflow/.local/lib/python3.12/site-packages/airflow/example_dags/example_bash_operator.py
[2025-02-03T23:56:36.047+0000] {logging_mixin.py:190} INFO - [2025-02-03T23:56:36.046+0000] {dag.py:3239} INFO - Sync 1 DAGs
[2025-02-03T23:56:36.075+0000] {logging_mixin.py:190} INFO - [2025-02-03T23:56:36.074+0000] {dag.py:4180} INFO - Setting next_dagrun for example_bash_operator to 2025-02-02 00:00:00+00:00, run_after=2025-02-03 00:00:00+00:00
[2025-02-03T23:56:36.096+0000] {processor.py:208} INFO - Processing /home/airflow/.local/lib/python3.12/site-packages/airflow/example_dags/example_bash_operator.py took 0.109 seconds
[2025-02-03T23:57:07.444+0000] {processor.py:186} INFO - Started process (PID=1151) to work on /home/airflow/.local/lib/python3.12/site-packages/airflow/example_dags/example_bash_operator.py
[2025-02-03T23:57:07.445+0000] {processor.py:914} INFO - Processing file /home/airflow/.local/lib/python3.12/site-packages/airflow/example_dags/example_bash_operator.py for tasks to queue
[2025-02-03T23:57:07.449+0000] {logging_mixin.py:190} INFO - [2025-02-03T23:57:07.448+0000] {dagbag.py:588} INFO - Filling up the DagBag from /home/airflow/.local/lib/python3.12/site-packages/airflow/example_dags/example_bash_operator.py
[2025-02-03T23:57:07.465+0000] {processor.py:925} INFO - DAG(s) 'example_bash_operator' retrieved from /home/airflow/.local/lib/python3.12/site-packages/airflow/example_dags/example_bash_operator.py
[2025-02-03T23:57:07.506+0000] {logging_mixin.py:190} INFO - [2025-02-03T23:57:07.505+0000] {dag.py:3239} INFO - Sync 1 DAGs
[2025-02-03T23:57:07.546+0000] {logging_mixin.py:190} INFO - [2025-02-03T23:57:07.546+0000] {dag.py:4180} INFO - Setting next_dagrun for example_bash_operator to 2025-02-02 00:00:00+00:00, run_after=2025-02-03 00:00:00+00:00
[2025-02-03T23:57:07.567+0000] {processor.py:208} INFO - Processing /home/airflow/.local/lib/python3.12/site-packages/airflow/example_dags/example_bash_operator.py took 0.131 seconds
[2025-02-03T23:57:38.434+0000] {processor.py:186} INFO - Started process (PID=1214) to work on /home/airflow/.local/lib/python3.12/site-packages/airflow/example_dags/example_bash_operator.py
[2025-02-03T23:57:38.435+0000] {processor.py:914} INFO - Processing file /home/airflow/.local/lib/python3.12/site-packages/airflow/example_dags/example_bash_operator.py for tasks to queue
[2025-02-03T23:57:38.438+0000] {logging_mixin.py:190} INFO - [2025-02-03T23:57:38.438+0000] {dagbag.py:588} INFO - Filling up the DagBag from /home/airflow/.local/lib/python3.12/site-packages/airflow/example_dags/example_bash_operator.py
[2025-02-03T23:57:38.454+0000] {processor.py:925} INFO - DAG(s) 'example_bash_operator' retrieved from /home/airflow/.local/lib/python3.12/site-packages/airflow/example_dags/example_bash_operator.py
[2025-02-03T23:57:38.494+0000] {logging_mixin.py:190} INFO - [2025-02-03T23:57:38.493+0000] {dag.py:3239} INFO - Sync 1 DAGs
[2025-02-03T23:57:38.524+0000] {logging_mixin.py:190} INFO - [2025-02-03T23:57:38.523+0000] {dag.py:4180} INFO - Setting next_dagrun for example_bash_operator to 2025-02-02 00:00:00+00:00, run_after=2025-02-03 00:00:00+00:00
[2025-02-03T23:57:38.545+0000] {processor.py:208} INFO - Processing /home/airflow/.local/lib/python3.12/site-packages/airflow/example_dags/example_bash_operator.py took 0.118 seconds
[2025-02-03T23:58:09.641+0000] {processor.py:186} INFO - Started process (PID=1277) to work on /home/airflow/.local/lib/python3.12/site-packages/airflow/example_dags/example_bash_operator.py
[2025-02-03T23:58:09.642+0000] {processor.py:914} INFO - Processing file /home/airflow/.local/lib/python3.12/site-packages/airflow/example_dags/example_bash_operator.py for tasks to queue
[2025-02-03T23:58:09.646+0000] {logging_mixin.py:190} INFO - [2025-02-03T23:58:09.645+0000] {dagbag.py:588} INFO - Filling up the DagBag from /home/airflow/.local/lib/python3.12/site-packages/airflow/example_dags/example_bash_operator.py
[2025-02-03T23:58:09.663+0000] {processor.py:925} INFO - DAG(s) 'example_bash_operator' retrieved from /home/airflow/.local/lib/python3.12/site-packages/airflow/example_dags/example_bash_operator.py
[2025-02-03T23:58:09.695+0000] {logging_mixin.py:190} INFO - [2025-02-03T23:58:09.695+0000] {dag.py:3239} INFO - Sync 1 DAGs
[2025-02-03T23:58:09.724+0000] {logging_mixin.py:190} INFO - [2025-02-03T23:58:09.723+0000] {dag.py:4180} INFO - Setting next_dagrun for example_bash_operator to 2025-02-02 00:00:00+00:00, run_after=2025-02-03 00:00:00+00:00
[2025-02-03T23:58:09.745+0000] {processor.py:208} INFO - Processing /home/airflow/.local/lib/python3.12/site-packages/airflow/example_dags/example_bash_operator.py took 0.113 seconds
[2025-02-03T23:58:40.630+0000] {processor.py:186} INFO - Started process (PID=1340) to work on /home/airflow/.local/lib/python3.12/site-packages/airflow/example_dags/example_bash_operator.py
[2025-02-03T23:58:40.631+0000] {processor.py:914} INFO - Processing file /home/airflow/.local/lib/python3.12/site-packages/airflow/example_dags/example_bash_operator.py for tasks to queue
[2025-02-03T23:58:40.634+0000] {logging_mixin.py:190} INFO - [2025-02-03T23:58:40.634+0000] {dagbag.py:588} INFO - Filling up the DagBag from /home/airflow/.local/lib/python3.12/site-packages/airflow/example_dags/example_bash_operator.py
[2025-02-03T23:58:40.651+0000] {processor.py:925} INFO - DAG(s) 'example_bash_operator' retrieved from /home/airflow/.local/lib/python3.12/site-packages/airflow/example_dags/example_bash_operator.py
[2025-02-03T23:58:40.687+0000] {logging_mixin.py:190} INFO - [2025-02-03T23:58:40.687+0000] {dag.py:3239} INFO - Sync 1 DAGs
[2025-02-03T23:58:40.718+0000] {logging_mixin.py:190} INFO - [2025-02-03T23:58:40.717+0000] {dag.py:4180} INFO - Setting next_dagrun for example_bash_operator to 2025-02-02 00:00:00+00:00, run_after=2025-02-03 00:00:00+00:00
[2025-02-03T23:58:40.738+0000] {processor.py:208} INFO - Processing /home/airflow/.local/lib/python3.12/site-packages/airflow/example_dags/example_bash_operator.py took 0.117 seconds
[2025-02-03T23:59:11.553+0000] {processor.py:186} INFO - Started process (PID=1403) to work on /home/airflow/.local/lib/python3.12/site-packages/airflow/example_dags/example_bash_operator.py
[2025-02-03T23:59:11.554+0000] {processor.py:914} INFO - Processing file /home/airflow/.local/lib/python3.12/site-packages/airflow/example_dags/example_bash_operator.py for tasks to queue
[2025-02-03T23:59:11.557+0000] {logging_mixin.py:190} INFO - [2025-02-03T23:59:11.557+0000] {dagbag.py:588} INFO - Filling up the DagBag from /home/airflow/.local/lib/python3.12/site-packages/airflow/example_dags/example_bash_operator.py
[2025-02-03T23:59:11.573+0000] {processor.py:925} INFO - DAG(s) 'example_bash_operator' retrieved from /home/airflow/.local/lib/python3.12/site-packages/airflow/example_dags/example_bash_operator.py
[2025-02-03T23:59:11.606+0000] {logging_mixin.py:190} INFO - [2025-02-03T23:59:11.606+0000] {dag.py:3239} INFO - Sync 1 DAGs
[2025-02-03T23:59:11.635+0000] {logging_mixin.py:190} INFO - [2025-02-03T23:59:11.635+0000] {dag.py:4180} INFO - Setting next_dagrun for example_bash_operator to 2025-02-02 00:00:00+00:00, run_after=2025-02-03 00:00:00+00:00
[2025-02-03T23:59:11.656+0000] {processor.py:208} INFO - Processing /home/airflow/.local/lib/python3.12/site-packages/airflow/example_dags/example_bash_operator.py took 0.110 seconds
[2025-02-03T23:59:42.448+0000] {processor.py:186} INFO - Started process (PID=1466) to work on /home/airflow/.local/lib/python3.12/site-packages/airflow/example_dags/example_bash_operator.py
[2025-02-03T23:59:42.449+0000] {processor.py:914} INFO - Processing file /home/airflow/.local/lib/python3.12/site-packages/airflow/example_dags/example_bash_operator.py for tasks to queue
[2025-02-03T23:59:42.452+0000] {logging_mixin.py:190} INFO - [2025-02-03T23:59:42.452+0000] {dagbag.py:588} INFO - Filling up the DagBag from /home/airflow/.local/lib/python3.12/site-packages/airflow/example_dags/example_bash_operator.py
[2025-02-03T23:59:42.469+0000] {processor.py:925} INFO - DAG(s) 'example_bash_operator' retrieved from /home/airflow/.local/lib/python3.12/site-packages/airflow/example_dags/example_bash_operator.py
[2025-02-03T23:59:42.505+0000] {logging_mixin.py:190} INFO - [2025-02-03T23:59:42.505+0000] {dag.py:3239} INFO - Sync 1 DAGs
[2025-02-03T23:59:42.538+0000] {logging_mixin.py:190} INFO - [2025-02-03T23:59:42.538+0000] {dag.py:4180} INFO - Setting next_dagrun for example_bash_operator to 2025-02-02 00:00:00+00:00, run_after=2025-02-03 00:00:00+00:00
[2025-02-03T23:59:42.562+0000] {processor.py:208} INFO - Processing /home/airflow/.local/lib/python3.12/site-packages/airflow/example_dags/example_bash_operator.py took 0.120 seconds
