[2025-02-03T10:52:17.169+0000] {processor.py:186} INFO - Started process (PID=117) to work on /home/airflow/.local/lib/python3.12/site-packages/airflow/example_dags/example_xcom.py
[2025-02-03T10:52:17.171+0000] {processor.py:914} INFO - Processing file /home/airflow/.local/lib/python3.12/site-packages/airflow/example_dags/example_xcom.py for tasks to queue
[2025-02-03T10:52:17.174+0000] {logging_mixin.py:190} INFO - [2025-02-03T10:52:17.174+0000] {dagbag.py:588} INFO - Filling up the DagBag from /home/airflow/.local/lib/python3.12/site-packages/airflow/example_dags/example_xcom.py
[2025-02-03T10:52:17.189+0000] {processor.py:925} INFO - DAG(s) 'example_xcom' retrieved from /home/airflow/.local/lib/python3.12/site-packages/airflow/example_dags/example_xcom.py
[2025-02-03T10:52:17.340+0000] {logging_mixin.py:190} INFO - [2025-02-03T10:52:17.338+0000] {override.py:1911} INFO - Created Permission View: can read on DAG:example_xcom
[2025-02-03T10:52:17.355+0000] {logging_mixin.py:190} INFO - [2025-02-03T10:52:17.354+0000] {override.py:1911} INFO - Created Permission View: can edit on DAG:example_xcom
[2025-02-03T10:52:17.365+0000] {logging_mixin.py:190} INFO - [2025-02-03T10:52:17.365+0000] {override.py:1911} INFO - Created Permission View: can delete on DAG:example_xcom
[2025-02-03T10:52:17.378+0000] {logging_mixin.py:190} INFO - [2025-02-03T10:52:17.377+0000] {override.py:1911} INFO - Created Permission View: can read on DAG Run:example_xcom
[2025-02-03T10:52:17.387+0000] {logging_mixin.py:190} INFO - [2025-02-03T10:52:17.387+0000] {override.py:1911} INFO - Created Permission View: can create on DAG Run:example_xcom
[2025-02-03T10:52:17.399+0000] {logging_mixin.py:190} INFO - [2025-02-03T10:52:17.399+0000] {override.py:1911} INFO - Created Permission View: menu access on DAG Run:example_xcom
[2025-02-03T10:52:17.410+0000] {logging_mixin.py:190} INFO - [2025-02-03T10:52:17.409+0000] {override.py:1911} INFO - Created Permission View: can delete on DAG Run:example_xcom
[2025-02-03T10:52:17.410+0000] {logging_mixin.py:190} INFO - [2025-02-03T10:52:17.410+0000] {dag.py:3239} INFO - Sync 1 DAGs
[2025-02-03T10:52:17.428+0000] {logging_mixin.py:190} INFO - [2025-02-03T10:52:17.428+0000] {dag.py:3262} INFO - Creating ORM DAG for example_xcom
[2025-02-03T10:52:17.441+0000] {logging_mixin.py:190} INFO - [2025-02-03T10:52:17.441+0000] {dag.py:4180} INFO - Setting next_dagrun for example_xcom to 2021-01-01 00:00:00+00:00, run_after=2021-01-01 00:00:00+00:00
[2025-02-03T10:52:17.464+0000] {processor.py:208} INFO - Processing /home/airflow/.local/lib/python3.12/site-packages/airflow/example_dags/example_xcom.py took 0.304 seconds
[2025-02-03T10:52:48.272+0000] {processor.py:186} INFO - Started process (PID=180) to work on /home/airflow/.local/lib/python3.12/site-packages/airflow/example_dags/example_xcom.py
[2025-02-03T10:52:48.274+0000] {processor.py:914} INFO - Processing file /home/airflow/.local/lib/python3.12/site-packages/airflow/example_dags/example_xcom.py for tasks to queue
[2025-02-03T10:52:48.278+0000] {logging_mixin.py:190} INFO - [2025-02-03T10:52:48.278+0000] {dagbag.py:588} INFO - Filling up the DagBag from /home/airflow/.local/lib/python3.12/site-packages/airflow/example_dags/example_xcom.py
[2025-02-03T10:52:48.294+0000] {processor.py:925} INFO - DAG(s) 'example_xcom' retrieved from /home/airflow/.local/lib/python3.12/site-packages/airflow/example_dags/example_xcom.py
[2025-02-03T10:52:48.329+0000] {logging_mixin.py:190} INFO - [2025-02-03T10:52:48.329+0000] {dag.py:3239} INFO - Sync 1 DAGs
[2025-02-03T10:52:48.370+0000] {logging_mixin.py:190} INFO - [2025-02-03T10:52:48.370+0000] {dag.py:4180} INFO - Setting next_dagrun for example_xcom to 2021-01-01 00:00:00+00:00, run_after=2021-01-01 00:00:00+00:00
[2025-02-03T10:52:48.413+0000] {processor.py:208} INFO - Processing /home/airflow/.local/lib/python3.12/site-packages/airflow/example_dags/example_xcom.py took 0.151 seconds
[2025-02-03T10:53:18.723+0000] {processor.py:186} INFO - Started process (PID=243) to work on /home/airflow/.local/lib/python3.12/site-packages/airflow/example_dags/example_xcom.py
[2025-02-03T10:53:18.725+0000] {processor.py:914} INFO - Processing file /home/airflow/.local/lib/python3.12/site-packages/airflow/example_dags/example_xcom.py for tasks to queue
[2025-02-03T10:53:18.728+0000] {logging_mixin.py:190} INFO - [2025-02-03T10:53:18.728+0000] {dagbag.py:588} INFO - Filling up the DagBag from /home/airflow/.local/lib/python3.12/site-packages/airflow/example_dags/example_xcom.py
[2025-02-03T10:53:18.741+0000] {processor.py:925} INFO - DAG(s) 'example_xcom' retrieved from /home/airflow/.local/lib/python3.12/site-packages/airflow/example_dags/example_xcom.py
[2025-02-03T10:53:18.771+0000] {logging_mixin.py:190} INFO - [2025-02-03T10:53:18.770+0000] {dag.py:3239} INFO - Sync 1 DAGs
[2025-02-03T10:53:18.802+0000] {logging_mixin.py:190} INFO - [2025-02-03T10:53:18.802+0000] {dag.py:4180} INFO - Setting next_dagrun for example_xcom to 2021-01-01 00:00:00+00:00, run_after=2021-01-01 00:00:00+00:00
[2025-02-03T10:53:18.828+0000] {processor.py:208} INFO - Processing /home/airflow/.local/lib/python3.12/site-packages/airflow/example_dags/example_xcom.py took 0.113 seconds
[2025-02-03T23:48:16.210+0000] {processor.py:186} INFO - Started process (PID=115) to work on /home/airflow/.local/lib/python3.12/site-packages/airflow/example_dags/example_xcom.py
[2025-02-03T23:48:16.211+0000] {processor.py:914} INFO - Processing file /home/airflow/.local/lib/python3.12/site-packages/airflow/example_dags/example_xcom.py for tasks to queue
[2025-02-03T23:48:16.214+0000] {logging_mixin.py:190} INFO - [2025-02-03T23:48:16.214+0000] {dagbag.py:588} INFO - Filling up the DagBag from /home/airflow/.local/lib/python3.12/site-packages/airflow/example_dags/example_xcom.py
[2025-02-03T23:48:16.226+0000] {processor.py:925} INFO - DAG(s) 'example_xcom' retrieved from /home/airflow/.local/lib/python3.12/site-packages/airflow/example_dags/example_xcom.py
[2025-02-03T23:48:16.255+0000] {logging_mixin.py:190} INFO - [2025-02-03T23:48:16.255+0000] {dag.py:3239} INFO - Sync 1 DAGs
[2025-02-03T23:48:16.286+0000] {logging_mixin.py:190} INFO - [2025-02-03T23:48:16.286+0000] {dag.py:4180} INFO - Setting next_dagrun for example_xcom to 2021-01-01 00:00:00+00:00, run_after=2021-01-01 00:00:00+00:00
[2025-02-03T23:48:16.313+0000] {processor.py:208} INFO - Processing /home/airflow/.local/lib/python3.12/site-packages/airflow/example_dags/example_xcom.py took 0.110 seconds
[2025-02-03T23:48:48.379+0000] {processor.py:186} INFO - Started process (PID=178) to work on /home/airflow/.local/lib/python3.12/site-packages/airflow/example_dags/example_xcom.py
[2025-02-03T23:48:48.401+0000] {processor.py:914} INFO - Processing file /home/airflow/.local/lib/python3.12/site-packages/airflow/example_dags/example_xcom.py for tasks to queue
[2025-02-03T23:48:48.406+0000] {logging_mixin.py:190} INFO - [2025-02-03T23:48:48.405+0000] {dagbag.py:588} INFO - Filling up the DagBag from /home/airflow/.local/lib/python3.12/site-packages/airflow/example_dags/example_xcom.py
[2025-02-03T23:48:48.424+0000] {processor.py:925} INFO - DAG(s) 'example_xcom' retrieved from /home/airflow/.local/lib/python3.12/site-packages/airflow/example_dags/example_xcom.py
[2025-02-03T23:48:48.460+0000] {logging_mixin.py:190} INFO - [2025-02-03T23:48:48.460+0000] {dag.py:3239} INFO - Sync 1 DAGs
[2025-02-03T23:48:48.496+0000] {logging_mixin.py:190} INFO - [2025-02-03T23:48:48.496+0000] {dag.py:4180} INFO - Setting next_dagrun for example_xcom to 2021-01-01 00:00:00+00:00, run_after=2021-01-01 00:00:00+00:00
[2025-02-03T23:48:48.525+0000] {processor.py:208} INFO - Processing /home/airflow/.local/lib/python3.12/site-packages/airflow/example_dags/example_xcom.py took 0.155 seconds
[2025-02-03T23:49:18.979+0000] {processor.py:186} INFO - Started process (PID=240) to work on /home/airflow/.local/lib/python3.12/site-packages/airflow/example_dags/example_xcom.py
[2025-02-03T23:49:18.980+0000] {processor.py:914} INFO - Processing file /home/airflow/.local/lib/python3.12/site-packages/airflow/example_dags/example_xcom.py for tasks to queue
[2025-02-03T23:49:18.983+0000] {logging_mixin.py:190} INFO - [2025-02-03T23:49:18.982+0000] {dagbag.py:588} INFO - Filling up the DagBag from /home/airflow/.local/lib/python3.12/site-packages/airflow/example_dags/example_xcom.py
[2025-02-03T23:49:18.994+0000] {processor.py:925} INFO - DAG(s) 'example_xcom' retrieved from /home/airflow/.local/lib/python3.12/site-packages/airflow/example_dags/example_xcom.py
[2025-02-03T23:49:19.024+0000] {logging_mixin.py:190} INFO - [2025-02-03T23:49:19.023+0000] {dag.py:3239} INFO - Sync 1 DAGs
[2025-02-03T23:49:19.053+0000] {logging_mixin.py:190} INFO - [2025-02-03T23:49:19.053+0000] {dag.py:4180} INFO - Setting next_dagrun for example_xcom to 2021-01-01 00:00:00+00:00, run_after=2021-01-01 00:00:00+00:00
[2025-02-03T23:49:19.075+0000] {processor.py:208} INFO - Processing /home/airflow/.local/lib/python3.12/site-packages/airflow/example_dags/example_xcom.py took 0.103 seconds
[2025-02-03T23:49:49.960+0000] {processor.py:186} INFO - Started process (PID=303) to work on /home/airflow/.local/lib/python3.12/site-packages/airflow/example_dags/example_xcom.py
[2025-02-03T23:49:49.961+0000] {processor.py:914} INFO - Processing file /home/airflow/.local/lib/python3.12/site-packages/airflow/example_dags/example_xcom.py for tasks to queue
[2025-02-03T23:49:49.964+0000] {logging_mixin.py:190} INFO - [2025-02-03T23:49:49.964+0000] {dagbag.py:588} INFO - Filling up the DagBag from /home/airflow/.local/lib/python3.12/site-packages/airflow/example_dags/example_xcom.py
[2025-02-03T23:49:49.976+0000] {processor.py:925} INFO - DAG(s) 'example_xcom' retrieved from /home/airflow/.local/lib/python3.12/site-packages/airflow/example_dags/example_xcom.py
[2025-02-03T23:49:50.004+0000] {logging_mixin.py:190} INFO - [2025-02-03T23:49:50.003+0000] {dag.py:3239} INFO - Sync 1 DAGs
[2025-02-03T23:49:50.033+0000] {logging_mixin.py:190} INFO - [2025-02-03T23:49:50.033+0000] {dag.py:4180} INFO - Setting next_dagrun for example_xcom to 2021-01-01 00:00:00+00:00, run_after=2021-01-01 00:00:00+00:00
[2025-02-03T23:49:50.058+0000] {processor.py:208} INFO - Processing /home/airflow/.local/lib/python3.12/site-packages/airflow/example_dags/example_xcom.py took 0.107 seconds
[2025-02-03T23:50:28.715+0000] {processor.py:186} INFO - Started process (PID=367) to work on /home/airflow/.local/lib/python3.12/site-packages/airflow/example_dags/example_xcom.py
[2025-02-03T23:50:28.717+0000] {processor.py:914} INFO - Processing file /home/airflow/.local/lib/python3.12/site-packages/airflow/example_dags/example_xcom.py for tasks to queue
[2025-02-03T23:50:28.725+0000] {logging_mixin.py:190} INFO - [2025-02-03T23:50:28.724+0000] {dagbag.py:588} INFO - Filling up the DagBag from /home/airflow/.local/lib/python3.12/site-packages/airflow/example_dags/example_xcom.py
[2025-02-03T23:50:28.749+0000] {processor.py:925} INFO - DAG(s) 'example_xcom' retrieved from /home/airflow/.local/lib/python3.12/site-packages/airflow/example_dags/example_xcom.py
[2025-02-03T23:50:28.804+0000] {logging_mixin.py:190} INFO - [2025-02-03T23:50:28.804+0000] {dag.py:3239} INFO - Sync 1 DAGs
[2025-02-03T23:50:28.872+0000] {logging_mixin.py:190} INFO - [2025-02-03T23:50:28.871+0000] {dag.py:4180} INFO - Setting next_dagrun for example_xcom to 2021-01-01 00:00:00+00:00, run_after=2021-01-01 00:00:00+00:00
[2025-02-03T23:50:28.918+0000] {processor.py:208} INFO - Processing /home/airflow/.local/lib/python3.12/site-packages/airflow/example_dags/example_xcom.py took 0.217 seconds
[2025-02-03T23:50:59.407+0000] {processor.py:186} INFO - Started process (PID=430) to work on /home/airflow/.local/lib/python3.12/site-packages/airflow/example_dags/example_xcom.py
[2025-02-03T23:50:59.408+0000] {processor.py:914} INFO - Processing file /home/airflow/.local/lib/python3.12/site-packages/airflow/example_dags/example_xcom.py for tasks to queue
[2025-02-03T23:50:59.412+0000] {logging_mixin.py:190} INFO - [2025-02-03T23:50:59.412+0000] {dagbag.py:588} INFO - Filling up the DagBag from /home/airflow/.local/lib/python3.12/site-packages/airflow/example_dags/example_xcom.py
[2025-02-03T23:50:59.426+0000] {processor.py:925} INFO - DAG(s) 'example_xcom' retrieved from /home/airflow/.local/lib/python3.12/site-packages/airflow/example_dags/example_xcom.py
[2025-02-03T23:50:59.456+0000] {logging_mixin.py:190} INFO - [2025-02-03T23:50:59.456+0000] {dag.py:3239} INFO - Sync 1 DAGs
[2025-02-03T23:50:59.486+0000] {logging_mixin.py:190} INFO - [2025-02-03T23:50:59.486+0000] {dag.py:4180} INFO - Setting next_dagrun for example_xcom to 2021-01-01 00:00:00+00:00, run_after=2021-01-01 00:00:00+00:00
[2025-02-03T23:50:59.509+0000] {processor.py:208} INFO - Processing /home/airflow/.local/lib/python3.12/site-packages/airflow/example_dags/example_xcom.py took 0.112 seconds
[2025-02-03T23:51:29.617+0000] {processor.py:186} INFO - Started process (PID=492) to work on /home/airflow/.local/lib/python3.12/site-packages/airflow/example_dags/example_xcom.py
[2025-02-03T23:51:29.618+0000] {processor.py:914} INFO - Processing file /home/airflow/.local/lib/python3.12/site-packages/airflow/example_dags/example_xcom.py for tasks to queue
[2025-02-03T23:51:29.622+0000] {logging_mixin.py:190} INFO - [2025-02-03T23:51:29.621+0000] {dagbag.py:588} INFO - Filling up the DagBag from /home/airflow/.local/lib/python3.12/site-packages/airflow/example_dags/example_xcom.py
[2025-02-03T23:51:29.633+0000] {processor.py:925} INFO - DAG(s) 'example_xcom' retrieved from /home/airflow/.local/lib/python3.12/site-packages/airflow/example_dags/example_xcom.py
[2025-02-03T23:51:29.656+0000] {logging_mixin.py:190} INFO - [2025-02-03T23:51:29.656+0000] {dag.py:3239} INFO - Sync 1 DAGs
[2025-02-03T23:51:29.683+0000] {logging_mixin.py:190} INFO - [2025-02-03T23:51:29.683+0000] {dag.py:4180} INFO - Setting next_dagrun for example_xcom to 2021-01-01 00:00:00+00:00, run_after=2021-01-01 00:00:00+00:00
[2025-02-03T23:51:29.705+0000] {processor.py:208} INFO - Processing /home/airflow/.local/lib/python3.12/site-packages/airflow/example_dags/example_xcom.py took 0.094 seconds
[2025-02-03T23:52:00.301+0000] {processor.py:186} INFO - Started process (PID=555) to work on /home/airflow/.local/lib/python3.12/site-packages/airflow/example_dags/example_xcom.py
[2025-02-03T23:52:00.302+0000] {processor.py:914} INFO - Processing file /home/airflow/.local/lib/python3.12/site-packages/airflow/example_dags/example_xcom.py for tasks to queue
[2025-02-03T23:52:00.305+0000] {logging_mixin.py:190} INFO - [2025-02-03T23:52:00.304+0000] {dagbag.py:588} INFO - Filling up the DagBag from /home/airflow/.local/lib/python3.12/site-packages/airflow/example_dags/example_xcom.py
[2025-02-03T23:52:00.318+0000] {processor.py:925} INFO - DAG(s) 'example_xcom' retrieved from /home/airflow/.local/lib/python3.12/site-packages/airflow/example_dags/example_xcom.py
[2025-02-03T23:52:00.353+0000] {logging_mixin.py:190} INFO - [2025-02-03T23:52:00.352+0000] {dag.py:3239} INFO - Sync 1 DAGs
[2025-02-03T23:52:00.387+0000] {logging_mixin.py:190} INFO - [2025-02-03T23:52:00.386+0000] {dag.py:4180} INFO - Setting next_dagrun for example_xcom to 2021-01-01 00:00:00+00:00, run_after=2021-01-01 00:00:00+00:00
[2025-02-03T23:52:00.409+0000] {processor.py:208} INFO - Processing /home/airflow/.local/lib/python3.12/site-packages/airflow/example_dags/example_xcom.py took 0.116 seconds
[2025-02-03T23:52:30.632+0000] {processor.py:186} INFO - Started process (PID=617) to work on /home/airflow/.local/lib/python3.12/site-packages/airflow/example_dags/example_xcom.py
[2025-02-03T23:52:30.633+0000] {processor.py:914} INFO - Processing file /home/airflow/.local/lib/python3.12/site-packages/airflow/example_dags/example_xcom.py for tasks to queue
[2025-02-03T23:52:30.636+0000] {logging_mixin.py:190} INFO - [2025-02-03T23:52:30.636+0000] {dagbag.py:588} INFO - Filling up the DagBag from /home/airflow/.local/lib/python3.12/site-packages/airflow/example_dags/example_xcom.py
[2025-02-03T23:52:30.648+0000] {processor.py:925} INFO - DAG(s) 'example_xcom' retrieved from /home/airflow/.local/lib/python3.12/site-packages/airflow/example_dags/example_xcom.py
[2025-02-03T23:52:30.676+0000] {logging_mixin.py:190} INFO - [2025-02-03T23:52:30.676+0000] {dag.py:3239} INFO - Sync 1 DAGs
[2025-02-03T23:52:30.707+0000] {logging_mixin.py:190} INFO - [2025-02-03T23:52:30.707+0000] {dag.py:4180} INFO - Setting next_dagrun for example_xcom to 2021-01-01 00:00:00+00:00, run_after=2021-01-01 00:00:00+00:00
[2025-02-03T23:52:30.728+0000] {processor.py:208} INFO - Processing /home/airflow/.local/lib/python3.12/site-packages/airflow/example_dags/example_xcom.py took 0.104 seconds
[2025-02-03T23:53:01.294+0000] {processor.py:186} INFO - Started process (PID=680) to work on /home/airflow/.local/lib/python3.12/site-packages/airflow/example_dags/example_xcom.py
[2025-02-03T23:53:01.295+0000] {processor.py:914} INFO - Processing file /home/airflow/.local/lib/python3.12/site-packages/airflow/example_dags/example_xcom.py for tasks to queue
[2025-02-03T23:53:01.298+0000] {logging_mixin.py:190} INFO - [2025-02-03T23:53:01.298+0000] {dagbag.py:588} INFO - Filling up the DagBag from /home/airflow/.local/lib/python3.12/site-packages/airflow/example_dags/example_xcom.py
[2025-02-03T23:53:01.310+0000] {processor.py:925} INFO - DAG(s) 'example_xcom' retrieved from /home/airflow/.local/lib/python3.12/site-packages/airflow/example_dags/example_xcom.py
[2025-02-03T23:53:01.336+0000] {logging_mixin.py:190} INFO - [2025-02-03T23:53:01.335+0000] {dag.py:3239} INFO - Sync 1 DAGs
[2025-02-03T23:53:01.367+0000] {logging_mixin.py:190} INFO - [2025-02-03T23:53:01.367+0000] {dag.py:4180} INFO - Setting next_dagrun for example_xcom to 2021-01-01 00:00:00+00:00, run_after=2021-01-01 00:00:00+00:00
[2025-02-03T23:53:01.388+0000] {processor.py:208} INFO - Processing /home/airflow/.local/lib/python3.12/site-packages/airflow/example_dags/example_xcom.py took 0.101 seconds
[2025-02-03T23:53:31.740+0000] {processor.py:186} INFO - Started process (PID=743) to work on /home/airflow/.local/lib/python3.12/site-packages/airflow/example_dags/example_xcom.py
[2025-02-03T23:53:31.741+0000] {processor.py:914} INFO - Processing file /home/airflow/.local/lib/python3.12/site-packages/airflow/example_dags/example_xcom.py for tasks to queue
[2025-02-03T23:53:31.747+0000] {logging_mixin.py:190} INFO - [2025-02-03T23:53:31.746+0000] {dagbag.py:588} INFO - Filling up the DagBag from /home/airflow/.local/lib/python3.12/site-packages/airflow/example_dags/example_xcom.py
[2025-02-03T23:53:31.767+0000] {processor.py:925} INFO - DAG(s) 'example_xcom' retrieved from /home/airflow/.local/lib/python3.12/site-packages/airflow/example_dags/example_xcom.py
[2025-02-03T23:53:31.811+0000] {logging_mixin.py:190} INFO - [2025-02-03T23:53:31.811+0000] {dag.py:3239} INFO - Sync 1 DAGs
[2025-02-03T23:53:31.848+0000] {logging_mixin.py:190} INFO - [2025-02-03T23:53:31.847+0000] {dag.py:4180} INFO - Setting next_dagrun for example_xcom to 2021-01-01 00:00:00+00:00, run_after=2021-01-01 00:00:00+00:00
[2025-02-03T23:53:31.881+0000] {processor.py:208} INFO - Processing /home/airflow/.local/lib/python3.12/site-packages/airflow/example_dags/example_xcom.py took 0.150 seconds
[2025-02-03T23:54:02.662+0000] {processor.py:186} INFO - Started process (PID=806) to work on /home/airflow/.local/lib/python3.12/site-packages/airflow/example_dags/example_xcom.py
[2025-02-03T23:54:02.663+0000] {processor.py:914} INFO - Processing file /home/airflow/.local/lib/python3.12/site-packages/airflow/example_dags/example_xcom.py for tasks to queue
[2025-02-03T23:54:02.667+0000] {logging_mixin.py:190} INFO - [2025-02-03T23:54:02.666+0000] {dagbag.py:588} INFO - Filling up the DagBag from /home/airflow/.local/lib/python3.12/site-packages/airflow/example_dags/example_xcom.py
[2025-02-03T23:54:02.680+0000] {processor.py:925} INFO - DAG(s) 'example_xcom' retrieved from /home/airflow/.local/lib/python3.12/site-packages/airflow/example_dags/example_xcom.py
[2025-02-03T23:54:02.716+0000] {logging_mixin.py:190} INFO - [2025-02-03T23:54:02.716+0000] {dag.py:3239} INFO - Sync 1 DAGs
[2025-02-03T23:54:02.746+0000] {logging_mixin.py:190} INFO - [2025-02-03T23:54:02.746+0000] {dag.py:4180} INFO - Setting next_dagrun for example_xcom to 2021-01-01 00:00:00+00:00, run_after=2021-01-01 00:00:00+00:00
[2025-02-03T23:54:02.767+0000] {processor.py:208} INFO - Processing /home/airflow/.local/lib/python3.12/site-packages/airflow/example_dags/example_xcom.py took 0.115 seconds
[2025-02-03T23:54:32.987+0000] {processor.py:186} INFO - Started process (PID=869) to work on /home/airflow/.local/lib/python3.12/site-packages/airflow/example_dags/example_xcom.py
[2025-02-03T23:54:32.988+0000] {processor.py:914} INFO - Processing file /home/airflow/.local/lib/python3.12/site-packages/airflow/example_dags/example_xcom.py for tasks to queue
[2025-02-03T23:54:32.991+0000] {logging_mixin.py:190} INFO - [2025-02-03T23:54:32.991+0000] {dagbag.py:588} INFO - Filling up the DagBag from /home/airflow/.local/lib/python3.12/site-packages/airflow/example_dags/example_xcom.py
[2025-02-03T23:54:33.003+0000] {processor.py:925} INFO - DAG(s) 'example_xcom' retrieved from /home/airflow/.local/lib/python3.12/site-packages/airflow/example_dags/example_xcom.py
[2025-02-03T23:54:33.033+0000] {logging_mixin.py:190} INFO - [2025-02-03T23:54:33.032+0000] {dag.py:3239} INFO - Sync 1 DAGs
[2025-02-03T23:54:33.061+0000] {logging_mixin.py:190} INFO - [2025-02-03T23:54:33.061+0000] {dag.py:4180} INFO - Setting next_dagrun for example_xcom to 2021-01-01 00:00:00+00:00, run_after=2021-01-01 00:00:00+00:00
[2025-02-03T23:54:33.084+0000] {processor.py:208} INFO - Processing /home/airflow/.local/lib/python3.12/site-packages/airflow/example_dags/example_xcom.py took 0.103 seconds
[2025-02-03T23:55:05.090+0000] {processor.py:186} INFO - Started process (PID=932) to work on /home/airflow/.local/lib/python3.12/site-packages/airflow/example_dags/example_xcom.py
[2025-02-03T23:55:05.092+0000] {processor.py:914} INFO - Processing file /home/airflow/.local/lib/python3.12/site-packages/airflow/example_dags/example_xcom.py for tasks to queue
[2025-02-03T23:55:05.095+0000] {logging_mixin.py:190} INFO - [2025-02-03T23:55:05.094+0000] {dagbag.py:588} INFO - Filling up the DagBag from /home/airflow/.local/lib/python3.12/site-packages/airflow/example_dags/example_xcom.py
[2025-02-03T23:55:05.108+0000] {processor.py:925} INFO - DAG(s) 'example_xcom' retrieved from /home/airflow/.local/lib/python3.12/site-packages/airflow/example_dags/example_xcom.py
[2025-02-03T23:55:05.136+0000] {logging_mixin.py:190} INFO - [2025-02-03T23:55:05.136+0000] {dag.py:3239} INFO - Sync 1 DAGs
[2025-02-03T23:55:05.167+0000] {logging_mixin.py:190} INFO - [2025-02-03T23:55:05.166+0000] {dag.py:4180} INFO - Setting next_dagrun for example_xcom to 2021-01-01 00:00:00+00:00, run_after=2021-01-01 00:00:00+00:00
[2025-02-03T23:55:05.207+0000] {processor.py:208} INFO - Processing /home/airflow/.local/lib/python3.12/site-packages/airflow/example_dags/example_xcom.py took 0.125 seconds
[2025-02-03T23:55:36.351+0000] {processor.py:186} INFO - Started process (PID=995) to work on /home/airflow/.local/lib/python3.12/site-packages/airflow/example_dags/example_xcom.py
[2025-02-03T23:55:36.352+0000] {processor.py:914} INFO - Processing file /home/airflow/.local/lib/python3.12/site-packages/airflow/example_dags/example_xcom.py for tasks to queue
[2025-02-03T23:55:36.355+0000] {logging_mixin.py:190} INFO - [2025-02-03T23:55:36.355+0000] {dagbag.py:588} INFO - Filling up the DagBag from /home/airflow/.local/lib/python3.12/site-packages/airflow/example_dags/example_xcom.py
[2025-02-03T23:55:36.367+0000] {processor.py:925} INFO - DAG(s) 'example_xcom' retrieved from /home/airflow/.local/lib/python3.12/site-packages/airflow/example_dags/example_xcom.py
[2025-02-03T23:55:36.396+0000] {logging_mixin.py:190} INFO - [2025-02-03T23:55:36.396+0000] {dag.py:3239} INFO - Sync 1 DAGs
[2025-02-03T23:55:36.433+0000] {logging_mixin.py:190} INFO - [2025-02-03T23:55:36.433+0000] {dag.py:4180} INFO - Setting next_dagrun for example_xcom to 2021-01-01 00:00:00+00:00, run_after=2021-01-01 00:00:00+00:00
[2025-02-03T23:55:36.460+0000] {processor.py:208} INFO - Processing /home/airflow/.local/lib/python3.12/site-packages/airflow/example_dags/example_xcom.py took 0.117 seconds
[2025-02-03T23:56:07.614+0000] {processor.py:186} INFO - Started process (PID=1058) to work on /home/airflow/.local/lib/python3.12/site-packages/airflow/example_dags/example_xcom.py
[2025-02-03T23:56:07.616+0000] {processor.py:914} INFO - Processing file /home/airflow/.local/lib/python3.12/site-packages/airflow/example_dags/example_xcom.py for tasks to queue
[2025-02-03T23:56:07.621+0000] {logging_mixin.py:190} INFO - [2025-02-03T23:56:07.620+0000] {dagbag.py:588} INFO - Filling up the DagBag from /home/airflow/.local/lib/python3.12/site-packages/airflow/example_dags/example_xcom.py
[2025-02-03T23:56:07.636+0000] {processor.py:925} INFO - DAG(s) 'example_xcom' retrieved from /home/airflow/.local/lib/python3.12/site-packages/airflow/example_dags/example_xcom.py
[2025-02-03T23:56:07.674+0000] {logging_mixin.py:190} INFO - [2025-02-03T23:56:07.673+0000] {dag.py:3239} INFO - Sync 1 DAGs
[2025-02-03T23:56:07.712+0000] {logging_mixin.py:190} INFO - [2025-02-03T23:56:07.712+0000] {dag.py:4180} INFO - Setting next_dagrun for example_xcom to 2021-01-01 00:00:00+00:00, run_after=2021-01-01 00:00:00+00:00
[2025-02-03T23:56:07.739+0000] {processor.py:208} INFO - Processing /home/airflow/.local/lib/python3.12/site-packages/airflow/example_dags/example_xcom.py took 0.140 seconds
[2025-02-03T23:56:39.079+0000] {processor.py:186} INFO - Started process (PID=1121) to work on /home/airflow/.local/lib/python3.12/site-packages/airflow/example_dags/example_xcom.py
[2025-02-03T23:56:39.080+0000] {processor.py:914} INFO - Processing file /home/airflow/.local/lib/python3.12/site-packages/airflow/example_dags/example_xcom.py for tasks to queue
[2025-02-03T23:56:39.083+0000] {logging_mixin.py:190} INFO - [2025-02-03T23:56:39.082+0000] {dagbag.py:588} INFO - Filling up the DagBag from /home/airflow/.local/lib/python3.12/site-packages/airflow/example_dags/example_xcom.py
[2025-02-03T23:56:39.094+0000] {processor.py:925} INFO - DAG(s) 'example_xcom' retrieved from /home/airflow/.local/lib/python3.12/site-packages/airflow/example_dags/example_xcom.py
[2025-02-03T23:56:39.127+0000] {logging_mixin.py:190} INFO - [2025-02-03T23:56:39.127+0000] {dag.py:3239} INFO - Sync 1 DAGs
[2025-02-03T23:56:39.158+0000] {logging_mixin.py:190} INFO - [2025-02-03T23:56:39.157+0000] {dag.py:4180} INFO - Setting next_dagrun for example_xcom to 2021-01-01 00:00:00+00:00, run_after=2021-01-01 00:00:00+00:00
[2025-02-03T23:56:39.181+0000] {processor.py:208} INFO - Processing /home/airflow/.local/lib/python3.12/site-packages/airflow/example_dags/example_xcom.py took 0.109 seconds
[2025-02-03T23:57:10.760+0000] {processor.py:186} INFO - Started process (PID=1184) to work on /home/airflow/.local/lib/python3.12/site-packages/airflow/example_dags/example_xcom.py
[2025-02-03T23:57:10.761+0000] {processor.py:914} INFO - Processing file /home/airflow/.local/lib/python3.12/site-packages/airflow/example_dags/example_xcom.py for tasks to queue
[2025-02-03T23:57:10.768+0000] {logging_mixin.py:190} INFO - [2025-02-03T23:57:10.767+0000] {dagbag.py:588} INFO - Filling up the DagBag from /home/airflow/.local/lib/python3.12/site-packages/airflow/example_dags/example_xcom.py
[2025-02-03T23:57:10.781+0000] {processor.py:925} INFO - DAG(s) 'example_xcom' retrieved from /home/airflow/.local/lib/python3.12/site-packages/airflow/example_dags/example_xcom.py
[2025-02-03T23:57:10.816+0000] {logging_mixin.py:190} INFO - [2025-02-03T23:57:10.815+0000] {dag.py:3239} INFO - Sync 1 DAGs
[2025-02-03T23:57:10.848+0000] {logging_mixin.py:190} INFO - [2025-02-03T23:57:10.847+0000] {dag.py:4180} INFO - Setting next_dagrun for example_xcom to 2021-01-01 00:00:00+00:00, run_after=2021-01-01 00:00:00+00:00
[2025-02-03T23:57:10.878+0000] {processor.py:208} INFO - Processing /home/airflow/.local/lib/python3.12/site-packages/airflow/example_dags/example_xcom.py took 0.126 seconds
[2025-02-03T23:57:41.475+0000] {processor.py:186} INFO - Started process (PID=1247) to work on /home/airflow/.local/lib/python3.12/site-packages/airflow/example_dags/example_xcom.py
[2025-02-03T23:57:41.476+0000] {processor.py:914} INFO - Processing file /home/airflow/.local/lib/python3.12/site-packages/airflow/example_dags/example_xcom.py for tasks to queue
[2025-02-03T23:57:41.479+0000] {logging_mixin.py:190} INFO - [2025-02-03T23:57:41.479+0000] {dagbag.py:588} INFO - Filling up the DagBag from /home/airflow/.local/lib/python3.12/site-packages/airflow/example_dags/example_xcom.py
[2025-02-03T23:57:41.491+0000] {processor.py:925} INFO - DAG(s) 'example_xcom' retrieved from /home/airflow/.local/lib/python3.12/site-packages/airflow/example_dags/example_xcom.py
[2025-02-03T23:57:41.516+0000] {logging_mixin.py:190} INFO - [2025-02-03T23:57:41.516+0000] {dag.py:3239} INFO - Sync 1 DAGs
[2025-02-03T23:57:41.550+0000] {logging_mixin.py:190} INFO - [2025-02-03T23:57:41.550+0000] {dag.py:4180} INFO - Setting next_dagrun for example_xcom to 2021-01-01 00:00:00+00:00, run_after=2021-01-01 00:00:00+00:00
[2025-02-03T23:57:41.571+0000] {processor.py:208} INFO - Processing /home/airflow/.local/lib/python3.12/site-packages/airflow/example_dags/example_xcom.py took 0.103 seconds
[2025-02-03T23:58:12.400+0000] {processor.py:186} INFO - Started process (PID=1310) to work on /home/airflow/.local/lib/python3.12/site-packages/airflow/example_dags/example_xcom.py
[2025-02-03T23:58:12.401+0000] {processor.py:914} INFO - Processing file /home/airflow/.local/lib/python3.12/site-packages/airflow/example_dags/example_xcom.py for tasks to queue
[2025-02-03T23:58:12.404+0000] {logging_mixin.py:190} INFO - [2025-02-03T23:58:12.404+0000] {dagbag.py:588} INFO - Filling up the DagBag from /home/airflow/.local/lib/python3.12/site-packages/airflow/example_dags/example_xcom.py
[2025-02-03T23:58:12.415+0000] {processor.py:925} INFO - DAG(s) 'example_xcom' retrieved from /home/airflow/.local/lib/python3.12/site-packages/airflow/example_dags/example_xcom.py
[2025-02-03T23:58:12.442+0000] {logging_mixin.py:190} INFO - [2025-02-03T23:58:12.442+0000] {dag.py:3239} INFO - Sync 1 DAGs
[2025-02-03T23:58:12.473+0000] {logging_mixin.py:190} INFO - [2025-02-03T23:58:12.472+0000] {dag.py:4180} INFO - Setting next_dagrun for example_xcom to 2021-01-01 00:00:00+00:00, run_after=2021-01-01 00:00:00+00:00
[2025-02-03T23:58:12.497+0000] {processor.py:208} INFO - Processing /home/airflow/.local/lib/python3.12/site-packages/airflow/example_dags/example_xcom.py took 0.104 seconds
[2025-02-03T23:58:43.480+0000] {processor.py:186} INFO - Started process (PID=1373) to work on /home/airflow/.local/lib/python3.12/site-packages/airflow/example_dags/example_xcom.py
[2025-02-03T23:58:43.482+0000] {processor.py:914} INFO - Processing file /home/airflow/.local/lib/python3.12/site-packages/airflow/example_dags/example_xcom.py for tasks to queue
[2025-02-03T23:58:43.484+0000] {logging_mixin.py:190} INFO - [2025-02-03T23:58:43.484+0000] {dagbag.py:588} INFO - Filling up the DagBag from /home/airflow/.local/lib/python3.12/site-packages/airflow/example_dags/example_xcom.py
[2025-02-03T23:58:43.499+0000] {processor.py:925} INFO - DAG(s) 'example_xcom' retrieved from /home/airflow/.local/lib/python3.12/site-packages/airflow/example_dags/example_xcom.py
[2025-02-03T23:58:43.527+0000] {logging_mixin.py:190} INFO - [2025-02-03T23:58:43.527+0000] {dag.py:3239} INFO - Sync 1 DAGs
[2025-02-03T23:58:43.569+0000] {logging_mixin.py:190} INFO - [2025-02-03T23:58:43.568+0000] {dag.py:4180} INFO - Setting next_dagrun for example_xcom to 2021-01-01 00:00:00+00:00, run_after=2021-01-01 00:00:00+00:00
[2025-02-03T23:58:43.594+0000] {processor.py:208} INFO - Processing /home/airflow/.local/lib/python3.12/site-packages/airflow/example_dags/example_xcom.py took 0.123 seconds
[2025-02-03T23:59:14.191+0000] {processor.py:186} INFO - Started process (PID=1436) to work on /home/airflow/.local/lib/python3.12/site-packages/airflow/example_dags/example_xcom.py
[2025-02-03T23:59:14.192+0000] {processor.py:914} INFO - Processing file /home/airflow/.local/lib/python3.12/site-packages/airflow/example_dags/example_xcom.py for tasks to queue
[2025-02-03T23:59:14.196+0000] {logging_mixin.py:190} INFO - [2025-02-03T23:59:14.195+0000] {dagbag.py:588} INFO - Filling up the DagBag from /home/airflow/.local/lib/python3.12/site-packages/airflow/example_dags/example_xcom.py
[2025-02-03T23:59:14.207+0000] {processor.py:925} INFO - DAG(s) 'example_xcom' retrieved from /home/airflow/.local/lib/python3.12/site-packages/airflow/example_dags/example_xcom.py
[2025-02-03T23:59:14.234+0000] {logging_mixin.py:190} INFO - [2025-02-03T23:59:14.233+0000] {dag.py:3239} INFO - Sync 1 DAGs
[2025-02-03T23:59:14.262+0000] {logging_mixin.py:190} INFO - [2025-02-03T23:59:14.261+0000] {dag.py:4180} INFO - Setting next_dagrun for example_xcom to 2021-01-01 00:00:00+00:00, run_after=2021-01-01 00:00:00+00:00
[2025-02-03T23:59:14.283+0000] {processor.py:208} INFO - Processing /home/airflow/.local/lib/python3.12/site-packages/airflow/example_dags/example_xcom.py took 0.099 seconds
[2025-02-03T23:59:45.782+0000] {processor.py:186} INFO - Started process (PID=1499) to work on /home/airflow/.local/lib/python3.12/site-packages/airflow/example_dags/example_xcom.py
[2025-02-03T23:59:45.783+0000] {processor.py:914} INFO - Processing file /home/airflow/.local/lib/python3.12/site-packages/airflow/example_dags/example_xcom.py for tasks to queue
[2025-02-03T23:59:45.786+0000] {logging_mixin.py:190} INFO - [2025-02-03T23:59:45.786+0000] {dagbag.py:588} INFO - Filling up the DagBag from /home/airflow/.local/lib/python3.12/site-packages/airflow/example_dags/example_xcom.py
[2025-02-03T23:59:45.798+0000] {processor.py:925} INFO - DAG(s) 'example_xcom' retrieved from /home/airflow/.local/lib/python3.12/site-packages/airflow/example_dags/example_xcom.py
[2025-02-03T23:59:45.835+0000] {logging_mixin.py:190} INFO - [2025-02-03T23:59:45.834+0000] {dag.py:3239} INFO - Sync 1 DAGs
[2025-02-03T23:59:45.869+0000] {logging_mixin.py:190} INFO - [2025-02-03T23:59:45.869+0000] {dag.py:4180} INFO - Setting next_dagrun for example_xcom to 2021-01-01 00:00:00+00:00, run_after=2021-01-01 00:00:00+00:00
[2025-02-03T23:59:45.893+0000] {processor.py:208} INFO - Processing /home/airflow/.local/lib/python3.12/site-packages/airflow/example_dags/example_xcom.py took 0.119 seconds
