[2025-02-03T10:52:17.825+0000] {processor.py:186} INFO - Started process (PID=121) to work on /home/airflow/.local/lib/python3.12/site-packages/airflow/example_dags/example_python_operator.py
[2025-02-03T10:52:17.827+0000] {processor.py:914} INFO - Processing file /home/airflow/.local/lib/python3.12/site-packages/airflow/example_dags/example_python_operator.py for tasks to queue
[2025-02-03T10:52:17.830+0000] {logging_mixin.py:190} INFO - [2025-02-03T10:52:17.829+0000] {dagbag.py:588} INFO - Filling up the DagBag from /home/airflow/.local/lib/python3.12/site-packages/airflow/example_dags/example_python_operator.py
[2025-02-03T10:52:17.853+0000] {processor.py:925} INFO - DAG(s) 'example_python_operator' retrieved from /home/airflow/.local/lib/python3.12/site-packages/airflow/example_dags/example_python_operator.py
[2025-02-03T10:52:18.226+0000] {logging_mixin.py:190} INFO - [2025-02-03T10:52:18.224+0000] {override.py:1911} INFO - Created Permission View: can read on DAG:example_python_operator
[2025-02-03T10:52:18.251+0000] {logging_mixin.py:190} INFO - [2025-02-03T10:52:18.250+0000] {override.py:1911} INFO - Created Permission View: can edit on DAG:example_python_operator
[2025-02-03T10:52:18.267+0000] {logging_mixin.py:190} INFO - [2025-02-03T10:52:18.267+0000] {override.py:1911} INFO - Created Permission View: can delete on DAG:example_python_operator
[2025-02-03T10:52:18.290+0000] {logging_mixin.py:190} INFO - [2025-02-03T10:52:18.289+0000] {override.py:1911} INFO - Created Permission View: can read on DAG Run:example_python_operator
[2025-02-03T10:52:18.305+0000] {logging_mixin.py:190} INFO - [2025-02-03T10:52:18.304+0000] {override.py:1911} INFO - Created Permission View: can create on DAG Run:example_python_operator
[2025-02-03T10:52:18.325+0000] {logging_mixin.py:190} INFO - [2025-02-03T10:52:18.324+0000] {override.py:1911} INFO - Created Permission View: menu access on DAG Run:example_python_operator
[2025-02-03T10:52:18.347+0000] {logging_mixin.py:190} INFO - [2025-02-03T10:52:18.347+0000] {override.py:1911} INFO - Created Permission View: can delete on DAG Run:example_python_operator
[2025-02-03T10:52:18.348+0000] {logging_mixin.py:190} INFO - [2025-02-03T10:52:18.348+0000] {dag.py:3239} INFO - Sync 1 DAGs
[2025-02-03T10:52:18.398+0000] {logging_mixin.py:190} INFO - [2025-02-03T10:52:18.397+0000] {dag.py:3262} INFO - Creating ORM DAG for example_python_operator
[2025-02-03T10:52:18.403+0000] {logging_mixin.py:190} INFO - [2025-02-03T10:52:18.403+0000] {dag.py:4180} INFO - Setting next_dagrun for example_python_operator to None, run_after=None
[2025-02-03T10:52:18.466+0000] {processor.py:208} INFO - Processing /home/airflow/.local/lib/python3.12/site-packages/airflow/example_dags/example_python_operator.py took 0.652 seconds
[2025-02-03T10:52:48.618+0000] {processor.py:186} INFO - Started process (PID=184) to work on /home/airflow/.local/lib/python3.12/site-packages/airflow/example_dags/example_python_operator.py
[2025-02-03T10:52:48.621+0000] {processor.py:914} INFO - Processing file /home/airflow/.local/lib/python3.12/site-packages/airflow/example_dags/example_python_operator.py for tasks to queue
[2025-02-03T10:52:48.625+0000] {logging_mixin.py:190} INFO - [2025-02-03T10:52:48.625+0000] {dagbag.py:588} INFO - Filling up the DagBag from /home/airflow/.local/lib/python3.12/site-packages/airflow/example_dags/example_python_operator.py
[2025-02-03T10:52:48.644+0000] {processor.py:925} INFO - DAG(s) 'example_python_operator' retrieved from /home/airflow/.local/lib/python3.12/site-packages/airflow/example_dags/example_python_operator.py
[2025-02-03T10:52:48.682+0000] {logging_mixin.py:190} INFO - [2025-02-03T10:52:48.682+0000] {dag.py:3239} INFO - Sync 1 DAGs
[2025-02-03T10:52:48.699+0000] {logging_mixin.py:190} INFO - [2025-02-03T10:52:48.699+0000] {dag.py:4180} INFO - Setting next_dagrun for example_python_operator to None, run_after=None
[2025-02-03T10:52:48.722+0000] {processor.py:208} INFO - Processing /home/airflow/.local/lib/python3.12/site-packages/airflow/example_dags/example_python_operator.py took 0.112 seconds
[2025-02-03T10:53:19.283+0000] {processor.py:186} INFO - Started process (PID=247) to work on /home/airflow/.local/lib/python3.12/site-packages/airflow/example_dags/example_python_operator.py
[2025-02-03T10:53:19.285+0000] {processor.py:914} INFO - Processing file /home/airflow/.local/lib/python3.12/site-packages/airflow/example_dags/example_python_operator.py for tasks to queue
[2025-02-03T10:53:19.288+0000] {logging_mixin.py:190} INFO - [2025-02-03T10:53:19.288+0000] {dagbag.py:588} INFO - Filling up the DagBag from /home/airflow/.local/lib/python3.12/site-packages/airflow/example_dags/example_python_operator.py
[2025-02-03T10:53:19.305+0000] {processor.py:925} INFO - DAG(s) 'example_python_operator' retrieved from /home/airflow/.local/lib/python3.12/site-packages/airflow/example_dags/example_python_operator.py
[2025-02-03T10:53:19.336+0000] {logging_mixin.py:190} INFO - [2025-02-03T10:53:19.336+0000] {dag.py:3239} INFO - Sync 1 DAGs
[2025-02-03T10:53:19.358+0000] {logging_mixin.py:190} INFO - [2025-02-03T10:53:19.357+0000] {dag.py:4180} INFO - Setting next_dagrun for example_python_operator to None, run_after=None
[2025-02-03T10:53:19.384+0000] {processor.py:208} INFO - Processing /home/airflow/.local/lib/python3.12/site-packages/airflow/example_dags/example_python_operator.py took 0.109 seconds
[2025-02-03T23:48:16.597+0000] {processor.py:186} INFO - Started process (PID=119) to work on /home/airflow/.local/lib/python3.12/site-packages/airflow/example_dags/example_python_operator.py
[2025-02-03T23:48:16.598+0000] {processor.py:914} INFO - Processing file /home/airflow/.local/lib/python3.12/site-packages/airflow/example_dags/example_python_operator.py for tasks to queue
[2025-02-03T23:48:16.600+0000] {logging_mixin.py:190} INFO - [2025-02-03T23:48:16.600+0000] {dagbag.py:588} INFO - Filling up the DagBag from /home/airflow/.local/lib/python3.12/site-packages/airflow/example_dags/example_python_operator.py
[2025-02-03T23:48:16.617+0000] {processor.py:925} INFO - DAG(s) 'example_python_operator' retrieved from /home/airflow/.local/lib/python3.12/site-packages/airflow/example_dags/example_python_operator.py
[2025-02-03T23:48:16.772+0000] {logging_mixin.py:190} INFO - [2025-02-03T23:48:16.772+0000] {dag.py:3239} INFO - Sync 1 DAGs
[2025-02-03T23:48:16.793+0000] {logging_mixin.py:190} INFO - [2025-02-03T23:48:16.793+0000] {dag.py:4180} INFO - Setting next_dagrun for example_python_operator to None, run_after=None
[2025-02-03T23:48:16.822+0000] {processor.py:208} INFO - Processing /home/airflow/.local/lib/python3.12/site-packages/airflow/example_dags/example_python_operator.py took 0.232 seconds
[2025-02-03T23:48:48.899+0000] {processor.py:186} INFO - Started process (PID=182) to work on /home/airflow/.local/lib/python3.12/site-packages/airflow/example_dags/example_python_operator.py
[2025-02-03T23:48:48.901+0000] {processor.py:914} INFO - Processing file /home/airflow/.local/lib/python3.12/site-packages/airflow/example_dags/example_python_operator.py for tasks to queue
[2025-02-03T23:48:48.906+0000] {logging_mixin.py:190} INFO - [2025-02-03T23:48:48.905+0000] {dagbag.py:588} INFO - Filling up the DagBag from /home/airflow/.local/lib/python3.12/site-packages/airflow/example_dags/example_python_operator.py
[2025-02-03T23:48:48.929+0000] {processor.py:925} INFO - DAG(s) 'example_python_operator' retrieved from /home/airflow/.local/lib/python3.12/site-packages/airflow/example_dags/example_python_operator.py
[2025-02-03T23:48:48.973+0000] {logging_mixin.py:190} INFO - [2025-02-03T23:48:48.973+0000] {dag.py:3239} INFO - Sync 1 DAGs
[2025-02-03T23:48:48.998+0000] {logging_mixin.py:190} INFO - [2025-02-03T23:48:48.998+0000] {dag.py:4180} INFO - Setting next_dagrun for example_python_operator to None, run_after=None
[2025-02-03T23:48:49.031+0000] {processor.py:208} INFO - Processing /home/airflow/.local/lib/python3.12/site-packages/airflow/example_dags/example_python_operator.py took 0.143 seconds
[2025-02-03T23:49:19.482+0000] {processor.py:186} INFO - Started process (PID=245) to work on /home/airflow/.local/lib/python3.12/site-packages/airflow/example_dags/example_python_operator.py
[2025-02-03T23:49:19.484+0000] {processor.py:914} INFO - Processing file /home/airflow/.local/lib/python3.12/site-packages/airflow/example_dags/example_python_operator.py for tasks to queue
[2025-02-03T23:49:19.486+0000] {logging_mixin.py:190} INFO - [2025-02-03T23:49:19.486+0000] {dagbag.py:588} INFO - Filling up the DagBag from /home/airflow/.local/lib/python3.12/site-packages/airflow/example_dags/example_python_operator.py
[2025-02-03T23:49:19.502+0000] {processor.py:925} INFO - DAG(s) 'example_python_operator' retrieved from /home/airflow/.local/lib/python3.12/site-packages/airflow/example_dags/example_python_operator.py
[2025-02-03T23:49:19.530+0000] {logging_mixin.py:190} INFO - [2025-02-03T23:49:19.529+0000] {dag.py:3239} INFO - Sync 1 DAGs
[2025-02-03T23:49:19.549+0000] {logging_mixin.py:190} INFO - [2025-02-03T23:49:19.548+0000] {dag.py:4180} INFO - Setting next_dagrun for example_python_operator to None, run_after=None
[2025-02-03T23:49:19.572+0000] {processor.py:208} INFO - Processing /home/airflow/.local/lib/python3.12/site-packages/airflow/example_dags/example_python_operator.py took 0.097 seconds
[2025-02-03T23:49:50.394+0000] {processor.py:186} INFO - Started process (PID=308) to work on /home/airflow/.local/lib/python3.12/site-packages/airflow/example_dags/example_python_operator.py
[2025-02-03T23:49:50.395+0000] {processor.py:914} INFO - Processing file /home/airflow/.local/lib/python3.12/site-packages/airflow/example_dags/example_python_operator.py for tasks to queue
[2025-02-03T23:49:50.399+0000] {logging_mixin.py:190} INFO - [2025-02-03T23:49:50.398+0000] {dagbag.py:588} INFO - Filling up the DagBag from /home/airflow/.local/lib/python3.12/site-packages/airflow/example_dags/example_python_operator.py
[2025-02-03T23:49:50.415+0000] {processor.py:925} INFO - DAG(s) 'example_python_operator' retrieved from /home/airflow/.local/lib/python3.12/site-packages/airflow/example_dags/example_python_operator.py
[2025-02-03T23:49:50.443+0000] {logging_mixin.py:190} INFO - [2025-02-03T23:49:50.442+0000] {dag.py:3239} INFO - Sync 1 DAGs
[2025-02-03T23:49:50.462+0000] {logging_mixin.py:190} INFO - [2025-02-03T23:49:50.461+0000] {dag.py:4180} INFO - Setting next_dagrun for example_python_operator to None, run_after=None
[2025-02-03T23:49:50.483+0000] {processor.py:208} INFO - Processing /home/airflow/.local/lib/python3.12/site-packages/airflow/example_dags/example_python_operator.py took 0.097 seconds
[2025-02-03T23:50:29.265+0000] {processor.py:186} INFO - Started process (PID=371) to work on /home/airflow/.local/lib/python3.12/site-packages/airflow/example_dags/example_python_operator.py
[2025-02-03T23:50:29.267+0000] {processor.py:914} INFO - Processing file /home/airflow/.local/lib/python3.12/site-packages/airflow/example_dags/example_python_operator.py for tasks to queue
[2025-02-03T23:50:29.272+0000] {logging_mixin.py:190} INFO - [2025-02-03T23:50:29.271+0000] {dagbag.py:588} INFO - Filling up the DagBag from /home/airflow/.local/lib/python3.12/site-packages/airflow/example_dags/example_python_operator.py
[2025-02-03T23:50:29.413+0000] {processor.py:925} INFO - DAG(s) 'example_python_operator' retrieved from /home/airflow/.local/lib/python3.12/site-packages/airflow/example_dags/example_python_operator.py
[2025-02-03T23:50:29.471+0000] {logging_mixin.py:190} INFO - [2025-02-03T23:50:29.471+0000] {dag.py:3239} INFO - Sync 1 DAGs
[2025-02-03T23:50:29.500+0000] {logging_mixin.py:190} INFO - [2025-02-03T23:50:29.499+0000] {dag.py:4180} INFO - Setting next_dagrun for example_python_operator to None, run_after=None
[2025-02-03T23:50:29.562+0000] {processor.py:208} INFO - Processing /home/airflow/.local/lib/python3.12/site-packages/airflow/example_dags/example_python_operator.py took 0.310 seconds
[2025-02-03T23:50:59.929+0000] {processor.py:186} INFO - Started process (PID=434) to work on /home/airflow/.local/lib/python3.12/site-packages/airflow/example_dags/example_python_operator.py
[2025-02-03T23:50:59.931+0000] {processor.py:914} INFO - Processing file /home/airflow/.local/lib/python3.12/site-packages/airflow/example_dags/example_python_operator.py for tasks to queue
[2025-02-03T23:50:59.935+0000] {logging_mixin.py:190} INFO - [2025-02-03T23:50:59.935+0000] {dagbag.py:588} INFO - Filling up the DagBag from /home/airflow/.local/lib/python3.12/site-packages/airflow/example_dags/example_python_operator.py
[2025-02-03T23:50:59.952+0000] {processor.py:925} INFO - DAG(s) 'example_python_operator' retrieved from /home/airflow/.local/lib/python3.12/site-packages/airflow/example_dags/example_python_operator.py
[2025-02-03T23:50:59.983+0000] {logging_mixin.py:190} INFO - [2025-02-03T23:50:59.982+0000] {dag.py:3239} INFO - Sync 1 DAGs
[2025-02-03T23:51:00.000+0000] {logging_mixin.py:190} INFO - [2025-02-03T23:50:59.999+0000] {dag.py:4180} INFO - Setting next_dagrun for example_python_operator to None, run_after=None
[2025-02-03T23:51:00.023+0000] {processor.py:208} INFO - Processing /home/airflow/.local/lib/python3.12/site-packages/airflow/example_dags/example_python_operator.py took 0.104 seconds
[2025-02-03T23:51:30.075+0000] {processor.py:186} INFO - Started process (PID=497) to work on /home/airflow/.local/lib/python3.12/site-packages/airflow/example_dags/example_python_operator.py
[2025-02-03T23:51:30.076+0000] {processor.py:914} INFO - Processing file /home/airflow/.local/lib/python3.12/site-packages/airflow/example_dags/example_python_operator.py for tasks to queue
[2025-02-03T23:51:30.083+0000] {logging_mixin.py:190} INFO - [2025-02-03T23:51:30.083+0000] {dagbag.py:588} INFO - Filling up the DagBag from /home/airflow/.local/lib/python3.12/site-packages/airflow/example_dags/example_python_operator.py
[2025-02-03T23:51:30.099+0000] {processor.py:925} INFO - DAG(s) 'example_python_operator' retrieved from /home/airflow/.local/lib/python3.12/site-packages/airflow/example_dags/example_python_operator.py
[2025-02-03T23:51:30.127+0000] {logging_mixin.py:190} INFO - [2025-02-03T23:51:30.127+0000] {dag.py:3239} INFO - Sync 1 DAGs
[2025-02-03T23:51:30.146+0000] {logging_mixin.py:190} INFO - [2025-02-03T23:51:30.146+0000] {dag.py:4180} INFO - Setting next_dagrun for example_python_operator to None, run_after=None
[2025-02-03T23:51:30.169+0000] {processor.py:208} INFO - Processing /home/airflow/.local/lib/python3.12/site-packages/airflow/example_dags/example_python_operator.py took 0.101 seconds
[2025-02-03T23:52:00.842+0000] {processor.py:186} INFO - Started process (PID=559) to work on /home/airflow/.local/lib/python3.12/site-packages/airflow/example_dags/example_python_operator.py
[2025-02-03T23:52:00.844+0000] {processor.py:914} INFO - Processing file /home/airflow/.local/lib/python3.12/site-packages/airflow/example_dags/example_python_operator.py for tasks to queue
[2025-02-03T23:52:00.846+0000] {logging_mixin.py:190} INFO - [2025-02-03T23:52:00.846+0000] {dagbag.py:588} INFO - Filling up the DagBag from /home/airflow/.local/lib/python3.12/site-packages/airflow/example_dags/example_python_operator.py
[2025-02-03T23:52:00.863+0000] {processor.py:925} INFO - DAG(s) 'example_python_operator' retrieved from /home/airflow/.local/lib/python3.12/site-packages/airflow/example_dags/example_python_operator.py
[2025-02-03T23:52:00.893+0000] {logging_mixin.py:190} INFO - [2025-02-03T23:52:00.892+0000] {dag.py:3239} INFO - Sync 1 DAGs
[2025-02-03T23:52:00.911+0000] {logging_mixin.py:190} INFO - [2025-02-03T23:52:00.911+0000] {dag.py:4180} INFO - Setting next_dagrun for example_python_operator to None, run_after=None
[2025-02-03T23:52:00.940+0000] {processor.py:208} INFO - Processing /home/airflow/.local/lib/python3.12/site-packages/airflow/example_dags/example_python_operator.py took 0.105 seconds
[2025-02-03T23:52:31.016+0000] {processor.py:186} INFO - Started process (PID=622) to work on /home/airflow/.local/lib/python3.12/site-packages/airflow/example_dags/example_python_operator.py
[2025-02-03T23:52:31.017+0000] {processor.py:914} INFO - Processing file /home/airflow/.local/lib/python3.12/site-packages/airflow/example_dags/example_python_operator.py for tasks to queue
[2025-02-03T23:52:31.021+0000] {logging_mixin.py:190} INFO - [2025-02-03T23:52:31.021+0000] {dagbag.py:588} INFO - Filling up the DagBag from /home/airflow/.local/lib/python3.12/site-packages/airflow/example_dags/example_python_operator.py
[2025-02-03T23:52:31.036+0000] {processor.py:925} INFO - DAG(s) 'example_python_operator' retrieved from /home/airflow/.local/lib/python3.12/site-packages/airflow/example_dags/example_python_operator.py
[2025-02-03T23:52:31.063+0000] {logging_mixin.py:190} INFO - [2025-02-03T23:52:31.063+0000] {dag.py:3239} INFO - Sync 1 DAGs
[2025-02-03T23:52:31.082+0000] {logging_mixin.py:190} INFO - [2025-02-03T23:52:31.082+0000] {dag.py:4180} INFO - Setting next_dagrun for example_python_operator to None, run_after=None
[2025-02-03T23:52:31.105+0000] {processor.py:208} INFO - Processing /home/airflow/.local/lib/python3.12/site-packages/airflow/example_dags/example_python_operator.py took 0.097 seconds
[2025-02-03T23:53:01.711+0000] {processor.py:186} INFO - Started process (PID=684) to work on /home/airflow/.local/lib/python3.12/site-packages/airflow/example_dags/example_python_operator.py
[2025-02-03T23:53:01.712+0000] {processor.py:914} INFO - Processing file /home/airflow/.local/lib/python3.12/site-packages/airflow/example_dags/example_python_operator.py for tasks to queue
[2025-02-03T23:53:01.715+0000] {logging_mixin.py:190} INFO - [2025-02-03T23:53:01.714+0000] {dagbag.py:588} INFO - Filling up the DagBag from /home/airflow/.local/lib/python3.12/site-packages/airflow/example_dags/example_python_operator.py
[2025-02-03T23:53:01.730+0000] {processor.py:925} INFO - DAG(s) 'example_python_operator' retrieved from /home/airflow/.local/lib/python3.12/site-packages/airflow/example_dags/example_python_operator.py
[2025-02-03T23:53:01.758+0000] {logging_mixin.py:190} INFO - [2025-02-03T23:53:01.758+0000] {dag.py:3239} INFO - Sync 1 DAGs
[2025-02-03T23:53:01.776+0000] {logging_mixin.py:190} INFO - [2025-02-03T23:53:01.775+0000] {dag.py:4180} INFO - Setting next_dagrun for example_python_operator to None, run_after=None
[2025-02-03T23:53:01.799+0000] {processor.py:208} INFO - Processing /home/airflow/.local/lib/python3.12/site-packages/airflow/example_dags/example_python_operator.py took 0.096 seconds
[2025-02-03T23:53:32.065+0000] {processor.py:186} INFO - Started process (PID=747) to work on /home/airflow/.local/lib/python3.12/site-packages/airflow/example_dags/example_python_operator.py
[2025-02-03T23:53:32.066+0000] {processor.py:914} INFO - Processing file /home/airflow/.local/lib/python3.12/site-packages/airflow/example_dags/example_python_operator.py for tasks to queue
[2025-02-03T23:53:32.069+0000] {logging_mixin.py:190} INFO - [2025-02-03T23:53:32.068+0000] {dagbag.py:588} INFO - Filling up the DagBag from /home/airflow/.local/lib/python3.12/site-packages/airflow/example_dags/example_python_operator.py
[2025-02-03T23:53:32.089+0000] {processor.py:925} INFO - DAG(s) 'example_python_operator' retrieved from /home/airflow/.local/lib/python3.12/site-packages/airflow/example_dags/example_python_operator.py
[2025-02-03T23:53:32.116+0000] {logging_mixin.py:190} INFO - [2025-02-03T23:53:32.116+0000] {dag.py:3239} INFO - Sync 1 DAGs
[2025-02-03T23:53:32.134+0000] {logging_mixin.py:190} INFO - [2025-02-03T23:53:32.134+0000] {dag.py:4180} INFO - Setting next_dagrun for example_python_operator to None, run_after=None
[2025-02-03T23:53:32.156+0000] {processor.py:208} INFO - Processing /home/airflow/.local/lib/python3.12/site-packages/airflow/example_dags/example_python_operator.py took 0.100 seconds
[2025-02-03T23:54:02.927+0000] {processor.py:186} INFO - Started process (PID=810) to work on /home/airflow/.local/lib/python3.12/site-packages/airflow/example_dags/example_python_operator.py
[2025-02-03T23:54:02.928+0000] {processor.py:914} INFO - Processing file /home/airflow/.local/lib/python3.12/site-packages/airflow/example_dags/example_python_operator.py for tasks to queue
[2025-02-03T23:54:02.931+0000] {logging_mixin.py:190} INFO - [2025-02-03T23:54:02.930+0000] {dagbag.py:588} INFO - Filling up the DagBag from /home/airflow/.local/lib/python3.12/site-packages/airflow/example_dags/example_python_operator.py
[2025-02-03T23:54:02.946+0000] {processor.py:925} INFO - DAG(s) 'example_python_operator' retrieved from /home/airflow/.local/lib/python3.12/site-packages/airflow/example_dags/example_python_operator.py
[2025-02-03T23:54:02.971+0000] {logging_mixin.py:190} INFO - [2025-02-03T23:54:02.971+0000] {dag.py:3239} INFO - Sync 1 DAGs
[2025-02-03T23:54:02.989+0000] {logging_mixin.py:190} INFO - [2025-02-03T23:54:02.989+0000] {dag.py:4180} INFO - Setting next_dagrun for example_python_operator to None, run_after=None
[2025-02-03T23:54:03.010+0000] {processor.py:208} INFO - Processing /home/airflow/.local/lib/python3.12/site-packages/airflow/example_dags/example_python_operator.py took 0.090 seconds
[2025-02-03T23:54:33.239+0000] {processor.py:186} INFO - Started process (PID=873) to work on /home/airflow/.local/lib/python3.12/site-packages/airflow/example_dags/example_python_operator.py
[2025-02-03T23:54:33.241+0000] {processor.py:914} INFO - Processing file /home/airflow/.local/lib/python3.12/site-packages/airflow/example_dags/example_python_operator.py for tasks to queue
[2025-02-03T23:54:33.243+0000] {logging_mixin.py:190} INFO - [2025-02-03T23:54:33.243+0000] {dagbag.py:588} INFO - Filling up the DagBag from /home/airflow/.local/lib/python3.12/site-packages/airflow/example_dags/example_python_operator.py
[2025-02-03T23:54:33.262+0000] {processor.py:925} INFO - DAG(s) 'example_python_operator' retrieved from /home/airflow/.local/lib/python3.12/site-packages/airflow/example_dags/example_python_operator.py
[2025-02-03T23:54:33.288+0000] {logging_mixin.py:190} INFO - [2025-02-03T23:54:33.287+0000] {dag.py:3239} INFO - Sync 1 DAGs
[2025-02-03T23:54:33.308+0000] {logging_mixin.py:190} INFO - [2025-02-03T23:54:33.308+0000] {dag.py:4180} INFO - Setting next_dagrun for example_python_operator to None, run_after=None
[2025-02-03T23:54:33.329+0000] {processor.py:208} INFO - Processing /home/airflow/.local/lib/python3.12/site-packages/airflow/example_dags/example_python_operator.py took 0.097 seconds
[2025-02-03T23:55:05.355+0000] {processor.py:186} INFO - Started process (PID=936) to work on /home/airflow/.local/lib/python3.12/site-packages/airflow/example_dags/example_python_operator.py
[2025-02-03T23:55:05.356+0000] {processor.py:914} INFO - Processing file /home/airflow/.local/lib/python3.12/site-packages/airflow/example_dags/example_python_operator.py for tasks to queue
[2025-02-03T23:55:05.359+0000] {logging_mixin.py:190} INFO - [2025-02-03T23:55:05.358+0000] {dagbag.py:588} INFO - Filling up the DagBag from /home/airflow/.local/lib/python3.12/site-packages/airflow/example_dags/example_python_operator.py
[2025-02-03T23:55:05.374+0000] {processor.py:925} INFO - DAG(s) 'example_python_operator' retrieved from /home/airflow/.local/lib/python3.12/site-packages/airflow/example_dags/example_python_operator.py
[2025-02-03T23:55:05.399+0000] {logging_mixin.py:190} INFO - [2025-02-03T23:55:05.399+0000] {dag.py:3239} INFO - Sync 1 DAGs
[2025-02-03T23:55:05.419+0000] {logging_mixin.py:190} INFO - [2025-02-03T23:55:05.418+0000] {dag.py:4180} INFO - Setting next_dagrun for example_python_operator to None, run_after=None
[2025-02-03T23:55:05.440+0000] {processor.py:208} INFO - Processing /home/airflow/.local/lib/python3.12/site-packages/airflow/example_dags/example_python_operator.py took 0.093 seconds
[2025-02-03T23:55:36.606+0000] {processor.py:186} INFO - Started process (PID=999) to work on /home/airflow/.local/lib/python3.12/site-packages/airflow/example_dags/example_python_operator.py
[2025-02-03T23:55:36.607+0000] {processor.py:914} INFO - Processing file /home/airflow/.local/lib/python3.12/site-packages/airflow/example_dags/example_python_operator.py for tasks to queue
[2025-02-03T23:55:36.610+0000] {logging_mixin.py:190} INFO - [2025-02-03T23:55:36.609+0000] {dagbag.py:588} INFO - Filling up the DagBag from /home/airflow/.local/lib/python3.12/site-packages/airflow/example_dags/example_python_operator.py
[2025-02-03T23:55:36.629+0000] {processor.py:925} INFO - DAG(s) 'example_python_operator' retrieved from /home/airflow/.local/lib/python3.12/site-packages/airflow/example_dags/example_python_operator.py
[2025-02-03T23:55:36.656+0000] {logging_mixin.py:190} INFO - [2025-02-03T23:55:36.656+0000] {dag.py:3239} INFO - Sync 1 DAGs
[2025-02-03T23:55:36.677+0000] {logging_mixin.py:190} INFO - [2025-02-03T23:55:36.677+0000] {dag.py:4180} INFO - Setting next_dagrun for example_python_operator to None, run_after=None
[2025-02-03T23:55:36.699+0000] {processor.py:208} INFO - Processing /home/airflow/.local/lib/python3.12/site-packages/airflow/example_dags/example_python_operator.py took 0.101 seconds
[2025-02-03T23:56:07.903+0000] {processor.py:186} INFO - Started process (PID=1062) to work on /home/airflow/.local/lib/python3.12/site-packages/airflow/example_dags/example_python_operator.py
[2025-02-03T23:56:07.904+0000] {processor.py:914} INFO - Processing file /home/airflow/.local/lib/python3.12/site-packages/airflow/example_dags/example_python_operator.py for tasks to queue
[2025-02-03T23:56:07.910+0000] {logging_mixin.py:190} INFO - [2025-02-03T23:56:07.909+0000] {dagbag.py:588} INFO - Filling up the DagBag from /home/airflow/.local/lib/python3.12/site-packages/airflow/example_dags/example_python_operator.py
[2025-02-03T23:56:07.929+0000] {processor.py:925} INFO - DAG(s) 'example_python_operator' retrieved from /home/airflow/.local/lib/python3.12/site-packages/airflow/example_dags/example_python_operator.py
[2025-02-03T23:56:07.959+0000] {logging_mixin.py:190} INFO - [2025-02-03T23:56:07.959+0000] {dag.py:3239} INFO - Sync 1 DAGs
[2025-02-03T23:56:07.982+0000] {logging_mixin.py:190} INFO - [2025-02-03T23:56:07.981+0000] {dag.py:4180} INFO - Setting next_dagrun for example_python_operator to None, run_after=None
[2025-02-03T23:56:08.007+0000] {processor.py:208} INFO - Processing /home/airflow/.local/lib/python3.12/site-packages/airflow/example_dags/example_python_operator.py took 0.113 seconds
[2025-02-03T23:56:39.461+0000] {processor.py:186} INFO - Started process (PID=1125) to work on /home/airflow/.local/lib/python3.12/site-packages/airflow/example_dags/example_python_operator.py
[2025-02-03T23:56:39.462+0000] {processor.py:914} INFO - Processing file /home/airflow/.local/lib/python3.12/site-packages/airflow/example_dags/example_python_operator.py for tasks to queue
[2025-02-03T23:56:39.467+0000] {logging_mixin.py:190} INFO - [2025-02-03T23:56:39.467+0000] {dagbag.py:588} INFO - Filling up the DagBag from /home/airflow/.local/lib/python3.12/site-packages/airflow/example_dags/example_python_operator.py
[2025-02-03T23:56:39.482+0000] {processor.py:925} INFO - DAG(s) 'example_python_operator' retrieved from /home/airflow/.local/lib/python3.12/site-packages/airflow/example_dags/example_python_operator.py
[2025-02-03T23:56:39.514+0000] {logging_mixin.py:190} INFO - [2025-02-03T23:56:39.513+0000] {dag.py:3239} INFO - Sync 1 DAGs
[2025-02-03T23:56:39.532+0000] {logging_mixin.py:190} INFO - [2025-02-03T23:56:39.532+0000] {dag.py:4180} INFO - Setting next_dagrun for example_python_operator to None, run_after=None
[2025-02-03T23:56:39.560+0000] {processor.py:208} INFO - Processing /home/airflow/.local/lib/python3.12/site-packages/airflow/example_dags/example_python_operator.py took 0.114 seconds
[2025-02-03T23:57:11.054+0000] {processor.py:186} INFO - Started process (PID=1188) to work on /home/airflow/.local/lib/python3.12/site-packages/airflow/example_dags/example_python_operator.py
[2025-02-03T23:57:11.056+0000] {processor.py:914} INFO - Processing file /home/airflow/.local/lib/python3.12/site-packages/airflow/example_dags/example_python_operator.py for tasks to queue
[2025-02-03T23:57:11.061+0000] {logging_mixin.py:190} INFO - [2025-02-03T23:57:11.060+0000] {dagbag.py:588} INFO - Filling up the DagBag from /home/airflow/.local/lib/python3.12/site-packages/airflow/example_dags/example_python_operator.py
[2025-02-03T23:57:11.083+0000] {processor.py:925} INFO - DAG(s) 'example_python_operator' retrieved from /home/airflow/.local/lib/python3.12/site-packages/airflow/example_dags/example_python_operator.py
[2025-02-03T23:57:11.126+0000] {logging_mixin.py:190} INFO - [2025-02-03T23:57:11.126+0000] {dag.py:3239} INFO - Sync 1 DAGs
[2025-02-03T23:57:11.154+0000] {logging_mixin.py:190} INFO - [2025-02-03T23:57:11.153+0000] {dag.py:4180} INFO - Setting next_dagrun for example_python_operator to None, run_after=None
[2025-02-03T23:57:11.184+0000] {processor.py:208} INFO - Processing /home/airflow/.local/lib/python3.12/site-packages/airflow/example_dags/example_python_operator.py took 0.138 seconds
[2025-02-03T23:57:41.708+0000] {processor.py:186} INFO - Started process (PID=1251) to work on /home/airflow/.local/lib/python3.12/site-packages/airflow/example_dags/example_python_operator.py
[2025-02-03T23:57:41.709+0000] {processor.py:914} INFO - Processing file /home/airflow/.local/lib/python3.12/site-packages/airflow/example_dags/example_python_operator.py for tasks to queue
[2025-02-03T23:57:41.712+0000] {logging_mixin.py:190} INFO - [2025-02-03T23:57:41.711+0000] {dagbag.py:588} INFO - Filling up the DagBag from /home/airflow/.local/lib/python3.12/site-packages/airflow/example_dags/example_python_operator.py
[2025-02-03T23:57:41.726+0000] {processor.py:925} INFO - DAG(s) 'example_python_operator' retrieved from /home/airflow/.local/lib/python3.12/site-packages/airflow/example_dags/example_python_operator.py
[2025-02-03T23:57:41.753+0000] {logging_mixin.py:190} INFO - [2025-02-03T23:57:41.753+0000] {dag.py:3239} INFO - Sync 1 DAGs
[2025-02-03T23:57:41.771+0000] {logging_mixin.py:190} INFO - [2025-02-03T23:57:41.771+0000] {dag.py:4180} INFO - Setting next_dagrun for example_python_operator to None, run_after=None
[2025-02-03T23:57:41.794+0000] {processor.py:208} INFO - Processing /home/airflow/.local/lib/python3.12/site-packages/airflow/example_dags/example_python_operator.py took 0.094 seconds
[2025-02-03T23:58:12.659+0000] {processor.py:186} INFO - Started process (PID=1314) to work on /home/airflow/.local/lib/python3.12/site-packages/airflow/example_dags/example_python_operator.py
[2025-02-03T23:58:12.660+0000] {processor.py:914} INFO - Processing file /home/airflow/.local/lib/python3.12/site-packages/airflow/example_dags/example_python_operator.py for tasks to queue
[2025-02-03T23:58:12.663+0000] {logging_mixin.py:190} INFO - [2025-02-03T23:58:12.662+0000] {dagbag.py:588} INFO - Filling up the DagBag from /home/airflow/.local/lib/python3.12/site-packages/airflow/example_dags/example_python_operator.py
[2025-02-03T23:58:12.678+0000] {processor.py:925} INFO - DAG(s) 'example_python_operator' retrieved from /home/airflow/.local/lib/python3.12/site-packages/airflow/example_dags/example_python_operator.py
[2025-02-03T23:58:12.707+0000] {logging_mixin.py:190} INFO - [2025-02-03T23:58:12.706+0000] {dag.py:3239} INFO - Sync 1 DAGs
[2025-02-03T23:58:12.725+0000] {logging_mixin.py:190} INFO - [2025-02-03T23:58:12.724+0000] {dag.py:4180} INFO - Setting next_dagrun for example_python_operator to None, run_after=None
[2025-02-03T23:58:12.746+0000] {processor.py:208} INFO - Processing /home/airflow/.local/lib/python3.12/site-packages/airflow/example_dags/example_python_operator.py took 0.094 seconds
[2025-02-03T23:58:43.742+0000] {processor.py:186} INFO - Started process (PID=1377) to work on /home/airflow/.local/lib/python3.12/site-packages/airflow/example_dags/example_python_operator.py
[2025-02-03T23:58:43.743+0000] {processor.py:914} INFO - Processing file /home/airflow/.local/lib/python3.12/site-packages/airflow/example_dags/example_python_operator.py for tasks to queue
[2025-02-03T23:58:43.747+0000] {logging_mixin.py:190} INFO - [2025-02-03T23:58:43.746+0000] {dagbag.py:588} INFO - Filling up the DagBag from /home/airflow/.local/lib/python3.12/site-packages/airflow/example_dags/example_python_operator.py
[2025-02-03T23:58:43.763+0000] {processor.py:925} INFO - DAG(s) 'example_python_operator' retrieved from /home/airflow/.local/lib/python3.12/site-packages/airflow/example_dags/example_python_operator.py
[2025-02-03T23:58:43.790+0000] {logging_mixin.py:190} INFO - [2025-02-03T23:58:43.790+0000] {dag.py:3239} INFO - Sync 1 DAGs
[2025-02-03T23:58:43.812+0000] {logging_mixin.py:190} INFO - [2025-02-03T23:58:43.812+0000] {dag.py:4180} INFO - Setting next_dagrun for example_python_operator to None, run_after=None
[2025-02-03T23:58:43.841+0000] {processor.py:208} INFO - Processing /home/airflow/.local/lib/python3.12/site-packages/airflow/example_dags/example_python_operator.py took 0.107 seconds
[2025-02-03T23:59:14.434+0000] {processor.py:186} INFO - Started process (PID=1440) to work on /home/airflow/.local/lib/python3.12/site-packages/airflow/example_dags/example_python_operator.py
[2025-02-03T23:59:14.435+0000] {processor.py:914} INFO - Processing file /home/airflow/.local/lib/python3.12/site-packages/airflow/example_dags/example_python_operator.py for tasks to queue
[2025-02-03T23:59:14.438+0000] {logging_mixin.py:190} INFO - [2025-02-03T23:59:14.438+0000] {dagbag.py:588} INFO - Filling up the DagBag from /home/airflow/.local/lib/python3.12/site-packages/airflow/example_dags/example_python_operator.py
[2025-02-03T23:59:14.454+0000] {processor.py:925} INFO - DAG(s) 'example_python_operator' retrieved from /home/airflow/.local/lib/python3.12/site-packages/airflow/example_dags/example_python_operator.py
[2025-02-03T23:59:14.480+0000] {logging_mixin.py:190} INFO - [2025-02-03T23:59:14.479+0000] {dag.py:3239} INFO - Sync 1 DAGs
[2025-02-03T23:59:14.498+0000] {logging_mixin.py:190} INFO - [2025-02-03T23:59:14.497+0000] {dag.py:4180} INFO - Setting next_dagrun for example_python_operator to None, run_after=None
[2025-02-03T23:59:14.523+0000] {processor.py:208} INFO - Processing /home/airflow/.local/lib/python3.12/site-packages/airflow/example_dags/example_python_operator.py took 0.098 seconds
[2025-02-03T23:59:46.044+0000] {processor.py:186} INFO - Started process (PID=1503) to work on /home/airflow/.local/lib/python3.12/site-packages/airflow/example_dags/example_python_operator.py
[2025-02-03T23:59:46.045+0000] {processor.py:914} INFO - Processing file /home/airflow/.local/lib/python3.12/site-packages/airflow/example_dags/example_python_operator.py for tasks to queue
[2025-02-03T23:59:46.048+0000] {logging_mixin.py:190} INFO - [2025-02-03T23:59:46.048+0000] {dagbag.py:588} INFO - Filling up the DagBag from /home/airflow/.local/lib/python3.12/site-packages/airflow/example_dags/example_python_operator.py
[2025-02-03T23:59:46.064+0000] {processor.py:925} INFO - DAG(s) 'example_python_operator' retrieved from /home/airflow/.local/lib/python3.12/site-packages/airflow/example_dags/example_python_operator.py
[2025-02-03T23:59:46.090+0000] {logging_mixin.py:190} INFO - [2025-02-03T23:59:46.089+0000] {dag.py:3239} INFO - Sync 1 DAGs
[2025-02-03T23:59:46.110+0000] {logging_mixin.py:190} INFO - [2025-02-03T23:59:46.110+0000] {dag.py:4180} INFO - Setting next_dagrun for example_python_operator to None, run_after=None
[2025-02-03T23:59:46.140+0000] {processor.py:208} INFO - Processing /home/airflow/.local/lib/python3.12/site-packages/airflow/example_dags/example_python_operator.py took 0.106 seconds
