[2025-02-03T10:52:14.127+0000] {processor.py:186} INFO - Started process (PID=103) to work on /home/airflow/.local/lib/python3.12/site-packages/airflow/example_dags/example_branch_datetime_operator.py
[2025-02-03T10:52:14.129+0000] {processor.py:914} INFO - Processing file /home/airflow/.local/lib/python3.12/site-packages/airflow/example_dags/example_branch_datetime_operator.py for tasks to queue
[2025-02-03T10:52:14.134+0000] {logging_mixin.py:190} INFO - [2025-02-03T10:52:14.133+0000] {dagbag.py:588} INFO - Filling up the DagBag from /home/airflow/.local/lib/python3.12/site-packages/airflow/example_dags/example_branch_datetime_operator.py
[2025-02-03T10:52:14.155+0000] {processor.py:925} INFO - DAG(s) 'example_branch_datetime_operator', 'example_branch_datetime_operator_3', 'example_branch_datetime_operator_2' retrieved from /home/airflow/.local/lib/python3.12/site-packages/airflow/example_dags/example_branch_datetime_operator.py
[2025-02-03T10:52:14.309+0000] {logging_mixin.py:190} INFO - [2025-02-03T10:52:14.308+0000] {override.py:1911} INFO - Created Permission View: can read on DAG:example_branch_datetime_operator
[2025-02-03T10:52:14.321+0000] {logging_mixin.py:190} INFO - [2025-02-03T10:52:14.321+0000] {override.py:1911} INFO - Created Permission View: can edit on DAG:example_branch_datetime_operator
[2025-02-03T10:52:14.331+0000] {logging_mixin.py:190} INFO - [2025-02-03T10:52:14.331+0000] {override.py:1911} INFO - Created Permission View: can delete on DAG:example_branch_datetime_operator
[2025-02-03T10:52:14.342+0000] {logging_mixin.py:190} INFO - [2025-02-03T10:52:14.342+0000] {override.py:1911} INFO - Created Permission View: can read on DAG Run:example_branch_datetime_operator
[2025-02-03T10:52:14.351+0000] {logging_mixin.py:190} INFO - [2025-02-03T10:52:14.351+0000] {override.py:1911} INFO - Created Permission View: can create on DAG Run:example_branch_datetime_operator
[2025-02-03T10:52:14.361+0000] {logging_mixin.py:190} INFO - [2025-02-03T10:52:14.360+0000] {override.py:1911} INFO - Created Permission View: menu access on DAG Run:example_branch_datetime_operator
[2025-02-03T10:52:14.370+0000] {logging_mixin.py:190} INFO - [2025-02-03T10:52:14.370+0000] {override.py:1911} INFO - Created Permission View: can delete on DAG Run:example_branch_datetime_operator
[2025-02-03T10:52:14.390+0000] {logging_mixin.py:190} INFO - [2025-02-03T10:52:14.390+0000] {override.py:1911} INFO - Created Permission View: can read on DAG:example_branch_datetime_operator_3
[2025-02-03T10:52:14.402+0000] {logging_mixin.py:190} INFO - [2025-02-03T10:52:14.402+0000] {override.py:1911} INFO - Created Permission View: can edit on DAG:example_branch_datetime_operator_3
[2025-02-03T10:52:14.413+0000] {logging_mixin.py:190} INFO - [2025-02-03T10:52:14.413+0000] {override.py:1911} INFO - Created Permission View: can delete on DAG:example_branch_datetime_operator_3
[2025-02-03T10:52:14.431+0000] {logging_mixin.py:190} INFO - [2025-02-03T10:52:14.430+0000] {override.py:1911} INFO - Created Permission View: can read on DAG Run:example_branch_datetime_operator_3
[2025-02-03T10:52:14.442+0000] {logging_mixin.py:190} INFO - [2025-02-03T10:52:14.441+0000] {override.py:1911} INFO - Created Permission View: can create on DAG Run:example_branch_datetime_operator_3
[2025-02-03T10:52:14.453+0000] {logging_mixin.py:190} INFO - [2025-02-03T10:52:14.453+0000] {override.py:1911} INFO - Created Permission View: menu access on DAG Run:example_branch_datetime_operator_3
[2025-02-03T10:52:14.467+0000] {logging_mixin.py:190} INFO - [2025-02-03T10:52:14.467+0000] {override.py:1911} INFO - Created Permission View: can delete on DAG Run:example_branch_datetime_operator_3
[2025-02-03T10:52:14.491+0000] {logging_mixin.py:190} INFO - [2025-02-03T10:52:14.491+0000] {override.py:1911} INFO - Created Permission View: can read on DAG:example_branch_datetime_operator_2
[2025-02-03T10:52:14.502+0000] {logging_mixin.py:190} INFO - [2025-02-03T10:52:14.501+0000] {override.py:1911} INFO - Created Permission View: can edit on DAG:example_branch_datetime_operator_2
[2025-02-03T10:52:14.515+0000] {logging_mixin.py:190} INFO - [2025-02-03T10:52:14.515+0000] {override.py:1911} INFO - Created Permission View: can delete on DAG:example_branch_datetime_operator_2
[2025-02-03T10:52:14.529+0000] {logging_mixin.py:190} INFO - [2025-02-03T10:52:14.529+0000] {override.py:1911} INFO - Created Permission View: can read on DAG Run:example_branch_datetime_operator_2
[2025-02-03T10:52:14.541+0000] {logging_mixin.py:190} INFO - [2025-02-03T10:52:14.541+0000] {override.py:1911} INFO - Created Permission View: can create on DAG Run:example_branch_datetime_operator_2
[2025-02-03T10:52:14.551+0000] {logging_mixin.py:190} INFO - [2025-02-03T10:52:14.550+0000] {override.py:1911} INFO - Created Permission View: menu access on DAG Run:example_branch_datetime_operator_2
[2025-02-03T10:52:14.561+0000] {logging_mixin.py:190} INFO - [2025-02-03T10:52:14.561+0000] {override.py:1911} INFO - Created Permission View: can delete on DAG Run:example_branch_datetime_operator_2
[2025-02-03T10:52:14.562+0000] {logging_mixin.py:190} INFO - [2025-02-03T10:52:14.561+0000] {dag.py:3239} INFO - Sync 3 DAGs
[2025-02-03T10:52:14.584+0000] {logging_mixin.py:190} INFO - [2025-02-03T10:52:14.583+0000] {dag.py:3262} INFO - Creating ORM DAG for example_branch_datetime_operator
[2025-02-03T10:52:14.585+0000] {logging_mixin.py:190} INFO - [2025-02-03T10:52:14.584+0000] {dag.py:3262} INFO - Creating ORM DAG for example_branch_datetime_operator_3
[2025-02-03T10:52:14.586+0000] {logging_mixin.py:190} INFO - [2025-02-03T10:52:14.585+0000] {dag.py:3262} INFO - Creating ORM DAG for example_branch_datetime_operator_2
[2025-02-03T10:52:14.601+0000] {logging_mixin.py:190} INFO - [2025-02-03T10:52:14.601+0000] {dag.py:4180} INFO - Setting next_dagrun for example_branch_datetime_operator to 2025-02-02 00:00:00+00:00, run_after=2025-02-03 00:00:00+00:00
[2025-02-03T10:52:14.604+0000] {logging_mixin.py:190} INFO - [2025-02-03T10:52:14.604+0000] {dag.py:4180} INFO - Setting next_dagrun for example_branch_datetime_operator_2 to 2025-02-02 00:00:00+00:00, run_after=2025-02-03 00:00:00+00:00
[2025-02-03T10:52:14.607+0000] {logging_mixin.py:190} INFO - [2025-02-03T10:52:14.606+0000] {dag.py:4180} INFO - Setting next_dagrun for example_branch_datetime_operator_3 to 2025-02-02 00:00:00+00:00, run_after=2025-02-03 00:00:00+00:00
[2025-02-03T10:52:14.635+0000] {processor.py:208} INFO - Processing /home/airflow/.local/lib/python3.12/site-packages/airflow/example_dags/example_branch_datetime_operator.py took 0.516 seconds
[2025-02-03T10:52:45.343+0000] {processor.py:186} INFO - Started process (PID=166) to work on /home/airflow/.local/lib/python3.12/site-packages/airflow/example_dags/example_branch_datetime_operator.py
[2025-02-03T10:52:45.345+0000] {processor.py:914} INFO - Processing file /home/airflow/.local/lib/python3.12/site-packages/airflow/example_dags/example_branch_datetime_operator.py for tasks to queue
[2025-02-03T10:52:45.350+0000] {logging_mixin.py:190} INFO - [2025-02-03T10:52:45.350+0000] {dagbag.py:588} INFO - Filling up the DagBag from /home/airflow/.local/lib/python3.12/site-packages/airflow/example_dags/example_branch_datetime_operator.py
[2025-02-03T10:52:45.369+0000] {processor.py:925} INFO - DAG(s) 'example_branch_datetime_operator_3', 'example_branch_datetime_operator_2', 'example_branch_datetime_operator' retrieved from /home/airflow/.local/lib/python3.12/site-packages/airflow/example_dags/example_branch_datetime_operator.py
[2025-02-03T10:52:45.438+0000] {logging_mixin.py:190} INFO - [2025-02-03T10:52:45.437+0000] {dag.py:3239} INFO - Sync 3 DAGs
[2025-02-03T10:52:45.486+0000] {logging_mixin.py:190} INFO - [2025-02-03T10:52:45.485+0000] {dag.py:4180} INFO - Setting next_dagrun for example_branch_datetime_operator to 2025-02-02 00:00:00+00:00, run_after=2025-02-03 00:00:00+00:00
[2025-02-03T10:52:45.492+0000] {logging_mixin.py:190} INFO - [2025-02-03T10:52:45.492+0000] {dag.py:4180} INFO - Setting next_dagrun for example_branch_datetime_operator_2 to 2025-02-02 00:00:00+00:00, run_after=2025-02-03 00:00:00+00:00
[2025-02-03T10:52:45.497+0000] {logging_mixin.py:190} INFO - [2025-02-03T10:52:45.497+0000] {dag.py:4180} INFO - Setting next_dagrun for example_branch_datetime_operator_3 to 2025-02-02 00:00:00+00:00, run_after=2025-02-03 00:00:00+00:00
[2025-02-03T10:52:45.527+0000] {processor.py:208} INFO - Processing /home/airflow/.local/lib/python3.12/site-packages/airflow/example_dags/example_branch_datetime_operator.py took 0.193 seconds
[2025-02-03T10:53:15.944+0000] {processor.py:186} INFO - Started process (PID=229) to work on /home/airflow/.local/lib/python3.12/site-packages/airflow/example_dags/example_branch_datetime_operator.py
[2025-02-03T10:53:15.946+0000] {processor.py:914} INFO - Processing file /home/airflow/.local/lib/python3.12/site-packages/airflow/example_dags/example_branch_datetime_operator.py for tasks to queue
[2025-02-03T10:53:15.951+0000] {logging_mixin.py:190} INFO - [2025-02-03T10:53:15.951+0000] {dagbag.py:588} INFO - Filling up the DagBag from /home/airflow/.local/lib/python3.12/site-packages/airflow/example_dags/example_branch_datetime_operator.py
[2025-02-03T10:53:15.976+0000] {processor.py:925} INFO - DAG(s) 'example_branch_datetime_operator', 'example_branch_datetime_operator_3', 'example_branch_datetime_operator_2' retrieved from /home/airflow/.local/lib/python3.12/site-packages/airflow/example_dags/example_branch_datetime_operator.py
[2025-02-03T10:53:16.027+0000] {logging_mixin.py:190} INFO - [2025-02-03T10:53:16.027+0000] {dag.py:3239} INFO - Sync 3 DAGs
[2025-02-03T10:53:16.076+0000] {logging_mixin.py:190} INFO - [2025-02-03T10:53:16.075+0000] {dag.py:4180} INFO - Setting next_dagrun for example_branch_datetime_operator to 2025-02-02 00:00:00+00:00, run_after=2025-02-03 00:00:00+00:00
[2025-02-03T10:53:16.088+0000] {logging_mixin.py:190} INFO - [2025-02-03T10:53:16.088+0000] {dag.py:4180} INFO - Setting next_dagrun for example_branch_datetime_operator_2 to 2025-02-02 00:00:00+00:00, run_after=2025-02-03 00:00:00+00:00
[2025-02-03T10:53:16.093+0000] {logging_mixin.py:190} INFO - [2025-02-03T10:53:16.092+0000] {dag.py:4180} INFO - Setting next_dagrun for example_branch_datetime_operator_3 to 2025-02-02 00:00:00+00:00, run_after=2025-02-03 00:00:00+00:00
[2025-02-03T10:53:16.122+0000] {processor.py:208} INFO - Processing /home/airflow/.local/lib/python3.12/site-packages/airflow/example_dags/example_branch_datetime_operator.py took 0.188 seconds
