[2025-02-03T10:52:15.125+0000] {processor.py:186} INFO - Started process (PID=108) to work on /home/airflow/.local/lib/python3.12/site-packages/airflow/example_dags/example_branch_operator.py
[2025-02-03T10:52:15.126+0000] {processor.py:914} INFO - Processing file /home/airflow/.local/lib/python3.12/site-packages/airflow/example_dags/example_branch_operator.py for tasks to queue
[2025-02-03T10:52:15.131+0000] {logging_mixin.py:190} INFO - [2025-02-03T10:52:15.130+0000] {dagbag.py:588} INFO - Filling up the DagBag from /home/airflow/.local/lib/python3.12/site-packages/airflow/example_dags/example_branch_operator.py
[2025-02-03T10:52:15.168+0000] {processor.py:925} INFO - DAG(s) 'example_branch_operator' retrieved from /home/airflow/.local/lib/python3.12/site-packages/airflow/example_dags/example_branch_operator.py
[2025-02-03T10:52:15.370+0000] {logging_mixin.py:190} INFO - [2025-02-03T10:52:15.369+0000] {override.py:1911} INFO - Created Permission View: can read on DAG:example_branch_operator
[2025-02-03T10:52:15.389+0000] {logging_mixin.py:190} INFO - [2025-02-03T10:52:15.388+0000] {override.py:1911} INFO - Created Permission View: can edit on DAG:example_branch_operator
[2025-02-03T10:52:15.406+0000] {logging_mixin.py:190} INFO - [2025-02-03T10:52:15.406+0000] {override.py:1911} INFO - Created Permission View: can delete on DAG:example_branch_operator
[2025-02-03T10:52:15.420+0000] {logging_mixin.py:190} INFO - [2025-02-03T10:52:15.420+0000] {override.py:1911} INFO - Created Permission View: can read on DAG Run:example_branch_operator
[2025-02-03T10:52:15.433+0000] {logging_mixin.py:190} INFO - [2025-02-03T10:52:15.433+0000] {override.py:1911} INFO - Created Permission View: can create on DAG Run:example_branch_operator
[2025-02-03T10:52:15.445+0000] {logging_mixin.py:190} INFO - [2025-02-03T10:52:15.445+0000] {override.py:1911} INFO - Created Permission View: menu access on DAG Run:example_branch_operator
[2025-02-03T10:52:15.458+0000] {logging_mixin.py:190} INFO - [2025-02-03T10:52:15.458+0000] {override.py:1911} INFO - Created Permission View: can delete on DAG Run:example_branch_operator
[2025-02-03T10:52:15.459+0000] {logging_mixin.py:190} INFO - [2025-02-03T10:52:15.458+0000] {dag.py:3239} INFO - Sync 1 DAGs
[2025-02-03T10:52:15.477+0000] {logging_mixin.py:190} INFO - [2025-02-03T10:52:15.477+0000] {dag.py:3262} INFO - Creating ORM DAG for example_branch_operator
[2025-02-03T10:52:15.492+0000] {logging_mixin.py:190} INFO - [2025-02-03T10:52:15.492+0000] {dag.py:4180} INFO - Setting next_dagrun for example_branch_operator to 2025-02-02 00:00:00+00:00, run_after=2025-02-03 00:00:00+00:00
[2025-02-03T10:52:15.518+0000] {processor.py:208} INFO - Processing /home/airflow/.local/lib/python3.12/site-packages/airflow/example_dags/example_branch_operator.py took 0.406 seconds
[2025-02-03T10:52:45.796+0000] {processor.py:186} INFO - Started process (PID=171) to work on /home/airflow/.local/lib/python3.12/site-packages/airflow/example_dags/example_branch_operator.py
[2025-02-03T10:52:45.797+0000] {processor.py:914} INFO - Processing file /home/airflow/.local/lib/python3.12/site-packages/airflow/example_dags/example_branch_operator.py for tasks to queue
[2025-02-03T10:52:45.800+0000] {logging_mixin.py:190} INFO - [2025-02-03T10:52:45.800+0000] {dagbag.py:588} INFO - Filling up the DagBag from /home/airflow/.local/lib/python3.12/site-packages/airflow/example_dags/example_branch_operator.py
[2025-02-03T10:52:45.827+0000] {processor.py:925} INFO - DAG(s) 'example_branch_operator' retrieved from /home/airflow/.local/lib/python3.12/site-packages/airflow/example_dags/example_branch_operator.py
[2025-02-03T10:52:45.870+0000] {logging_mixin.py:190} INFO - [2025-02-03T10:52:45.869+0000] {dag.py:3239} INFO - Sync 1 DAGs
[2025-02-03T10:52:45.911+0000] {logging_mixin.py:190} INFO - [2025-02-03T10:52:45.911+0000] {dag.py:4180} INFO - Setting next_dagrun for example_branch_operator to 2025-02-02 00:00:00+00:00, run_after=2025-02-03 00:00:00+00:00
[2025-02-03T10:52:45.939+0000] {processor.py:208} INFO - Processing /home/airflow/.local/lib/python3.12/site-packages/airflow/example_dags/example_branch_operator.py took 0.153 seconds
[2025-02-03T10:53:16.738+0000] {processor.py:186} INFO - Started process (PID=234) to work on /home/airflow/.local/lib/python3.12/site-packages/airflow/example_dags/example_branch_operator.py
[2025-02-03T10:53:16.740+0000] {processor.py:914} INFO - Processing file /home/airflow/.local/lib/python3.12/site-packages/airflow/example_dags/example_branch_operator.py for tasks to queue
[2025-02-03T10:53:16.751+0000] {logging_mixin.py:190} INFO - [2025-02-03T10:53:16.751+0000] {dagbag.py:588} INFO - Filling up the DagBag from /home/airflow/.local/lib/python3.12/site-packages/airflow/example_dags/example_branch_operator.py
[2025-02-03T10:53:16.792+0000] {processor.py:925} INFO - DAG(s) 'example_branch_operator' retrieved from /home/airflow/.local/lib/python3.12/site-packages/airflow/example_dags/example_branch_operator.py
[2025-02-03T10:53:16.856+0000] {logging_mixin.py:190} INFO - [2025-02-03T10:53:16.856+0000] {dag.py:3239} INFO - Sync 1 DAGs
[2025-02-03T10:53:16.903+0000] {logging_mixin.py:190} INFO - [2025-02-03T10:53:16.902+0000] {dag.py:4180} INFO - Setting next_dagrun for example_branch_operator to 2025-02-02 00:00:00+00:00, run_after=2025-02-03 00:00:00+00:00
[2025-02-03T10:53:16.933+0000] {processor.py:208} INFO - Processing /home/airflow/.local/lib/python3.12/site-packages/airflow/example_dags/example_branch_operator.py took 0.207 seconds
