[2025-02-03T10:52:11.387+0000] {processor.py:186} INFO - Started process (PID=92) to work on /home/airflow/.local/lib/python3.12/site-packages/airflow/example_dags/example_xcomargs.py
[2025-02-03T10:52:11.389+0000] {processor.py:914} INFO - Processing file /home/airflow/.local/lib/python3.12/site-packages/airflow/example_dags/example_xcomargs.py for tasks to queue
[2025-02-03T10:52:11.392+0000] {logging_mixin.py:190} INFO - [2025-02-03T10:52:11.391+0000] {dagbag.py:588} INFO - Filling up the DagBag from /home/airflow/.local/lib/python3.12/site-packages/airflow/example_dags/example_xcomargs.py
[2025-02-03T10:52:11.406+0000] {processor.py:925} INFO - DAG(s) 'example_xcom_args_with_operators', 'example_xcom_args' retrieved from /home/airflow/.local/lib/python3.12/site-packages/airflow/example_dags/example_xcomargs.py
[2025-02-03T10:52:11.548+0000] {logging_mixin.py:190} INFO - [2025-02-03T10:52:11.547+0000] {override.py:1911} INFO - Created Permission View: can read on DAG:example_xcom_args_with_operators
[2025-02-03T10:52:11.561+0000] {logging_mixin.py:190} INFO - [2025-02-03T10:52:11.561+0000] {override.py:1911} INFO - Created Permission View: can edit on DAG:example_xcom_args_with_operators
[2025-02-03T10:52:11.571+0000] {logging_mixin.py:190} INFO - [2025-02-03T10:52:11.571+0000] {override.py:1911} INFO - Created Permission View: can delete on DAG:example_xcom_args_with_operators
[2025-02-03T10:52:11.583+0000] {logging_mixin.py:190} INFO - [2025-02-03T10:52:11.582+0000] {override.py:1911} INFO - Created Permission View: can read on DAG Run:example_xcom_args_with_operators
[2025-02-03T10:52:11.596+0000] {logging_mixin.py:190} INFO - [2025-02-03T10:52:11.596+0000] {override.py:1911} INFO - Created Permission View: can create on DAG Run:example_xcom_args_with_operators
[2025-02-03T10:52:11.611+0000] {logging_mixin.py:190} INFO - [2025-02-03T10:52:11.611+0000] {override.py:1911} INFO - Created Permission View: menu access on DAG Run:example_xcom_args_with_operators
[2025-02-03T10:52:11.620+0000] {logging_mixin.py:190} INFO - [2025-02-03T10:52:11.620+0000] {override.py:1911} INFO - Created Permission View: can delete on DAG Run:example_xcom_args_with_operators
[2025-02-03T10:52:11.639+0000] {logging_mixin.py:190} INFO - [2025-02-03T10:52:11.639+0000] {override.py:1911} INFO - Created Permission View: can read on DAG:example_xcom_args
[2025-02-03T10:52:11.649+0000] {logging_mixin.py:190} INFO - [2025-02-03T10:52:11.649+0000] {override.py:1911} INFO - Created Permission View: can edit on DAG:example_xcom_args
[2025-02-03T10:52:11.658+0000] {logging_mixin.py:190} INFO - [2025-02-03T10:52:11.658+0000] {override.py:1911} INFO - Created Permission View: can delete on DAG:example_xcom_args
[2025-02-03T10:52:11.667+0000] {logging_mixin.py:190} INFO - [2025-02-03T10:52:11.667+0000] {override.py:1911} INFO - Created Permission View: can read on DAG Run:example_xcom_args
[2025-02-03T10:52:11.676+0000] {logging_mixin.py:190} INFO - [2025-02-03T10:52:11.676+0000] {override.py:1911} INFO - Created Permission View: can create on DAG Run:example_xcom_args
[2025-02-03T10:52:11.684+0000] {logging_mixin.py:190} INFO - [2025-02-03T10:52:11.684+0000] {override.py:1911} INFO - Created Permission View: menu access on DAG Run:example_xcom_args
[2025-02-03T10:52:11.693+0000] {logging_mixin.py:190} INFO - [2025-02-03T10:52:11.693+0000] {override.py:1911} INFO - Created Permission View: can delete on DAG Run:example_xcom_args
[2025-02-03T10:52:11.694+0000] {logging_mixin.py:190} INFO - [2025-02-03T10:52:11.693+0000] {dag.py:3239} INFO - Sync 2 DAGs
[2025-02-03T10:52:11.710+0000] {logging_mixin.py:190} INFO - [2025-02-03T10:52:11.710+0000] {dag.py:3262} INFO - Creating ORM DAG for example_xcom_args_with_operators
[2025-02-03T10:52:11.711+0000] {logging_mixin.py:190} INFO - [2025-02-03T10:52:11.711+0000] {dag.py:3262} INFO - Creating ORM DAG for example_xcom_args
[2025-02-03T10:52:11.712+0000] {logging_mixin.py:190} INFO - [2025-02-03T10:52:11.712+0000] {dag.py:4180} INFO - Setting next_dagrun for example_xcom_args to None, run_after=None
[2025-02-03T10:52:11.713+0000] {logging_mixin.py:190} INFO - [2025-02-03T10:52:11.713+0000] {dag.py:4180} INFO - Setting next_dagrun for example_xcom_args_with_operators to None, run_after=None
[2025-02-03T10:52:11.736+0000] {processor.py:208} INFO - Processing /home/airflow/.local/lib/python3.12/site-packages/airflow/example_dags/example_xcomargs.py took 0.357 seconds
[2025-02-03T10:52:42.022+0000] {processor.py:186} INFO - Started process (PID=154) to work on /home/airflow/.local/lib/python3.12/site-packages/airflow/example_dags/example_xcomargs.py
[2025-02-03T10:52:42.024+0000] {processor.py:914} INFO - Processing file /home/airflow/.local/lib/python3.12/site-packages/airflow/example_dags/example_xcomargs.py for tasks to queue
[2025-02-03T10:52:42.029+0000] {logging_mixin.py:190} INFO - [2025-02-03T10:52:42.029+0000] {dagbag.py:588} INFO - Filling up the DagBag from /home/airflow/.local/lib/python3.12/site-packages/airflow/example_dags/example_xcomargs.py
[2025-02-03T10:52:42.044+0000] {processor.py:925} INFO - DAG(s) 'example_xcom_args_with_operators', 'example_xcom_args' retrieved from /home/airflow/.local/lib/python3.12/site-packages/airflow/example_dags/example_xcomargs.py
[2025-02-03T10:52:42.076+0000] {logging_mixin.py:190} INFO - [2025-02-03T10:52:42.076+0000] {dag.py:3239} INFO - Sync 2 DAGs
[2025-02-03T10:52:42.093+0000] {logging_mixin.py:190} INFO - [2025-02-03T10:52:42.093+0000] {dag.py:4180} INFO - Setting next_dagrun for example_xcom_args to None, run_after=None
[2025-02-03T10:52:42.099+0000] {logging_mixin.py:190} INFO - [2025-02-03T10:52:42.098+0000] {dag.py:4180} INFO - Setting next_dagrun for example_xcom_args_with_operators to None, run_after=None
[2025-02-03T10:52:42.122+0000] {processor.py:208} INFO - Processing /home/airflow/.local/lib/python3.12/site-packages/airflow/example_dags/example_xcomargs.py took 0.109 seconds
[2025-02-03T10:53:12.692+0000] {processor.py:186} INFO - Started process (PID=217) to work on /home/airflow/.local/lib/python3.12/site-packages/airflow/example_dags/example_xcomargs.py
[2025-02-03T10:53:12.693+0000] {processor.py:914} INFO - Processing file /home/airflow/.local/lib/python3.12/site-packages/airflow/example_dags/example_xcomargs.py for tasks to queue
[2025-02-03T10:53:12.696+0000] {logging_mixin.py:190} INFO - [2025-02-03T10:53:12.696+0000] {dagbag.py:588} INFO - Filling up the DagBag from /home/airflow/.local/lib/python3.12/site-packages/airflow/example_dags/example_xcomargs.py
[2025-02-03T10:53:12.711+0000] {processor.py:925} INFO - DAG(s) 'example_xcom_args_with_operators', 'example_xcom_args' retrieved from /home/airflow/.local/lib/python3.12/site-packages/airflow/example_dags/example_xcomargs.py
[2025-02-03T10:53:12.747+0000] {logging_mixin.py:190} INFO - [2025-02-03T10:53:12.747+0000] {dag.py:3239} INFO - Sync 2 DAGs
[2025-02-03T10:53:12.768+0000] {logging_mixin.py:190} INFO - [2025-02-03T10:53:12.768+0000] {dag.py:4180} INFO - Setting next_dagrun for example_xcom_args to None, run_after=None
[2025-02-03T10:53:12.774+0000] {logging_mixin.py:190} INFO - [2025-02-03T10:53:12.773+0000] {dag.py:4180} INFO - Setting next_dagrun for example_xcom_args_with_operators to None, run_after=None
[2025-02-03T10:53:12.795+0000] {processor.py:208} INFO - Processing /home/airflow/.local/lib/python3.12/site-packages/airflow/example_dags/example_xcomargs.py took 0.112 seconds
[2025-02-03T23:48:13.545+0000] {processor.py:186} INFO - Started process (PID=84) to work on /home/airflow/.local/lib/python3.12/site-packages/airflow/example_dags/example_xcomargs.py
[2025-02-03T23:48:13.546+0000] {processor.py:914} INFO - Processing file /home/airflow/.local/lib/python3.12/site-packages/airflow/example_dags/example_xcomargs.py for tasks to queue
[2025-02-03T23:48:13.549+0000] {logging_mixin.py:190} INFO - [2025-02-03T23:48:13.548+0000] {dagbag.py:588} INFO - Filling up the DagBag from /home/airflow/.local/lib/python3.12/site-packages/airflow/example_dags/example_xcomargs.py
[2025-02-03T23:48:13.561+0000] {processor.py:925} INFO - DAG(s) 'example_xcom_args', 'example_xcom_args_with_operators' retrieved from /home/airflow/.local/lib/python3.12/site-packages/airflow/example_dags/example_xcomargs.py
[2025-02-03T23:48:13.589+0000] {logging_mixin.py:190} INFO - [2025-02-03T23:48:13.589+0000] {dag.py:3239} INFO - Sync 2 DAGs
[2025-02-03T23:48:13.609+0000] {logging_mixin.py:190} INFO - [2025-02-03T23:48:13.609+0000] {dag.py:4180} INFO - Setting next_dagrun for example_xcom_args to None, run_after=None
[2025-02-03T23:48:13.615+0000] {logging_mixin.py:190} INFO - [2025-02-03T23:48:13.615+0000] {dag.py:4180} INFO - Setting next_dagrun for example_xcom_args_with_operators to None, run_after=None
[2025-02-03T23:48:13.636+0000] {processor.py:208} INFO - Processing /home/airflow/.local/lib/python3.12/site-packages/airflow/example_dags/example_xcomargs.py took 0.099 seconds
[2025-02-03T23:48:44.830+0000] {processor.py:186} INFO - Started process (PID=153) to work on /home/airflow/.local/lib/python3.12/site-packages/airflow/example_dags/example_xcomargs.py
[2025-02-03T23:48:44.832+0000] {processor.py:914} INFO - Processing file /home/airflow/.local/lib/python3.12/site-packages/airflow/example_dags/example_xcomargs.py for tasks to queue
[2025-02-03T23:48:44.837+0000] {logging_mixin.py:190} INFO - [2025-02-03T23:48:44.836+0000] {dagbag.py:588} INFO - Filling up the DagBag from /home/airflow/.local/lib/python3.12/site-packages/airflow/example_dags/example_xcomargs.py
[2025-02-03T23:48:44.851+0000] {processor.py:925} INFO - DAG(s) 'example_xcom_args_with_operators', 'example_xcom_args' retrieved from /home/airflow/.local/lib/python3.12/site-packages/airflow/example_dags/example_xcomargs.py
[2025-02-03T23:48:44.884+0000] {logging_mixin.py:190} INFO - [2025-02-03T23:48:44.883+0000] {dag.py:3239} INFO - Sync 2 DAGs
[2025-02-03T23:48:44.904+0000] {logging_mixin.py:190} INFO - [2025-02-03T23:48:44.903+0000] {dag.py:4180} INFO - Setting next_dagrun for example_xcom_args to None, run_after=None
[2025-02-03T23:48:44.909+0000] {logging_mixin.py:190} INFO - [2025-02-03T23:48:44.909+0000] {dag.py:4180} INFO - Setting next_dagrun for example_xcom_args_with_operators to None, run_after=None
[2025-02-03T23:48:44.930+0000] {processor.py:208} INFO - Processing /home/airflow/.local/lib/python3.12/site-packages/airflow/example_dags/example_xcomargs.py took 0.111 seconds
[2025-02-03T23:49:15.516+0000] {processor.py:186} INFO - Started process (PID=215) to work on /home/airflow/.local/lib/python3.12/site-packages/airflow/example_dags/example_xcomargs.py
[2025-02-03T23:49:15.517+0000] {processor.py:914} INFO - Processing file /home/airflow/.local/lib/python3.12/site-packages/airflow/example_dags/example_xcomargs.py for tasks to queue
[2025-02-03T23:49:15.520+0000] {logging_mixin.py:190} INFO - [2025-02-03T23:49:15.520+0000] {dagbag.py:588} INFO - Filling up the DagBag from /home/airflow/.local/lib/python3.12/site-packages/airflow/example_dags/example_xcomargs.py
[2025-02-03T23:49:15.533+0000] {processor.py:925} INFO - DAG(s) 'example_xcom_args_with_operators', 'example_xcom_args' retrieved from /home/airflow/.local/lib/python3.12/site-packages/airflow/example_dags/example_xcomargs.py
[2025-02-03T23:49:15.561+0000] {logging_mixin.py:190} INFO - [2025-02-03T23:49:15.561+0000] {dag.py:3239} INFO - Sync 2 DAGs
[2025-02-03T23:49:15.579+0000] {logging_mixin.py:190} INFO - [2025-02-03T23:49:15.579+0000] {dag.py:4180} INFO - Setting next_dagrun for example_xcom_args to None, run_after=None
[2025-02-03T23:49:15.585+0000] {logging_mixin.py:190} INFO - [2025-02-03T23:49:15.585+0000] {dag.py:4180} INFO - Setting next_dagrun for example_xcom_args_with_operators to None, run_after=None
[2025-02-03T23:49:15.609+0000] {processor.py:208} INFO - Processing /home/airflow/.local/lib/python3.12/site-packages/airflow/example_dags/example_xcomargs.py took 0.100 seconds
[2025-02-03T23:49:47.545+0000] {processor.py:186} INFO - Started process (PID=278) to work on /home/airflow/.local/lib/python3.12/site-packages/airflow/example_dags/example_xcomargs.py
[2025-02-03T23:49:47.546+0000] {processor.py:914} INFO - Processing file /home/airflow/.local/lib/python3.12/site-packages/airflow/example_dags/example_xcomargs.py for tasks to queue
[2025-02-03T23:49:47.549+0000] {logging_mixin.py:190} INFO - [2025-02-03T23:49:47.549+0000] {dagbag.py:588} INFO - Filling up the DagBag from /home/airflow/.local/lib/python3.12/site-packages/airflow/example_dags/example_xcomargs.py
[2025-02-03T23:49:47.562+0000] {processor.py:925} INFO - DAG(s) 'example_xcom_args', 'example_xcom_args_with_operators' retrieved from /home/airflow/.local/lib/python3.12/site-packages/airflow/example_dags/example_xcomargs.py
[2025-02-03T23:49:47.593+0000] {logging_mixin.py:190} INFO - [2025-02-03T23:49:47.593+0000] {dag.py:3239} INFO - Sync 2 DAGs
[2025-02-03T23:49:47.612+0000] {logging_mixin.py:190} INFO - [2025-02-03T23:49:47.612+0000] {dag.py:4180} INFO - Setting next_dagrun for example_xcom_args to None, run_after=None
[2025-02-03T23:49:47.616+0000] {logging_mixin.py:190} INFO - [2025-02-03T23:49:47.616+0000] {dag.py:4180} INFO - Setting next_dagrun for example_xcom_args_with_operators to None, run_after=None
[2025-02-03T23:49:47.641+0000] {processor.py:208} INFO - Processing /home/airflow/.local/lib/python3.12/site-packages/airflow/example_dags/example_xcomargs.py took 0.104 seconds
[2025-02-03T23:50:21.827+0000] {processor.py:186} INFO - Started process (PID=341) to work on /home/airflow/.local/lib/python3.12/site-packages/airflow/example_dags/example_xcomargs.py
[2025-02-03T23:50:21.830+0000] {processor.py:914} INFO - Processing file /home/airflow/.local/lib/python3.12/site-packages/airflow/example_dags/example_xcomargs.py for tasks to queue
[2025-02-03T23:50:21.837+0000] {logging_mixin.py:190} INFO - [2025-02-03T23:50:21.836+0000] {dagbag.py:588} INFO - Filling up the DagBag from /home/airflow/.local/lib/python3.12/site-packages/airflow/example_dags/example_xcomargs.py
[2025-02-03T23:50:21.919+0000] {processor.py:925} INFO - DAG(s) 'example_xcom_args_with_operators', 'example_xcom_args' retrieved from /home/airflow/.local/lib/python3.12/site-packages/airflow/example_dags/example_xcomargs.py
[2025-02-03T23:50:22.007+0000] {logging_mixin.py:190} INFO - [2025-02-03T23:50:22.006+0000] {dag.py:3239} INFO - Sync 2 DAGs
[2025-02-03T23:50:22.053+0000] {logging_mixin.py:190} INFO - [2025-02-03T23:50:22.053+0000] {dag.py:4180} INFO - Setting next_dagrun for example_xcom_args to None, run_after=None
[2025-02-03T23:50:22.063+0000] {logging_mixin.py:190} INFO - [2025-02-03T23:50:22.062+0000] {dag.py:4180} INFO - Setting next_dagrun for example_xcom_args_with_operators to None, run_after=None
[2025-02-03T23:50:22.136+0000] {processor.py:208} INFO - Processing /home/airflow/.local/lib/python3.12/site-packages/airflow/example_dags/example_xcomargs.py took 0.324 seconds
[2025-02-03T23:50:52.708+0000] {processor.py:186} INFO - Started process (PID=404) to work on /home/airflow/.local/lib/python3.12/site-packages/airflow/example_dags/example_xcomargs.py
[2025-02-03T23:50:52.709+0000] {processor.py:914} INFO - Processing file /home/airflow/.local/lib/python3.12/site-packages/airflow/example_dags/example_xcomargs.py for tasks to queue
[2025-02-03T23:50:52.712+0000] {logging_mixin.py:190} INFO - [2025-02-03T23:50:52.712+0000] {dagbag.py:588} INFO - Filling up the DagBag from /home/airflow/.local/lib/python3.12/site-packages/airflow/example_dags/example_xcomargs.py
[2025-02-03T23:50:52.728+0000] {processor.py:925} INFO - DAG(s) 'example_xcom_args_with_operators', 'example_xcom_args' retrieved from /home/airflow/.local/lib/python3.12/site-packages/airflow/example_dags/example_xcomargs.py
[2025-02-03T23:50:52.762+0000] {logging_mixin.py:190} INFO - [2025-02-03T23:50:52.761+0000] {dag.py:3239} INFO - Sync 2 DAGs
[2025-02-03T23:50:52.781+0000] {logging_mixin.py:190} INFO - [2025-02-03T23:50:52.781+0000] {dag.py:4180} INFO - Setting next_dagrun for example_xcom_args to None, run_after=None
[2025-02-03T23:50:52.786+0000] {logging_mixin.py:190} INFO - [2025-02-03T23:50:52.786+0000] {dag.py:4180} INFO - Setting next_dagrun for example_xcom_args_with_operators to None, run_after=None
[2025-02-03T23:50:52.811+0000] {processor.py:208} INFO - Processing /home/airflow/.local/lib/python3.12/site-packages/airflow/example_dags/example_xcomargs.py took 0.110 seconds
[2025-02-03T23:51:23.711+0000] {processor.py:186} INFO - Started process (PID=467) to work on /home/airflow/.local/lib/python3.12/site-packages/airflow/example_dags/example_xcomargs.py
[2025-02-03T23:51:23.713+0000] {processor.py:914} INFO - Processing file /home/airflow/.local/lib/python3.12/site-packages/airflow/example_dags/example_xcomargs.py for tasks to queue
[2025-02-03T23:51:23.716+0000] {logging_mixin.py:190} INFO - [2025-02-03T23:51:23.715+0000] {dagbag.py:588} INFO - Filling up the DagBag from /home/airflow/.local/lib/python3.12/site-packages/airflow/example_dags/example_xcomargs.py
[2025-02-03T23:51:23.731+0000] {processor.py:925} INFO - DAG(s) 'example_xcom_args', 'example_xcom_args_with_operators' retrieved from /home/airflow/.local/lib/python3.12/site-packages/airflow/example_dags/example_xcomargs.py
[2025-02-03T23:51:23.764+0000] {logging_mixin.py:190} INFO - [2025-02-03T23:51:23.764+0000] {dag.py:3239} INFO - Sync 2 DAGs
[2025-02-03T23:51:23.784+0000] {logging_mixin.py:190} INFO - [2025-02-03T23:51:23.783+0000] {dag.py:4180} INFO - Setting next_dagrun for example_xcom_args to None, run_after=None
[2025-02-03T23:51:23.789+0000] {logging_mixin.py:190} INFO - [2025-02-03T23:51:23.789+0000] {dag.py:4180} INFO - Setting next_dagrun for example_xcom_args_with_operators to None, run_after=None
[2025-02-03T23:51:23.810+0000] {processor.py:208} INFO - Processing /home/airflow/.local/lib/python3.12/site-packages/airflow/example_dags/example_xcomargs.py took 0.109 seconds
[2025-02-03T23:51:53.913+0000] {processor.py:186} INFO - Started process (PID=529) to work on /home/airflow/.local/lib/python3.12/site-packages/airflow/example_dags/example_xcomargs.py
[2025-02-03T23:51:53.914+0000] {processor.py:914} INFO - Processing file /home/airflow/.local/lib/python3.12/site-packages/airflow/example_dags/example_xcomargs.py for tasks to queue
[2025-02-03T23:51:53.917+0000] {logging_mixin.py:190} INFO - [2025-02-03T23:51:53.917+0000] {dagbag.py:588} INFO - Filling up the DagBag from /home/airflow/.local/lib/python3.12/site-packages/airflow/example_dags/example_xcomargs.py
[2025-02-03T23:51:53.931+0000] {processor.py:925} INFO - DAG(s) 'example_xcom_args', 'example_xcom_args_with_operators' retrieved from /home/airflow/.local/lib/python3.12/site-packages/airflow/example_dags/example_xcomargs.py
[2025-02-03T23:51:53.963+0000] {logging_mixin.py:190} INFO - [2025-02-03T23:51:53.963+0000] {dag.py:3239} INFO - Sync 2 DAGs
[2025-02-03T23:51:53.984+0000] {logging_mixin.py:190} INFO - [2025-02-03T23:51:53.984+0000] {dag.py:4180} INFO - Setting next_dagrun for example_xcom_args to None, run_after=None
[2025-02-03T23:51:53.989+0000] {logging_mixin.py:190} INFO - [2025-02-03T23:51:53.989+0000] {dag.py:4180} INFO - Setting next_dagrun for example_xcom_args_with_operators to None, run_after=None
[2025-02-03T23:51:54.010+0000] {processor.py:208} INFO - Processing /home/airflow/.local/lib/python3.12/site-packages/airflow/example_dags/example_xcomargs.py took 0.104 seconds
[2025-02-03T23:52:25.490+0000] {processor.py:186} INFO - Started process (PID=592) to work on /home/airflow/.local/lib/python3.12/site-packages/airflow/example_dags/example_xcomargs.py
[2025-02-03T23:52:25.491+0000] {processor.py:914} INFO - Processing file /home/airflow/.local/lib/python3.12/site-packages/airflow/example_dags/example_xcomargs.py for tasks to queue
[2025-02-03T23:52:25.494+0000] {logging_mixin.py:190} INFO - [2025-02-03T23:52:25.494+0000] {dagbag.py:588} INFO - Filling up the DagBag from /home/airflow/.local/lib/python3.12/site-packages/airflow/example_dags/example_xcomargs.py
[2025-02-03T23:52:25.506+0000] {processor.py:925} INFO - DAG(s) 'example_xcom_args', 'example_xcom_args_with_operators' retrieved from /home/airflow/.local/lib/python3.12/site-packages/airflow/example_dags/example_xcomargs.py
[2025-02-03T23:52:25.534+0000] {logging_mixin.py:190} INFO - [2025-02-03T23:52:25.534+0000] {dag.py:3239} INFO - Sync 2 DAGs
[2025-02-03T23:52:25.553+0000] {logging_mixin.py:190} INFO - [2025-02-03T23:52:25.553+0000] {dag.py:4180} INFO - Setting next_dagrun for example_xcom_args to None, run_after=None
[2025-02-03T23:52:25.559+0000] {logging_mixin.py:190} INFO - [2025-02-03T23:52:25.559+0000] {dag.py:4180} INFO - Setting next_dagrun for example_xcom_args_with_operators to None, run_after=None
[2025-02-03T23:52:25.578+0000] {processor.py:208} INFO - Processing /home/airflow/.local/lib/python3.12/site-packages/airflow/example_dags/example_xcomargs.py took 0.096 seconds
[2025-02-03T23:52:57.586+0000] {processor.py:186} INFO - Started process (PID=656) to work on /home/airflow/.local/lib/python3.12/site-packages/airflow/example_dags/example_xcomargs.py
[2025-02-03T23:52:57.588+0000] {processor.py:914} INFO - Processing file /home/airflow/.local/lib/python3.12/site-packages/airflow/example_dags/example_xcomargs.py for tasks to queue
[2025-02-03T23:52:57.590+0000] {logging_mixin.py:190} INFO - [2025-02-03T23:52:57.590+0000] {dagbag.py:588} INFO - Filling up the DagBag from /home/airflow/.local/lib/python3.12/site-packages/airflow/example_dags/example_xcomargs.py
[2025-02-03T23:52:57.603+0000] {processor.py:925} INFO - DAG(s) 'example_xcom_args_with_operators', 'example_xcom_args' retrieved from /home/airflow/.local/lib/python3.12/site-packages/airflow/example_dags/example_xcomargs.py
[2025-02-03T23:52:57.630+0000] {logging_mixin.py:190} INFO - [2025-02-03T23:52:57.630+0000] {dag.py:3239} INFO - Sync 2 DAGs
[2025-02-03T23:52:57.649+0000] {logging_mixin.py:190} INFO - [2025-02-03T23:52:57.648+0000] {dag.py:4180} INFO - Setting next_dagrun for example_xcom_args to None, run_after=None
[2025-02-03T23:52:57.653+0000] {logging_mixin.py:190} INFO - [2025-02-03T23:52:57.653+0000] {dag.py:4180} INFO - Setting next_dagrun for example_xcom_args_with_operators to None, run_after=None
[2025-02-03T23:52:57.674+0000] {processor.py:208} INFO - Processing /home/airflow/.local/lib/python3.12/site-packages/airflow/example_dags/example_xcomargs.py took 0.095 seconds
[2025-02-03T23:53:28.461+0000] {processor.py:186} INFO - Started process (PID=719) to work on /home/airflow/.local/lib/python3.12/site-packages/airflow/example_dags/example_xcomargs.py
[2025-02-03T23:53:28.462+0000] {processor.py:914} INFO - Processing file /home/airflow/.local/lib/python3.12/site-packages/airflow/example_dags/example_xcomargs.py for tasks to queue
[2025-02-03T23:53:28.466+0000] {logging_mixin.py:190} INFO - [2025-02-03T23:53:28.465+0000] {dagbag.py:588} INFO - Filling up the DagBag from /home/airflow/.local/lib/python3.12/site-packages/airflow/example_dags/example_xcomargs.py
[2025-02-03T23:53:28.479+0000] {processor.py:925} INFO - DAG(s) 'example_xcom_args', 'example_xcom_args_with_operators' retrieved from /home/airflow/.local/lib/python3.12/site-packages/airflow/example_dags/example_xcomargs.py
[2025-02-03T23:53:28.511+0000] {logging_mixin.py:190} INFO - [2025-02-03T23:53:28.510+0000] {dag.py:3239} INFO - Sync 2 DAGs
[2025-02-03T23:53:28.528+0000] {logging_mixin.py:190} INFO - [2025-02-03T23:53:28.528+0000] {dag.py:4180} INFO - Setting next_dagrun for example_xcom_args to None, run_after=None
[2025-02-03T23:53:28.533+0000] {logging_mixin.py:190} INFO - [2025-02-03T23:53:28.533+0000] {dag.py:4180} INFO - Setting next_dagrun for example_xcom_args_with_operators to None, run_after=None
[2025-02-03T23:53:28.556+0000] {processor.py:208} INFO - Processing /home/airflow/.local/lib/python3.12/site-packages/airflow/example_dags/example_xcomargs.py took 0.103 seconds
[2025-02-03T23:53:59.541+0000] {processor.py:186} INFO - Started process (PID=781) to work on /home/airflow/.local/lib/python3.12/site-packages/airflow/example_dags/example_xcomargs.py
[2025-02-03T23:53:59.542+0000] {processor.py:914} INFO - Processing file /home/airflow/.local/lib/python3.12/site-packages/airflow/example_dags/example_xcomargs.py for tasks to queue
[2025-02-03T23:53:59.545+0000] {logging_mixin.py:190} INFO - [2025-02-03T23:53:59.545+0000] {dagbag.py:588} INFO - Filling up the DagBag from /home/airflow/.local/lib/python3.12/site-packages/airflow/example_dags/example_xcomargs.py
[2025-02-03T23:53:59.558+0000] {processor.py:925} INFO - DAG(s) 'example_xcom_args', 'example_xcom_args_with_operators' retrieved from /home/airflow/.local/lib/python3.12/site-packages/airflow/example_dags/example_xcomargs.py
[2025-02-03T23:53:59.586+0000] {logging_mixin.py:190} INFO - [2025-02-03T23:53:59.586+0000] {dag.py:3239} INFO - Sync 2 DAGs
[2025-02-03T23:53:59.604+0000] {logging_mixin.py:190} INFO - [2025-02-03T23:53:59.604+0000] {dag.py:4180} INFO - Setting next_dagrun for example_xcom_args to None, run_after=None
[2025-02-03T23:53:59.608+0000] {logging_mixin.py:190} INFO - [2025-02-03T23:53:59.608+0000] {dag.py:4180} INFO - Setting next_dagrun for example_xcom_args_with_operators to None, run_after=None
[2025-02-03T23:53:59.626+0000] {processor.py:208} INFO - Processing /home/airflow/.local/lib/python3.12/site-packages/airflow/example_dags/example_xcomargs.py took 0.092 seconds
[2025-02-03T23:54:31.026+0000] {processor.py:186} INFO - Started process (PID=845) to work on /home/airflow/.local/lib/python3.12/site-packages/airflow/example_dags/example_xcomargs.py
[2025-02-03T23:54:31.027+0000] {processor.py:914} INFO - Processing file /home/airflow/.local/lib/python3.12/site-packages/airflow/example_dags/example_xcomargs.py for tasks to queue
[2025-02-03T23:54:31.030+0000] {logging_mixin.py:190} INFO - [2025-02-03T23:54:31.029+0000] {dagbag.py:588} INFO - Filling up the DagBag from /home/airflow/.local/lib/python3.12/site-packages/airflow/example_dags/example_xcomargs.py
[2025-02-03T23:54:31.043+0000] {processor.py:925} INFO - DAG(s) 'example_xcom_args_with_operators', 'example_xcom_args' retrieved from /home/airflow/.local/lib/python3.12/site-packages/airflow/example_dags/example_xcomargs.py
[2025-02-03T23:54:31.072+0000] {logging_mixin.py:190} INFO - [2025-02-03T23:54:31.072+0000] {dag.py:3239} INFO - Sync 2 DAGs
[2025-02-03T23:54:31.104+0000] {logging_mixin.py:190} INFO - [2025-02-03T23:54:31.103+0000] {dag.py:4180} INFO - Setting next_dagrun for example_xcom_args to None, run_after=None
[2025-02-03T23:54:31.110+0000] {logging_mixin.py:190} INFO - [2025-02-03T23:54:31.109+0000] {dag.py:4180} INFO - Setting next_dagrun for example_xcom_args_with_operators to None, run_after=None
[2025-02-03T23:54:31.137+0000] {processor.py:208} INFO - Processing /home/airflow/.local/lib/python3.12/site-packages/airflow/example_dags/example_xcomargs.py took 0.120 seconds
[2025-02-03T23:55:02.880+0000] {processor.py:186} INFO - Started process (PID=908) to work on /home/airflow/.local/lib/python3.12/site-packages/airflow/example_dags/example_xcomargs.py
[2025-02-03T23:55:02.881+0000] {processor.py:914} INFO - Processing file /home/airflow/.local/lib/python3.12/site-packages/airflow/example_dags/example_xcomargs.py for tasks to queue
[2025-02-03T23:55:02.884+0000] {logging_mixin.py:190} INFO - [2025-02-03T23:55:02.883+0000] {dagbag.py:588} INFO - Filling up the DagBag from /home/airflow/.local/lib/python3.12/site-packages/airflow/example_dags/example_xcomargs.py
[2025-02-03T23:55:02.902+0000] {processor.py:925} INFO - DAG(s) 'example_xcom_args_with_operators', 'example_xcom_args' retrieved from /home/airflow/.local/lib/python3.12/site-packages/airflow/example_dags/example_xcomargs.py
[2025-02-03T23:55:02.947+0000] {logging_mixin.py:190} INFO - [2025-02-03T23:55:02.946+0000] {dag.py:3239} INFO - Sync 2 DAGs
[2025-02-03T23:55:02.966+0000] {logging_mixin.py:190} INFO - [2025-02-03T23:55:02.966+0000] {dag.py:4180} INFO - Setting next_dagrun for example_xcom_args to None, run_after=None
[2025-02-03T23:55:02.970+0000] {logging_mixin.py:190} INFO - [2025-02-03T23:55:02.970+0000] {dag.py:4180} INFO - Setting next_dagrun for example_xcom_args_with_operators to None, run_after=None
[2025-02-03T23:55:02.990+0000] {processor.py:208} INFO - Processing /home/airflow/.local/lib/python3.12/site-packages/airflow/example_dags/example_xcomargs.py took 0.116 seconds
[2025-02-03T23:55:34.029+0000] {processor.py:186} INFO - Started process (PID=970) to work on /home/airflow/.local/lib/python3.12/site-packages/airflow/example_dags/example_xcomargs.py
[2025-02-03T23:55:34.031+0000] {processor.py:914} INFO - Processing file /home/airflow/.local/lib/python3.12/site-packages/airflow/example_dags/example_xcomargs.py for tasks to queue
[2025-02-03T23:55:34.034+0000] {logging_mixin.py:190} INFO - [2025-02-03T23:55:34.033+0000] {dagbag.py:588} INFO - Filling up the DagBag from /home/airflow/.local/lib/python3.12/site-packages/airflow/example_dags/example_xcomargs.py
[2025-02-03T23:55:34.047+0000] {processor.py:925} INFO - DAG(s) 'example_xcom_args', 'example_xcom_args_with_operators' retrieved from /home/airflow/.local/lib/python3.12/site-packages/airflow/example_dags/example_xcomargs.py
[2025-02-03T23:55:34.074+0000] {logging_mixin.py:190} INFO - [2025-02-03T23:55:34.074+0000] {dag.py:3239} INFO - Sync 2 DAGs
[2025-02-03T23:55:34.092+0000] {logging_mixin.py:190} INFO - [2025-02-03T23:55:34.092+0000] {dag.py:4180} INFO - Setting next_dagrun for example_xcom_args to None, run_after=None
[2025-02-03T23:55:34.099+0000] {logging_mixin.py:190} INFO - [2025-02-03T23:55:34.099+0000] {dag.py:4180} INFO - Setting next_dagrun for example_xcom_args_with_operators to None, run_after=None
[2025-02-03T23:55:34.122+0000] {processor.py:208} INFO - Processing /home/airflow/.local/lib/python3.12/site-packages/airflow/example_dags/example_xcomargs.py took 0.100 seconds
[2025-02-03T23:56:05.267+0000] {processor.py:186} INFO - Started process (PID=1033) to work on /home/airflow/.local/lib/python3.12/site-packages/airflow/example_dags/example_xcomargs.py
[2025-02-03T23:56:05.268+0000] {processor.py:914} INFO - Processing file /home/airflow/.local/lib/python3.12/site-packages/airflow/example_dags/example_xcomargs.py for tasks to queue
[2025-02-03T23:56:05.271+0000] {logging_mixin.py:190} INFO - [2025-02-03T23:56:05.270+0000] {dagbag.py:588} INFO - Filling up the DagBag from /home/airflow/.local/lib/python3.12/site-packages/airflow/example_dags/example_xcomargs.py
[2025-02-03T23:56:05.283+0000] {processor.py:925} INFO - DAG(s) 'example_xcom_args', 'example_xcom_args_with_operators' retrieved from /home/airflow/.local/lib/python3.12/site-packages/airflow/example_dags/example_xcomargs.py
[2025-02-03T23:56:05.317+0000] {logging_mixin.py:190} INFO - [2025-02-03T23:56:05.317+0000] {dag.py:3239} INFO - Sync 2 DAGs
[2025-02-03T23:56:05.341+0000] {logging_mixin.py:190} INFO - [2025-02-03T23:56:05.341+0000] {dag.py:4180} INFO - Setting next_dagrun for example_xcom_args to None, run_after=None
[2025-02-03T23:56:05.347+0000] {logging_mixin.py:190} INFO - [2025-02-03T23:56:05.346+0000] {dag.py:4180} INFO - Setting next_dagrun for example_xcom_args_with_operators to None, run_after=None
[2025-02-03T23:56:05.372+0000] {processor.py:208} INFO - Processing /home/airflow/.local/lib/python3.12/site-packages/airflow/example_dags/example_xcomargs.py took 0.112 seconds
[2025-02-03T23:56:36.637+0000] {processor.py:186} INFO - Started process (PID=1096) to work on /home/airflow/.local/lib/python3.12/site-packages/airflow/example_dags/example_xcomargs.py
[2025-02-03T23:56:36.639+0000] {processor.py:914} INFO - Processing file /home/airflow/.local/lib/python3.12/site-packages/airflow/example_dags/example_xcomargs.py for tasks to queue
[2025-02-03T23:56:36.641+0000] {logging_mixin.py:190} INFO - [2025-02-03T23:56:36.641+0000] {dagbag.py:588} INFO - Filling up the DagBag from /home/airflow/.local/lib/python3.12/site-packages/airflow/example_dags/example_xcomargs.py
[2025-02-03T23:56:36.656+0000] {processor.py:925} INFO - DAG(s) 'example_xcom_args', 'example_xcom_args_with_operators' retrieved from /home/airflow/.local/lib/python3.12/site-packages/airflow/example_dags/example_xcomargs.py
[2025-02-03T23:56:36.688+0000] {logging_mixin.py:190} INFO - [2025-02-03T23:56:36.688+0000] {dag.py:3239} INFO - Sync 2 DAGs
[2025-02-03T23:56:36.709+0000] {logging_mixin.py:190} INFO - [2025-02-03T23:56:36.709+0000] {dag.py:4180} INFO - Setting next_dagrun for example_xcom_args to None, run_after=None
[2025-02-03T23:56:36.714+0000] {logging_mixin.py:190} INFO - [2025-02-03T23:56:36.713+0000] {dag.py:4180} INFO - Setting next_dagrun for example_xcom_args_with_operators to None, run_after=None
[2025-02-03T23:56:36.733+0000] {processor.py:208} INFO - Processing /home/airflow/.local/lib/python3.12/site-packages/airflow/example_dags/example_xcomargs.py took 0.103 seconds
[2025-02-03T23:57:08.168+0000] {processor.py:186} INFO - Started process (PID=1159) to work on /home/airflow/.local/lib/python3.12/site-packages/airflow/example_dags/example_xcomargs.py
[2025-02-03T23:57:08.169+0000] {processor.py:914} INFO - Processing file /home/airflow/.local/lib/python3.12/site-packages/airflow/example_dags/example_xcomargs.py for tasks to queue
[2025-02-03T23:57:08.172+0000] {logging_mixin.py:190} INFO - [2025-02-03T23:57:08.172+0000] {dagbag.py:588} INFO - Filling up the DagBag from /home/airflow/.local/lib/python3.12/site-packages/airflow/example_dags/example_xcomargs.py
[2025-02-03T23:57:08.186+0000] {processor.py:925} INFO - DAG(s) 'example_xcom_args', 'example_xcom_args_with_operators' retrieved from /home/airflow/.local/lib/python3.12/site-packages/airflow/example_dags/example_xcomargs.py
[2025-02-03T23:57:08.212+0000] {logging_mixin.py:190} INFO - [2025-02-03T23:57:08.211+0000] {dag.py:3239} INFO - Sync 2 DAGs
[2025-02-03T23:57:08.229+0000] {logging_mixin.py:190} INFO - [2025-02-03T23:57:08.229+0000] {dag.py:4180} INFO - Setting next_dagrun for example_xcom_args to None, run_after=None
[2025-02-03T23:57:08.233+0000] {logging_mixin.py:190} INFO - [2025-02-03T23:57:08.233+0000] {dag.py:4180} INFO - Setting next_dagrun for example_xcom_args_with_operators to None, run_after=None
[2025-02-03T23:57:08.251+0000] {processor.py:208} INFO - Processing /home/airflow/.local/lib/python3.12/site-packages/airflow/example_dags/example_xcomargs.py took 0.091 seconds
[2025-02-03T23:57:39.051+0000] {processor.py:186} INFO - Started process (PID=1222) to work on /home/airflow/.local/lib/python3.12/site-packages/airflow/example_dags/example_xcomargs.py
[2025-02-03T23:57:39.052+0000] {processor.py:914} INFO - Processing file /home/airflow/.local/lib/python3.12/site-packages/airflow/example_dags/example_xcomargs.py for tasks to queue
[2025-02-03T23:57:39.054+0000] {logging_mixin.py:190} INFO - [2025-02-03T23:57:39.054+0000] {dagbag.py:588} INFO - Filling up the DagBag from /home/airflow/.local/lib/python3.12/site-packages/airflow/example_dags/example_xcomargs.py
[2025-02-03T23:57:39.068+0000] {processor.py:925} INFO - DAG(s) 'example_xcom_args_with_operators', 'example_xcom_args' retrieved from /home/airflow/.local/lib/python3.12/site-packages/airflow/example_dags/example_xcomargs.py
[2025-02-03T23:57:39.097+0000] {logging_mixin.py:190} INFO - [2025-02-03T23:57:39.097+0000] {dag.py:3239} INFO - Sync 2 DAGs
[2025-02-03T23:57:39.115+0000] {logging_mixin.py:190} INFO - [2025-02-03T23:57:39.115+0000] {dag.py:4180} INFO - Setting next_dagrun for example_xcom_args to None, run_after=None
[2025-02-03T23:57:39.119+0000] {logging_mixin.py:190} INFO - [2025-02-03T23:57:39.119+0000] {dag.py:4180} INFO - Setting next_dagrun for example_xcom_args_with_operators to None, run_after=None
[2025-02-03T23:57:39.137+0000] {processor.py:208} INFO - Processing /home/airflow/.local/lib/python3.12/site-packages/airflow/example_dags/example_xcomargs.py took 0.094 seconds
[2025-02-03T23:58:10.279+0000] {processor.py:186} INFO - Started process (PID=1285) to work on /home/airflow/.local/lib/python3.12/site-packages/airflow/example_dags/example_xcomargs.py
[2025-02-03T23:58:10.281+0000] {processor.py:914} INFO - Processing file /home/airflow/.local/lib/python3.12/site-packages/airflow/example_dags/example_xcomargs.py for tasks to queue
[2025-02-03T23:58:10.287+0000] {logging_mixin.py:190} INFO - [2025-02-03T23:58:10.287+0000] {dagbag.py:588} INFO - Filling up the DagBag from /home/airflow/.local/lib/python3.12/site-packages/airflow/example_dags/example_xcomargs.py
[2025-02-03T23:58:10.299+0000] {processor.py:925} INFO - DAG(s) 'example_xcom_args', 'example_xcom_args_with_operators' retrieved from /home/airflow/.local/lib/python3.12/site-packages/airflow/example_dags/example_xcomargs.py
[2025-02-03T23:58:10.327+0000] {logging_mixin.py:190} INFO - [2025-02-03T23:58:10.327+0000] {dag.py:3239} INFO - Sync 2 DAGs
[2025-02-03T23:58:10.345+0000] {logging_mixin.py:190} INFO - [2025-02-03T23:58:10.345+0000] {dag.py:4180} INFO - Setting next_dagrun for example_xcom_args to None, run_after=None
[2025-02-03T23:58:10.350+0000] {logging_mixin.py:190} INFO - [2025-02-03T23:58:10.350+0000] {dag.py:4180} INFO - Setting next_dagrun for example_xcom_args_with_operators to None, run_after=None
[2025-02-03T23:58:10.370+0000] {processor.py:208} INFO - Processing /home/airflow/.local/lib/python3.12/site-packages/airflow/example_dags/example_xcomargs.py took 0.097 seconds
[2025-02-03T23:58:41.307+0000] {processor.py:186} INFO - Started process (PID=1348) to work on /home/airflow/.local/lib/python3.12/site-packages/airflow/example_dags/example_xcomargs.py
[2025-02-03T23:58:41.308+0000] {processor.py:914} INFO - Processing file /home/airflow/.local/lib/python3.12/site-packages/airflow/example_dags/example_xcomargs.py for tasks to queue
[2025-02-03T23:58:41.312+0000] {logging_mixin.py:190} INFO - [2025-02-03T23:58:41.311+0000] {dagbag.py:588} INFO - Filling up the DagBag from /home/airflow/.local/lib/python3.12/site-packages/airflow/example_dags/example_xcomargs.py
[2025-02-03T23:58:41.326+0000] {processor.py:925} INFO - DAG(s) 'example_xcom_args_with_operators', 'example_xcom_args' retrieved from /home/airflow/.local/lib/python3.12/site-packages/airflow/example_dags/example_xcomargs.py
[2025-02-03T23:58:41.353+0000] {logging_mixin.py:190} INFO - [2025-02-03T23:58:41.353+0000] {dag.py:3239} INFO - Sync 2 DAGs
[2025-02-03T23:58:41.373+0000] {logging_mixin.py:190} INFO - [2025-02-03T23:58:41.372+0000] {dag.py:4180} INFO - Setting next_dagrun for example_xcom_args to None, run_after=None
[2025-02-03T23:58:41.377+0000] {logging_mixin.py:190} INFO - [2025-02-03T23:58:41.377+0000] {dag.py:4180} INFO - Setting next_dagrun for example_xcom_args_with_operators to None, run_after=None
[2025-02-03T23:58:41.396+0000] {processor.py:208} INFO - Processing /home/airflow/.local/lib/python3.12/site-packages/airflow/example_dags/example_xcomargs.py took 0.098 seconds
[2025-02-03T23:59:12.169+0000] {processor.py:186} INFO - Started process (PID=1411) to work on /home/airflow/.local/lib/python3.12/site-packages/airflow/example_dags/example_xcomargs.py
[2025-02-03T23:59:12.171+0000] {processor.py:914} INFO - Processing file /home/airflow/.local/lib/python3.12/site-packages/airflow/example_dags/example_xcomargs.py for tasks to queue
[2025-02-03T23:59:12.174+0000] {logging_mixin.py:190} INFO - [2025-02-03T23:59:12.173+0000] {dagbag.py:588} INFO - Filling up the DagBag from /home/airflow/.local/lib/python3.12/site-packages/airflow/example_dags/example_xcomargs.py
[2025-02-03T23:59:12.186+0000] {processor.py:925} INFO - DAG(s) 'example_xcom_args_with_operators', 'example_xcom_args' retrieved from /home/airflow/.local/lib/python3.12/site-packages/airflow/example_dags/example_xcomargs.py
[2025-02-03T23:59:12.215+0000] {logging_mixin.py:190} INFO - [2025-02-03T23:59:12.215+0000] {dag.py:3239} INFO - Sync 2 DAGs
[2025-02-03T23:59:12.234+0000] {logging_mixin.py:190} INFO - [2025-02-03T23:59:12.233+0000] {dag.py:4180} INFO - Setting next_dagrun for example_xcom_args to None, run_after=None
[2025-02-03T23:59:12.238+0000] {logging_mixin.py:190} INFO - [2025-02-03T23:59:12.238+0000] {dag.py:4180} INFO - Setting next_dagrun for example_xcom_args_with_operators to None, run_after=None
[2025-02-03T23:59:12.260+0000] {processor.py:208} INFO - Processing /home/airflow/.local/lib/python3.12/site-packages/airflow/example_dags/example_xcomargs.py took 0.097 seconds
[2025-02-03T23:59:43.108+0000] {processor.py:186} INFO - Started process (PID=1474) to work on /home/airflow/.local/lib/python3.12/site-packages/airflow/example_dags/example_xcomargs.py
[2025-02-03T23:59:43.111+0000] {processor.py:914} INFO - Processing file /home/airflow/.local/lib/python3.12/site-packages/airflow/example_dags/example_xcomargs.py for tasks to queue
[2025-02-03T23:59:43.114+0000] {logging_mixin.py:190} INFO - [2025-02-03T23:59:43.113+0000] {dagbag.py:588} INFO - Filling up the DagBag from /home/airflow/.local/lib/python3.12/site-packages/airflow/example_dags/example_xcomargs.py
[2025-02-03T23:59:43.127+0000] {processor.py:925} INFO - DAG(s) 'example_xcom_args', 'example_xcom_args_with_operators' retrieved from /home/airflow/.local/lib/python3.12/site-packages/airflow/example_dags/example_xcomargs.py
[2025-02-03T23:59:43.155+0000] {logging_mixin.py:190} INFO - [2025-02-03T23:59:43.155+0000] {dag.py:3239} INFO - Sync 2 DAGs
[2025-02-03T23:59:43.174+0000] {logging_mixin.py:190} INFO - [2025-02-03T23:59:43.173+0000] {dag.py:4180} INFO - Setting next_dagrun for example_xcom_args to None, run_after=None
[2025-02-03T23:59:43.178+0000] {logging_mixin.py:190} INFO - [2025-02-03T23:59:43.178+0000] {dag.py:4180} INFO - Setting next_dagrun for example_xcom_args_with_operators to None, run_after=None
[2025-02-03T23:59:43.199+0000] {processor.py:208} INFO - Processing /home/airflow/.local/lib/python3.12/site-packages/airflow/example_dags/example_xcomargs.py took 0.098 seconds
