[2025-02-03T10:52:13.814+0000] {processor.py:186} INFO - Started process (PID=101) to work on /home/airflow/.local/lib/python3.12/site-packages/airflow/example_dags/tutorial_dag.py
[2025-02-03T10:52:13.816+0000] {processor.py:914} INFO - Processing file /home/airflow/.local/lib/python3.12/site-packages/airflow/example_dags/tutorial_dag.py for tasks to queue
[2025-02-03T10:52:13.819+0000] {logging_mixin.py:190} INFO - [2025-02-03T10:52:13.819+0000] {dagbag.py:588} INFO - Filling up the DagBag from /home/airflow/.local/lib/python3.12/site-packages/airflow/example_dags/tutorial_dag.py
[2025-02-03T10:52:13.831+0000] {processor.py:925} INFO - DAG(s) 'tutorial_dag' retrieved from /home/airflow/.local/lib/python3.12/site-packages/airflow/example_dags/tutorial_dag.py
[2025-02-03T10:52:13.975+0000] {logging_mixin.py:190} INFO - [2025-02-03T10:52:13.974+0000] {override.py:1911} INFO - Created Permission View: can read on DAG:tutorial_dag
[2025-02-03T10:52:13.992+0000] {logging_mixin.py:190} INFO - [2025-02-03T10:52:13.991+0000] {override.py:1911} INFO - Created Permission View: can edit on DAG:tutorial_dag
[2025-02-03T10:52:14.005+0000] {logging_mixin.py:190} INFO - [2025-02-03T10:52:14.005+0000] {override.py:1911} INFO - Created Permission View: can delete on DAG:tutorial_dag
[2025-02-03T10:52:14.015+0000] {logging_mixin.py:190} INFO - [2025-02-03T10:52:14.014+0000] {override.py:1911} INFO - Created Permission View: can read on DAG Run:tutorial_dag
[2025-02-03T10:52:14.023+0000] {logging_mixin.py:190} INFO - [2025-02-03T10:52:14.023+0000] {override.py:1911} INFO - Created Permission View: can create on DAG Run:tutorial_dag
[2025-02-03T10:52:14.035+0000] {logging_mixin.py:190} INFO - [2025-02-03T10:52:14.035+0000] {override.py:1911} INFO - Created Permission View: menu access on DAG Run:tutorial_dag
[2025-02-03T10:52:14.043+0000] {logging_mixin.py:190} INFO - [2025-02-03T10:52:14.043+0000] {override.py:1911} INFO - Created Permission View: can delete on DAG Run:tutorial_dag
[2025-02-03T10:52:14.044+0000] {logging_mixin.py:190} INFO - [2025-02-03T10:52:14.043+0000] {dag.py:3239} INFO - Sync 1 DAGs
[2025-02-03T10:52:14.064+0000] {logging_mixin.py:190} INFO - [2025-02-03T10:52:14.064+0000] {dag.py:3262} INFO - Creating ORM DAG for tutorial_dag
[2025-02-03T10:52:14.065+0000] {logging_mixin.py:190} INFO - [2025-02-03T10:52:14.065+0000] {dag.py:4180} INFO - Setting next_dagrun for tutorial_dag to None, run_after=None
[2025-02-03T10:52:14.087+0000] {processor.py:208} INFO - Processing /home/airflow/.local/lib/python3.12/site-packages/airflow/example_dags/tutorial_dag.py took 0.281 seconds
[2025-02-03T10:52:44.178+0000] {processor.py:186} INFO - Started process (PID=164) to work on /home/airflow/.local/lib/python3.12/site-packages/airflow/example_dags/tutorial_dag.py
[2025-02-03T10:52:44.180+0000] {processor.py:914} INFO - Processing file /home/airflow/.local/lib/python3.12/site-packages/airflow/example_dags/tutorial_dag.py for tasks to queue
[2025-02-03T10:52:44.184+0000] {logging_mixin.py:190} INFO - [2025-02-03T10:52:44.184+0000] {dagbag.py:588} INFO - Filling up the DagBag from /home/airflow/.local/lib/python3.12/site-packages/airflow/example_dags/tutorial_dag.py
[2025-02-03T10:52:44.198+0000] {processor.py:925} INFO - DAG(s) 'tutorial_dag' retrieved from /home/airflow/.local/lib/python3.12/site-packages/airflow/example_dags/tutorial_dag.py
[2025-02-03T10:52:44.241+0000] {logging_mixin.py:190} INFO - [2025-02-03T10:52:44.240+0000] {dag.py:3239} INFO - Sync 1 DAGs
[2025-02-03T10:52:44.263+0000] {logging_mixin.py:190} INFO - [2025-02-03T10:52:44.262+0000] {dag.py:4180} INFO - Setting next_dagrun for tutorial_dag to None, run_after=None
[2025-02-03T10:52:44.292+0000] {processor.py:208} INFO - Processing /home/airflow/.local/lib/python3.12/site-packages/airflow/example_dags/tutorial_dag.py took 0.123 seconds
[2025-02-03T10:53:15.053+0000] {processor.py:186} INFO - Started process (PID=227) to work on /home/airflow/.local/lib/python3.12/site-packages/airflow/example_dags/tutorial_dag.py
[2025-02-03T10:53:15.054+0000] {processor.py:914} INFO - Processing file /home/airflow/.local/lib/python3.12/site-packages/airflow/example_dags/tutorial_dag.py for tasks to queue
[2025-02-03T10:53:15.058+0000] {logging_mixin.py:190} INFO - [2025-02-03T10:53:15.058+0000] {dagbag.py:588} INFO - Filling up the DagBag from /home/airflow/.local/lib/python3.12/site-packages/airflow/example_dags/tutorial_dag.py
[2025-02-03T10:53:15.071+0000] {processor.py:925} INFO - DAG(s) 'tutorial_dag' retrieved from /home/airflow/.local/lib/python3.12/site-packages/airflow/example_dags/tutorial_dag.py
[2025-02-03T10:53:15.112+0000] {logging_mixin.py:190} INFO - [2025-02-03T10:53:15.111+0000] {dag.py:3239} INFO - Sync 1 DAGs
[2025-02-03T10:53:15.145+0000] {logging_mixin.py:190} INFO - [2025-02-03T10:53:15.144+0000] {dag.py:4180} INFO - Setting next_dagrun for tutorial_dag to None, run_after=None
[2025-02-03T10:53:15.187+0000] {processor.py:208} INFO - Processing /home/airflow/.local/lib/python3.12/site-packages/airflow/example_dags/tutorial_dag.py took 0.145 seconds
