[2025-02-03T10:52:13.180+0000] {processor.py:186} INFO - Started process (PID=98) to work on /home/airflow/.local/lib/python3.12/site-packages/airflow/example_dags/tutorial_objectstorage.py
[2025-02-03T10:52:13.181+0000] {processor.py:914} INFO - Processing file /home/airflow/.local/lib/python3.12/site-packages/airflow/example_dags/tutorial_objectstorage.py for tasks to queue
[2025-02-03T10:52:13.185+0000] {logging_mixin.py:190} INFO - [2025-02-03T10:52:13.184+0000] {dagbag.py:588} INFO - Filling up the DagBag from /home/airflow/.local/lib/python3.12/site-packages/airflow/example_dags/tutorial_objectstorage.py
[2025-02-03T10:52:13.204+0000] {processor.py:925} INFO - DAG(s) 'tutorial_objectstorage' retrieved from /home/airflow/.local/lib/python3.12/site-packages/airflow/example_dags/tutorial_objectstorage.py
[2025-02-03T10:52:13.346+0000] {logging_mixin.py:190} INFO - [2025-02-03T10:52:13.345+0000] {override.py:1911} INFO - Created Permission View: can read on DAG:tutorial_objectstorage
[2025-02-03T10:52:13.359+0000] {logging_mixin.py:190} INFO - [2025-02-03T10:52:13.358+0000] {override.py:1911} INFO - Created Permission View: can edit on DAG:tutorial_objectstorage
[2025-02-03T10:52:13.371+0000] {logging_mixin.py:190} INFO - [2025-02-03T10:52:13.371+0000] {override.py:1911} INFO - Created Permission View: can delete on DAG:tutorial_objectstorage
[2025-02-03T10:52:13.385+0000] {logging_mixin.py:190} INFO - [2025-02-03T10:52:13.384+0000] {override.py:1911} INFO - Created Permission View: can read on DAG Run:tutorial_objectstorage
[2025-02-03T10:52:13.397+0000] {logging_mixin.py:190} INFO - [2025-02-03T10:52:13.397+0000] {override.py:1911} INFO - Created Permission View: can create on DAG Run:tutorial_objectstorage
[2025-02-03T10:52:13.409+0000] {logging_mixin.py:190} INFO - [2025-02-03T10:52:13.409+0000] {override.py:1911} INFO - Created Permission View: menu access on DAG Run:tutorial_objectstorage
[2025-02-03T10:52:13.420+0000] {logging_mixin.py:190} INFO - [2025-02-03T10:52:13.419+0000] {override.py:1911} INFO - Created Permission View: can delete on DAG Run:tutorial_objectstorage
[2025-02-03T10:52:13.420+0000] {logging_mixin.py:190} INFO - [2025-02-03T10:52:13.420+0000] {dag.py:3239} INFO - Sync 1 DAGs
[2025-02-03T10:52:13.437+0000] {logging_mixin.py:190} INFO - [2025-02-03T10:52:13.437+0000] {dag.py:3262} INFO - Creating ORM DAG for tutorial_objectstorage
[2025-02-03T10:52:13.438+0000] {logging_mixin.py:190} INFO - [2025-02-03T10:52:13.438+0000] {dag.py:4180} INFO - Setting next_dagrun for tutorial_objectstorage to None, run_after=None
[2025-02-03T10:52:13.461+0000] {processor.py:208} INFO - Processing /home/airflow/.local/lib/python3.12/site-packages/airflow/example_dags/tutorial_objectstorage.py took 0.293 seconds
[2025-02-03T10:52:43.737+0000] {processor.py:186} INFO - Started process (PID=161) to work on /home/airflow/.local/lib/python3.12/site-packages/airflow/example_dags/tutorial_objectstorage.py
[2025-02-03T10:52:43.738+0000] {processor.py:914} INFO - Processing file /home/airflow/.local/lib/python3.12/site-packages/airflow/example_dags/tutorial_objectstorage.py for tasks to queue
[2025-02-03T10:52:43.742+0000] {logging_mixin.py:190} INFO - [2025-02-03T10:52:43.742+0000] {dagbag.py:588} INFO - Filling up the DagBag from /home/airflow/.local/lib/python3.12/site-packages/airflow/example_dags/tutorial_objectstorage.py
[2025-02-03T10:52:43.757+0000] {processor.py:925} INFO - DAG(s) 'tutorial_objectstorage' retrieved from /home/airflow/.local/lib/python3.12/site-packages/airflow/example_dags/tutorial_objectstorage.py
[2025-02-03T10:52:43.789+0000] {logging_mixin.py:190} INFO - [2025-02-03T10:52:43.789+0000] {dag.py:3239} INFO - Sync 1 DAGs
[2025-02-03T10:52:43.808+0000] {logging_mixin.py:190} INFO - [2025-02-03T10:52:43.807+0000] {dag.py:4180} INFO - Setting next_dagrun for tutorial_objectstorage to None, run_after=None
[2025-02-03T10:52:43.840+0000] {processor.py:208} INFO - Processing /home/airflow/.local/lib/python3.12/site-packages/airflow/example_dags/tutorial_objectstorage.py took 0.112 seconds
[2025-02-03T10:53:14.127+0000] {processor.py:186} INFO - Started process (PID=223) to work on /home/airflow/.local/lib/python3.12/site-packages/airflow/example_dags/tutorial_objectstorage.py
[2025-02-03T10:53:14.131+0000] {processor.py:914} INFO - Processing file /home/airflow/.local/lib/python3.12/site-packages/airflow/example_dags/tutorial_objectstorage.py for tasks to queue
[2025-02-03T10:53:14.134+0000] {logging_mixin.py:190} INFO - [2025-02-03T10:53:14.134+0000] {dagbag.py:588} INFO - Filling up the DagBag from /home/airflow/.local/lib/python3.12/site-packages/airflow/example_dags/tutorial_objectstorage.py
[2025-02-03T10:53:14.153+0000] {processor.py:925} INFO - DAG(s) 'tutorial_objectstorage' retrieved from /home/airflow/.local/lib/python3.12/site-packages/airflow/example_dags/tutorial_objectstorage.py
[2025-02-03T10:53:14.199+0000] {logging_mixin.py:190} INFO - [2025-02-03T10:53:14.199+0000] {dag.py:3239} INFO - Sync 1 DAGs
[2025-02-03T10:53:14.252+0000] {logging_mixin.py:190} INFO - [2025-02-03T10:53:14.251+0000] {dag.py:4180} INFO - Setting next_dagrun for tutorial_objectstorage to None, run_after=None
[2025-02-03T10:53:14.294+0000] {processor.py:208} INFO - Processing /home/airflow/.local/lib/python3.12/site-packages/airflow/example_dags/tutorial_objectstorage.py took 0.182 seconds
