[2025-02-04T00:00:16.023+0000] {processor.py:186} INFO - Started process (PID=1555) to work on /home/airflow/.local/lib/python3.12/site-packages/airflow/example_dags/example_dataset_alias.py
[2025-02-04T00:00:16.025+0000] {processor.py:914} INFO - Processing file /home/airflow/.local/lib/python3.12/site-packages/airflow/example_dags/example_dataset_alias.py for tasks to queue
[2025-02-04T00:00:16.029+0000] {logging_mixin.py:190} INFO - [2025-02-04T00:00:16.028+0000] {dagbag.py:588} INFO - Filling up the DagBag from /home/airflow/.local/lib/python3.12/site-packages/airflow/example_dags/example_dataset_alias.py
[2025-02-04T00:00:16.953+0000] {processor.py:925} INFO - DAG(s) 'dataset_s3_bucket_consumer', 'dataset_alias_example_alias_producer', 'dataset_alias_example_alias_consumer', 'dataset_s3_bucket_producer' retrieved from /home/airflow/.local/lib/python3.12/site-packages/airflow/example_dags/example_dataset_alias.py
[2025-02-04T00:00:16.982+0000] {logging_mixin.py:190} INFO - [2025-02-04T00:00:16.981+0000] {dag.py:3239} INFO - Sync 4 DAGs
[2025-02-04T00:00:17.012+0000] {logging_mixin.py:190} INFO - [2025-02-04T00:00:17.012+0000] {dag.py:4180} INFO - Setting next_dagrun for dataset_alias_example_alias_consumer to None, run_after=None
[2025-02-04T00:00:17.016+0000] {logging_mixin.py:190} INFO - [2025-02-04T00:00:17.015+0000] {dag.py:4180} INFO - Setting next_dagrun for dataset_alias_example_alias_producer to None, run_after=None
[2025-02-04T00:00:17.017+0000] {logging_mixin.py:190} INFO - [2025-02-04T00:00:17.017+0000] {dag.py:4180} INFO - Setting next_dagrun for dataset_s3_bucket_consumer to None, run_after=None
[2025-02-04T00:00:17.021+0000] {logging_mixin.py:190} INFO - [2025-02-04T00:00:17.021+0000] {dag.py:4180} INFO - Setting next_dagrun for dataset_s3_bucket_producer to None, run_after=None
[2025-02-04T00:00:17.050+0000] {processor.py:208} INFO - Processing /home/airflow/.local/lib/python3.12/site-packages/airflow/example_dags/example_dataset_alias.py took 1.034 seconds
[2025-02-04T00:00:47.447+0000] {processor.py:186} INFO - Started process (PID=1627) to work on /home/airflow/.local/lib/python3.12/site-packages/airflow/example_dags/example_dataset_alias.py
[2025-02-04T00:00:47.448+0000] {processor.py:914} INFO - Processing file /home/airflow/.local/lib/python3.12/site-packages/airflow/example_dags/example_dataset_alias.py for tasks to queue
[2025-02-04T00:00:47.451+0000] {logging_mixin.py:190} INFO - [2025-02-04T00:00:47.451+0000] {dagbag.py:588} INFO - Filling up the DagBag from /home/airflow/.local/lib/python3.12/site-packages/airflow/example_dags/example_dataset_alias.py
[2025-02-04T00:00:48.092+0000] {processor.py:925} INFO - DAG(s) 'dataset_s3_bucket_consumer', 'dataset_s3_bucket_producer', 'dataset_alias_example_alias_producer', 'dataset_alias_example_alias_consumer' retrieved from /home/airflow/.local/lib/python3.12/site-packages/airflow/example_dags/example_dataset_alias.py
[2025-02-04T00:00:48.119+0000] {logging_mixin.py:190} INFO - [2025-02-04T00:00:48.119+0000] {dag.py:3239} INFO - Sync 4 DAGs
[2025-02-04T00:00:48.145+0000] {logging_mixin.py:190} INFO - [2025-02-04T00:00:48.145+0000] {dag.py:4180} INFO - Setting next_dagrun for dataset_alias_example_alias_consumer to None, run_after=None
[2025-02-04T00:00:48.149+0000] {logging_mixin.py:190} INFO - [2025-02-04T00:00:48.148+0000] {dag.py:4180} INFO - Setting next_dagrun for dataset_alias_example_alias_producer to None, run_after=None
[2025-02-04T00:00:48.151+0000] {logging_mixin.py:190} INFO - [2025-02-04T00:00:48.150+0000] {dag.py:4180} INFO - Setting next_dagrun for dataset_s3_bucket_consumer to None, run_after=None
[2025-02-04T00:00:48.152+0000] {logging_mixin.py:190} INFO - [2025-02-04T00:00:48.152+0000] {dag.py:4180} INFO - Setting next_dagrun for dataset_s3_bucket_producer to None, run_after=None
[2025-02-04T00:00:48.177+0000] {processor.py:208} INFO - Processing /home/airflow/.local/lib/python3.12/site-packages/airflow/example_dags/example_dataset_alias.py took 0.737 seconds
[2025-02-04T00:01:18.931+0000] {processor.py:186} INFO - Started process (PID=1687) to work on /home/airflow/.local/lib/python3.12/site-packages/airflow/example_dags/example_dataset_alias.py
[2025-02-04T00:01:18.932+0000] {processor.py:914} INFO - Processing file /home/airflow/.local/lib/python3.12/site-packages/airflow/example_dags/example_dataset_alias.py for tasks to queue
[2025-02-04T00:01:18.935+0000] {logging_mixin.py:190} INFO - [2025-02-04T00:01:18.935+0000] {dagbag.py:588} INFO - Filling up the DagBag from /home/airflow/.local/lib/python3.12/site-packages/airflow/example_dags/example_dataset_alias.py
[2025-02-04T00:01:19.774+0000] {processor.py:925} INFO - DAG(s) 'dataset_s3_bucket_consumer', 'dataset_s3_bucket_producer', 'dataset_alias_example_alias_producer', 'dataset_alias_example_alias_consumer' retrieved from /home/airflow/.local/lib/python3.12/site-packages/airflow/example_dags/example_dataset_alias.py
[2025-02-04T00:01:19.813+0000] {logging_mixin.py:190} INFO - [2025-02-04T00:01:19.812+0000] {dag.py:3239} INFO - Sync 4 DAGs
[2025-02-04T00:01:19.849+0000] {logging_mixin.py:190} INFO - [2025-02-04T00:01:19.849+0000] {dag.py:4180} INFO - Setting next_dagrun for dataset_alias_example_alias_consumer to None, run_after=None
[2025-02-04T00:01:19.853+0000] {logging_mixin.py:190} INFO - [2025-02-04T00:01:19.853+0000] {dag.py:4180} INFO - Setting next_dagrun for dataset_alias_example_alias_producer to None, run_after=None
[2025-02-04T00:01:19.855+0000] {logging_mixin.py:190} INFO - [2025-02-04T00:01:19.855+0000] {dag.py:4180} INFO - Setting next_dagrun for dataset_s3_bucket_consumer to None, run_after=None
[2025-02-04T00:01:19.860+0000] {logging_mixin.py:190} INFO - [2025-02-04T00:01:19.860+0000] {dag.py:4180} INFO - Setting next_dagrun for dataset_s3_bucket_producer to None, run_after=None
[2025-02-04T00:01:19.888+0000] {processor.py:208} INFO - Processing /home/airflow/.local/lib/python3.12/site-packages/airflow/example_dags/example_dataset_alias.py took 0.965 seconds
[2025-02-04T00:01:50.081+0000] {processor.py:186} INFO - Started process (PID=1731) to work on /home/airflow/.local/lib/python3.12/site-packages/airflow/example_dags/example_dataset_alias.py
[2025-02-04T00:01:50.084+0000] {processor.py:914} INFO - Processing file /home/airflow/.local/lib/python3.12/site-packages/airflow/example_dags/example_dataset_alias.py for tasks to queue
[2025-02-04T00:01:50.089+0000] {logging_mixin.py:190} INFO - [2025-02-04T00:01:50.088+0000] {dagbag.py:588} INFO - Filling up the DagBag from /home/airflow/.local/lib/python3.12/site-packages/airflow/example_dags/example_dataset_alias.py
[2025-02-04T00:01:52.105+0000] {processor.py:925} INFO - DAG(s) 'dataset_s3_bucket_producer', 'dataset_alias_example_alias_producer', 'dataset_alias_example_alias_consumer', 'dataset_s3_bucket_consumer' retrieved from /home/airflow/.local/lib/python3.12/site-packages/airflow/example_dags/example_dataset_alias.py
[2025-02-04T00:01:52.146+0000] {logging_mixin.py:190} INFO - [2025-02-04T00:01:52.145+0000] {dag.py:3239} INFO - Sync 4 DAGs
[2025-02-04T00:01:52.183+0000] {logging_mixin.py:190} INFO - [2025-02-04T00:01:52.183+0000] {dag.py:4180} INFO - Setting next_dagrun for dataset_alias_example_alias_consumer to None, run_after=None
[2025-02-04T00:01:52.189+0000] {logging_mixin.py:190} INFO - [2025-02-04T00:01:52.188+0000] {dag.py:4180} INFO - Setting next_dagrun for dataset_alias_example_alias_producer to None, run_after=None
[2025-02-04T00:01:52.191+0000] {logging_mixin.py:190} INFO - [2025-02-04T00:01:52.191+0000] {dag.py:4180} INFO - Setting next_dagrun for dataset_s3_bucket_consumer to None, run_after=None
[2025-02-04T00:01:52.194+0000] {logging_mixin.py:190} INFO - [2025-02-04T00:01:52.194+0000] {dag.py:4180} INFO - Setting next_dagrun for dataset_s3_bucket_producer to None, run_after=None
[2025-02-04T00:01:52.244+0000] {processor.py:208} INFO - Processing /home/airflow/.local/lib/python3.12/site-packages/airflow/example_dags/example_dataset_alias.py took 2.177 seconds
[2025-02-04T00:02:22.836+0000] {processor.py:186} INFO - Started process (PID=1798) to work on /home/airflow/.local/lib/python3.12/site-packages/airflow/example_dags/example_dataset_alias.py
[2025-02-04T00:02:22.839+0000] {processor.py:914} INFO - Processing file /home/airflow/.local/lib/python3.12/site-packages/airflow/example_dags/example_dataset_alias.py for tasks to queue
[2025-02-04T00:02:22.844+0000] {logging_mixin.py:190} INFO - [2025-02-04T00:02:22.843+0000] {dagbag.py:588} INFO - Filling up the DagBag from /home/airflow/.local/lib/python3.12/site-packages/airflow/example_dags/example_dataset_alias.py
[2025-02-04T00:02:25.310+0000] {processor.py:925} INFO - DAG(s) 'dataset_alias_example_alias_producer', 'dataset_s3_bucket_producer', 'dataset_alias_example_alias_consumer', 'dataset_s3_bucket_consumer' retrieved from /home/airflow/.local/lib/python3.12/site-packages/airflow/example_dags/example_dataset_alias.py
[2025-02-04T00:02:25.381+0000] {logging_mixin.py:190} INFO - [2025-02-04T00:02:25.380+0000] {dag.py:3239} INFO - Sync 4 DAGs
[2025-02-04T00:02:25.444+0000] {logging_mixin.py:190} INFO - [2025-02-04T00:02:25.443+0000] {dag.py:4180} INFO - Setting next_dagrun for dataset_alias_example_alias_consumer to None, run_after=None
[2025-02-04T00:02:25.461+0000] {logging_mixin.py:190} INFO - [2025-02-04T00:02:25.460+0000] {dag.py:4180} INFO - Setting next_dagrun for dataset_alias_example_alias_producer to None, run_after=None
[2025-02-04T00:02:25.465+0000] {logging_mixin.py:190} INFO - [2025-02-04T00:02:25.464+0000] {dag.py:4180} INFO - Setting next_dagrun for dataset_s3_bucket_consumer to None, run_after=None
[2025-02-04T00:02:25.472+0000] {logging_mixin.py:190} INFO - [2025-02-04T00:02:25.471+0000] {dag.py:4180} INFO - Setting next_dagrun for dataset_s3_bucket_producer to None, run_after=None
[2025-02-04T00:02:25.604+0000] {processor.py:208} INFO - Processing /home/airflow/.local/lib/python3.12/site-packages/airflow/example_dags/example_dataset_alias.py took 2.780 seconds
