[2025-02-04T00:00:16.267+0000] {processor.py:186} INFO - Started process (PID=1557) to work on /home/airflow/.local/lib/python3.12/site-packages/airflow/example_dags/example_complex.py
[2025-02-04T00:00:16.268+0000] {processor.py:914} INFO - Processing file /home/airflow/.local/lib/python3.12/site-packages/airflow/example_dags/example_complex.py for tasks to queue
[2025-02-04T00:00:16.272+0000] {logging_mixin.py:190} INFO - [2025-02-04T00:00:16.271+0000] {dagbag.py:588} INFO - Filling up the DagBag from /home/airflow/.local/lib/python3.12/site-packages/airflow/example_dags/example_complex.py
[2025-02-04T00:00:16.287+0000] {processor.py:925} INFO - DAG(s) 'example_complex' retrieved from /home/airflow/.local/lib/python3.12/site-packages/airflow/example_dags/example_complex.py
[2025-02-04T00:00:16.341+0000] {logging_mixin.py:190} INFO - [2025-02-04T00:00:16.341+0000] {dag.py:3239} INFO - Sync 1 DAGs
[2025-02-04T00:00:16.364+0000] {logging_mixin.py:190} INFO - [2025-02-04T00:00:16.364+0000] {dag.py:4180} INFO - Setting next_dagrun for example_complex to None, run_after=None
[2025-02-04T00:00:16.392+0000] {processor.py:208} INFO - Processing /home/airflow/.local/lib/python3.12/site-packages/airflow/example_dags/example_complex.py took 0.137 seconds
[2025-02-04T00:00:47.307+0000] {processor.py:186} INFO - Started process (PID=1625) to work on /home/airflow/.local/lib/python3.12/site-packages/airflow/example_dags/example_complex.py
[2025-02-04T00:00:47.309+0000] {processor.py:914} INFO - Processing file /home/airflow/.local/lib/python3.12/site-packages/airflow/example_dags/example_complex.py for tasks to queue
[2025-02-04T00:00:47.314+0000] {logging_mixin.py:190} INFO - [2025-02-04T00:00:47.313+0000] {dagbag.py:588} INFO - Filling up the DagBag from /home/airflow/.local/lib/python3.12/site-packages/airflow/example_dags/example_complex.py
[2025-02-04T00:00:47.332+0000] {processor.py:925} INFO - DAG(s) 'example_complex' retrieved from /home/airflow/.local/lib/python3.12/site-packages/airflow/example_dags/example_complex.py
[2025-02-04T00:00:47.376+0000] {logging_mixin.py:190} INFO - [2025-02-04T00:00:47.375+0000] {dag.py:3239} INFO - Sync 1 DAGs
[2025-02-04T00:00:47.393+0000] {logging_mixin.py:190} INFO - [2025-02-04T00:00:47.393+0000] {dag.py:4180} INFO - Setting next_dagrun for example_complex to None, run_after=None
[2025-02-04T00:00:47.417+0000] {processor.py:208} INFO - Processing /home/airflow/.local/lib/python3.12/site-packages/airflow/example_dags/example_complex.py took 0.120 seconds
[2025-02-04T00:01:19.930+0000] {processor.py:186} INFO - Started process (PID=1689) to work on /home/airflow/.local/lib/python3.12/site-packages/airflow/example_dags/example_complex.py
[2025-02-04T00:01:19.932+0000] {processor.py:914} INFO - Processing file /home/airflow/.local/lib/python3.12/site-packages/airflow/example_dags/example_complex.py for tasks to queue
[2025-02-04T00:01:19.935+0000] {logging_mixin.py:190} INFO - [2025-02-04T00:01:19.935+0000] {dagbag.py:588} INFO - Filling up the DagBag from /home/airflow/.local/lib/python3.12/site-packages/airflow/example_dags/example_complex.py
[2025-02-04T00:01:19.953+0000] {processor.py:925} INFO - DAG(s) 'example_complex' retrieved from /home/airflow/.local/lib/python3.12/site-packages/airflow/example_dags/example_complex.py
[2025-02-04T00:01:20.002+0000] {logging_mixin.py:190} INFO - [2025-02-04T00:01:20.001+0000] {dag.py:3239} INFO - Sync 1 DAGs
[2025-02-04T00:01:20.021+0000] {logging_mixin.py:190} INFO - [2025-02-04T00:01:20.021+0000] {dag.py:4180} INFO - Setting next_dagrun for example_complex to None, run_after=None
[2025-02-04T00:01:20.047+0000] {processor.py:208} INFO - Processing /home/airflow/.local/lib/python3.12/site-packages/airflow/example_dags/example_complex.py took 0.124 seconds
[2025-02-04T00:01:54.037+0000] {processor.py:186} INFO - Started process (PID=1754) to work on /home/airflow/.local/lib/python3.12/site-packages/airflow/example_dags/example_complex.py
[2025-02-04T00:01:54.038+0000] {processor.py:914} INFO - Processing file /home/airflow/.local/lib/python3.12/site-packages/airflow/example_dags/example_complex.py for tasks to queue
[2025-02-04T00:01:54.043+0000] {logging_mixin.py:190} INFO - [2025-02-04T00:01:54.043+0000] {dagbag.py:588} INFO - Filling up the DagBag from /home/airflow/.local/lib/python3.12/site-packages/airflow/example_dags/example_complex.py
[2025-02-04T00:01:54.068+0000] {processor.py:925} INFO - DAG(s) 'example_complex' retrieved from /home/airflow/.local/lib/python3.12/site-packages/airflow/example_dags/example_complex.py
[2025-02-04T00:01:54.142+0000] {logging_mixin.py:190} INFO - [2025-02-04T00:01:54.142+0000] {dag.py:3239} INFO - Sync 1 DAGs
[2025-02-04T00:01:54.177+0000] {logging_mixin.py:190} INFO - [2025-02-04T00:01:54.177+0000] {dag.py:4180} INFO - Setting next_dagrun for example_complex to None, run_after=None
[2025-02-04T00:01:54.215+0000] {processor.py:208} INFO - Processing /home/airflow/.local/lib/python3.12/site-packages/airflow/example_dags/example_complex.py took 0.190 seconds
[2025-02-04T00:02:27.296+0000] {processor.py:186} INFO - Started process (PID=1817) to work on /home/airflow/.local/lib/python3.12/site-packages/airflow/example_dags/example_complex.py
[2025-02-04T00:02:27.299+0000] {processor.py:914} INFO - Processing file /home/airflow/.local/lib/python3.12/site-packages/airflow/example_dags/example_complex.py for tasks to queue
[2025-02-04T00:02:27.304+0000] {logging_mixin.py:190} INFO - [2025-02-04T00:02:27.303+0000] {dagbag.py:588} INFO - Filling up the DagBag from /home/airflow/.local/lib/python3.12/site-packages/airflow/example_dags/example_complex.py
[2025-02-04T00:02:27.332+0000] {processor.py:925} INFO - DAG(s) 'example_complex' retrieved from /home/airflow/.local/lib/python3.12/site-packages/airflow/example_dags/example_complex.py
[2025-02-04T00:02:27.409+0000] {logging_mixin.py:190} INFO - [2025-02-04T00:02:27.408+0000] {dag.py:3239} INFO - Sync 1 DAGs
[2025-02-04T00:02:27.450+0000] {logging_mixin.py:190} INFO - [2025-02-04T00:02:27.450+0000] {dag.py:4180} INFO - Setting next_dagrun for example_complex to None, run_after=None
[2025-02-04T00:02:27.490+0000] {processor.py:208} INFO - Processing /home/airflow/.local/lib/python3.12/site-packages/airflow/example_dags/example_complex.py took 0.209 seconds
