[2025-02-04T00:00:14.885+0000] {processor.py:186} INFO - Started process (PID=1540) to work on /home/airflow/.local/lib/python3.12/site-packages/airflow/example_dags/example_subdag_operator.py
[2025-02-04T00:00:14.888+0000] {processor.py:914} INFO - Processing file /home/airflow/.local/lib/python3.12/site-packages/airflow/example_dags/example_subdag_operator.py for tasks to queue
[2025-02-04T00:00:14.893+0000] {logging_mixin.py:190} INFO - [2025-02-04T00:00:14.892+0000] {dagbag.py:588} INFO - Filling up the DagBag from /home/airflow/.local/lib/python3.12/site-packages/airflow/example_dags/example_subdag_operator.py
[2025-02-04T00:00:14.926+0000] {processor.py:925} INFO - DAG(s) 'example_subdag_operator.section-1', 'example_subdag_operator.section-2', 'example_subdag_operator' retrieved from /home/airflow/.local/lib/python3.12/site-packages/airflow/example_dags/example_subdag_operator.py
[2025-02-04T00:00:14.946+0000] {logging_mixin.py:190} INFO - [2025-02-04T00:00:14.946+0000] {dag.py:3239} INFO - Sync 3 DAGs
[2025-02-04T00:00:14.975+0000] {logging_mixin.py:190} INFO - [2025-02-04T00:00:14.974+0000] {dag.py:4180} INFO - Setting next_dagrun for example_subdag_operator to 2022-01-01 00:00:00+00:00, run_after=2022-01-01 00:00:00+00:00
[2025-02-04T00:00:14.979+0000] {logging_mixin.py:190} INFO - [2025-02-04T00:00:14.979+0000] {dag.py:4180} INFO - Setting next_dagrun for example_subdag_operator.section-1 to None, run_after=None
[2025-02-04T00:00:14.981+0000] {logging_mixin.py:190} INFO - [2025-02-04T00:00:14.981+0000] {dag.py:4180} INFO - Setting next_dagrun for example_subdag_operator.section-2 to None, run_after=None
[2025-02-04T00:00:14.990+0000] {logging_mixin.py:190} INFO - [2025-02-04T00:00:14.990+0000] {dag.py:3239} INFO - Sync 2 DAGs
[2025-02-04T00:00:14.997+0000] {logging_mixin.py:190} INFO - [2025-02-04T00:00:14.996+0000] {dag.py:4180} INFO - Setting next_dagrun for example_subdag_operator.section-1 to None, run_after=None
[2025-02-04T00:00:14.997+0000] {logging_mixin.py:190} INFO - [2025-02-04T00:00:14.997+0000] {dag.py:4180} INFO - Setting next_dagrun for example_subdag_operator.section-2 to None, run_after=None
[2025-02-04T00:00:15.012+0000] {processor.py:208} INFO - Processing /home/airflow/.local/lib/python3.12/site-packages/airflow/example_dags/example_subdag_operator.py took 0.134 seconds
[2025-02-04T00:00:45.989+0000] {processor.py:186} INFO - Started process (PID=1603) to work on /home/airflow/.local/lib/python3.12/site-packages/airflow/example_dags/example_subdag_operator.py
[2025-02-04T00:00:45.990+0000] {processor.py:914} INFO - Processing file /home/airflow/.local/lib/python3.12/site-packages/airflow/example_dags/example_subdag_operator.py for tasks to queue
[2025-02-04T00:00:45.993+0000] {logging_mixin.py:190} INFO - [2025-02-04T00:00:45.993+0000] {dagbag.py:588} INFO - Filling up the DagBag from /home/airflow/.local/lib/python3.12/site-packages/airflow/example_dags/example_subdag_operator.py
[2025-02-04T00:00:46.024+0000] {processor.py:925} INFO - DAG(s) 'example_subdag_operator.section-1', 'example_subdag_operator.section-2', 'example_subdag_operator' retrieved from /home/airflow/.local/lib/python3.12/site-packages/airflow/example_dags/example_subdag_operator.py
[2025-02-04T00:00:46.043+0000] {logging_mixin.py:190} INFO - [2025-02-04T00:00:46.043+0000] {dag.py:3239} INFO - Sync 3 DAGs
[2025-02-04T00:00:46.072+0000] {logging_mixin.py:190} INFO - [2025-02-04T00:00:46.072+0000] {dag.py:4180} INFO - Setting next_dagrun for example_subdag_operator to 2022-01-01 00:00:00+00:00, run_after=2022-01-01 00:00:00+00:00
[2025-02-04T00:00:46.077+0000] {logging_mixin.py:190} INFO - [2025-02-04T00:00:46.077+0000] {dag.py:4180} INFO - Setting next_dagrun for example_subdag_operator.section-1 to None, run_after=None
[2025-02-04T00:00:46.079+0000] {logging_mixin.py:190} INFO - [2025-02-04T00:00:46.079+0000] {dag.py:4180} INFO - Setting next_dagrun for example_subdag_operator.section-2 to None, run_after=None
[2025-02-04T00:00:46.089+0000] {logging_mixin.py:190} INFO - [2025-02-04T00:00:46.089+0000] {dag.py:3239} INFO - Sync 2 DAGs
[2025-02-04T00:00:46.097+0000] {logging_mixin.py:190} INFO - [2025-02-04T00:00:46.097+0000] {dag.py:4180} INFO - Setting next_dagrun for example_subdag_operator.section-1 to None, run_after=None
[2025-02-04T00:00:46.098+0000] {logging_mixin.py:190} INFO - [2025-02-04T00:00:46.097+0000] {dag.py:4180} INFO - Setting next_dagrun for example_subdag_operator.section-2 to None, run_after=None
[2025-02-04T00:00:46.113+0000] {processor.py:208} INFO - Processing /home/airflow/.local/lib/python3.12/site-packages/airflow/example_dags/example_subdag_operator.py took 0.131 seconds
[2025-02-04T00:01:17.708+0000] {processor.py:186} INFO - Started process (PID=1672) to work on /home/airflow/.local/lib/python3.12/site-packages/airflow/example_dags/example_subdag_operator.py
[2025-02-04T00:01:17.709+0000] {processor.py:914} INFO - Processing file /home/airflow/.local/lib/python3.12/site-packages/airflow/example_dags/example_subdag_operator.py for tasks to queue
[2025-02-04T00:01:17.713+0000] {logging_mixin.py:190} INFO - [2025-02-04T00:01:17.712+0000] {dagbag.py:588} INFO - Filling up the DagBag from /home/airflow/.local/lib/python3.12/site-packages/airflow/example_dags/example_subdag_operator.py
[2025-02-04T00:01:17.751+0000] {processor.py:925} INFO - DAG(s) 'example_subdag_operator.section-1', 'example_subdag_operator.section-2', 'example_subdag_operator' retrieved from /home/airflow/.local/lib/python3.12/site-packages/airflow/example_dags/example_subdag_operator.py
[2025-02-04T00:01:17.772+0000] {logging_mixin.py:190} INFO - [2025-02-04T00:01:17.772+0000] {dag.py:3239} INFO - Sync 3 DAGs
[2025-02-04T00:01:17.807+0000] {logging_mixin.py:190} INFO - [2025-02-04T00:01:17.807+0000] {dag.py:4180} INFO - Setting next_dagrun for example_subdag_operator to 2022-01-01 00:00:00+00:00, run_after=2022-01-01 00:00:00+00:00
[2025-02-04T00:01:17.812+0000] {logging_mixin.py:190} INFO - [2025-02-04T00:01:17.811+0000] {dag.py:4180} INFO - Setting next_dagrun for example_subdag_operator.section-1 to None, run_after=None
[2025-02-04T00:01:17.815+0000] {logging_mixin.py:190} INFO - [2025-02-04T00:01:17.814+0000] {dag.py:4180} INFO - Setting next_dagrun for example_subdag_operator.section-2 to None, run_after=None
[2025-02-04T00:01:17.825+0000] {logging_mixin.py:190} INFO - [2025-02-04T00:01:17.825+0000] {dag.py:3239} INFO - Sync 2 DAGs
[2025-02-04T00:01:17.837+0000] {logging_mixin.py:190} INFO - [2025-02-04T00:01:17.837+0000] {dag.py:4180} INFO - Setting next_dagrun for example_subdag_operator.section-1 to None, run_after=None
[2025-02-04T00:01:17.837+0000] {logging_mixin.py:190} INFO - [2025-02-04T00:01:17.837+0000] {dag.py:4180} INFO - Setting next_dagrun for example_subdag_operator.section-2 to None, run_after=None
[2025-02-04T00:01:17.852+0000] {processor.py:208} INFO - Processing /home/airflow/.local/lib/python3.12/site-packages/airflow/example_dags/example_subdag_operator.py took 0.152 seconds
[2025-02-04T00:01:51.763+0000] {processor.py:186} INFO - Started process (PID=1736) to work on /home/airflow/.local/lib/python3.12/site-packages/airflow/example_dags/example_subdag_operator.py
[2025-02-04T00:01:51.765+0000] {processor.py:914} INFO - Processing file /home/airflow/.local/lib/python3.12/site-packages/airflow/example_dags/example_subdag_operator.py for tasks to queue
[2025-02-04T00:01:51.770+0000] {logging_mixin.py:190} INFO - [2025-02-04T00:01:51.770+0000] {dagbag.py:588} INFO - Filling up the DagBag from /home/airflow/.local/lib/python3.12/site-packages/airflow/example_dags/example_subdag_operator.py
[2025-02-04T00:01:51.826+0000] {processor.py:925} INFO - DAG(s) 'example_subdag_operator.section-1', 'example_subdag_operator.section-2', 'example_subdag_operator' retrieved from /home/airflow/.local/lib/python3.12/site-packages/airflow/example_dags/example_subdag_operator.py
[2025-02-04T00:01:51.859+0000] {logging_mixin.py:190} INFO - [2025-02-04T00:01:51.858+0000] {dag.py:3239} INFO - Sync 3 DAGs
[2025-02-04T00:01:51.912+0000] {logging_mixin.py:190} INFO - [2025-02-04T00:01:51.912+0000] {dag.py:4180} INFO - Setting next_dagrun for example_subdag_operator to 2022-01-01 00:00:00+00:00, run_after=2022-01-01 00:00:00+00:00
[2025-02-04T00:01:51.921+0000] {logging_mixin.py:190} INFO - [2025-02-04T00:01:51.920+0000] {dag.py:4180} INFO - Setting next_dagrun for example_subdag_operator.section-1 to None, run_after=None
[2025-02-04T00:01:51.924+0000] {logging_mixin.py:190} INFO - [2025-02-04T00:01:51.923+0000] {dag.py:4180} INFO - Setting next_dagrun for example_subdag_operator.section-2 to None, run_after=None
[2025-02-04T00:01:51.938+0000] {logging_mixin.py:190} INFO - [2025-02-04T00:01:51.938+0000] {dag.py:3239} INFO - Sync 2 DAGs
[2025-02-04T00:01:51.946+0000] {logging_mixin.py:190} INFO - [2025-02-04T00:01:51.946+0000] {dag.py:4180} INFO - Setting next_dagrun for example_subdag_operator.section-1 to None, run_after=None
[2025-02-04T00:01:51.948+0000] {logging_mixin.py:190} INFO - [2025-02-04T00:01:51.947+0000] {dag.py:4180} INFO - Setting next_dagrun for example_subdag_operator.section-2 to None, run_after=None
[2025-02-04T00:01:51.972+0000] {processor.py:208} INFO - Processing /home/airflow/.local/lib/python3.12/site-packages/airflow/example_dags/example_subdag_operator.py took 0.223 seconds
[2025-02-04T00:02:22.847+0000] {processor.py:186} INFO - Started process (PID=1799) to work on /home/airflow/.local/lib/python3.12/site-packages/airflow/example_dags/example_subdag_operator.py
[2025-02-04T00:02:22.849+0000] {processor.py:914} INFO - Processing file /home/airflow/.local/lib/python3.12/site-packages/airflow/example_dags/example_subdag_operator.py for tasks to queue
[2025-02-04T00:02:22.853+0000] {logging_mixin.py:190} INFO - [2025-02-04T00:02:22.852+0000] {dagbag.py:588} INFO - Filling up the DagBag from /home/airflow/.local/lib/python3.12/site-packages/airflow/example_dags/example_subdag_operator.py
[2025-02-04T00:02:22.926+0000] {processor.py:925} INFO - DAG(s) 'example_subdag_operator.section-1', 'example_subdag_operator.section-2', 'example_subdag_operator' retrieved from /home/airflow/.local/lib/python3.12/site-packages/airflow/example_dags/example_subdag_operator.py
[2025-02-04T00:02:22.965+0000] {logging_mixin.py:190} INFO - [2025-02-04T00:02:22.964+0000] {dag.py:3239} INFO - Sync 3 DAGs
[2025-02-04T00:02:23.020+0000] {logging_mixin.py:190} INFO - [2025-02-04T00:02:23.020+0000] {dag.py:4180} INFO - Setting next_dagrun for example_subdag_operator to 2022-01-01 00:00:00+00:00, run_after=2022-01-01 00:00:00+00:00
[2025-02-04T00:02:23.029+0000] {logging_mixin.py:190} INFO - [2025-02-04T00:02:23.029+0000] {dag.py:4180} INFO - Setting next_dagrun for example_subdag_operator.section-1 to None, run_after=None
[2025-02-04T00:02:23.037+0000] {logging_mixin.py:190} INFO - [2025-02-04T00:02:23.037+0000] {dag.py:4180} INFO - Setting next_dagrun for example_subdag_operator.section-2 to None, run_after=None
[2025-02-04T00:02:23.064+0000] {logging_mixin.py:190} INFO - [2025-02-04T00:02:23.063+0000] {dag.py:3239} INFO - Sync 2 DAGs
[2025-02-04T00:02:23.081+0000] {logging_mixin.py:190} INFO - [2025-02-04T00:02:23.080+0000] {dag.py:4180} INFO - Setting next_dagrun for example_subdag_operator.section-1 to None, run_after=None
[2025-02-04T00:02:23.083+0000] {logging_mixin.py:190} INFO - [2025-02-04T00:02:23.082+0000] {dag.py:4180} INFO - Setting next_dagrun for example_subdag_operator.section-2 to None, run_after=None
[2025-02-04T00:02:23.112+0000] {processor.py:208} INFO - Processing /home/airflow/.local/lib/python3.12/site-packages/airflow/example_dags/example_subdag_operator.py took 0.278 seconds
