[2025-02-04T00:00:14.606+0000] {processor.py:186} INFO - Started process (PID=1537) to work on /home/airflow/.local/lib/python3.12/site-packages/airflow/example_dags/example_xcomargs.py
[2025-02-04T00:00:14.607+0000] {processor.py:914} INFO - Processing file /home/airflow/.local/lib/python3.12/site-packages/airflow/example_dags/example_xcomargs.py for tasks to queue
[2025-02-04T00:00:14.610+0000] {logging_mixin.py:190} INFO - [2025-02-04T00:00:14.609+0000] {dagbag.py:588} INFO - Filling up the DagBag from /home/airflow/.local/lib/python3.12/site-packages/airflow/example_dags/example_xcomargs.py
[2025-02-04T00:00:14.622+0000] {processor.py:925} INFO - DAG(s) 'example_xcom_args', 'example_xcom_args_with_operators' retrieved from /home/airflow/.local/lib/python3.12/site-packages/airflow/example_dags/example_xcomargs.py
[2025-02-04T00:00:14.655+0000] {logging_mixin.py:190} INFO - [2025-02-04T00:00:14.655+0000] {dag.py:3239} INFO - Sync 2 DAGs
[2025-02-04T00:00:14.674+0000] {logging_mixin.py:190} INFO - [2025-02-04T00:00:14.674+0000] {dag.py:4180} INFO - Setting next_dagrun for example_xcom_args to None, run_after=None
[2025-02-04T00:00:14.678+0000] {logging_mixin.py:190} INFO - [2025-02-04T00:00:14.678+0000] {dag.py:4180} INFO - Setting next_dagrun for example_xcom_args_with_operators to None, run_after=None
[2025-02-04T00:00:14.698+0000] {processor.py:208} INFO - Processing /home/airflow/.local/lib/python3.12/site-packages/airflow/example_dags/example_xcomargs.py took 0.099 seconds
[2025-02-04T00:00:45.746+0000] {processor.py:186} INFO - Started process (PID=1600) to work on /home/airflow/.local/lib/python3.12/site-packages/airflow/example_dags/example_xcomargs.py
[2025-02-04T00:00:45.747+0000] {processor.py:914} INFO - Processing file /home/airflow/.local/lib/python3.12/site-packages/airflow/example_dags/example_xcomargs.py for tasks to queue
[2025-02-04T00:00:45.749+0000] {logging_mixin.py:190} INFO - [2025-02-04T00:00:45.749+0000] {dagbag.py:588} INFO - Filling up the DagBag from /home/airflow/.local/lib/python3.12/site-packages/airflow/example_dags/example_xcomargs.py
[2025-02-04T00:00:45.761+0000] {processor.py:925} INFO - DAG(s) 'example_xcom_args', 'example_xcom_args_with_operators' retrieved from /home/airflow/.local/lib/python3.12/site-packages/airflow/example_dags/example_xcomargs.py
[2025-02-04T00:00:45.792+0000] {logging_mixin.py:190} INFO - [2025-02-04T00:00:45.791+0000] {dag.py:3239} INFO - Sync 2 DAGs
[2025-02-04T00:00:45.810+0000] {logging_mixin.py:190} INFO - [2025-02-04T00:00:45.809+0000] {dag.py:4180} INFO - Setting next_dagrun for example_xcom_args to None, run_after=None
[2025-02-04T00:00:45.814+0000] {logging_mixin.py:190} INFO - [2025-02-04T00:00:45.814+0000] {dag.py:4180} INFO - Setting next_dagrun for example_xcom_args_with_operators to None, run_after=None
[2025-02-04T00:00:45.836+0000] {processor.py:208} INFO - Processing /home/airflow/.local/lib/python3.12/site-packages/airflow/example_dags/example_xcomargs.py took 0.098 seconds
[2025-02-04T00:01:17.524+0000] {processor.py:186} INFO - Started process (PID=1669) to work on /home/airflow/.local/lib/python3.12/site-packages/airflow/example_dags/example_xcomargs.py
[2025-02-04T00:01:17.525+0000] {processor.py:914} INFO - Processing file /home/airflow/.local/lib/python3.12/site-packages/airflow/example_dags/example_xcomargs.py for tasks to queue
[2025-02-04T00:01:17.529+0000] {logging_mixin.py:190} INFO - [2025-02-04T00:01:17.528+0000] {dagbag.py:588} INFO - Filling up the DagBag from /home/airflow/.local/lib/python3.12/site-packages/airflow/example_dags/example_xcomargs.py
[2025-02-04T00:01:17.541+0000] {processor.py:925} INFO - DAG(s) 'example_xcom_args_with_operators', 'example_xcom_args' retrieved from /home/airflow/.local/lib/python3.12/site-packages/airflow/example_dags/example_xcomargs.py
[2025-02-04T00:01:17.574+0000] {logging_mixin.py:190} INFO - [2025-02-04T00:01:17.573+0000] {dag.py:3239} INFO - Sync 2 DAGs
[2025-02-04T00:01:17.598+0000] {logging_mixin.py:190} INFO - [2025-02-04T00:01:17.598+0000] {dag.py:4180} INFO - Setting next_dagrun for example_xcom_args to None, run_after=None
[2025-02-04T00:01:17.603+0000] {logging_mixin.py:190} INFO - [2025-02-04T00:01:17.603+0000] {dag.py:4180} INFO - Setting next_dagrun for example_xcom_args_with_operators to None, run_after=None
[2025-02-04T00:01:17.625+0000] {processor.py:208} INFO - Processing /home/airflow/.local/lib/python3.12/site-packages/airflow/example_dags/example_xcomargs.py took 0.109 seconds
[2025-02-04T00:01:50.485+0000] {processor.py:186} INFO - Started process (PID=1733) to work on /home/airflow/.local/lib/python3.12/site-packages/airflow/example_dags/example_xcomargs.py
[2025-02-04T00:01:50.492+0000] {processor.py:914} INFO - Processing file /home/airflow/.local/lib/python3.12/site-packages/airflow/example_dags/example_xcomargs.py for tasks to queue
[2025-02-04T00:01:50.498+0000] {logging_mixin.py:190} INFO - [2025-02-04T00:01:50.497+0000] {dagbag.py:588} INFO - Filling up the DagBag from /home/airflow/.local/lib/python3.12/site-packages/airflow/example_dags/example_xcomargs.py
[2025-02-04T00:01:50.526+0000] {processor.py:925} INFO - DAG(s) 'example_xcom_args_with_operators', 'example_xcom_args' retrieved from /home/airflow/.local/lib/python3.12/site-packages/airflow/example_dags/example_xcomargs.py
[2025-02-04T00:01:50.624+0000] {logging_mixin.py:190} INFO - [2025-02-04T00:01:50.623+0000] {dag.py:3239} INFO - Sync 2 DAGs
[2025-02-04T00:01:50.658+0000] {logging_mixin.py:190} INFO - [2025-02-04T00:01:50.657+0000] {dag.py:4180} INFO - Setting next_dagrun for example_xcom_args to None, run_after=None
[2025-02-04T00:01:50.669+0000] {logging_mixin.py:190} INFO - [2025-02-04T00:01:50.668+0000] {dag.py:4180} INFO - Setting next_dagrun for example_xcom_args_with_operators to None, run_after=None
[2025-02-04T00:01:50.709+0000] {processor.py:208} INFO - Processing /home/airflow/.local/lib/python3.12/site-packages/airflow/example_dags/example_xcomargs.py took 0.239 seconds
[2025-02-04T00:02:21.359+0000] {processor.py:186} INFO - Started process (PID=1795) to work on /home/airflow/.local/lib/python3.12/site-packages/airflow/example_dags/example_xcomargs.py
[2025-02-04T00:02:21.362+0000] {processor.py:914} INFO - Processing file /home/airflow/.local/lib/python3.12/site-packages/airflow/example_dags/example_xcomargs.py for tasks to queue
[2025-02-04T00:02:21.367+0000] {logging_mixin.py:190} INFO - [2025-02-04T00:02:21.366+0000] {dagbag.py:588} INFO - Filling up the DagBag from /home/airflow/.local/lib/python3.12/site-packages/airflow/example_dags/example_xcomargs.py
[2025-02-04T00:02:21.395+0000] {processor.py:925} INFO - DAG(s) 'example_xcom_args_with_operators', 'example_xcom_args' retrieved from /home/airflow/.local/lib/python3.12/site-packages/airflow/example_dags/example_xcomargs.py
[2025-02-04T00:02:21.450+0000] {logging_mixin.py:190} INFO - [2025-02-04T00:02:21.449+0000] {dag.py:3239} INFO - Sync 2 DAGs
[2025-02-04T00:02:21.484+0000] {logging_mixin.py:190} INFO - [2025-02-04T00:02:21.483+0000] {dag.py:4180} INFO - Setting next_dagrun for example_xcom_args to None, run_after=None
[2025-02-04T00:02:21.489+0000] {logging_mixin.py:190} INFO - [2025-02-04T00:02:21.489+0000] {dag.py:4180} INFO - Setting next_dagrun for example_xcom_args_with_operators to None, run_after=None
[2025-02-04T00:02:21.513+0000] {processor.py:208} INFO - Processing /home/airflow/.local/lib/python3.12/site-packages/airflow/example_dags/example_xcomargs.py took 0.165 seconds
