[2025-02-04T00:00:21.702+0000] {processor.py:186} INFO - Started process (PID=1578) to work on /home/airflow/.local/lib/python3.12/site-packages/airflow/example_dags/example_datasets.py
[2025-02-04T00:00:21.704+0000] {processor.py:914} INFO - Processing file /home/airflow/.local/lib/python3.12/site-packages/airflow/example_dags/example_datasets.py for tasks to queue
[2025-02-04T00:00:21.707+0000] {logging_mixin.py:190} INFO - [2025-02-04T00:00:21.706+0000] {dagbag.py:588} INFO - Filling up the DagBag from /home/airflow/.local/lib/python3.12/site-packages/airflow/example_dags/example_datasets.py
[2025-02-04T00:00:22.369+0000] {processor.py:925} INFO - DAG(s) 'consume_1_and_2_with_dataset_expressions', 'dataset_consumes_unknown_never_scheduled', 'dataset_produces_2', 'conditional_dataset_and_time_based_timetable', 'dataset_consumes_1', 'dataset_consumes_1_and_2', 'dataset_produces_1', 'consume_1_or_both_2_and_3_with_dataset_expressions', 'dataset_consumes_1_never_scheduled', 'consume_1_or_2_with_dataset_expressions' retrieved from /home/airflow/.local/lib/python3.12/site-packages/airflow/example_dags/example_datasets.py
[2025-02-04T00:00:22.426+0000] {logging_mixin.py:190} INFO - [2025-02-04T00:00:22.425+0000] {dag.py:3239} INFO - Sync 10 DAGs
[2025-02-04T00:00:22.456+0000] {logging_mixin.py:190} INFO - [2025-02-04T00:00:22.456+0000] {dag.py:4180} INFO - Setting next_dagrun for conditional_dataset_and_time_based_timetable to 2025-01-29 01:00:00+00:00, run_after=2025-01-29 01:00:00+00:00
[2025-02-04T00:00:22.461+0000] {logging_mixin.py:190} INFO - [2025-02-04T00:00:22.460+0000] {dag.py:4180} INFO - Setting next_dagrun for consume_1_and_2_with_dataset_expressions to None, run_after=None
[2025-02-04T00:00:22.462+0000] {logging_mixin.py:190} INFO - [2025-02-04T00:00:22.462+0000] {dag.py:4180} INFO - Setting next_dagrun for consume_1_or_2_with_dataset_expressions to None, run_after=None
[2025-02-04T00:00:22.464+0000] {logging_mixin.py:190} INFO - [2025-02-04T00:00:22.464+0000] {dag.py:4180} INFO - Setting next_dagrun for consume_1_or_both_2_and_3_with_dataset_expressions to None, run_after=None
[2025-02-04T00:00:22.468+0000] {logging_mixin.py:190} INFO - [2025-02-04T00:00:22.468+0000] {dag.py:4180} INFO - Setting next_dagrun for dataset_consumes_1 to None, run_after=None
[2025-02-04T00:00:22.470+0000] {logging_mixin.py:190} INFO - [2025-02-04T00:00:22.470+0000] {dag.py:4180} INFO - Setting next_dagrun for dataset_consumes_1_and_2 to None, run_after=None
[2025-02-04T00:00:22.473+0000] {logging_mixin.py:190} INFO - [2025-02-04T00:00:22.472+0000] {dag.py:4180} INFO - Setting next_dagrun for dataset_consumes_1_never_scheduled to None, run_after=None
[2025-02-04T00:00:22.474+0000] {logging_mixin.py:190} INFO - [2025-02-04T00:00:22.474+0000] {dag.py:4180} INFO - Setting next_dagrun for dataset_consumes_unknown_never_scheduled to None, run_after=None
[2025-02-04T00:00:22.477+0000] {logging_mixin.py:190} INFO - [2025-02-04T00:00:22.477+0000] {dag.py:4180} INFO - Setting next_dagrun for dataset_produces_1 to 2025-02-03 00:00:00+00:00, run_after=2025-02-04 00:00:00+00:00
[2025-02-04T00:00:22.479+0000] {logging_mixin.py:190} INFO - [2025-02-04T00:00:22.479+0000] {dag.py:4180} INFO - Setting next_dagrun for dataset_produces_2 to None, run_after=None
[2025-02-04T00:00:22.523+0000] {processor.py:208} INFO - Processing /home/airflow/.local/lib/python3.12/site-packages/airflow/example_dags/example_datasets.py took 0.829 seconds
[2025-02-04T00:00:53.392+0000] {processor.py:186} INFO - Started process (PID=1646) to work on /home/airflow/.local/lib/python3.12/site-packages/airflow/example_dags/example_datasets.py
[2025-02-04T00:00:53.393+0000] {processor.py:914} INFO - Processing file /home/airflow/.local/lib/python3.12/site-packages/airflow/example_dags/example_datasets.py for tasks to queue
[2025-02-04T00:00:53.396+0000] {logging_mixin.py:190} INFO - [2025-02-04T00:00:53.396+0000] {dagbag.py:588} INFO - Filling up the DagBag from /home/airflow/.local/lib/python3.12/site-packages/airflow/example_dags/example_datasets.py
[2025-02-04T00:00:54.077+0000] {processor.py:925} INFO - DAG(s) 'consume_1_or_2_with_dataset_expressions', 'dataset_produces_2', 'consume_1_and_2_with_dataset_expressions', 'dataset_consumes_1_never_scheduled', 'dataset_produces_1', 'dataset_consumes_1', 'dataset_consumes_1_and_2', 'conditional_dataset_and_time_based_timetable', 'consume_1_or_both_2_and_3_with_dataset_expressions', 'dataset_consumes_unknown_never_scheduled' retrieved from /home/airflow/.local/lib/python3.12/site-packages/airflow/example_dags/example_datasets.py
[2025-02-04T00:00:54.142+0000] {logging_mixin.py:190} INFO - [2025-02-04T00:00:54.141+0000] {dag.py:3239} INFO - Sync 10 DAGs
[2025-02-04T00:00:54.176+0000] {logging_mixin.py:190} INFO - [2025-02-04T00:00:54.176+0000] {dag.py:4180} INFO - Setting next_dagrun for conditional_dataset_and_time_based_timetable to 2025-01-29 01:00:00+00:00, run_after=2025-01-29 01:00:00+00:00
[2025-02-04T00:00:54.181+0000] {logging_mixin.py:190} INFO - [2025-02-04T00:00:54.181+0000] {dag.py:4180} INFO - Setting next_dagrun for consume_1_and_2_with_dataset_expressions to None, run_after=None
[2025-02-04T00:00:54.183+0000] {logging_mixin.py:190} INFO - [2025-02-04T00:00:54.183+0000] {dag.py:4180} INFO - Setting next_dagrun for consume_1_or_2_with_dataset_expressions to None, run_after=None
[2025-02-04T00:00:54.185+0000] {logging_mixin.py:190} INFO - [2025-02-04T00:00:54.185+0000] {dag.py:4180} INFO - Setting next_dagrun for consume_1_or_both_2_and_3_with_dataset_expressions to None, run_after=None
[2025-02-04T00:00:54.186+0000] {logging_mixin.py:190} INFO - [2025-02-04T00:00:54.186+0000] {dag.py:4180} INFO - Setting next_dagrun for dataset_consumes_1 to None, run_after=None
[2025-02-04T00:00:54.188+0000] {logging_mixin.py:190} INFO - [2025-02-04T00:00:54.188+0000] {dag.py:4180} INFO - Setting next_dagrun for dataset_consumes_1_and_2 to None, run_after=None
[2025-02-04T00:00:54.190+0000] {logging_mixin.py:190} INFO - [2025-02-04T00:00:54.190+0000] {dag.py:4180} INFO - Setting next_dagrun for dataset_consumes_1_never_scheduled to None, run_after=None
[2025-02-04T00:00:54.191+0000] {logging_mixin.py:190} INFO - [2025-02-04T00:00:54.191+0000] {dag.py:4180} INFO - Setting next_dagrun for dataset_consumes_unknown_never_scheduled to None, run_after=None
[2025-02-04T00:00:54.195+0000] {logging_mixin.py:190} INFO - [2025-02-04T00:00:54.194+0000] {dag.py:4180} INFO - Setting next_dagrun for dataset_produces_1 to 2025-02-03 00:00:00+00:00, run_after=2025-02-04 00:00:00+00:00
[2025-02-04T00:00:54.197+0000] {logging_mixin.py:190} INFO - [2025-02-04T00:00:54.196+0000] {dag.py:4180} INFO - Setting next_dagrun for dataset_produces_2 to None, run_after=None
[2025-02-04T00:00:54.236+0000] {processor.py:208} INFO - Processing /home/airflow/.local/lib/python3.12/site-packages/airflow/example_dags/example_datasets.py took 0.851 seconds
[2025-02-04T00:01:25.339+0000] {processor.py:186} INFO - Started process (PID=1712) to work on /home/airflow/.local/lib/python3.12/site-packages/airflow/example_dags/example_datasets.py
[2025-02-04T00:01:25.340+0000] {processor.py:914} INFO - Processing file /home/airflow/.local/lib/python3.12/site-packages/airflow/example_dags/example_datasets.py for tasks to queue
[2025-02-04T00:01:25.343+0000] {logging_mixin.py:190} INFO - [2025-02-04T00:01:25.343+0000] {dagbag.py:588} INFO - Filling up the DagBag from /home/airflow/.local/lib/python3.12/site-packages/airflow/example_dags/example_datasets.py
[2025-02-04T00:01:26.286+0000] {processor.py:925} INFO - DAG(s) 'dataset_consumes_1', 'dataset_consumes_1_never_scheduled', 'consume_1_and_2_with_dataset_expressions', 'dataset_produces_1', 'consume_1_or_2_with_dataset_expressions', 'conditional_dataset_and_time_based_timetable', 'dataset_produces_2', 'dataset_consumes_1_and_2', 'dataset_consumes_unknown_never_scheduled', 'consume_1_or_both_2_and_3_with_dataset_expressions' retrieved from /home/airflow/.local/lib/python3.12/site-packages/airflow/example_dags/example_datasets.py
[2025-02-04T00:01:26.356+0000] {logging_mixin.py:190} INFO - [2025-02-04T00:01:26.356+0000] {dag.py:3239} INFO - Sync 10 DAGs
[2025-02-04T00:01:26.391+0000] {logging_mixin.py:190} INFO - [2025-02-04T00:01:26.391+0000] {dag.py:4180} INFO - Setting next_dagrun for conditional_dataset_and_time_based_timetable to 2025-01-29 01:00:00+00:00, run_after=2025-01-29 01:00:00+00:00
[2025-02-04T00:01:26.396+0000] {logging_mixin.py:190} INFO - [2025-02-04T00:01:26.396+0000] {dag.py:4180} INFO - Setting next_dagrun for consume_1_and_2_with_dataset_expressions to None, run_after=None
[2025-02-04T00:01:26.398+0000] {logging_mixin.py:190} INFO - [2025-02-04T00:01:26.398+0000] {dag.py:4180} INFO - Setting next_dagrun for consume_1_or_2_with_dataset_expressions to None, run_after=None
[2025-02-04T00:01:26.400+0000] {logging_mixin.py:190} INFO - [2025-02-04T00:01:26.400+0000] {dag.py:4180} INFO - Setting next_dagrun for consume_1_or_both_2_and_3_with_dataset_expressions to None, run_after=None
[2025-02-04T00:01:26.402+0000] {logging_mixin.py:190} INFO - [2025-02-04T00:01:26.402+0000] {dag.py:4180} INFO - Setting next_dagrun for dataset_consumes_1 to None, run_after=None
[2025-02-04T00:01:26.404+0000] {logging_mixin.py:190} INFO - [2025-02-04T00:01:26.404+0000] {dag.py:4180} INFO - Setting next_dagrun for dataset_consumes_1_and_2 to None, run_after=None
[2025-02-04T00:01:26.406+0000] {logging_mixin.py:190} INFO - [2025-02-04T00:01:26.406+0000] {dag.py:4180} INFO - Setting next_dagrun for dataset_consumes_1_never_scheduled to None, run_after=None
[2025-02-04T00:01:26.409+0000] {logging_mixin.py:190} INFO - [2025-02-04T00:01:26.408+0000] {dag.py:4180} INFO - Setting next_dagrun for dataset_consumes_unknown_never_scheduled to None, run_after=None
[2025-02-04T00:01:26.412+0000] {logging_mixin.py:190} INFO - [2025-02-04T00:01:26.412+0000] {dag.py:4180} INFO - Setting next_dagrun for dataset_produces_1 to 2025-02-03 00:00:00+00:00, run_after=2025-02-04 00:00:00+00:00
[2025-02-04T00:01:26.414+0000] {logging_mixin.py:190} INFO - [2025-02-04T00:01:26.414+0000] {dag.py:4180} INFO - Setting next_dagrun for dataset_produces_2 to None, run_after=None
[2025-02-04T00:01:26.465+0000] {processor.py:208} INFO - Processing /home/airflow/.local/lib/python3.12/site-packages/airflow/example_dags/example_datasets.py took 1.134 seconds
[2025-02-04T00:01:56.912+0000] {processor.py:186} INFO - Started process (PID=1775) to work on /home/airflow/.local/lib/python3.12/site-packages/airflow/example_dags/example_datasets.py
[2025-02-04T00:01:56.914+0000] {processor.py:914} INFO - Processing file /home/airflow/.local/lib/python3.12/site-packages/airflow/example_dags/example_datasets.py for tasks to queue
[2025-02-04T00:01:56.919+0000] {logging_mixin.py:190} INFO - [2025-02-04T00:01:56.918+0000] {dagbag.py:588} INFO - Filling up the DagBag from /home/airflow/.local/lib/python3.12/site-packages/airflow/example_dags/example_datasets.py
[2025-02-04T00:01:57.942+0000] {processor.py:925} INFO - DAG(s) 'dataset_produces_1', 'consume_1_or_both_2_and_3_with_dataset_expressions', 'dataset_consumes_1', 'consume_1_or_2_with_dataset_expressions', 'dataset_consumes_unknown_never_scheduled', 'dataset_produces_2', 'dataset_consumes_1_and_2', 'dataset_consumes_1_never_scheduled', 'consume_1_and_2_with_dataset_expressions', 'conditional_dataset_and_time_based_timetable' retrieved from /home/airflow/.local/lib/python3.12/site-packages/airflow/example_dags/example_datasets.py
[2025-02-04T00:01:58.034+0000] {logging_mixin.py:190} INFO - [2025-02-04T00:01:58.034+0000] {dag.py:3239} INFO - Sync 10 DAGs
[2025-02-04T00:01:58.094+0000] {logging_mixin.py:190} INFO - [2025-02-04T00:01:58.094+0000] {dag.py:4180} INFO - Setting next_dagrun for conditional_dataset_and_time_based_timetable to 2025-01-29 01:00:00+00:00, run_after=2025-01-29 01:00:00+00:00
[2025-02-04T00:01:58.104+0000] {logging_mixin.py:190} INFO - [2025-02-04T00:01:58.103+0000] {dag.py:4180} INFO - Setting next_dagrun for consume_1_and_2_with_dataset_expressions to None, run_after=None
[2025-02-04T00:01:58.109+0000] {logging_mixin.py:190} INFO - [2025-02-04T00:01:58.109+0000] {dag.py:4180} INFO - Setting next_dagrun for consume_1_or_2_with_dataset_expressions to None, run_after=None
[2025-02-04T00:01:58.113+0000] {logging_mixin.py:190} INFO - [2025-02-04T00:01:58.113+0000] {dag.py:4180} INFO - Setting next_dagrun for consume_1_or_both_2_and_3_with_dataset_expressions to None, run_after=None
[2025-02-04T00:01:58.116+0000] {logging_mixin.py:190} INFO - [2025-02-04T00:01:58.116+0000] {dag.py:4180} INFO - Setting next_dagrun for dataset_consumes_1 to None, run_after=None
[2025-02-04T00:01:58.120+0000] {logging_mixin.py:190} INFO - [2025-02-04T00:01:58.120+0000] {dag.py:4180} INFO - Setting next_dagrun for dataset_consumes_1_and_2 to None, run_after=None
[2025-02-04T00:01:58.123+0000] {logging_mixin.py:190} INFO - [2025-02-04T00:01:58.123+0000] {dag.py:4180} INFO - Setting next_dagrun for dataset_consumes_1_never_scheduled to None, run_after=None
[2025-02-04T00:01:58.127+0000] {logging_mixin.py:190} INFO - [2025-02-04T00:01:58.126+0000] {dag.py:4180} INFO - Setting next_dagrun for dataset_consumes_unknown_never_scheduled to None, run_after=None
[2025-02-04T00:01:58.132+0000] {logging_mixin.py:190} INFO - [2025-02-04T00:01:58.132+0000] {dag.py:4180} INFO - Setting next_dagrun for dataset_produces_1 to 2025-02-03 00:00:00+00:00, run_after=2025-02-04 00:00:00+00:00
[2025-02-04T00:01:58.135+0000] {logging_mixin.py:190} INFO - [2025-02-04T00:01:58.134+0000] {dag.py:4180} INFO - Setting next_dagrun for dataset_produces_2 to None, run_after=None
[2025-02-04T00:01:58.213+0000] {processor.py:208} INFO - Processing /home/airflow/.local/lib/python3.12/site-packages/airflow/example_dags/example_datasets.py took 1.319 seconds
[2025-02-04T00:02:30.141+0000] {processor.py:186} INFO - Started process (PID=1832) to work on /home/airflow/.local/lib/python3.12/site-packages/airflow/example_dags/example_datasets.py
[2025-02-04T00:02:30.143+0000] {processor.py:914} INFO - Processing file /home/airflow/.local/lib/python3.12/site-packages/airflow/example_dags/example_datasets.py for tasks to queue
[2025-02-04T00:02:30.148+0000] {logging_mixin.py:190} INFO - [2025-02-04T00:02:30.148+0000] {dagbag.py:588} INFO - Filling up the DagBag from /home/airflow/.local/lib/python3.12/site-packages/airflow/example_dags/example_datasets.py
[2025-02-04T00:02:32.960+0000] {processor.py:925} INFO - DAG(s) 'dataset_consumes_1_and_2', 'dataset_produces_2', 'dataset_produces_1', 'consume_1_and_2_with_dataset_expressions', 'dataset_consumes_unknown_never_scheduled', 'consume_1_or_2_with_dataset_expressions', 'dataset_consumes_1_never_scheduled', 'dataset_consumes_1', 'conditional_dataset_and_time_based_timetable', 'consume_1_or_both_2_and_3_with_dataset_expressions' retrieved from /home/airflow/.local/lib/python3.12/site-packages/airflow/example_dags/example_datasets.py
[2025-02-04T00:02:33.090+0000] {logging_mixin.py:190} INFO - [2025-02-04T00:02:33.089+0000] {dag.py:3239} INFO - Sync 10 DAGs
[2025-02-04T00:02:33.155+0000] {logging_mixin.py:190} INFO - [2025-02-04T00:02:33.154+0000] {dag.py:4180} INFO - Setting next_dagrun for conditional_dataset_and_time_based_timetable to 2025-01-29 01:00:00+00:00, run_after=2025-01-29 01:00:00+00:00
[2025-02-04T00:02:33.165+0000] {logging_mixin.py:190} INFO - [2025-02-04T00:02:33.164+0000] {dag.py:4180} INFO - Setting next_dagrun for consume_1_and_2_with_dataset_expressions to None, run_after=None
[2025-02-04T00:02:33.168+0000] {logging_mixin.py:190} INFO - [2025-02-04T00:02:33.168+0000] {dag.py:4180} INFO - Setting next_dagrun for consume_1_or_2_with_dataset_expressions to None, run_after=None
[2025-02-04T00:02:33.171+0000] {logging_mixin.py:190} INFO - [2025-02-04T00:02:33.171+0000] {dag.py:4180} INFO - Setting next_dagrun for consume_1_or_both_2_and_3_with_dataset_expressions to None, run_after=None
[2025-02-04T00:02:33.175+0000] {logging_mixin.py:190} INFO - [2025-02-04T00:02:33.175+0000] {dag.py:4180} INFO - Setting next_dagrun for dataset_consumes_1 to None, run_after=None
[2025-02-04T00:02:33.179+0000] {logging_mixin.py:190} INFO - [2025-02-04T00:02:33.178+0000] {dag.py:4180} INFO - Setting next_dagrun for dataset_consumes_1_and_2 to None, run_after=None
[2025-02-04T00:02:33.183+0000] {logging_mixin.py:190} INFO - [2025-02-04T00:02:33.183+0000] {dag.py:4180} INFO - Setting next_dagrun for dataset_consumes_1_never_scheduled to None, run_after=None
[2025-02-04T00:02:33.188+0000] {logging_mixin.py:190} INFO - [2025-02-04T00:02:33.187+0000] {dag.py:4180} INFO - Setting next_dagrun for dataset_consumes_unknown_never_scheduled to None, run_after=None
[2025-02-04T00:02:33.195+0000] {logging_mixin.py:190} INFO - [2025-02-04T00:02:33.194+0000] {dag.py:4180} INFO - Setting next_dagrun for dataset_produces_1 to 2025-02-03 00:00:00+00:00, run_after=2025-02-04 00:00:00+00:00
[2025-02-04T00:02:33.200+0000] {logging_mixin.py:190} INFO - [2025-02-04T00:02:33.199+0000] {dag.py:4180} INFO - Setting next_dagrun for dataset_produces_2 to None, run_after=None
[2025-02-04T00:02:33.282+0000] {processor.py:208} INFO - Processing /home/airflow/.local/lib/python3.12/site-packages/airflow/example_dags/example_datasets.py took 3.155 seconds
