[2025-02-04T00:00:14.998+0000] {processor.py:186} INFO - Started process (PID=1541) to work on /home/airflow/.local/lib/python3.12/site-packages/airflow/example_dags/example_task_group.py
[2025-02-04T00:00:15.000+0000] {processor.py:914} INFO - Processing file /home/airflow/.local/lib/python3.12/site-packages/airflow/example_dags/example_task_group.py for tasks to queue
[2025-02-04T00:00:15.004+0000] {logging_mixin.py:190} INFO - [2025-02-04T00:00:15.004+0000] {dagbag.py:588} INFO - Filling up the DagBag from /home/airflow/.local/lib/python3.12/site-packages/airflow/example_dags/example_task_group.py
[2025-02-04T00:00:15.015+0000] {processor.py:925} INFO - DAG(s) 'example_task_group' retrieved from /home/airflow/.local/lib/python3.12/site-packages/airflow/example_dags/example_task_group.py
[2025-02-04T00:00:15.043+0000] {logging_mixin.py:190} INFO - [2025-02-04T00:00:15.042+0000] {dag.py:3239} INFO - Sync 1 DAGs
[2025-02-04T00:00:15.063+0000] {logging_mixin.py:190} INFO - [2025-02-04T00:00:15.062+0000] {dag.py:4180} INFO - Setting next_dagrun for example_task_group to None, run_after=None
[2025-02-04T00:00:15.086+0000] {processor.py:208} INFO - Processing /home/airflow/.local/lib/python3.12/site-packages/airflow/example_dags/example_task_group.py took 0.095 seconds
[2025-02-04T00:00:46.018+0000] {processor.py:186} INFO - Started process (PID=1604) to work on /home/airflow/.local/lib/python3.12/site-packages/airflow/example_dags/example_task_group.py
[2025-02-04T00:00:46.019+0000] {processor.py:914} INFO - Processing file /home/airflow/.local/lib/python3.12/site-packages/airflow/example_dags/example_task_group.py for tasks to queue
[2025-02-04T00:00:46.022+0000] {logging_mixin.py:190} INFO - [2025-02-04T00:00:46.021+0000] {dagbag.py:588} INFO - Filling up the DagBag from /home/airflow/.local/lib/python3.12/site-packages/airflow/example_dags/example_task_group.py
[2025-02-04T00:00:46.032+0000] {processor.py:925} INFO - DAG(s) 'example_task_group' retrieved from /home/airflow/.local/lib/python3.12/site-packages/airflow/example_dags/example_task_group.py
[2025-02-04T00:00:46.062+0000] {logging_mixin.py:190} INFO - [2025-02-04T00:00:46.062+0000] {dag.py:3239} INFO - Sync 1 DAGs
[2025-02-04T00:00:46.079+0000] {logging_mixin.py:190} INFO - [2025-02-04T00:00:46.079+0000] {dag.py:4180} INFO - Setting next_dagrun for example_task_group to None, run_after=None
[2025-02-04T00:00:46.104+0000] {processor.py:208} INFO - Processing /home/airflow/.local/lib/python3.12/site-packages/airflow/example_dags/example_task_group.py took 0.093 seconds
[2025-02-04T00:01:17.794+0000] {processor.py:186} INFO - Started process (PID=1673) to work on /home/airflow/.local/lib/python3.12/site-packages/airflow/example_dags/example_task_group.py
[2025-02-04T00:01:17.795+0000] {processor.py:914} INFO - Processing file /home/airflow/.local/lib/python3.12/site-packages/airflow/example_dags/example_task_group.py for tasks to queue
[2025-02-04T00:01:17.799+0000] {logging_mixin.py:190} INFO - [2025-02-04T00:01:17.798+0000] {dagbag.py:588} INFO - Filling up the DagBag from /home/airflow/.local/lib/python3.12/site-packages/airflow/example_dags/example_task_group.py
[2025-02-04T00:01:17.812+0000] {processor.py:925} INFO - DAG(s) 'example_task_group' retrieved from /home/airflow/.local/lib/python3.12/site-packages/airflow/example_dags/example_task_group.py
[2025-02-04T00:01:17.846+0000] {logging_mixin.py:190} INFO - [2025-02-04T00:01:17.846+0000] {dag.py:3239} INFO - Sync 1 DAGs
[2025-02-04T00:01:17.867+0000] {logging_mixin.py:190} INFO - [2025-02-04T00:01:17.867+0000] {dag.py:4180} INFO - Setting next_dagrun for example_task_group to None, run_after=None
[2025-02-04T00:01:17.896+0000] {processor.py:208} INFO - Processing /home/airflow/.local/lib/python3.12/site-packages/airflow/example_dags/example_task_group.py took 0.111 seconds
[2025-02-04T00:01:52.025+0000] {processor.py:186} INFO - Started process (PID=1737) to work on /home/airflow/.local/lib/python3.12/site-packages/airflow/example_dags/example_task_group.py
[2025-02-04T00:01:52.027+0000] {processor.py:914} INFO - Processing file /home/airflow/.local/lib/python3.12/site-packages/airflow/example_dags/example_task_group.py for tasks to queue
[2025-02-04T00:01:52.032+0000] {logging_mixin.py:190} INFO - [2025-02-04T00:01:52.032+0000] {dagbag.py:588} INFO - Filling up the DagBag from /home/airflow/.local/lib/python3.12/site-packages/airflow/example_dags/example_task_group.py
[2025-02-04T00:01:52.051+0000] {processor.py:925} INFO - DAG(s) 'example_task_group' retrieved from /home/airflow/.local/lib/python3.12/site-packages/airflow/example_dags/example_task_group.py
[2025-02-04T00:01:52.120+0000] {logging_mixin.py:190} INFO - [2025-02-04T00:01:52.120+0000] {dag.py:3239} INFO - Sync 1 DAGs
[2025-02-04T00:01:52.147+0000] {logging_mixin.py:190} INFO - [2025-02-04T00:01:52.146+0000] {dag.py:4180} INFO - Setting next_dagrun for example_task_group to None, run_after=None
[2025-02-04T00:01:52.179+0000] {processor.py:208} INFO - Processing /home/airflow/.local/lib/python3.12/site-packages/airflow/example_dags/example_task_group.py took 0.167 seconds
[2025-02-04T00:02:23.334+0000] {processor.py:186} INFO - Started process (PID=1800) to work on /home/airflow/.local/lib/python3.12/site-packages/airflow/example_dags/example_task_group.py
[2025-02-04T00:02:23.336+0000] {processor.py:914} INFO - Processing file /home/airflow/.local/lib/python3.12/site-packages/airflow/example_dags/example_task_group.py for tasks to queue
[2025-02-04T00:02:23.346+0000] {logging_mixin.py:190} INFO - [2025-02-04T00:02:23.345+0000] {dagbag.py:588} INFO - Filling up the DagBag from /home/airflow/.local/lib/python3.12/site-packages/airflow/example_dags/example_task_group.py
[2025-02-04T00:02:23.382+0000] {processor.py:925} INFO - DAG(s) 'example_task_group' retrieved from /home/airflow/.local/lib/python3.12/site-packages/airflow/example_dags/example_task_group.py
[2025-02-04T00:02:23.450+0000] {logging_mixin.py:190} INFO - [2025-02-04T00:02:23.450+0000] {dag.py:3239} INFO - Sync 1 DAGs
[2025-02-04T00:02:23.505+0000] {logging_mixin.py:190} INFO - [2025-02-04T00:02:23.504+0000] {dag.py:4180} INFO - Setting next_dagrun for example_task_group to None, run_after=None
[2025-02-04T00:02:23.667+0000] {processor.py:208} INFO - Processing /home/airflow/.local/lib/python3.12/site-packages/airflow/example_dags/example_task_group.py took 0.352 seconds
