[2025-02-04T00:00:21.707+0000] {processor.py:186} INFO - Started process (PID=1579) to work on /home/airflow/.local/lib/python3.12/site-packages/airflow/example_dags/example_inlet_event_extra.py
[2025-02-04T00:00:21.708+0000] {processor.py:914} INFO - Processing file /home/airflow/.local/lib/python3.12/site-packages/airflow/example_dags/example_inlet_event_extra.py for tasks to queue
[2025-02-04T00:00:21.710+0000] {logging_mixin.py:190} INFO - [2025-02-04T00:00:21.710+0000] {dagbag.py:588} INFO - Filling up the DagBag from /home/airflow/.local/lib/python3.12/site-packages/airflow/example_dags/example_inlet_event_extra.py
[2025-02-04T00:00:22.364+0000] {processor.py:925} INFO - DAG(s) 'read_dataset_event_from_classic', 'read_dataset_event' retrieved from /home/airflow/.local/lib/python3.12/site-packages/airflow/example_dags/example_inlet_event_extra.py
[2025-02-04T00:00:22.392+0000] {logging_mixin.py:190} INFO - [2025-02-04T00:00:22.391+0000] {dag.py:3239} INFO - Sync 2 DAGs
[2025-02-04T00:00:22.423+0000] {logging_mixin.py:190} INFO - [2025-02-04T00:00:22.423+0000] {dag.py:4180} INFO - Setting next_dagrun for read_dataset_event to 2025-02-03 00:00:00+00:00, run_after=2025-02-04 00:00:00+00:00
[2025-02-04T00:00:22.429+0000] {logging_mixin.py:190} INFO - [2025-02-04T00:00:22.429+0000] {dag.py:4180} INFO - Setting next_dagrun for read_dataset_event_from_classic to 2025-02-03 00:00:00+00:00, run_after=2025-02-04 00:00:00+00:00
[2025-02-04T00:00:22.448+0000] {processor.py:208} INFO - Processing /home/airflow/.local/lib/python3.12/site-packages/airflow/example_dags/example_inlet_event_extra.py took 0.749 seconds
[2025-02-04T00:00:53.413+0000] {processor.py:186} INFO - Started process (PID=1647) to work on /home/airflow/.local/lib/python3.12/site-packages/airflow/example_dags/example_inlet_event_extra.py
[2025-02-04T00:00:53.415+0000] {processor.py:914} INFO - Processing file /home/airflow/.local/lib/python3.12/site-packages/airflow/example_dags/example_inlet_event_extra.py for tasks to queue
[2025-02-04T00:00:53.418+0000] {logging_mixin.py:190} INFO - [2025-02-04T00:00:53.418+0000] {dagbag.py:588} INFO - Filling up the DagBag from /home/airflow/.local/lib/python3.12/site-packages/airflow/example_dags/example_inlet_event_extra.py
[2025-02-04T00:00:54.078+0000] {processor.py:925} INFO - DAG(s) 'read_dataset_event_from_classic', 'read_dataset_event' retrieved from /home/airflow/.local/lib/python3.12/site-packages/airflow/example_dags/example_inlet_event_extra.py
[2025-02-04T00:00:54.111+0000] {logging_mixin.py:190} INFO - [2025-02-04T00:00:54.111+0000] {dag.py:3239} INFO - Sync 2 DAGs
[2025-02-04T00:00:54.143+0000] {logging_mixin.py:190} INFO - [2025-02-04T00:00:54.143+0000] {dag.py:4180} INFO - Setting next_dagrun for read_dataset_event to 2025-02-03 00:00:00+00:00, run_after=2025-02-04 00:00:00+00:00
[2025-02-04T00:00:54.149+0000] {logging_mixin.py:190} INFO - [2025-02-04T00:00:54.149+0000] {dag.py:4180} INFO - Setting next_dagrun for read_dataset_event_from_classic to 2025-02-03 00:00:00+00:00, run_after=2025-02-04 00:00:00+00:00
[2025-02-04T00:00:54.173+0000] {processor.py:208} INFO - Processing /home/airflow/.local/lib/python3.12/site-packages/airflow/example_dags/example_inlet_event_extra.py took 0.767 seconds
[2025-02-04T00:01:26.222+0000] {processor.py:186} INFO - Started process (PID=1713) to work on /home/airflow/.local/lib/python3.12/site-packages/airflow/example_dags/example_inlet_event_extra.py
[2025-02-04T00:01:26.223+0000] {processor.py:914} INFO - Processing file /home/airflow/.local/lib/python3.12/site-packages/airflow/example_dags/example_inlet_event_extra.py for tasks to queue
[2025-02-04T00:01:26.226+0000] {logging_mixin.py:190} INFO - [2025-02-04T00:01:26.226+0000] {dagbag.py:588} INFO - Filling up the DagBag from /home/airflow/.local/lib/python3.12/site-packages/airflow/example_dags/example_inlet_event_extra.py
[2025-02-04T00:01:27.038+0000] {processor.py:925} INFO - DAG(s) 'read_dataset_event', 'read_dataset_event_from_classic' retrieved from /home/airflow/.local/lib/python3.12/site-packages/airflow/example_dags/example_inlet_event_extra.py
[2025-02-04T00:01:27.064+0000] {logging_mixin.py:190} INFO - [2025-02-04T00:01:27.064+0000] {dag.py:3239} INFO - Sync 2 DAGs
[2025-02-04T00:01:27.098+0000] {logging_mixin.py:190} INFO - [2025-02-04T00:01:27.098+0000] {dag.py:4180} INFO - Setting next_dagrun for read_dataset_event to 2025-02-03 00:00:00+00:00, run_after=2025-02-04 00:00:00+00:00
[2025-02-04T00:01:27.104+0000] {logging_mixin.py:190} INFO - [2025-02-04T00:01:27.104+0000] {dag.py:4180} INFO - Setting next_dagrun for read_dataset_event_from_classic to 2025-02-03 00:00:00+00:00, run_after=2025-02-04 00:00:00+00:00
[2025-02-04T00:01:27.123+0000] {processor.py:208} INFO - Processing /home/airflow/.local/lib/python3.12/site-packages/airflow/example_dags/example_inlet_event_extra.py took 0.910 seconds
[2025-02-04T00:01:58.042+0000] {processor.py:186} INFO - Started process (PID=1778) to work on /home/airflow/.local/lib/python3.12/site-packages/airflow/example_dags/example_inlet_event_extra.py
[2025-02-04T00:01:58.043+0000] {processor.py:914} INFO - Processing file /home/airflow/.local/lib/python3.12/site-packages/airflow/example_dags/example_inlet_event_extra.py for tasks to queue
[2025-02-04T00:01:58.047+0000] {logging_mixin.py:190} INFO - [2025-02-04T00:01:58.047+0000] {dagbag.py:588} INFO - Filling up the DagBag from /home/airflow/.local/lib/python3.12/site-packages/airflow/example_dags/example_inlet_event_extra.py
[2025-02-04T00:01:59.121+0000] {processor.py:925} INFO - DAG(s) 'read_dataset_event_from_classic', 'read_dataset_event' retrieved from /home/airflow/.local/lib/python3.12/site-packages/airflow/example_dags/example_inlet_event_extra.py
[2025-02-04T00:01:59.165+0000] {logging_mixin.py:190} INFO - [2025-02-04T00:01:59.165+0000] {dag.py:3239} INFO - Sync 2 DAGs
[2025-02-04T00:01:59.209+0000] {logging_mixin.py:190} INFO - [2025-02-04T00:01:59.208+0000] {dag.py:4180} INFO - Setting next_dagrun for read_dataset_event to 2025-02-03 00:00:00+00:00, run_after=2025-02-04 00:00:00+00:00
[2025-02-04T00:01:59.217+0000] {logging_mixin.py:190} INFO - [2025-02-04T00:01:59.217+0000] {dag.py:4180} INFO - Setting next_dagrun for read_dataset_event_from_classic to 2025-02-03 00:00:00+00:00, run_after=2025-02-04 00:00:00+00:00
[2025-02-04T00:01:59.242+0000] {processor.py:208} INFO - Processing /home/airflow/.local/lib/python3.12/site-packages/airflow/example_dags/example_inlet_event_extra.py took 1.213 seconds
[2025-02-04T00:02:32.650+0000] {processor.py:186} INFO - Started process (PID=1841) to work on /home/airflow/.local/lib/python3.12/site-packages/airflow/example_dags/example_inlet_event_extra.py
[2025-02-04T00:02:32.652+0000] {processor.py:914} INFO - Processing file /home/airflow/.local/lib/python3.12/site-packages/airflow/example_dags/example_inlet_event_extra.py for tasks to queue
[2025-02-04T00:02:32.657+0000] {logging_mixin.py:190} INFO - [2025-02-04T00:02:32.656+0000] {dagbag.py:588} INFO - Filling up the DagBag from /home/airflow/.local/lib/python3.12/site-packages/airflow/example_dags/example_inlet_event_extra.py
[2025-02-04T00:02:33.870+0000] {processor.py:925} INFO - DAG(s) 'read_dataset_event_from_classic', 'read_dataset_event' retrieved from /home/airflow/.local/lib/python3.12/site-packages/airflow/example_dags/example_inlet_event_extra.py
[2025-02-04T00:02:33.918+0000] {logging_mixin.py:190} INFO - [2025-02-04T00:02:33.917+0000] {dag.py:3239} INFO - Sync 2 DAGs
[2025-02-04T00:02:33.972+0000] {logging_mixin.py:190} INFO - [2025-02-04T00:02:33.972+0000] {dag.py:4180} INFO - Setting next_dagrun for read_dataset_event to 2025-02-03 00:00:00+00:00, run_after=2025-02-04 00:00:00+00:00
[2025-02-04T00:02:33.984+0000] {logging_mixin.py:190} INFO - [2025-02-04T00:02:33.983+0000] {dag.py:4180} INFO - Setting next_dagrun for read_dataset_event_from_classic to 2025-02-03 00:00:00+00:00, run_after=2025-02-04 00:00:00+00:00
[2025-02-04T00:02:34.018+0000] {processor.py:208} INFO - Processing /home/airflow/.local/lib/python3.12/site-packages/airflow/example_dags/example_inlet_event_extra.py took 1.384 seconds
