[2025-02-04T00:00:15.044+0000] {processor.py:186} INFO - Started process (PID=1542) to work on /home/airflow/.local/lib/python3.12/site-packages/airflow/example_dags/example_branch_python_dop_operator_3.py
[2025-02-04T00:00:15.046+0000] {processor.py:914} INFO - Processing file /home/airflow/.local/lib/python3.12/site-packages/airflow/example_dags/example_branch_python_dop_operator_3.py for tasks to queue
[2025-02-04T00:00:15.049+0000] {logging_mixin.py:190} INFO - [2025-02-04T00:00:15.048+0000] {dagbag.py:588} INFO - Filling up the DagBag from /home/airflow/.local/lib/python3.12/site-packages/airflow/example_dags/example_branch_python_dop_operator_3.py
[2025-02-04T00:00:15.063+0000] {processor.py:925} INFO - DAG(s) 'example_branch_dop_operator_v3' retrieved from /home/airflow/.local/lib/python3.12/site-packages/airflow/example_dags/example_branch_python_dop_operator_3.py
[2025-02-04T00:00:15.089+0000] {logging_mixin.py:190} INFO - [2025-02-04T00:00:15.089+0000] {dag.py:3239} INFO - Sync 1 DAGs
[2025-02-04T00:00:15.123+0000] {logging_mixin.py:190} INFO - [2025-02-04T00:00:15.123+0000] {dag.py:4180} INFO - Setting next_dagrun for example_branch_dop_operator_v3 to 2025-02-03 23:59:00+00:00, run_after=2025-02-04 00:00:00+00:00
[2025-02-04T00:00:15.147+0000] {processor.py:208} INFO - Processing /home/airflow/.local/lib/python3.12/site-packages/airflow/example_dags/example_branch_python_dop_operator_3.py took 0.111 seconds
[2025-02-04T00:00:46.134+0000] {processor.py:186} INFO - Started process (PID=1605) to work on /home/airflow/.local/lib/python3.12/site-packages/airflow/example_dags/example_branch_python_dop_operator_3.py
[2025-02-04T00:00:46.135+0000] {processor.py:914} INFO - Processing file /home/airflow/.local/lib/python3.12/site-packages/airflow/example_dags/example_branch_python_dop_operator_3.py for tasks to queue
[2025-02-04T00:00:46.138+0000] {logging_mixin.py:190} INFO - [2025-02-04T00:00:46.138+0000] {dagbag.py:588} INFO - Filling up the DagBag from /home/airflow/.local/lib/python3.12/site-packages/airflow/example_dags/example_branch_python_dop_operator_3.py
[2025-02-04T00:00:46.152+0000] {processor.py:925} INFO - DAG(s) 'example_branch_dop_operator_v3' retrieved from /home/airflow/.local/lib/python3.12/site-packages/airflow/example_dags/example_branch_python_dop_operator_3.py
[2025-02-04T00:00:46.174+0000] {logging_mixin.py:190} INFO - [2025-02-04T00:00:46.174+0000] {dag.py:3239} INFO - Sync 1 DAGs
[2025-02-04T00:00:46.206+0000] {logging_mixin.py:190} INFO - [2025-02-04T00:00:46.205+0000] {dag.py:4180} INFO - Setting next_dagrun for example_branch_dop_operator_v3 to 2025-02-03 23:59:00+00:00, run_after=2025-02-04 00:00:00+00:00
[2025-02-04T00:00:46.228+0000] {processor.py:208} INFO - Processing /home/airflow/.local/lib/python3.12/site-packages/airflow/example_dags/example_branch_python_dop_operator_3.py took 0.101 seconds
[2025-02-04T00:01:17.888+0000] {processor.py:186} INFO - Started process (PID=1674) to work on /home/airflow/.local/lib/python3.12/site-packages/airflow/example_dags/example_branch_python_dop_operator_3.py
[2025-02-04T00:01:17.889+0000] {processor.py:914} INFO - Processing file /home/airflow/.local/lib/python3.12/site-packages/airflow/example_dags/example_branch_python_dop_operator_3.py for tasks to queue
[2025-02-04T00:01:17.893+0000] {logging_mixin.py:190} INFO - [2025-02-04T00:01:17.892+0000] {dagbag.py:588} INFO - Filling up the DagBag from /home/airflow/.local/lib/python3.12/site-packages/airflow/example_dags/example_branch_python_dop_operator_3.py
[2025-02-04T00:01:17.907+0000] {processor.py:925} INFO - DAG(s) 'example_branch_dop_operator_v3' retrieved from /home/airflow/.local/lib/python3.12/site-packages/airflow/example_dags/example_branch_python_dop_operator_3.py
[2025-02-04T00:01:17.936+0000] {logging_mixin.py:190} INFO - [2025-02-04T00:01:17.935+0000] {dag.py:3239} INFO - Sync 1 DAGs
[2025-02-04T00:01:17.972+0000] {logging_mixin.py:190} INFO - [2025-02-04T00:01:17.972+0000] {dag.py:4180} INFO - Setting next_dagrun for example_branch_dop_operator_v3 to 2025-02-04 00:00:00+00:00, run_after=2025-02-04 00:01:00+00:00
[2025-02-04T00:01:18.005+0000] {processor.py:208} INFO - Processing /home/airflow/.local/lib/python3.12/site-packages/airflow/example_dags/example_branch_python_dop_operator_3.py took 0.124 seconds
[2025-02-04T00:01:52.235+0000] {processor.py:186} INFO - Started process (PID=1738) to work on /home/airflow/.local/lib/python3.12/site-packages/airflow/example_dags/example_branch_python_dop_operator_3.py
[2025-02-04T00:01:52.237+0000] {processor.py:914} INFO - Processing file /home/airflow/.local/lib/python3.12/site-packages/airflow/example_dags/example_branch_python_dop_operator_3.py for tasks to queue
[2025-02-04T00:01:52.242+0000] {logging_mixin.py:190} INFO - [2025-02-04T00:01:52.241+0000] {dagbag.py:588} INFO - Filling up the DagBag from /home/airflow/.local/lib/python3.12/site-packages/airflow/example_dags/example_branch_python_dop_operator_3.py
[2025-02-04T00:01:52.267+0000] {processor.py:925} INFO - DAG(s) 'example_branch_dop_operator_v3' retrieved from /home/airflow/.local/lib/python3.12/site-packages/airflow/example_dags/example_branch_python_dop_operator_3.py
[2025-02-04T00:01:52.311+0000] {logging_mixin.py:190} INFO - [2025-02-04T00:01:52.311+0000] {dag.py:3239} INFO - Sync 1 DAGs
[2025-02-04T00:01:52.370+0000] {logging_mixin.py:190} INFO - [2025-02-04T00:01:52.369+0000] {dag.py:4180} INFO - Setting next_dagrun for example_branch_dop_operator_v3 to 2025-02-04 00:00:00+00:00, run_after=2025-02-04 00:01:00+00:00
[2025-02-04T00:01:52.405+0000] {processor.py:208} INFO - Processing /home/airflow/.local/lib/python3.12/site-packages/airflow/example_dags/example_branch_python_dop_operator_3.py took 0.187 seconds
[2025-02-04T00:02:23.745+0000] {processor.py:186} INFO - Started process (PID=1801) to work on /home/airflow/.local/lib/python3.12/site-packages/airflow/example_dags/example_branch_python_dop_operator_3.py
[2025-02-04T00:02:23.750+0000] {processor.py:914} INFO - Processing file /home/airflow/.local/lib/python3.12/site-packages/airflow/example_dags/example_branch_python_dop_operator_3.py for tasks to queue
[2025-02-04T00:02:23.761+0000] {logging_mixin.py:190} INFO - [2025-02-04T00:02:23.760+0000] {dagbag.py:588} INFO - Filling up the DagBag from /home/airflow/.local/lib/python3.12/site-packages/airflow/example_dags/example_branch_python_dop_operator_3.py
[2025-02-04T00:02:23.792+0000] {processor.py:925} INFO - DAG(s) 'example_branch_dop_operator_v3' retrieved from /home/airflow/.local/lib/python3.12/site-packages/airflow/example_dags/example_branch_python_dop_operator_3.py
[2025-02-04T00:02:23.869+0000] {logging_mixin.py:190} INFO - [2025-02-04T00:02:23.869+0000] {dag.py:3239} INFO - Sync 1 DAGs
[2025-02-04T00:02:23.996+0000] {logging_mixin.py:190} INFO - [2025-02-04T00:02:23.975+0000] {dag.py:4180} INFO - Setting next_dagrun for example_branch_dop_operator_v3 to 2025-02-04 00:01:00+00:00, run_after=2025-02-04 00:02:00+00:00
[2025-02-04T00:02:24.095+0000] {processor.py:208} INFO - Processing /home/airflow/.local/lib/python3.12/site-packages/airflow/example_dags/example_branch_python_dop_operator_3.py took 0.364 seconds
