[2025-02-04T00:00:14.229+0000] {processor.py:186} INFO - Started process (PID=1532) to work on /home/airflow/.local/lib/python3.12/site-packages/airflow/example_dags/example_python_decorator.py
[2025-02-04T00:00:14.230+0000] {processor.py:914} INFO - Processing file /home/airflow/.local/lib/python3.12/site-packages/airflow/example_dags/example_python_decorator.py for tasks to queue
[2025-02-04T00:00:14.233+0000] {logging_mixin.py:190} INFO - [2025-02-04T00:00:14.232+0000] {dagbag.py:588} INFO - Filling up the DagBag from /home/airflow/.local/lib/python3.12/site-packages/airflow/example_dags/example_python_decorator.py
[2025-02-04T00:00:14.251+0000] {processor.py:925} INFO - DAG(s) 'example_python_decorator' retrieved from /home/airflow/.local/lib/python3.12/site-packages/airflow/example_dags/example_python_decorator.py
[2025-02-04T00:00:14.281+0000] {logging_mixin.py:190} INFO - [2025-02-04T00:00:14.280+0000] {dag.py:3239} INFO - Sync 1 DAGs
[2025-02-04T00:00:14.301+0000] {logging_mixin.py:190} INFO - [2025-02-04T00:00:14.300+0000] {dag.py:4180} INFO - Setting next_dagrun for example_python_decorator to None, run_after=None
[2025-02-04T00:00:14.326+0000] {processor.py:208} INFO - Processing /home/airflow/.local/lib/python3.12/site-packages/airflow/example_dags/example_python_decorator.py took 0.104 seconds
[2025-02-04T00:00:45.493+0000] {processor.py:186} INFO - Started process (PID=1595) to work on /home/airflow/.local/lib/python3.12/site-packages/airflow/example_dags/example_python_decorator.py
[2025-02-04T00:00:45.494+0000] {processor.py:914} INFO - Processing file /home/airflow/.local/lib/python3.12/site-packages/airflow/example_dags/example_python_decorator.py for tasks to queue
[2025-02-04T00:00:45.497+0000] {logging_mixin.py:190} INFO - [2025-02-04T00:00:45.497+0000] {dagbag.py:588} INFO - Filling up the DagBag from /home/airflow/.local/lib/python3.12/site-packages/airflow/example_dags/example_python_decorator.py
[2025-02-04T00:00:45.514+0000] {processor.py:925} INFO - DAG(s) 'example_python_decorator' retrieved from /home/airflow/.local/lib/python3.12/site-packages/airflow/example_dags/example_python_decorator.py
[2025-02-04T00:00:45.541+0000] {logging_mixin.py:190} INFO - [2025-02-04T00:00:45.541+0000] {dag.py:3239} INFO - Sync 1 DAGs
[2025-02-04T00:00:45.557+0000] {logging_mixin.py:190} INFO - [2025-02-04T00:00:45.557+0000] {dag.py:4180} INFO - Setting next_dagrun for example_python_decorator to None, run_after=None
[2025-02-04T00:00:45.578+0000] {processor.py:208} INFO - Processing /home/airflow/.local/lib/python3.12/site-packages/airflow/example_dags/example_python_decorator.py took 0.092 seconds
[2025-02-04T00:01:17.042+0000] {processor.py:186} INFO - Started process (PID=1664) to work on /home/airflow/.local/lib/python3.12/site-packages/airflow/example_dags/example_python_decorator.py
[2025-02-04T00:01:17.043+0000] {processor.py:914} INFO - Processing file /home/airflow/.local/lib/python3.12/site-packages/airflow/example_dags/example_python_decorator.py for tasks to queue
[2025-02-04T00:01:17.046+0000] {logging_mixin.py:190} INFO - [2025-02-04T00:01:17.046+0000] {dagbag.py:588} INFO - Filling up the DagBag from /home/airflow/.local/lib/python3.12/site-packages/airflow/example_dags/example_python_decorator.py
[2025-02-04T00:01:17.069+0000] {processor.py:925} INFO - DAG(s) 'example_python_decorator' retrieved from /home/airflow/.local/lib/python3.12/site-packages/airflow/example_dags/example_python_decorator.py
[2025-02-04T00:01:17.109+0000] {logging_mixin.py:190} INFO - [2025-02-04T00:01:17.109+0000] {dag.py:3239} INFO - Sync 1 DAGs
[2025-02-04T00:01:17.144+0000] {logging_mixin.py:190} INFO - [2025-02-04T00:01:17.144+0000] {dag.py:4180} INFO - Setting next_dagrun for example_python_decorator to None, run_after=None
[2025-02-04T00:01:17.182+0000] {processor.py:208} INFO - Processing /home/airflow/.local/lib/python3.12/site-packages/airflow/example_dags/example_python_decorator.py took 0.149 seconds
[2025-02-04T00:01:49.334+0000] {processor.py:186} INFO - Started process (PID=1727) to work on /home/airflow/.local/lib/python3.12/site-packages/airflow/example_dags/example_python_decorator.py
[2025-02-04T00:01:49.340+0000] {processor.py:914} INFO - Processing file /home/airflow/.local/lib/python3.12/site-packages/airflow/example_dags/example_python_decorator.py for tasks to queue
[2025-02-04T00:01:49.367+0000] {logging_mixin.py:190} INFO - [2025-02-04T00:01:49.365+0000] {dagbag.py:588} INFO - Filling up the DagBag from /home/airflow/.local/lib/python3.12/site-packages/airflow/example_dags/example_python_decorator.py
[2025-02-04T00:01:49.476+0000] {processor.py:925} INFO - DAG(s) 'example_python_decorator' retrieved from /home/airflow/.local/lib/python3.12/site-packages/airflow/example_dags/example_python_decorator.py
[2025-02-04T00:01:49.531+0000] {logging_mixin.py:190} INFO - [2025-02-04T00:01:49.530+0000] {dag.py:3239} INFO - Sync 1 DAGs
[2025-02-04T00:01:49.586+0000] {logging_mixin.py:190} INFO - [2025-02-04T00:01:49.583+0000] {dag.py:4180} INFO - Setting next_dagrun for example_python_decorator to None, run_after=None
[2025-02-04T00:01:49.641+0000] {processor.py:208} INFO - Processing /home/airflow/.local/lib/python3.12/site-packages/airflow/example_dags/example_python_decorator.py took 0.323 seconds
[2025-02-04T00:02:20.673+0000] {processor.py:186} INFO - Started process (PID=1790) to work on /home/airflow/.local/lib/python3.12/site-packages/airflow/example_dags/example_python_decorator.py
[2025-02-04T00:02:20.674+0000] {processor.py:914} INFO - Processing file /home/airflow/.local/lib/python3.12/site-packages/airflow/example_dags/example_python_decorator.py for tasks to queue
[2025-02-04T00:02:20.677+0000] {logging_mixin.py:190} INFO - [2025-02-04T00:02:20.677+0000] {dagbag.py:588} INFO - Filling up the DagBag from /home/airflow/.local/lib/python3.12/site-packages/airflow/example_dags/example_python_decorator.py
[2025-02-04T00:02:20.706+0000] {processor.py:925} INFO - DAG(s) 'example_python_decorator' retrieved from /home/airflow/.local/lib/python3.12/site-packages/airflow/example_dags/example_python_decorator.py
[2025-02-04T00:02:20.753+0000] {logging_mixin.py:190} INFO - [2025-02-04T00:02:20.752+0000] {dag.py:3239} INFO - Sync 1 DAGs
[2025-02-04T00:02:20.782+0000] {logging_mixin.py:190} INFO - [2025-02-04T00:02:20.782+0000] {dag.py:4180} INFO - Setting next_dagrun for example_python_decorator to None, run_after=None
[2025-02-04T00:02:20.817+0000] {processor.py:208} INFO - Processing /home/airflow/.local/lib/python3.12/site-packages/airflow/example_dags/example_python_decorator.py took 0.154 seconds
