[2025-02-04T00:00:14.093+0000] {processor.py:186} INFO - Started process (PID=1530) to work on /home/airflow/.local/lib/python3.12/site-packages/airflow/example_dags/example_sla_dag.py
[2025-02-04T00:00:14.095+0000] {processor.py:914} INFO - Processing file /home/airflow/.local/lib/python3.12/site-packages/airflow/example_dags/example_sla_dag.py for tasks to queue
[2025-02-04T00:00:14.100+0000] {logging_mixin.py:190} INFO - [2025-02-04T00:00:14.100+0000] {dagbag.py:588} INFO - Filling up the DagBag from /home/airflow/.local/lib/python3.12/site-packages/airflow/example_dags/example_sla_dag.py
[2025-02-04T00:00:14.114+0000] {processor.py:925} INFO - DAG(s) 'example_sla_dag' retrieved from /home/airflow/.local/lib/python3.12/site-packages/airflow/example_dags/example_sla_dag.py
[2025-02-04T00:00:14.142+0000] {logging_mixin.py:190} INFO - [2025-02-04T00:00:14.141+0000] {dag.py:3239} INFO - Sync 1 DAGs
[2025-02-04T00:00:14.174+0000] {logging_mixin.py:190} INFO - [2025-02-04T00:00:14.174+0000] {dag.py:4180} INFO - Setting next_dagrun for example_sla_dag to 2025-02-03 23:58:00+00:00, run_after=2025-02-04 00:00:00+00:00
[2025-02-04T00:00:14.197+0000] {processor.py:208} INFO - Processing /home/airflow/.local/lib/python3.12/site-packages/airflow/example_dags/example_sla_dag.py took 0.111 seconds
[2025-02-04T00:00:45.362+0000] {processor.py:186} INFO - Started process (PID=1593) to work on /home/airflow/.local/lib/python3.12/site-packages/airflow/example_dags/example_sla_dag.py
[2025-02-04T00:00:45.363+0000] {processor.py:914} INFO - Processing file /home/airflow/.local/lib/python3.12/site-packages/airflow/example_dags/example_sla_dag.py for tasks to queue
[2025-02-04T00:00:45.366+0000] {logging_mixin.py:190} INFO - [2025-02-04T00:00:45.366+0000] {dagbag.py:588} INFO - Filling up the DagBag from /home/airflow/.local/lib/python3.12/site-packages/airflow/example_dags/example_sla_dag.py
[2025-02-04T00:00:45.379+0000] {processor.py:925} INFO - DAG(s) 'example_sla_dag' retrieved from /home/airflow/.local/lib/python3.12/site-packages/airflow/example_dags/example_sla_dag.py
[2025-02-04T00:00:45.407+0000] {logging_mixin.py:190} INFO - [2025-02-04T00:00:45.407+0000] {dag.py:3239} INFO - Sync 1 DAGs
[2025-02-04T00:00:45.438+0000] {logging_mixin.py:190} INFO - [2025-02-04T00:00:45.437+0000] {dag.py:4180} INFO - Setting next_dagrun for example_sla_dag to 2025-02-03 23:58:00+00:00, run_after=2025-02-04 00:00:00+00:00
[2025-02-04T00:00:45.459+0000] {processor.py:208} INFO - Processing /home/airflow/.local/lib/python3.12/site-packages/airflow/example_dags/example_sla_dag.py took 0.104 seconds
[2025-02-04T00:01:16.894+0000] {processor.py:186} INFO - Started process (PID=1662) to work on /home/airflow/.local/lib/python3.12/site-packages/airflow/example_dags/example_sla_dag.py
[2025-02-04T00:01:16.895+0000] {processor.py:914} INFO - Processing file /home/airflow/.local/lib/python3.12/site-packages/airflow/example_dags/example_sla_dag.py for tasks to queue
[2025-02-04T00:01:16.898+0000] {logging_mixin.py:190} INFO - [2025-02-04T00:01:16.898+0000] {dagbag.py:588} INFO - Filling up the DagBag from /home/airflow/.local/lib/python3.12/site-packages/airflow/example_dags/example_sla_dag.py
[2025-02-04T00:01:16.917+0000] {processor.py:925} INFO - DAG(s) 'example_sla_dag' retrieved from /home/airflow/.local/lib/python3.12/site-packages/airflow/example_dags/example_sla_dag.py
[2025-02-04T00:01:16.944+0000] {logging_mixin.py:190} INFO - [2025-02-04T00:01:16.944+0000] {dag.py:3239} INFO - Sync 1 DAGs
[2025-02-04T00:01:16.980+0000] {logging_mixin.py:190} INFO - [2025-02-04T00:01:16.979+0000] {dag.py:4180} INFO - Setting next_dagrun for example_sla_dag to 2025-02-03 23:58:00+00:00, run_after=2025-02-04 00:00:00+00:00
[2025-02-04T00:01:17.003+0000] {processor.py:208} INFO - Processing /home/airflow/.local/lib/python3.12/site-packages/airflow/example_dags/example_sla_dag.py took 0.118 seconds
[2025-02-04T00:01:48.956+0000] {processor.py:186} INFO - Started process (PID=1725) to work on /home/airflow/.local/lib/python3.12/site-packages/airflow/example_dags/example_sla_dag.py
[2025-02-04T00:01:48.958+0000] {processor.py:914} INFO - Processing file /home/airflow/.local/lib/python3.12/site-packages/airflow/example_dags/example_sla_dag.py for tasks to queue
[2025-02-04T00:01:48.963+0000] {logging_mixin.py:190} INFO - [2025-02-04T00:01:48.963+0000] {dagbag.py:588} INFO - Filling up the DagBag from /home/airflow/.local/lib/python3.12/site-packages/airflow/example_dags/example_sla_dag.py
[2025-02-04T00:01:48.987+0000] {processor.py:925} INFO - DAG(s) 'example_sla_dag' retrieved from /home/airflow/.local/lib/python3.12/site-packages/airflow/example_dags/example_sla_dag.py
[2025-02-04T00:01:49.051+0000] {logging_mixin.py:190} INFO - [2025-02-04T00:01:49.051+0000] {dag.py:3239} INFO - Sync 1 DAGs
[2025-02-04T00:01:49.170+0000] {logging_mixin.py:190} INFO - [2025-02-04T00:01:49.170+0000] {dag.py:4180} INFO - Setting next_dagrun for example_sla_dag to 2025-02-03 23:58:00+00:00, run_after=2025-02-04 00:00:00+00:00
[2025-02-04T00:01:49.262+0000] {processor.py:208} INFO - Processing /home/airflow/.local/lib/python3.12/site-packages/airflow/example_dags/example_sla_dag.py took 0.320 seconds
[2025-02-04T00:02:20.335+0000] {processor.py:186} INFO - Started process (PID=1788) to work on /home/airflow/.local/lib/python3.12/site-packages/airflow/example_dags/example_sla_dag.py
[2025-02-04T00:02:20.337+0000] {processor.py:914} INFO - Processing file /home/airflow/.local/lib/python3.12/site-packages/airflow/example_dags/example_sla_dag.py for tasks to queue
[2025-02-04T00:02:20.341+0000] {logging_mixin.py:190} INFO - [2025-02-04T00:02:20.341+0000] {dagbag.py:588} INFO - Filling up the DagBag from /home/airflow/.local/lib/python3.12/site-packages/airflow/example_dags/example_sla_dag.py
[2025-02-04T00:02:20.360+0000] {processor.py:925} INFO - DAG(s) 'example_sla_dag' retrieved from /home/airflow/.local/lib/python3.12/site-packages/airflow/example_dags/example_sla_dag.py
[2025-02-04T00:02:20.396+0000] {logging_mixin.py:190} INFO - [2025-02-04T00:02:20.396+0000] {dag.py:3239} INFO - Sync 1 DAGs
[2025-02-04T00:02:20.432+0000] {logging_mixin.py:190} INFO - [2025-02-04T00:02:20.432+0000] {dag.py:4180} INFO - Setting next_dagrun for example_sla_dag to 2025-02-04 00:00:00+00:00, run_after=2025-02-04 00:02:00+00:00
[2025-02-04T00:02:20.462+0000] {processor.py:208} INFO - Processing /home/airflow/.local/lib/python3.12/site-packages/airflow/example_dags/example_sla_dag.py took 0.138 seconds
