[2025-02-04T00:00:22.571+0000] {processor.py:186} INFO - Started process (PID=1582) to work on /home/airflow/.local/lib/python3.12/site-packages/airflow/example_dags/example_nested_branch_dag.py
[2025-02-04T00:00:22.572+0000] {processor.py:914} INFO - Processing file /home/airflow/.local/lib/python3.12/site-packages/airflow/example_dags/example_nested_branch_dag.py for tasks to queue
[2025-02-04T00:00:22.577+0000] {logging_mixin.py:190} INFO - [2025-02-04T00:00:22.576+0000] {dagbag.py:588} INFO - Filling up the DagBag from /home/airflow/.local/lib/python3.12/site-packages/airflow/example_dags/example_nested_branch_dag.py
[2025-02-04T00:00:22.594+0000] {processor.py:925} INFO - DAG(s) 'example_nested_branch_dag' retrieved from /home/airflow/.local/lib/python3.12/site-packages/airflow/example_dags/example_nested_branch_dag.py
[2025-02-04T00:00:22.621+0000] {logging_mixin.py:190} INFO - [2025-02-04T00:00:22.620+0000] {dag.py:3239} INFO - Sync 1 DAGs
[2025-02-04T00:00:22.649+0000] {logging_mixin.py:190} INFO - [2025-02-04T00:00:22.648+0000] {dag.py:4180} INFO - Setting next_dagrun for example_nested_branch_dag to 2025-02-03 00:00:00+00:00, run_after=2025-02-04 00:00:00+00:00
[2025-02-04T00:00:22.675+0000] {processor.py:208} INFO - Processing /home/airflow/.local/lib/python3.12/site-packages/airflow/example_dags/example_nested_branch_dag.py took 0.115 seconds
[2025-02-04T00:00:53.011+0000] {processor.py:186} INFO - Started process (PID=1641) to work on /home/airflow/.local/lib/python3.12/site-packages/airflow/example_dags/example_nested_branch_dag.py
[2025-02-04T00:00:53.012+0000] {processor.py:914} INFO - Processing file /home/airflow/.local/lib/python3.12/site-packages/airflow/example_dags/example_nested_branch_dag.py for tasks to queue
[2025-02-04T00:00:53.015+0000] {logging_mixin.py:190} INFO - [2025-02-04T00:00:53.015+0000] {dagbag.py:588} INFO - Filling up the DagBag from /home/airflow/.local/lib/python3.12/site-packages/airflow/example_dags/example_nested_branch_dag.py
[2025-02-04T00:00:53.031+0000] {processor.py:925} INFO - DAG(s) 'example_nested_branch_dag' retrieved from /home/airflow/.local/lib/python3.12/site-packages/airflow/example_dags/example_nested_branch_dag.py
[2025-02-04T00:00:53.058+0000] {logging_mixin.py:190} INFO - [2025-02-04T00:00:53.058+0000] {dag.py:3239} INFO - Sync 1 DAGs
[2025-02-04T00:00:53.093+0000] {logging_mixin.py:190} INFO - [2025-02-04T00:00:53.092+0000] {dag.py:4180} INFO - Setting next_dagrun for example_nested_branch_dag to 2025-02-03 00:00:00+00:00, run_after=2025-02-04 00:00:00+00:00
[2025-02-04T00:00:53.117+0000] {processor.py:208} INFO - Processing /home/airflow/.local/lib/python3.12/site-packages/airflow/example_dags/example_nested_branch_dag.py took 0.113 seconds
[2025-02-04T00:01:23.441+0000] {processor.py:186} INFO - Started process (PID=1704) to work on /home/airflow/.local/lib/python3.12/site-packages/airflow/example_dags/example_nested_branch_dag.py
[2025-02-04T00:01:23.443+0000] {processor.py:914} INFO - Processing file /home/airflow/.local/lib/python3.12/site-packages/airflow/example_dags/example_nested_branch_dag.py for tasks to queue
[2025-02-04T00:01:23.447+0000] {logging_mixin.py:190} INFO - [2025-02-04T00:01:23.447+0000] {dagbag.py:588} INFO - Filling up the DagBag from /home/airflow/.local/lib/python3.12/site-packages/airflow/example_dags/example_nested_branch_dag.py
[2025-02-04T00:01:23.483+0000] {processor.py:925} INFO - DAG(s) 'example_nested_branch_dag' retrieved from /home/airflow/.local/lib/python3.12/site-packages/airflow/example_dags/example_nested_branch_dag.py
[2025-02-04T00:01:23.533+0000] {logging_mixin.py:190} INFO - [2025-02-04T00:01:23.533+0000] {dag.py:3239} INFO - Sync 1 DAGs
[2025-02-04T00:01:23.599+0000] {logging_mixin.py:190} INFO - [2025-02-04T00:01:23.599+0000] {dag.py:4180} INFO - Setting next_dagrun for example_nested_branch_dag to 2025-02-03 00:00:00+00:00, run_after=2025-02-04 00:00:00+00:00
[2025-02-04T00:01:23.635+0000] {processor.py:208} INFO - Processing /home/airflow/.local/lib/python3.12/site-packages/airflow/example_dags/example_nested_branch_dag.py took 0.207 seconds
[2025-02-04T00:01:53.804+0000] {processor.py:186} INFO - Started process (PID=1752) to work on /home/airflow/.local/lib/python3.12/site-packages/airflow/example_dags/example_nested_branch_dag.py
[2025-02-04T00:01:53.807+0000] {processor.py:914} INFO - Processing file /home/airflow/.local/lib/python3.12/site-packages/airflow/example_dags/example_nested_branch_dag.py for tasks to queue
[2025-02-04T00:01:53.812+0000] {logging_mixin.py:190} INFO - [2025-02-04T00:01:53.811+0000] {dagbag.py:588} INFO - Filling up the DagBag from /home/airflow/.local/lib/python3.12/site-packages/airflow/example_dags/example_nested_branch_dag.py
[2025-02-04T00:01:53.844+0000] {processor.py:925} INFO - DAG(s) 'example_nested_branch_dag' retrieved from /home/airflow/.local/lib/python3.12/site-packages/airflow/example_dags/example_nested_branch_dag.py
[2025-02-04T00:01:53.890+0000] {logging_mixin.py:190} INFO - [2025-02-04T00:01:53.890+0000] {dag.py:3239} INFO - Sync 1 DAGs
[2025-02-04T00:01:53.942+0000] {logging_mixin.py:190} INFO - [2025-02-04T00:01:53.942+0000] {dag.py:4180} INFO - Setting next_dagrun for example_nested_branch_dag to 2025-02-03 00:00:00+00:00, run_after=2025-02-04 00:00:00+00:00
[2025-02-04T00:01:53.979+0000] {processor.py:208} INFO - Processing /home/airflow/.local/lib/python3.12/site-packages/airflow/example_dags/example_nested_branch_dag.py took 0.189 seconds
[2025-02-04T00:02:25.355+0000] {processor.py:186} INFO - Started process (PID=1805) to work on /home/airflow/.local/lib/python3.12/site-packages/airflow/example_dags/example_nested_branch_dag.py
[2025-02-04T00:02:25.357+0000] {processor.py:914} INFO - Processing file /home/airflow/.local/lib/python3.12/site-packages/airflow/example_dags/example_nested_branch_dag.py for tasks to queue
[2025-02-04T00:02:25.364+0000] {logging_mixin.py:190} INFO - [2025-02-04T00:02:25.364+0000] {dagbag.py:588} INFO - Filling up the DagBag from /home/airflow/.local/lib/python3.12/site-packages/airflow/example_dags/example_nested_branch_dag.py
[2025-02-04T00:02:25.397+0000] {processor.py:925} INFO - DAG(s) 'example_nested_branch_dag' retrieved from /home/airflow/.local/lib/python3.12/site-packages/airflow/example_dags/example_nested_branch_dag.py
[2025-02-04T00:02:25.473+0000] {logging_mixin.py:190} INFO - [2025-02-04T00:02:25.472+0000] {dag.py:3239} INFO - Sync 1 DAGs
[2025-02-04T00:02:25.628+0000] {logging_mixin.py:190} INFO - [2025-02-04T00:02:25.625+0000] {dag.py:4180} INFO - Setting next_dagrun for example_nested_branch_dag to 2025-02-03 00:00:00+00:00, run_after=2025-02-04 00:00:00+00:00
[2025-02-04T00:02:25.678+0000] {processor.py:208} INFO - Processing /home/airflow/.local/lib/python3.12/site-packages/airflow/example_dags/example_nested_branch_dag.py took 0.335 seconds
