[2025-02-04T00:00:24.100+0000] {processor.py:186} INFO - Started process (PID=1588) to work on /home/airflow/.local/lib/python3.12/site-packages/airflow/example_dags/example_dag_decorator.py
[2025-02-04T00:00:24.102+0000] {processor.py:914} INFO - Processing file /home/airflow/.local/lib/python3.12/site-packages/airflow/example_dags/example_dag_decorator.py for tasks to queue
[2025-02-04T00:00:24.105+0000] {logging_mixin.py:190} INFO - [2025-02-04T00:00:24.105+0000] {dagbag.py:588} INFO - Filling up the DagBag from /home/airflow/.local/lib/python3.12/site-packages/airflow/example_dags/example_dag_decorator.py
[2025-02-04T00:00:24.121+0000] {processor.py:925} INFO - DAG(s) 'example_dag_decorator' retrieved from /home/airflow/.local/lib/python3.12/site-packages/airflow/example_dags/example_dag_decorator.py
[2025-02-04T00:00:24.274+0000] {logging_mixin.py:190} INFO - [2025-02-04T00:00:24.274+0000] {dag.py:3239} INFO - Sync 1 DAGs
[2025-02-04T00:00:24.288+0000] {logging_mixin.py:190} INFO - [2025-02-04T00:00:24.288+0000] {dag.py:4180} INFO - Setting next_dagrun for example_dag_decorator to None, run_after=None
[2025-02-04T00:00:24.312+0000] {processor.py:208} INFO - Processing /home/airflow/.local/lib/python3.12/site-packages/airflow/example_dags/example_dag_decorator.py took 0.222 seconds
[2025-02-04T00:00:54.404+0000] {processor.py:186} INFO - Started process (PID=1652) to work on /home/airflow/.local/lib/python3.12/site-packages/airflow/example_dags/example_dag_decorator.py
[2025-02-04T00:00:54.405+0000] {processor.py:914} INFO - Processing file /home/airflow/.local/lib/python3.12/site-packages/airflow/example_dags/example_dag_decorator.py for tasks to queue
[2025-02-04T00:00:54.410+0000] {logging_mixin.py:190} INFO - [2025-02-04T00:00:54.409+0000] {dagbag.py:588} INFO - Filling up the DagBag from /home/airflow/.local/lib/python3.12/site-packages/airflow/example_dags/example_dag_decorator.py
[2025-02-04T00:00:54.428+0000] {processor.py:925} INFO - DAG(s) 'example_dag_decorator' retrieved from /home/airflow/.local/lib/python3.12/site-packages/airflow/example_dags/example_dag_decorator.py
[2025-02-04T00:00:54.455+0000] {logging_mixin.py:190} INFO - [2025-02-04T00:00:54.454+0000] {dag.py:3239} INFO - Sync 1 DAGs
[2025-02-04T00:00:54.472+0000] {logging_mixin.py:190} INFO - [2025-02-04T00:00:54.472+0000] {dag.py:4180} INFO - Setting next_dagrun for example_dag_decorator to None, run_after=None
[2025-02-04T00:00:54.494+0000] {processor.py:208} INFO - Processing /home/airflow/.local/lib/python3.12/site-packages/airflow/example_dags/example_dag_decorator.py took 0.100 seconds
[2025-02-04T00:01:25.067+0000] {processor.py:186} INFO - Started process (PID=1709) to work on /home/airflow/.local/lib/python3.12/site-packages/airflow/example_dags/example_dag_decorator.py
[2025-02-04T00:01:25.069+0000] {processor.py:914} INFO - Processing file /home/airflow/.local/lib/python3.12/site-packages/airflow/example_dags/example_dag_decorator.py for tasks to queue
[2025-02-04T00:01:25.072+0000] {logging_mixin.py:190} INFO - [2025-02-04T00:01:25.072+0000] {dagbag.py:588} INFO - Filling up the DagBag from /home/airflow/.local/lib/python3.12/site-packages/airflow/example_dags/example_dag_decorator.py
[2025-02-04T00:01:25.094+0000] {processor.py:925} INFO - DAG(s) 'example_dag_decorator' retrieved from /home/airflow/.local/lib/python3.12/site-packages/airflow/example_dags/example_dag_decorator.py
[2025-02-04T00:01:25.255+0000] {logging_mixin.py:190} INFO - [2025-02-04T00:01:25.254+0000] {dag.py:3239} INFO - Sync 1 DAGs
[2025-02-04T00:01:25.275+0000] {logging_mixin.py:190} INFO - [2025-02-04T00:01:25.274+0000] {dag.py:4180} INFO - Setting next_dagrun for example_dag_decorator to None, run_after=None
[2025-02-04T00:01:25.303+0000] {processor.py:208} INFO - Processing /home/airflow/.local/lib/python3.12/site-packages/airflow/example_dags/example_dag_decorator.py took 0.244 seconds
[2025-02-04T00:01:56.166+0000] {processor.py:186} INFO - Started process (PID=1771) to work on /home/airflow/.local/lib/python3.12/site-packages/airflow/example_dags/example_dag_decorator.py
[2025-02-04T00:01:56.169+0000] {processor.py:914} INFO - Processing file /home/airflow/.local/lib/python3.12/site-packages/airflow/example_dags/example_dag_decorator.py for tasks to queue
[2025-02-04T00:01:56.179+0000] {logging_mixin.py:190} INFO - [2025-02-04T00:01:56.178+0000] {dagbag.py:588} INFO - Filling up the DagBag from /home/airflow/.local/lib/python3.12/site-packages/airflow/example_dags/example_dag_decorator.py
[2025-02-04T00:01:56.206+0000] {processor.py:925} INFO - DAG(s) 'example_dag_decorator' retrieved from /home/airflow/.local/lib/python3.12/site-packages/airflow/example_dags/example_dag_decorator.py
[2025-02-04T00:01:56.412+0000] {logging_mixin.py:190} INFO - [2025-02-04T00:01:56.411+0000] {dag.py:3239} INFO - Sync 1 DAGs
[2025-02-04T00:01:56.427+0000] {logging_mixin.py:190} INFO - [2025-02-04T00:01:56.427+0000] {dag.py:4180} INFO - Setting next_dagrun for example_dag_decorator to None, run_after=None
[2025-02-04T00:01:56.460+0000] {processor.py:208} INFO - Processing /home/airflow/.local/lib/python3.12/site-packages/airflow/example_dags/example_dag_decorator.py took 0.316 seconds
[2025-02-04T00:02:29.105+0000] {processor.py:186} INFO - Started process (PID=1828) to work on /home/airflow/.local/lib/python3.12/site-packages/airflow/example_dags/example_dag_decorator.py
[2025-02-04T00:02:29.110+0000] {processor.py:914} INFO - Processing file /home/airflow/.local/lib/python3.12/site-packages/airflow/example_dags/example_dag_decorator.py for tasks to queue
[2025-02-04T00:02:29.147+0000] {logging_mixin.py:190} INFO - [2025-02-04T00:02:29.147+0000] {dagbag.py:588} INFO - Filling up the DagBag from /home/airflow/.local/lib/python3.12/site-packages/airflow/example_dags/example_dag_decorator.py
[2025-02-04T00:02:29.178+0000] {processor.py:925} INFO - DAG(s) 'example_dag_decorator' retrieved from /home/airflow/.local/lib/python3.12/site-packages/airflow/example_dags/example_dag_decorator.py
[2025-02-04T00:02:29.461+0000] {logging_mixin.py:190} INFO - [2025-02-04T00:02:29.461+0000] {dag.py:3239} INFO - Sync 1 DAGs
[2025-02-04T00:02:29.488+0000] {logging_mixin.py:190} INFO - [2025-02-04T00:02:29.488+0000] {dag.py:4180} INFO - Setting next_dagrun for example_dag_decorator to None, run_after=None
[2025-02-04T00:02:29.527+0000] {processor.py:208} INFO - Processing /home/airflow/.local/lib/python3.12/site-packages/airflow/example_dags/example_dag_decorator.py took 0.440 seconds
