[2025-02-04T00:00:16.427+0000] {processor.py:186} INFO - Started process (PID=1564) to work on /home/airflow/.local/lib/python3.12/site-packages/airflow/example_dags/example_latest_only_with_trigger.py
[2025-02-04T00:00:16.428+0000] {processor.py:914} INFO - Processing file /home/airflow/.local/lib/python3.12/site-packages/airflow/example_dags/example_latest_only_with_trigger.py for tasks to queue
[2025-02-04T00:00:16.431+0000] {logging_mixin.py:190} INFO - [2025-02-04T00:00:16.431+0000] {dagbag.py:588} INFO - Filling up the DagBag from /home/airflow/.local/lib/python3.12/site-packages/airflow/example_dags/example_latest_only_with_trigger.py
[2025-02-04T00:00:16.442+0000] {processor.py:925} INFO - DAG(s) 'latest_only_with_trigger' retrieved from /home/airflow/.local/lib/python3.12/site-packages/airflow/example_dags/example_latest_only_with_trigger.py
[2025-02-04T00:00:16.473+0000] {logging_mixin.py:190} INFO - [2025-02-04T00:00:16.473+0000] {dag.py:3239} INFO - Sync 1 DAGs
[2025-02-04T00:00:16.509+0000] {logging_mixin.py:190} INFO - [2025-02-04T00:00:16.509+0000] {dag.py:4180} INFO - Setting next_dagrun for latest_only_with_trigger to 2025-02-03 20:00:00+00:00, run_after=2025-02-04 00:00:00+00:00
[2025-02-04T00:00:16.541+0000] {processor.py:208} INFO - Processing /home/airflow/.local/lib/python3.12/site-packages/airflow/example_dags/example_latest_only_with_trigger.py took 0.123 seconds
[2025-02-04T00:00:47.318+0000] {processor.py:186} INFO - Started process (PID=1626) to work on /home/airflow/.local/lib/python3.12/site-packages/airflow/example_dags/example_latest_only_with_trigger.py
[2025-02-04T00:00:47.320+0000] {processor.py:914} INFO - Processing file /home/airflow/.local/lib/python3.12/site-packages/airflow/example_dags/example_latest_only_with_trigger.py for tasks to queue
[2025-02-04T00:00:47.324+0000] {logging_mixin.py:190} INFO - [2025-02-04T00:00:47.324+0000] {dagbag.py:588} INFO - Filling up the DagBag from /home/airflow/.local/lib/python3.12/site-packages/airflow/example_dags/example_latest_only_with_trigger.py
[2025-02-04T00:00:47.333+0000] {processor.py:925} INFO - DAG(s) 'latest_only_with_trigger' retrieved from /home/airflow/.local/lib/python3.12/site-packages/airflow/example_dags/example_latest_only_with_trigger.py
[2025-02-04T00:00:47.362+0000] {logging_mixin.py:190} INFO - [2025-02-04T00:00:47.362+0000] {dag.py:3239} INFO - Sync 1 DAGs
[2025-02-04T00:00:47.394+0000] {logging_mixin.py:190} INFO - [2025-02-04T00:00:47.394+0000] {dag.py:4180} INFO - Setting next_dagrun for latest_only_with_trigger to 2025-02-03 20:00:00+00:00, run_after=2025-02-04 00:00:00+00:00
[2025-02-04T00:00:47.416+0000] {processor.py:208} INFO - Processing /home/airflow/.local/lib/python3.12/site-packages/airflow/example_dags/example_latest_only_with_trigger.py took 0.109 seconds
[2025-02-04T00:01:19.955+0000] {processor.py:186} INFO - Started process (PID=1690) to work on /home/airflow/.local/lib/python3.12/site-packages/airflow/example_dags/example_latest_only_with_trigger.py
[2025-02-04T00:01:19.956+0000] {processor.py:914} INFO - Processing file /home/airflow/.local/lib/python3.12/site-packages/airflow/example_dags/example_latest_only_with_trigger.py for tasks to queue
[2025-02-04T00:01:19.963+0000] {logging_mixin.py:190} INFO - [2025-02-04T00:01:19.962+0000] {dagbag.py:588} INFO - Filling up the DagBag from /home/airflow/.local/lib/python3.12/site-packages/airflow/example_dags/example_latest_only_with_trigger.py
[2025-02-04T00:01:19.975+0000] {processor.py:925} INFO - DAG(s) 'latest_only_with_trigger' retrieved from /home/airflow/.local/lib/python3.12/site-packages/airflow/example_dags/example_latest_only_with_trigger.py
[2025-02-04T00:01:20.003+0000] {logging_mixin.py:190} INFO - [2025-02-04T00:01:20.002+0000] {dag.py:3239} INFO - Sync 1 DAGs
[2025-02-04T00:01:20.036+0000] {logging_mixin.py:190} INFO - [2025-02-04T00:01:20.036+0000] {dag.py:4180} INFO - Setting next_dagrun for latest_only_with_trigger to 2025-02-03 20:00:00+00:00, run_after=2025-02-04 00:00:00+00:00
[2025-02-04T00:01:20.073+0000] {processor.py:208} INFO - Processing /home/airflow/.local/lib/python3.12/site-packages/airflow/example_dags/example_latest_only_with_trigger.py took 0.126 seconds
[2025-02-04T00:01:54.207+0000] {processor.py:186} INFO - Started process (PID=1755) to work on /home/airflow/.local/lib/python3.12/site-packages/airflow/example_dags/example_latest_only_with_trigger.py
[2025-02-04T00:01:54.208+0000] {processor.py:914} INFO - Processing file /home/airflow/.local/lib/python3.12/site-packages/airflow/example_dags/example_latest_only_with_trigger.py for tasks to queue
[2025-02-04T00:01:54.213+0000] {logging_mixin.py:190} INFO - [2025-02-04T00:01:54.213+0000] {dagbag.py:588} INFO - Filling up the DagBag from /home/airflow/.local/lib/python3.12/site-packages/airflow/example_dags/example_latest_only_with_trigger.py
[2025-02-04T00:01:54.229+0000] {processor.py:925} INFO - DAG(s) 'latest_only_with_trigger' retrieved from /home/airflow/.local/lib/python3.12/site-packages/airflow/example_dags/example_latest_only_with_trigger.py
[2025-02-04T00:01:54.272+0000] {logging_mixin.py:190} INFO - [2025-02-04T00:01:54.272+0000] {dag.py:3239} INFO - Sync 1 DAGs
[2025-02-04T00:01:54.324+0000] {logging_mixin.py:190} INFO - [2025-02-04T00:01:54.324+0000] {dag.py:4180} INFO - Setting next_dagrun for latest_only_with_trigger to 2025-02-03 20:00:00+00:00, run_after=2025-02-04 00:00:00+00:00
[2025-02-04T00:01:54.358+0000] {processor.py:208} INFO - Processing /home/airflow/.local/lib/python3.12/site-packages/airflow/example_dags/example_latest_only_with_trigger.py took 0.163 seconds
[2025-02-04T00:02:27.542+0000] {processor.py:186} INFO - Started process (PID=1818) to work on /home/airflow/.local/lib/python3.12/site-packages/airflow/example_dags/example_latest_only_with_trigger.py
[2025-02-04T00:02:27.543+0000] {processor.py:914} INFO - Processing file /home/airflow/.local/lib/python3.12/site-packages/airflow/example_dags/example_latest_only_with_trigger.py for tasks to queue
[2025-02-04T00:02:27.549+0000] {logging_mixin.py:190} INFO - [2025-02-04T00:02:27.548+0000] {dagbag.py:588} INFO - Filling up the DagBag from /home/airflow/.local/lib/python3.12/site-packages/airflow/example_dags/example_latest_only_with_trigger.py
[2025-02-04T00:02:27.566+0000] {processor.py:925} INFO - DAG(s) 'latest_only_with_trigger' retrieved from /home/airflow/.local/lib/python3.12/site-packages/airflow/example_dags/example_latest_only_with_trigger.py
[2025-02-04T00:02:27.673+0000] {logging_mixin.py:190} INFO - [2025-02-04T00:02:27.672+0000] {dag.py:3239} INFO - Sync 1 DAGs
[2025-02-04T00:02:27.732+0000] {logging_mixin.py:190} INFO - [2025-02-04T00:02:27.732+0000] {dag.py:4180} INFO - Setting next_dagrun for latest_only_with_trigger to 2025-02-03 20:00:00+00:00, run_after=2025-02-04 00:00:00+00:00
[2025-02-04T00:02:27.782+0000] {processor.py:208} INFO - Processing /home/airflow/.local/lib/python3.12/site-packages/airflow/example_dags/example_latest_only_with_trigger.py took 0.252 seconds
