[2025-02-04T00:00:15.310+0000] {processor.py:186} INFO - Started process (PID=1546) to work on /home/airflow/.local/lib/python3.12/site-packages/airflow/example_dags/tutorial_dag.py
[2025-02-04T00:00:15.311+0000] {processor.py:914} INFO - Processing file /home/airflow/.local/lib/python3.12/site-packages/airflow/example_dags/tutorial_dag.py for tasks to queue
[2025-02-04T00:00:15.314+0000] {logging_mixin.py:190} INFO - [2025-02-04T00:00:15.314+0000] {dagbag.py:588} INFO - Filling up the DagBag from /home/airflow/.local/lib/python3.12/site-packages/airflow/example_dags/tutorial_dag.py
[2025-02-04T00:00:15.323+0000] {processor.py:925} INFO - DAG(s) 'tutorial_dag' retrieved from /home/airflow/.local/lib/python3.12/site-packages/airflow/example_dags/tutorial_dag.py
[2025-02-04T00:00:15.348+0000] {logging_mixin.py:190} INFO - [2025-02-04T00:00:15.347+0000] {dag.py:3239} INFO - Sync 1 DAGs
[2025-02-04T00:00:15.366+0000] {logging_mixin.py:190} INFO - [2025-02-04T00:00:15.366+0000] {dag.py:4180} INFO - Setting next_dagrun for tutorial_dag to None, run_after=None
[2025-02-04T00:00:15.389+0000] {processor.py:208} INFO - Processing /home/airflow/.local/lib/python3.12/site-packages/airflow/example_dags/tutorial_dag.py took 0.086 seconds
[2025-02-04T00:00:46.404+0000] {processor.py:186} INFO - Started process (PID=1609) to work on /home/airflow/.local/lib/python3.12/site-packages/airflow/example_dags/tutorial_dag.py
[2025-02-04T00:00:46.406+0000] {processor.py:914} INFO - Processing file /home/airflow/.local/lib/python3.12/site-packages/airflow/example_dags/tutorial_dag.py for tasks to queue
[2025-02-04T00:00:46.409+0000] {logging_mixin.py:190} INFO - [2025-02-04T00:00:46.408+0000] {dagbag.py:588} INFO - Filling up the DagBag from /home/airflow/.local/lib/python3.12/site-packages/airflow/example_dags/tutorial_dag.py
[2025-02-04T00:00:46.419+0000] {processor.py:925} INFO - DAG(s) 'tutorial_dag' retrieved from /home/airflow/.local/lib/python3.12/site-packages/airflow/example_dags/tutorial_dag.py
[2025-02-04T00:00:46.445+0000] {logging_mixin.py:190} INFO - [2025-02-04T00:00:46.445+0000] {dag.py:3239} INFO - Sync 1 DAGs
[2025-02-04T00:00:46.463+0000] {logging_mixin.py:190} INFO - [2025-02-04T00:00:46.463+0000] {dag.py:4180} INFO - Setting next_dagrun for tutorial_dag to None, run_after=None
[2025-02-04T00:00:46.489+0000] {processor.py:208} INFO - Processing /home/airflow/.local/lib/python3.12/site-packages/airflow/example_dags/tutorial_dag.py took 0.094 seconds
[2025-02-04T00:01:18.195+0000] {processor.py:186} INFO - Started process (PID=1678) to work on /home/airflow/.local/lib/python3.12/site-packages/airflow/example_dags/tutorial_dag.py
[2025-02-04T00:01:18.196+0000] {processor.py:914} INFO - Processing file /home/airflow/.local/lib/python3.12/site-packages/airflow/example_dags/tutorial_dag.py for tasks to queue
[2025-02-04T00:01:18.199+0000] {logging_mixin.py:190} INFO - [2025-02-04T00:01:18.199+0000] {dagbag.py:588} INFO - Filling up the DagBag from /home/airflow/.local/lib/python3.12/site-packages/airflow/example_dags/tutorial_dag.py
[2025-02-04T00:01:18.210+0000] {processor.py:925} INFO - DAG(s) 'tutorial_dag' retrieved from /home/airflow/.local/lib/python3.12/site-packages/airflow/example_dags/tutorial_dag.py
[2025-02-04T00:01:18.239+0000] {logging_mixin.py:190} INFO - [2025-02-04T00:01:18.239+0000] {dag.py:3239} INFO - Sync 1 DAGs
[2025-02-04T00:01:18.261+0000] {logging_mixin.py:190} INFO - [2025-02-04T00:01:18.260+0000] {dag.py:4180} INFO - Setting next_dagrun for tutorial_dag to None, run_after=None
[2025-02-04T00:01:18.290+0000] {processor.py:208} INFO - Processing /home/airflow/.local/lib/python3.12/site-packages/airflow/example_dags/tutorial_dag.py took 0.103 seconds
[2025-02-04T00:01:52.688+0000] {processor.py:186} INFO - Started process (PID=1742) to work on /home/airflow/.local/lib/python3.12/site-packages/airflow/example_dags/tutorial_dag.py
[2025-02-04T00:01:52.689+0000] {processor.py:914} INFO - Processing file /home/airflow/.local/lib/python3.12/site-packages/airflow/example_dags/tutorial_dag.py for tasks to queue
[2025-02-04T00:01:52.693+0000] {logging_mixin.py:190} INFO - [2025-02-04T00:01:52.693+0000] {dagbag.py:588} INFO - Filling up the DagBag from /home/airflow/.local/lib/python3.12/site-packages/airflow/example_dags/tutorial_dag.py
[2025-02-04T00:01:52.710+0000] {processor.py:925} INFO - DAG(s) 'tutorial_dag' retrieved from /home/airflow/.local/lib/python3.12/site-packages/airflow/example_dags/tutorial_dag.py
[2025-02-04T00:01:52.771+0000] {logging_mixin.py:190} INFO - [2025-02-04T00:01:52.769+0000] {dag.py:3239} INFO - Sync 1 DAGs
[2025-02-04T00:01:52.810+0000] {logging_mixin.py:190} INFO - [2025-02-04T00:01:52.810+0000] {dag.py:4180} INFO - Setting next_dagrun for tutorial_dag to None, run_after=None
[2025-02-04T00:01:52.848+0000] {processor.py:208} INFO - Processing /home/airflow/.local/lib/python3.12/site-packages/airflow/example_dags/tutorial_dag.py took 0.172 seconds
[2025-02-04T00:02:25.761+0000] {processor.py:186} INFO - Started process (PID=1807) to work on /home/airflow/.local/lib/python3.12/site-packages/airflow/example_dags/tutorial_dag.py
[2025-02-04T00:02:25.763+0000] {processor.py:914} INFO - Processing file /home/airflow/.local/lib/python3.12/site-packages/airflow/example_dags/tutorial_dag.py for tasks to queue
[2025-02-04T00:02:25.774+0000] {logging_mixin.py:190} INFO - [2025-02-04T00:02:25.773+0000] {dagbag.py:588} INFO - Filling up the DagBag from /home/airflow/.local/lib/python3.12/site-packages/airflow/example_dags/tutorial_dag.py
[2025-02-04T00:02:25.805+0000] {processor.py:925} INFO - DAG(s) 'tutorial_dag' retrieved from /home/airflow/.local/lib/python3.12/site-packages/airflow/example_dags/tutorial_dag.py
[2025-02-04T00:02:25.875+0000] {logging_mixin.py:190} INFO - [2025-02-04T00:02:25.875+0000] {dag.py:3239} INFO - Sync 1 DAGs
[2025-02-04T00:02:25.936+0000] {logging_mixin.py:190} INFO - [2025-02-04T00:02:25.935+0000] {dag.py:4180} INFO - Setting next_dagrun for tutorial_dag to None, run_after=None
[2025-02-04T00:02:25.987+0000] {processor.py:208} INFO - Processing /home/airflow/.local/lib/python3.12/site-packages/airflow/example_dags/tutorial_dag.py took 0.239 seconds
